2026-01-03 19:46:31 - ScannerWorker_authorization_worker_0 - INFO - Imported AuthorizationAccessControlScanner
2026-01-03 19:46:31 - ScannerWorker_authorization_worker_0 - INFO - Imported FFUFScanner
2026-01-03 19:46:31 - ScannerWorker_authorization_worker_0 - INFO - Loaded 2 scanners for category authorization
2026-01-03 19:46:31 - ScannerWorker_authorization_worker_0 - INFO - Connected to Redis: redis://localhost:6379/0
2026-01-03 19:46:31 - ScannerWorker_authorization_worker_0 - INFO - Scanner worker authorization_worker_0 started for category authorization
2026-01-03 19:49:46 - ScannerWorker_authorization_worker_0 - INFO - Worker authorization_worker_0 received task notification
2026-01-03 19:49:46 - ScannerWorker_authorization_worker_0 - INFO - Processing task scan_0a020063048e87c282a37e2d00940014.web-security-academy.net_20260103_194943_public_a0bc434a with FFUFScanner on https://0a020063048e87c282a37e2d00940014.web-security-academy.net/
2026-01-03 19:49:46 - ScannerWorker_authorization_worker_0 - INFO - Worker execution results keys: ['error', 'scanner', 'target', 'findings']
2026-01-03 19:49:46 - ScannerWorker_authorization_worker_0 - WARNING - Worker: raw_data MISSING in scanner results!
2026-01-03 19:49:46 - ScannerWorker_authorization_worker_0 - INFO - [COMPLETION TRIGGER] 0a020063048e87c282a37e2d00940014.web-security-academy.net_20260103_194943_public: Last task completed! tasks_pending = 0
2026-01-03 19:49:46 - ScannerWorker_authorization_worker_0 - INFO - [SCANNER TRACKING] 0a020063048e87c282a37e2d00940014.web-security-academy.net_20260103_194943_public: Scanner 'FFUFScanner' marked as completed (5 total)
2026-01-03 19:49:46 - ScannerWorker_authorization_worker_0 - INFO - [SCANNER PROGRESS] 0a020063048e87c282a37e2d00940014.web-security-academy.net_20260103_194943_public: 5/0 scanners completed
2026-01-03 19:49:46 - ScannerWorker_authorization_worker_0 - INFO - Task scan_0a020063048e87c282a37e2d00940014.web-security-academy.net_20260103_194943_public_a0bc434a completed successfully in 0.01s with 0 findings
2026-01-03 19:49:46 - ScannerWorker_authorization_worker_0 - INFO - Worker authorization_worker_0 received task notification
2026-01-03 19:49:46 - ScannerWorker_authorization_worker_0 - INFO - Worker authorization_worker_0 received task notification
2026-01-03 19:49:46 - ScannerWorker_authorization_worker_0 - INFO - Worker authorization_worker_0 received task notification
2026-01-03 19:49:46 - ScannerWorker_authorization_worker_0 - INFO - Worker authorization_worker_0 received task notification
2026-01-03 19:49:46 - ScannerWorker_authorization_worker_0 - INFO - Worker authorization_worker_0 received task notification
2026-01-03 19:49:46 - ScannerWorker_authorization_worker_0 - INFO - Worker authorization_worker_0 received task notification
2026-01-03 19:49:46 - ScannerWorker_authorization_worker_0 - INFO - Worker authorization_worker_0 received task notification
2026-01-03 19:49:46 - ScannerWorker_authorization_worker_0 - INFO - Worker authorization_worker_0 received task notification
2026-01-03 19:49:46 - ScannerWorker_authorization_worker_0 - INFO - Worker authorization_worker_0 received task notification
2026-01-03 19:49:46 - ScannerWorker_authorization_worker_0 - INFO - Worker authorization_worker_0 received task notification
2026-01-03 19:49:46 - ScannerWorker_authorization_worker_0 - INFO - Worker authorization_worker_0 received task notification
2026-01-03 19:49:46 - ScannerWorker_authorization_worker_0 - INFO - Worker authorization_worker_0 received task notification
2026-01-03 19:49:46 - ScannerWorker_authorization_worker_0 - INFO - Worker authorization_worker_0 received task notification
2026-01-03 19:49:46 - ScannerWorker_authorization_worker_0 - INFO - Worker authorization_worker_0 received task notification
2026-01-03 19:49:46 - ScannerWorker_authorization_worker_0 - INFO - Worker authorization_worker_0 received task notification
2026-01-03 19:49:46 - ScannerWorker_authorization_worker_0 - INFO - Worker authorization_worker_0 received task notification
2026-01-03 19:49:46 - ScannerWorker_authorization_worker_0 - INFO - Worker authorization_worker_0 received task notification
2026-01-03 19:49:46 - ScannerWorker_authorization_worker_0 - INFO - Worker authorization_worker_0 received task notification
2026-01-03 19:49:46 - ScannerWorker_authorization_worker_0 - INFO - Worker authorization_worker_0 received task notification
2026-01-03 19:49:46 - ScannerWorker_authorization_worker_0 - INFO - Worker authorization_worker_0 received task notification
2026-01-03 19:49:46 - ScannerWorker_authorization_worker_0 - INFO - Worker authorization_worker_0 received task notification
2026-01-03 19:49:50 - ScannerWorker_authorization_worker_0 - INFO - Worker authorization_worker_0 received task notification
2026-01-03 19:49:50 - ScannerWorker_authorization_worker_0 - INFO - Worker authorization_worker_0 received task notification
2026-01-03 19:49:50 - ScannerWorker_authorization_worker_0 - INFO - Worker authorization_worker_0 received task notification
2026-01-03 19:49:50 - ScannerWorker_authorization_worker_0 - INFO - Worker authorization_worker_0 received task notification
2026-01-03 19:49:50 - ScannerWorker_authorization_worker_0 - INFO - Worker authorization_worker_0 received task notification
2026-01-03 19:49:50 - ScannerWorker_authorization_worker_0 - INFO - Worker authorization_worker_0 received task notification
2026-01-03 19:49:50 - ScannerWorker_authorization_worker_0 - INFO - Worker authorization_worker_0 received task notification
2026-01-03 19:49:50 - ScannerWorker_authorization_worker_0 - INFO - Processing task scan_0a020063048e87c282a37e2d00940014.web-security-academy.net_20260103_194943_public_454f9e3d with AuthorizationAccessControlScanner on https://0a020063048e87c282a37e2d00940014.web-security-academy.net/product?productId=2
2026-01-03 19:56:09 - ScannerWorker_authorization_worker_0 - INFO - Worker execution results keys: ['scanner', 'target', 'timestamp', 'status', 'vulnerabilities', 'summary', 'scan_details', 'raw_results']
2026-01-03 19:56:09 - ScannerWorker_authorization_worker_0 - WARNING - Worker: raw_data MISSING in scanner results!
2026-01-03 19:56:09 - ScannerWorker_authorization_worker_0 - INFO - [COMPLETION TRIGGER] 0a020063048e87c282a37e2d00940014.web-security-academy.net_20260103_194943_public: Last task completed! tasks_pending = 0
2026-01-03 19:56:09 - ScannerWorker_authorization_worker_0 - INFO - [SCANNER TRACKING] 0a020063048e87c282a37e2d00940014.web-security-academy.net_20260103_194943_public: Scanner 'AuthorizationAccessControlScanner' marked as completed (189 total)
2026-01-03 19:56:09 - ScannerWorker_authorization_worker_0 - INFO - [SCANNER COMPLETION] 0a020063048e87c282a37e2d00940014.web-security-academy.net_20260103_194943_public: ALL 21/4 scanners completed!
2026-01-03 19:56:09 - ScannerWorker_authorization_worker_0 - INFO - Task scan_0a020063048e87c282a37e2d00940014.web-security-academy.net_20260103_194943_public_454f9e3d completed successfully in 378.73s with 0 findings
2026-01-03 19:56:09 - ScannerWorker_authorization_worker_0 - INFO - Processing task scan_0a020063048e87c282a37e2d00940014.web-security-academy.net_20260103_194943_public_3d50fbbc with FFUFScanner on https://0a020063048e87c282a37e2d00940014.web-security-academy.net/product?productId=2
2026-01-03 19:56:09 - ScannerWorker_authorization_worker_0 - INFO - Worker execution results keys: ['error', 'scanner', 'target', 'findings']
2026-01-03 19:56:09 - ScannerWorker_authorization_worker_0 - WARNING - Worker: raw_data MISSING in scanner results!
2026-01-03 19:56:09 - ScannerWorker_authorization_worker_0 - INFO - [COMPLETION TRIGGER] 0a020063048e87c282a37e2d00940014.web-security-academy.net_20260103_194943_public: Last task completed! tasks_pending = 0
2026-01-03 19:56:09 - ScannerWorker_authorization_worker_0 - INFO - [SCANNER TRACKING] 0a020063048e87c282a37e2d00940014.web-security-academy.net_20260103_194943_public: Scanner 'FFUFScanner' marked as completed (190 total)
2026-01-03 19:56:09 - ScannerWorker_authorization_worker_0 - INFO - [SCANNER COMPLETION] 0a020063048e87c282a37e2d00940014.web-security-academy.net_20260103_194943_public: ALL 21/4 scanners completed!
2026-01-03 19:56:09 - ScannerWorker_authorization_worker_0 - INFO - Task scan_0a020063048e87c282a37e2d00940014.web-security-academy.net_20260103_194943_public_3d50fbbc completed successfully in 0.00s with 0 findings
2026-01-03 19:56:09 - ScannerWorker_authorization_worker_0 - INFO - Processing task scan_0a020063048e87c282a37e2d00940014.web-security-academy.net_20260103_194943_public_5d194233 with AuthorizationAccessControlScanner on https://0a020063048e87c282a37e2d00940014.web-security-academy.net/product?productId=18
2026-01-03 20:03:15 - ScannerWorker_authorization_worker_0 - INFO - Worker execution results keys: ['scanner', 'target', 'timestamp', 'status', 'vulnerabilities', 'summary', 'scan_details', 'raw_results']
2026-01-03 20:03:15 - ScannerWorker_authorization_worker_0 - WARNING - Worker: raw_data MISSING in scanner results!
2026-01-03 20:03:15 - ScannerWorker_authorization_worker_0 - INFO - [COMPLETION TRIGGER] 0a020063048e87c282a37e2d00940014.web-security-academy.net_20260103_194943_public: Last task completed! tasks_pending = 0
2026-01-03 20:03:15 - ScannerWorker_authorization_worker_0 - INFO - [SCANNER TRACKING] 0a020063048e87c282a37e2d00940014.web-security-academy.net_20260103_194943_public: Scanner 'AuthorizationAccessControlScanner' marked as completed (235 total)
2026-01-03 20:03:15 - ScannerWorker_authorization_worker_0 - INFO - [SCANNER COMPLETION] 0a020063048e87c282a37e2d00940014.web-security-academy.net_20260103_194943_public: ALL 21/4 scanners completed!
2026-01-03 20:03:15 - ScannerWorker_authorization_worker_0 - INFO - Task scan_0a020063048e87c282a37e2d00940014.web-security-academy.net_20260103_194943_public_5d194233 completed successfully in 426.24s with 0 findings
2026-01-03 20:03:15 - ScannerWorker_authorization_worker_0 - INFO - Processing task scan_0a020063048e87c282a37e2d00940014.web-security-academy.net_20260103_194943_public_504edd73 with FFUFScanner on https://0a020063048e87c282a37e2d00940014.web-security-academy.net/product?productId=17
2026-01-03 20:03:15 - ScannerWorker_authorization_worker_0 - INFO - Worker execution results keys: ['error', 'scanner', 'target', 'findings']
2026-01-03 20:03:15 - ScannerWorker_authorization_worker_0 - WARNING - Worker: raw_data MISSING in scanner results!
2026-01-03 20:03:15 - ScannerWorker_authorization_worker_0 - INFO - [COMPLETION TRIGGER] 0a020063048e87c282a37e2d00940014.web-security-academy.net_20260103_194943_public: Last task completed! tasks_pending = 0
2026-01-03 20:03:15 - ScannerWorker_authorization_worker_0 - INFO - [SCANNER TRACKING] 0a020063048e87c282a37e2d00940014.web-security-academy.net_20260103_194943_public: Scanner 'FFUFScanner' marked as completed (236 total)
2026-01-03 20:03:15 - ScannerWorker_authorization_worker_0 - INFO - [SCANNER COMPLETION] 0a020063048e87c282a37e2d00940014.web-security-academy.net_20260103_194943_public: ALL 21/4 scanners completed!
2026-01-03 20:03:15 - ScannerWorker_authorization_worker_0 - INFO - Task scan_0a020063048e87c282a37e2d00940014.web-security-academy.net_20260103_194943_public_504edd73 completed successfully in 0.00s with 0 findings
2026-01-03 20:03:15 - ScannerWorker_authorization_worker_0 - INFO - Processing task scan_0a020063048e87c282a37e2d00940014.web-security-academy.net_20260103_194943_public_7c0d4f1d with AuthorizationAccessControlScanner on https://0a020063048e87c282a37e2d00940014.web-security-academy.net/product?productId=1
2026-01-03 20:08:47 - ScannerWorker_authorization_worker_0 - INFO - Worker execution results keys: ['scanner', 'target', 'timestamp', 'status', 'vulnerabilities', 'summary', 'scan_details', 'raw_results']
2026-01-03 20:08:47 - ScannerWorker_authorization_worker_0 - WARNING - Worker: raw_data MISSING in scanner results!
2026-01-03 20:08:47 - ScannerWorker_authorization_worker_0 - INFO - [COMPLETION TRIGGER] 0a020063048e87c282a37e2d00940014.web-security-academy.net_20260103_194943_public: Last task completed! tasks_pending = 0
2026-01-03 20:08:47 - ScannerWorker_authorization_worker_0 - INFO - [SCANNER TRACKING] 0a020063048e87c282a37e2d00940014.web-security-academy.net_20260103_194943_public: Scanner 'AuthorizationAccessControlScanner' marked as completed (272 total)
2026-01-03 20:08:47 - ScannerWorker_authorization_worker_0 - INFO - [SCANNER COMPLETION] 0a020063048e87c282a37e2d00940014.web-security-academy.net_20260103_194943_public: ALL 21/4 scanners completed!
2026-01-03 20:08:47 - ScannerWorker_authorization_worker_0 - INFO - Task scan_0a020063048e87c282a37e2d00940014.web-security-academy.net_20260103_194943_public_7c0d4f1d completed successfully in 331.85s with 0 findings
2026-01-03 20:08:47 - ScannerWorker_authorization_worker_0 - INFO - Processing task scan_0a020063048e87c282a37e2d00940014.web-security-academy.net_20260103_194943_public_59aee9a7 with FFUFScanner on https://0a020063048e87c282a37e2d00940014.web-security-academy.net/product?productId=16
2026-01-03 20:08:47 - ScannerWorker_authorization_worker_0 - INFO - Worker execution results keys: ['error', 'scanner', 'target', 'findings']
2026-01-03 20:08:47 - ScannerWorker_authorization_worker_0 - WARNING - Worker: raw_data MISSING in scanner results!
2026-01-03 20:08:47 - ScannerWorker_authorization_worker_0 - INFO - [COMPLETION TRIGGER] 0a020063048e87c282a37e2d00940014.web-security-academy.net_20260103_194943_public: Last task completed! tasks_pending = 0
2026-01-03 20:08:47 - ScannerWorker_authorization_worker_0 - INFO - [SCANNER TRACKING] 0a020063048e87c282a37e2d00940014.web-security-academy.net_20260103_194943_public: Scanner 'FFUFScanner' marked as completed (273 total)
2026-01-03 20:08:47 - ScannerWorker_authorization_worker_0 - INFO - [SCANNER COMPLETION] 0a020063048e87c282a37e2d00940014.web-security-academy.net_20260103_194943_public: ALL 21/4 scanners completed!
2026-01-03 20:08:47 - ScannerWorker_authorization_worker_0 - INFO - Task scan_0a020063048e87c282a37e2d00940014.web-security-academy.net_20260103_194943_public_59aee9a7 completed successfully in 0.00s with 0 findings
2026-01-03 20:08:47 - ScannerWorker_authorization_worker_0 - INFO - Processing task scan_0a020063048e87c282a37e2d00940014.web-security-academy.net_20260103_194943_public_a8f53f06 with AuthorizationAccessControlScanner on https://0a020063048e87c282a37e2d00940014.web-security-academy.net/my-account
2026-01-03 20:21:09 - ScannerWorker_authorization_worker_0 - INFO - Worker execution results keys: ['scanner', 'target', 'timestamp', 'status', 'vulnerabilities', 'summary', 'scan_details', 'raw_results']
2026-01-03 20:21:09 - ScannerWorker_authorization_worker_0 - WARNING - Worker: raw_data MISSING in scanner results!
2026-01-03 20:21:09 - ScannerWorker_authorization_worker_0 - INFO - [COMPLETION TRIGGER] 0a020063048e87c282a37e2d00940014.web-security-academy.net_20260103_194943_public: Last task completed! tasks_pending = 0
2026-01-03 20:21:09 - ScannerWorker_authorization_worker_0 - INFO - [SCANNER TRACKING] 0a020063048e87c282a37e2d00940014.web-security-academy.net_20260103_194943_public: Scanner 'AuthorizationAccessControlScanner' marked as completed (362 total)
2026-01-03 20:21:09 - ScannerWorker_authorization_worker_0 - INFO - [SCANNER COMPLETION] 0a020063048e87c282a37e2d00940014.web-security-academy.net_20260103_194943_public: ALL 21/4 scanners completed!
2026-01-03 20:21:09 - ScannerWorker_authorization_worker_0 - INFO - Task scan_0a020063048e87c282a37e2d00940014.web-security-academy.net_20260103_194943_public_a8f53f06 completed successfully in 741.97s with 0 findings
2026-01-03 20:21:09 - ScannerWorker_authorization_worker_0 - INFO - Processing task scan_0a020063048e87c282a37e2d00940014.web-security-academy.net_20260103_194943_public_6c8a06f7 with FFUFScanner on https://0a020063048e87c282a37e2d00940014.web-security-academy.net/product?productId=20
2026-01-03 20:21:09 - ScannerWorker_authorization_worker_0 - INFO - Worker execution results keys: ['error', 'scanner', 'target', 'findings']
2026-01-03 20:21:09 - ScannerWorker_authorization_worker_0 - WARNING - Worker: raw_data MISSING in scanner results!
2026-01-03 20:21:09 - ScannerWorker_authorization_worker_0 - INFO - [COMPLETION TRIGGER] 0a020063048e87c282a37e2d00940014.web-security-academy.net_20260103_194943_public: Last task completed! tasks_pending = 0
2026-01-03 20:21:09 - ScannerWorker_authorization_worker_0 - INFO - [SCANNER TRACKING] 0a020063048e87c282a37e2d00940014.web-security-academy.net_20260103_194943_public: Scanner 'FFUFScanner' marked as completed (363 total)
2026-01-03 20:21:09 - ScannerWorker_authorization_worker_0 - INFO - [SCANNER COMPLETION] 0a020063048e87c282a37e2d00940014.web-security-academy.net_20260103_194943_public: ALL 21/4 scanners completed!
2026-01-03 20:21:09 - ScannerWorker_authorization_worker_0 - INFO - Task scan_0a020063048e87c282a37e2d00940014.web-security-academy.net_20260103_194943_public_6c8a06f7 completed successfully in 0.00s with 0 findings
2026-01-03 20:21:09 - ScannerWorker_authorization_worker_0 - INFO - Processing task scan_0a020063048e87c282a37e2d00940014.web-security-academy.net_20260103_194943_public_3d58d020 with AuthorizationAccessControlScanner on https://0a020063048e87c282a37e2d00940014.web-security-academy.net/product?productId=19
2026-01-03 20:27:33 - ScannerWorker_authorization_worker_0 - INFO - Worker execution results keys: ['scanner', 'target', 'timestamp', 'status', 'vulnerabilities', 'summary', 'scan_details', 'raw_results']
2026-01-03 20:27:33 - ScannerWorker_authorization_worker_0 - WARNING - Worker: raw_data MISSING in scanner results!
2026-01-03 20:27:33 - ScannerWorker_authorization_worker_0 - INFO - [COMPLETION TRIGGER] 0a020063048e87c282a37e2d00940014.web-security-academy.net_20260103_194943_public: Last task completed! tasks_pending = 0
2026-01-03 20:27:33 - ScannerWorker_authorization_worker_0 - INFO - [SCANNER TRACKING] 0a020063048e87c282a37e2d00940014.web-security-academy.net_20260103_194943_public: Scanner 'AuthorizationAccessControlScanner' marked as completed (396 total)
2026-01-03 20:27:33 - ScannerWorker_authorization_worker_0 - INFO - [SCANNER COMPLETION] 0a020063048e87c282a37e2d00940014.web-security-academy.net_20260103_194943_public: ALL 21/4 scanners completed!
2026-01-03 20:27:33 - ScannerWorker_authorization_worker_0 - INFO - Task scan_0a020063048e87c282a37e2d00940014.web-security-academy.net_20260103_194943_public_3d58d020 completed successfully in 384.18s with 0 findings
2026-01-03 20:27:33 - ScannerWorker_authorization_worker_0 - INFO - Processing task scan_0a020063048e87c282a37e2d00940014.web-security-academy.net_20260103_194943_public_57a1883e with FFUFScanner on https://0a020063048e87c282a37e2d00940014.web-security-academy.net/product?productId=3
2026-01-03 20:27:33 - ScannerWorker_authorization_worker_0 - INFO - Worker execution results keys: ['error', 'scanner', 'target', 'findings']
2026-01-03 20:27:33 - ScannerWorker_authorization_worker_0 - WARNING - Worker: raw_data MISSING in scanner results!
2026-01-03 20:27:33 - ScannerWorker_authorization_worker_0 - INFO - [COMPLETION TRIGGER] 0a020063048e87c282a37e2d00940014.web-security-academy.net_20260103_194943_public: Last task completed! tasks_pending = 0
2026-01-03 20:27:33 - ScannerWorker_authorization_worker_0 - INFO - [SCANNER TRACKING] 0a020063048e87c282a37e2d00940014.web-security-academy.net_20260103_194943_public: Scanner 'FFUFScanner' marked as completed (397 total)
2026-01-03 20:27:33 - ScannerWorker_authorization_worker_0 - INFO - [SCANNER COMPLETION] 0a020063048e87c282a37e2d00940014.web-security-academy.net_20260103_194943_public: ALL 21/4 scanners completed!
2026-01-03 20:27:33 - ScannerWorker_authorization_worker_0 - INFO - Task scan_0a020063048e87c282a37e2d00940014.web-security-academy.net_20260103_194943_public_57a1883e completed successfully in 0.00s with 0 findings
2026-01-03 20:27:33 - ScannerWorker_authorization_worker_0 - INFO - Processing task scan_0a020063048e87c282a37e2d00940014.web-security-academy.net_20260103_194943_public_da992148 with AuthorizationAccessControlScanner on https://0a020063048e87c282a37e2d00940014.web-security-academy.net/product?productId=6
2026-01-03 20:33:04 - ScannerWorker_authorization_worker_0 - INFO - Worker execution results keys: ['scanner', 'target', 'timestamp', 'status', 'vulnerabilities', 'summary', 'scan_details', 'raw_results']
2026-01-03 20:33:04 - ScannerWorker_authorization_worker_0 - WARNING - Worker: raw_data MISSING in scanner results!
2026-01-03 20:33:04 - ScannerWorker_authorization_worker_0 - INFO - [COMPLETION TRIGGER] 0a020063048e87c282a37e2d00940014.web-security-academy.net_20260103_194943_public: Last task completed! tasks_pending = 0
2026-01-03 20:33:04 - ScannerWorker_authorization_worker_0 - INFO - [SCANNER TRACKING] 0a020063048e87c282a37e2d00940014.web-security-academy.net_20260103_194943_public: Scanner 'AuthorizationAccessControlScanner' marked as completed (422 total)
2026-01-03 20:33:04 - ScannerWorker_authorization_worker_0 - INFO - [SCANNER COMPLETION] 0a020063048e87c282a37e2d00940014.web-security-academy.net_20260103_194943_public: ALL 21/4 scanners completed!
2026-01-03 20:33:04 - ScannerWorker_authorization_worker_0 - INFO - Task scan_0a020063048e87c282a37e2d00940014.web-security-academy.net_20260103_194943_public_da992148 completed successfully in 331.06s with 0 findings
2026-01-03 20:33:04 - ScannerWorker_authorization_worker_0 - INFO - Processing task scan_0a020063048e87c282a37e2d00940014.web-security-academy.net_20260103_194943_public_150dd0eb with FFUFScanner on https://0a020063048e87c282a37e2d00940014.web-security-academy.net/product?productId=9
2026-01-03 20:33:04 - ScannerWorker_authorization_worker_0 - INFO - Worker execution results keys: ['error', 'scanner', 'target', 'findings']
2026-01-03 20:33:04 - ScannerWorker_authorization_worker_0 - WARNING - Worker: raw_data MISSING in scanner results!
2026-01-03 20:33:04 - ScannerWorker_authorization_worker_0 - INFO - [COMPLETION TRIGGER] 0a020063048e87c282a37e2d00940014.web-security-academy.net_20260103_194943_public: Last task completed! tasks_pending = 0
2026-01-03 20:33:04 - ScannerWorker_authorization_worker_0 - INFO - [SCANNER TRACKING] 0a020063048e87c282a37e2d00940014.web-security-academy.net_20260103_194943_public: Scanner 'FFUFScanner' marked as completed (423 total)
2026-01-03 20:33:04 - ScannerWorker_authorization_worker_0 - INFO - [SCANNER COMPLETION] 0a020063048e87c282a37e2d00940014.web-security-academy.net_20260103_194943_public: ALL 21/4 scanners completed!
2026-01-03 20:33:04 - ScannerWorker_authorization_worker_0 - INFO - Task scan_0a020063048e87c282a37e2d00940014.web-security-academy.net_20260103_194943_public_150dd0eb completed successfully in 0.00s with 0 findings
2026-01-03 20:33:04 - ScannerWorker_authorization_worker_0 - INFO - Processing task scan_0a020063048e87c282a37e2d00940014.web-security-academy.net_20260103_194943_public_66162906 with AuthorizationAccessControlScanner on https://0a020063048e87c282a37e2d00940014.web-security-academy.net/product?productId=8
2026-01-03 20:38:14 - ScannerWorker_authorization_worker_0 - INFO - Worker execution results keys: ['scanner', 'target', 'timestamp', 'status', 'vulnerabilities', 'summary', 'scan_details', 'raw_results']
2026-01-03 20:38:14 - ScannerWorker_authorization_worker_0 - WARNING - Worker: raw_data MISSING in scanner results!
2026-01-03 20:38:14 - ScannerWorker_authorization_worker_0 - INFO - [COMPLETION TRIGGER] 0a020063048e87c282a37e2d00940014.web-security-academy.net_20260103_194943_public: Last task completed! tasks_pending = 0
2026-01-03 20:38:14 - ScannerWorker_authorization_worker_0 - INFO - [SCANNER TRACKING] 0a020063048e87c282a37e2d00940014.web-security-academy.net_20260103_194943_public: Scanner 'AuthorizationAccessControlScanner' marked as completed (440 total)
2026-01-03 20:38:14 - ScannerWorker_authorization_worker_0 - INFO - [SCANNER COMPLETION] 0a020063048e87c282a37e2d00940014.web-security-academy.net_20260103_194943_public: ALL 21/4 scanners completed!
2026-01-03 20:38:14 - ScannerWorker_authorization_worker_0 - INFO - Task scan_0a020063048e87c282a37e2d00940014.web-security-academy.net_20260103_194943_public_66162906 completed successfully in 310.03s with 0 findings
2026-01-03 20:38:14 - ScannerWorker_authorization_worker_0 - INFO - Processing task scan_0a020063048e87c282a37e2d00940014.web-security-academy.net_20260103_194943_public_256c11cc with FFUFScanner on https://0a020063048e87c282a37e2d00940014.web-security-academy.net/product?productId=7
2026-01-03 20:38:14 - ScannerWorker_authorization_worker_0 - INFO - Worker execution results keys: ['error', 'scanner', 'target', 'findings']
2026-01-03 20:38:14 - ScannerWorker_authorization_worker_0 - WARNING - Worker: raw_data MISSING in scanner results!
2026-01-03 20:38:14 - ScannerWorker_authorization_worker_0 - INFO - [COMPLETION TRIGGER] 0a020063048e87c282a37e2d00940014.web-security-academy.net_20260103_194943_public: Last task completed! tasks_pending = 0
2026-01-03 20:38:14 - ScannerWorker_authorization_worker_0 - INFO - [SCANNER TRACKING] 0a020063048e87c282a37e2d00940014.web-security-academy.net_20260103_194943_public: Scanner 'FFUFScanner' marked as completed (441 total)
2026-01-03 20:38:14 - ScannerWorker_authorization_worker_0 - INFO - [SCANNER COMPLETION] 0a020063048e87c282a37e2d00940014.web-security-academy.net_20260103_194943_public: ALL 21/4 scanners completed!
2026-01-03 20:38:14 - ScannerWorker_authorization_worker_0 - INFO - Task scan_0a020063048e87c282a37e2d00940014.web-security-academy.net_20260103_194943_public_256c11cc completed successfully in 0.00s with 0 findings
2026-01-03 20:38:14 - ScannerWorker_authorization_worker_0 - INFO - Processing task scan_0a020063048e87c282a37e2d00940014.web-security-academy.net_20260103_194943_public_864f94f4 with AuthorizationAccessControlScanner on https://0a020063048e87c282a37e2d00940014.web-security-academy.net/product?productId=5
2026-01-03 20:43:56 - ScannerWorker_authorization_worker_0 - INFO - Worker execution results keys: ['scanner', 'target', 'timestamp', 'status', 'vulnerabilities', 'summary', 'scan_details', 'raw_results']
2026-01-03 20:43:56 - ScannerWorker_authorization_worker_0 - WARNING - Worker: raw_data MISSING in scanner results!
2026-01-03 20:43:56 - ScannerWorker_authorization_worker_0 - INFO - [COMPLETION TRIGGER] 0a020063048e87c282a37e2d00940014.web-security-academy.net_20260103_194943_public: Last task completed! tasks_pending = 0
2026-01-03 20:43:56 - ScannerWorker_authorization_worker_0 - INFO - [SCANNER TRACKING] 0a020063048e87c282a37e2d00940014.web-security-academy.net_20260103_194943_public: Scanner 'AuthorizationAccessControlScanner' marked as completed (461 total)
2026-01-03 20:43:56 - ScannerWorker_authorization_worker_0 - INFO - [SCANNER COMPLETION] 0a020063048e87c282a37e2d00940014.web-security-academy.net_20260103_194943_public: ALL 21/4 scanners completed!
2026-01-03 20:43:56 - ScannerWorker_authorization_worker_0 - INFO - Task scan_0a020063048e87c282a37e2d00940014.web-security-academy.net_20260103_194943_public_864f94f4 completed successfully in 342.23s with 0 findings
2026-01-03 20:43:56 - ScannerWorker_authorization_worker_0 - INFO - Processing task scan_0a020063048e87c282a37e2d00940014.web-security-academy.net_20260103_194943_public_a724c57d with FFUFScanner on https://0a020063048e87c282a37e2d00940014.web-security-academy.net/product?productId=12
2026-01-03 20:43:56 - ScannerWorker_authorization_worker_0 - INFO - Worker execution results keys: ['error', 'scanner', 'target', 'findings']
2026-01-03 20:43:56 - ScannerWorker_authorization_worker_0 - WARNING - Worker: raw_data MISSING in scanner results!
2026-01-03 20:43:56 - ScannerWorker_authorization_worker_0 - INFO - [COMPLETION TRIGGER] 0a020063048e87c282a37e2d00940014.web-security-academy.net_20260103_194943_public: Last task completed! tasks_pending = 0
2026-01-03 20:43:56 - ScannerWorker_authorization_worker_0 - INFO - [SCANNER TRACKING] 0a020063048e87c282a37e2d00940014.web-security-academy.net_20260103_194943_public: Scanner 'FFUFScanner' marked as completed (462 total)
2026-01-03 20:43:56 - ScannerWorker_authorization_worker_0 - INFO - [SCANNER COMPLETION] 0a020063048e87c282a37e2d00940014.web-security-academy.net_20260103_194943_public: ALL 21/4 scanners completed!
2026-01-03 20:43:56 - ScannerWorker_authorization_worker_0 - INFO - Task scan_0a020063048e87c282a37e2d00940014.web-security-academy.net_20260103_194943_public_a724c57d completed successfully in 0.00s with 0 findings
2026-01-03 20:43:56 - ScannerWorker_authorization_worker_0 - INFO - Processing task scan_0a020063048e87c282a37e2d00940014.web-security-academy.net_20260103_194943_public_a0dde96e with AuthorizationAccessControlScanner on https://0a020063048e87c282a37e2d00940014.web-security-academy.net/product?productId=11
2026-01-03 20:49:37 - ScannerWorker_authorization_worker_0 - INFO - Worker execution results keys: ['scanner', 'target', 'timestamp', 'status', 'vulnerabilities', 'summary', 'scan_details', 'raw_results']
2026-01-03 20:49:37 - ScannerWorker_authorization_worker_0 - WARNING - Worker: raw_data MISSING in scanner results!
2026-01-03 20:49:37 - ScannerWorker_authorization_worker_0 - INFO - [COMPLETION TRIGGER] 0a020063048e87c282a37e2d00940014.web-security-academy.net_20260103_194943_public: Last task completed! tasks_pending = 0
2026-01-03 20:49:37 - ScannerWorker_authorization_worker_0 - INFO - [SCANNER TRACKING] 0a020063048e87c282a37e2d00940014.web-security-academy.net_20260103_194943_public: Scanner 'AuthorizationAccessControlScanner' marked as completed (478 total)
2026-01-03 20:49:37 - ScannerWorker_authorization_worker_0 - INFO - [SCANNER COMPLETION] 0a020063048e87c282a37e2d00940014.web-security-academy.net_20260103_194943_public: ALL 21/4 scanners completed!
2026-01-03 20:49:37 - ScannerWorker_authorization_worker_0 - INFO - Task scan_0a020063048e87c282a37e2d00940014.web-security-academy.net_20260103_194943_public_a0dde96e completed successfully in 340.42s with 0 findings
2026-01-03 20:49:37 - ScannerWorker_authorization_worker_0 - INFO - Processing task scan_0a020063048e87c282a37e2d00940014.web-security-academy.net_20260103_194943_public_6fab4d8b with FFUFScanner on https://0a020063048e87c282a37e2d00940014.web-security-academy.net/product?productId=10
2026-01-03 20:49:37 - ScannerWorker_authorization_worker_0 - INFO - Worker execution results keys: ['error', 'scanner', 'target', 'findings']
2026-01-03 20:49:37 - ScannerWorker_authorization_worker_0 - WARNING - Worker: raw_data MISSING in scanner results!
2026-01-03 20:49:37 - ScannerWorker_authorization_worker_0 - INFO - [COMPLETION TRIGGER] 0a020063048e87c282a37e2d00940014.web-security-academy.net_20260103_194943_public: Last task completed! tasks_pending = 0
2026-01-03 20:49:37 - ScannerWorker_authorization_worker_0 - INFO - [SCANNER TRACKING] 0a020063048e87c282a37e2d00940014.web-security-academy.net_20260103_194943_public: Scanner 'FFUFScanner' marked as completed (479 total)
2026-01-03 20:49:37 - ScannerWorker_authorization_worker_0 - INFO - [SCANNER COMPLETION] 0a020063048e87c282a37e2d00940014.web-security-academy.net_20260103_194943_public: ALL 21/4 scanners completed!
2026-01-03 20:49:37 - ScannerWorker_authorization_worker_0 - INFO - Task scan_0a020063048e87c282a37e2d00940014.web-security-academy.net_20260103_194943_public_6fab4d8b completed successfully in 0.00s with 0 findings
2026-01-03 20:49:37 - ScannerWorker_authorization_worker_0 - INFO - Processing task scan_0a020063048e87c282a37e2d00940014.web-security-academy.net_20260103_194943_public_c38e9784 with AuthorizationAccessControlScanner on https://0a020063048e87c282a37e2d00940014.web-security-academy.net/product?productId=15
2026-01-03 20:54:46 - ScannerWorker_authorization_worker_0 - INFO - Worker execution results keys: ['scanner', 'target', 'timestamp', 'status', 'vulnerabilities', 'summary', 'scan_details', 'raw_results']
2026-01-03 20:54:46 - ScannerWorker_authorization_worker_0 - WARNING - Worker: raw_data MISSING in scanner results!
2026-01-03 20:54:47 - ScannerWorker_authorization_worker_0 - INFO - [COMPLETION TRIGGER] 0a020063048e87c282a37e2d00940014.web-security-academy.net_20260103_194943_public: Last task completed! tasks_pending = 0
2026-01-03 20:54:47 - ScannerWorker_authorization_worker_0 - INFO - [SCANNER TRACKING] 0a020063048e87c282a37e2d00940014.web-security-academy.net_20260103_194943_public: Scanner 'AuthorizationAccessControlScanner' marked as completed (489 total)
2026-01-03 20:54:47 - ScannerWorker_authorization_worker_0 - INFO - [SCANNER COMPLETION] 0a020063048e87c282a37e2d00940014.web-security-academy.net_20260103_194943_public: ALL 21/4 scanners completed!
2026-01-03 20:54:47 - ScannerWorker_authorization_worker_0 - INFO - Task scan_0a020063048e87c282a37e2d00940014.web-security-academy.net_20260103_194943_public_c38e9784 completed successfully in 309.68s with 0 findings
2026-01-03 20:54:47 - ScannerWorker_authorization_worker_0 - INFO - Processing task scan_0a020063048e87c282a37e2d00940014.web-security-academy.net_20260103_194943_public_14b32904 with FFUFScanner on https://0a020063048e87c282a37e2d00940014.web-security-academy.net/product?productId=14
2026-01-03 20:54:47 - ScannerWorker_authorization_worker_0 - INFO - Worker execution results keys: ['error', 'scanner', 'target', 'findings']
2026-01-03 20:54:47 - ScannerWorker_authorization_worker_0 - WARNING - Worker: raw_data MISSING in scanner results!
2026-01-03 20:54:47 - ScannerWorker_authorization_worker_0 - INFO - [COMPLETION TRIGGER] 0a020063048e87c282a37e2d00940014.web-security-academy.net_20260103_194943_public: Last task completed! tasks_pending = 0
2026-01-03 20:54:47 - ScannerWorker_authorization_worker_0 - INFO - [SCANNER TRACKING] 0a020063048e87c282a37e2d00940014.web-security-academy.net_20260103_194943_public: Scanner 'FFUFScanner' marked as completed (490 total)
2026-01-03 20:54:47 - ScannerWorker_authorization_worker_0 - INFO - [SCANNER COMPLETION] 0a020063048e87c282a37e2d00940014.web-security-academy.net_20260103_194943_public: ALL 21/4 scanners completed!
2026-01-03 20:54:47 - ScannerWorker_authorization_worker_0 - INFO - Task scan_0a020063048e87c282a37e2d00940014.web-security-academy.net_20260103_194943_public_14b32904 completed successfully in 0.01s with 0 findings
2026-01-03 20:54:47 - ScannerWorker_authorization_worker_0 - INFO - Processing task scan_0a020063048e87c282a37e2d00940014.web-security-academy.net_20260103_194943_public_12fd7637 with AuthorizationAccessControlScanner on https://0a020063048e87c282a37e2d00940014.web-security-academy.net/product?productId=13
2026-01-03 21:00:06 - ScannerWorker_authorization_worker_0 - INFO - Worker execution results keys: ['scanner', 'target', 'timestamp', 'status', 'vulnerabilities', 'summary', 'scan_details', 'raw_results']
2026-01-03 21:00:06 - ScannerWorker_authorization_worker_0 - WARNING - Worker: raw_data MISSING in scanner results!
2026-01-03 21:00:06 - ScannerWorker_authorization_worker_0 - INFO - [COMPLETION TRIGGER] 0a020063048e87c282a37e2d00940014.web-security-academy.net_20260103_194943_public: Last task completed! tasks_pending = 0
2026-01-03 21:00:06 - ScannerWorker_authorization_worker_0 - INFO - [SCANNER TRACKING] 0a020063048e87c282a37e2d00940014.web-security-academy.net_20260103_194943_public: Scanner 'AuthorizationAccessControlScanner' marked as completed (505 total)
2026-01-03 21:00:06 - ScannerWorker_authorization_worker_0 - INFO - [SCANNER COMPLETION] 0a020063048e87c282a37e2d00940014.web-security-academy.net_20260103_194943_public: ALL 21/4 scanners completed!
2026-01-03 21:00:06 - ScannerWorker_authorization_worker_0 - INFO - Task scan_0a020063048e87c282a37e2d00940014.web-security-academy.net_20260103_194943_public_12fd7637 completed successfully in 319.74s with 0 findings
2026-01-03 21:00:06 - ScannerWorker_authorization_worker_0 - INFO - Worker authorization_worker_0 received task notification
2026-01-03 21:00:06 - ScannerWorker_authorization_worker_0 - INFO - Worker authorization_worker_0 received task notification
2026-01-03 21:00:06 - ScannerWorker_authorization_worker_0 - INFO - Worker authorization_worker_0 received task notification
2026-01-03 21:00:06 - ScannerWorker_authorization_worker_0 - INFO - Worker authorization_worker_0 received task notification
2026-01-03 21:00:06 - ScannerWorker_authorization_worker_0 - INFO - Worker authorization_worker_0 received task notification
2026-01-03 21:00:06 - ScannerWorker_authorization_worker_0 - INFO - Worker authorization_worker_0 received task notification
2026-01-03 21:00:06 - ScannerWorker_authorization_worker_0 - INFO - Worker authorization_worker_0 received task notification
2026-01-03 21:00:06 - ScannerWorker_authorization_worker_0 - INFO - Worker authorization_worker_0 received task notification
2026-01-03 21:00:06 - ScannerWorker_authorization_worker_0 - INFO - Worker authorization_worker_0 received task notification
2026-01-03 21:00:06 - ScannerWorker_authorization_worker_0 - INFO - Worker authorization_worker_0 received task notification
2026-01-03 21:00:06 - ScannerWorker_authorization_worker_0 - INFO - Worker authorization_worker_0 received task notification
2026-01-03 21:00:06 - ScannerWorker_authorization_worker_0 - INFO - Worker authorization_worker_0 received task notification
2026-01-03 21:00:06 - ScannerWorker_authorization_worker_0 - INFO - Worker authorization_worker_0 received task notification
2026-01-03 21:00:06 - ScannerWorker_authorization_worker_0 - INFO - Worker authorization_worker_0 received task notification
2026-01-03 21:00:06 - ScannerWorker_authorization_worker_0 - INFO - Worker authorization_worker_0 received task notification
2026-01-03 21:00:06 - ScannerWorker_authorization_worker_0 - INFO - Worker authorization_worker_0 received task notification
2026-01-03 21:00:06 - ScannerWorker_authorization_worker_0 - INFO - Worker authorization_worker_0 received task notification
2026-01-03 21:00:06 - ScannerWorker_authorization_worker_0 - INFO - Worker authorization_worker_0 received task notification
2026-01-03 21:00:06 - ScannerWorker_authorization_worker_0 - INFO - Worker authorization_worker_0 received task notification
2026-01-03 21:00:06 - ScannerWorker_authorization_worker_0 - INFO - Worker authorization_worker_0 received task notification
2026-01-03 21:00:06 - ScannerWorker_authorization_worker_0 - INFO - Worker authorization_worker_0 received task notification
2026-01-03 21:00:06 - ScannerWorker_authorization_worker_0 - INFO - Worker authorization_worker_0 received task notification
2026-01-03 21:00:06 - ScannerWorker_authorization_worker_0 - INFO - Worker authorization_worker_0 received task notification
2026-01-03 21:00:06 - ScannerWorker_authorization_worker_0 - INFO - Worker authorization_worker_0 received task notification
2026-01-03 21:00:06 - ScannerWorker_authorization_worker_0 - INFO - Worker authorization_worker_0 received task notification
2026-01-03 21:00:06 - ScannerWorker_authorization_worker_0 - INFO - Worker authorization_worker_0 received task notification
2026-01-03 21:00:06 - ScannerWorker_authorization_worker_0 - INFO - Worker authorization_worker_0 received task notification
2026-01-03 21:00:06 - ScannerWorker_authorization_worker_0 - INFO - Worker authorization_worker_0 received task notification
2026-01-03 21:00:06 - ScannerWorker_authorization_worker_0 - INFO - Worker authorization_worker_0 received task notification
2026-01-03 21:00:06 - ScannerWorker_authorization_worker_0 - INFO - Worker authorization_worker_0 received task notification
2026-01-03 21:00:06 - ScannerWorker_authorization_worker_0 - INFO - Worker authorization_worker_0 received task notification
2026-01-03 21:00:06 - ScannerWorker_authorization_worker_0 - INFO - Worker authorization_worker_0 received task notification
2026-01-03 21:00:06 - ScannerWorker_authorization_worker_0 - INFO - Worker authorization_worker_0 received task notification
2026-01-03 21:00:06 - ScannerWorker_authorization_worker_0 - INFO - Worker authorization_worker_0 received task notification
2026-01-03 21:00:06 - ScannerWorker_authorization_worker_0 - INFO - Worker authorization_worker_0 received task notification
2026-01-03 21:00:06 - ScannerWorker_authorization_worker_0 - INFO - Worker authorization_worker_0 received task notification
2026-01-03 21:00:06 - ScannerWorker_authorization_worker_0 - INFO - Worker authorization_worker_0 received task notification
2026-01-03 21:00:06 - ScannerWorker_authorization_worker_0 - INFO - Worker authorization_worker_0 received task notification
2026-01-03 21:00:06 - ScannerWorker_authorization_worker_0 - INFO - Worker authorization_worker_0 received task notification
2026-01-03 21:00:06 - ScannerWorker_authorization_worker_0 - INFO - Worker authorization_worker_0 received task notification
2026-01-03 21:00:06 - ScannerWorker_authorization_worker_0 - INFO - Worker authorization_worker_0 received task notification
2026-01-03 21:00:06 - ScannerWorker_authorization_worker_0 - INFO - Worker authorization_worker_0 received task notification
2026-01-03 21:00:06 - ScannerWorker_authorization_worker_0 - INFO - Worker authorization_worker_0 received task notification
2026-01-03 21:00:06 - ScannerWorker_authorization_worker_0 - INFO - Worker authorization_worker_0 received task notification
2026-01-03 21:00:06 - ScannerWorker_authorization_worker_0 - INFO - Worker authorization_worker_0 received task notification
2026-01-03 21:00:06 - ScannerWorker_authorization_worker_0 - INFO - Worker authorization_worker_0 received task notification
2026-01-03 21:00:06 - ScannerWorker_authorization_worker_0 - INFO - Worker authorization_worker_0 received task notification
2026-01-03 21:00:06 - ScannerWorker_authorization_worker_0 - INFO - Worker authorization_worker_0 received task notification
2026-01-03 21:00:06 - ScannerWorker_authorization_worker_0 - INFO - Worker authorization_worker_0 received task notification
2026-01-03 21:00:06 - ScannerWorker_authorization_worker_0 - INFO - Worker authorization_worker_0 received task notification
2026-01-03 21:00:07 - ScannerWorker_authorization_worker_0 - INFO - Worker authorization_worker_0 received task notification
2026-01-03 21:00:07 - ScannerWorker_authorization_worker_0 - INFO - Worker authorization_worker_0 received task notification
2026-01-03 21:00:07 - ScannerWorker_authorization_worker_0 - INFO - Worker authorization_worker_0 received task notification
2026-01-03 21:00:07 - ScannerWorker_authorization_worker_0 - INFO - Worker authorization_worker_0 received task notification
2026-01-03 21:00:07 - ScannerWorker_authorization_worker_0 - INFO - Worker authorization_worker_0 received task notification
2026-01-03 21:00:07 - ScannerWorker_authorization_worker_0 - INFO - Worker authorization_worker_0 received task notification
2026-01-03 21:00:07 - ScannerWorker_authorization_worker_0 - INFO - Worker authorization_worker_0 received task notification
2026-01-03 21:00:07 - ScannerWorker_authorization_worker_0 - INFO - Worker authorization_worker_0 received task notification
2026-01-03 21:00:07 - ScannerWorker_authorization_worker_0 - INFO - Worker authorization_worker_0 received task notification
2026-01-03 21:00:07 - ScannerWorker_authorization_worker_0 - INFO - Worker authorization_worker_0 received task notification
2026-01-03 21:00:07 - ScannerWorker_authorization_worker_0 - INFO - Worker authorization_worker_0 received task notification
2026-01-03 21:00:07 - ScannerWorker_authorization_worker_0 - INFO - Worker authorization_worker_0 received task notification
2026-01-03 21:00:07 - ScannerWorker_authorization_worker_0 - INFO - Worker authorization_worker_0 received task notification
2026-01-03 21:00:07 - ScannerWorker_authorization_worker_0 - INFO - Worker authorization_worker_0 received task notification
2026-01-03 21:00:07 - ScannerWorker_authorization_worker_0 - INFO - Worker authorization_worker_0 received task notification
2026-01-03 21:00:07 - ScannerWorker_authorization_worker_0 - INFO - Worker authorization_worker_0 received task notification
2026-01-03 21:00:07 - ScannerWorker_authorization_worker_0 - INFO - Worker authorization_worker_0 received task notification
2026-01-03 21:00:07 - ScannerWorker_authorization_worker_0 - INFO - Worker authorization_worker_0 received task notification
2026-01-03 21:00:07 - ScannerWorker_authorization_worker_0 - INFO - Worker authorization_worker_0 received task notification
2026-01-03 21:00:07 - ScannerWorker_authorization_worker_0 - INFO - Worker authorization_worker_0 received task notification
2026-01-03 21:00:07 - ScannerWorker_authorization_worker_0 - INFO - Worker authorization_worker_0 received task notification
2026-01-03 21:00:07 - ScannerWorker_authorization_worker_0 - INFO - Worker authorization_worker_0 received task notification
2026-01-03 21:00:07 - ScannerWorker_authorization_worker_0 - INFO - Worker authorization_worker_0 received task notification
2026-01-03 21:00:07 - ScannerWorker_authorization_worker_0 - INFO - Worker authorization_worker_0 received task notification
2026-01-03 21:00:07 - ScannerWorker_authorization_worker_0 - INFO - Worker authorization_worker_0 received task notification
2026-01-03 21:00:07 - ScannerWorker_authorization_worker_0 - INFO - Worker authorization_worker_0 received task notification
2026-01-03 21:00:07 - ScannerWorker_authorization_worker_0 - INFO - Worker authorization_worker_0 received task notification
2026-01-03 21:00:07 - ScannerWorker_authorization_worker_0 - INFO - Worker authorization_worker_0 received task notification
2026-01-03 21:00:07 - ScannerWorker_authorization_worker_0 - INFO - Worker authorization_worker_0 received task notification
2026-01-03 21:00:07 - ScannerWorker_authorization_worker_0 - INFO - Worker authorization_worker_0 received task notification
2026-01-03 21:00:07 - ScannerWorker_authorization_worker_0 - INFO - Worker authorization_worker_0 received task notification
2026-01-03 21:00:07 - ScannerWorker_authorization_worker_0 - INFO - Worker authorization_worker_0 received task notification
2026-01-03 21:00:07 - ScannerWorker_authorization_worker_0 - INFO - Worker authorization_worker_0 received task notification
2026-01-03 21:00:07 - ScannerWorker_authorization_worker_0 - INFO - Worker authorization_worker_0 received task notification
2026-01-03 21:00:07 - ScannerWorker_authorization_worker_0 - INFO - Worker authorization_worker_0 received task notification
2026-01-03 21:00:07 - ScannerWorker_authorization_worker_0 - INFO - Worker authorization_worker_0 received task notification
2026-01-03 21:00:07 - ScannerWorker_authorization_worker_0 - INFO - Worker authorization_worker_0 received task notification
2026-01-03 21:00:07 - ScannerWorker_authorization_worker_0 - INFO - Worker authorization_worker_0 received task notification
2026-01-03 21:00:07 - ScannerWorker_authorization_worker_0 - INFO - Worker authorization_worker_0 received task notification
2026-01-03 21:00:07 - ScannerWorker_authorization_worker_0 - INFO - Worker authorization_worker_0 received task notification
2026-01-03 21:00:07 - ScannerWorker_authorization_worker_0 - INFO - Worker authorization_worker_0 received task notification
2026-01-03 21:00:07 - ScannerWorker_authorization_worker_0 - INFO - Worker authorization_worker_0 received task notification
2026-01-03 21:00:07 - ScannerWorker_authorization_worker_0 - INFO - Worker authorization_worker_0 received task notification
2026-01-03 21:00:07 - ScannerWorker_authorization_worker_0 - INFO - Worker authorization_worker_0 received task notification
2026-01-03 21:00:07 - ScannerWorker_authorization_worker_0 - INFO - Worker authorization_worker_0 received task notification
2026-01-03 21:00:07 - ScannerWorker_authorization_worker_0 - INFO - Worker authorization_worker_0 received task notification
2026-01-03 21:00:07 - ScannerWorker_authorization_worker_0 - INFO - Worker authorization_worker_0 received task notification
2026-01-03 21:00:07 - ScannerWorker_authorization_worker_0 - INFO - Worker authorization_worker_0 received task notification
2026-01-03 21:00:07 - ScannerWorker_authorization_worker_0 - INFO - Worker authorization_worker_0 received task notification
2026-01-03 21:00:07 - ScannerWorker_authorization_worker_0 - INFO - Worker authorization_worker_0 received task notification
2026-01-03 21:00:07 - ScannerWorker_authorization_worker_0 - INFO - Worker authorization_worker_0 received task notification
2026-01-03 21:00:07 - ScannerWorker_authorization_worker_0 - INFO - Worker authorization_worker_0 received task notification
2026-01-03 21:00:07 - ScannerWorker_authorization_worker_0 - INFO - Worker authorization_worker_0 received task notification
2026-01-03 21:00:07 - ScannerWorker_authorization_worker_0 - INFO - Worker authorization_worker_0 received task notification
2026-01-03 21:00:07 - ScannerWorker_authorization_worker_0 - INFO - Worker authorization_worker_0 received task notification
2026-01-03 21:00:07 - ScannerWorker_authorization_worker_0 - INFO - Worker authorization_worker_0 received task notification
2026-01-03 21:00:07 - ScannerWorker_authorization_worker_0 - INFO - Worker authorization_worker_0 received task notification
2026-01-03 21:00:07 - ScannerWorker_authorization_worker_0 - INFO - Worker authorization_worker_0 received task notification
2026-01-03 21:00:07 - ScannerWorker_authorization_worker_0 - INFO - Worker authorization_worker_0 received task notification
2026-01-03 21:00:07 - ScannerWorker_authorization_worker_0 - INFO - Worker authorization_worker_0 received task notification
2026-01-03 21:00:07 - ScannerWorker_authorization_worker_0 - INFO - Worker authorization_worker_0 received task notification
2026-01-03 21:00:07 - ScannerWorker_authorization_worker_0 - INFO - Worker authorization_worker_0 received task notification
2026-01-03 21:00:07 - ScannerWorker_authorization_worker_0 - INFO - Worker authorization_worker_0 received task notification
2026-01-03 21:00:07 - ScannerWorker_authorization_worker_0 - INFO - Worker authorization_worker_0 received task notification
2026-01-03 21:00:07 - ScannerWorker_authorization_worker_0 - INFO - Worker authorization_worker_0 received task notification
2026-01-03 21:00:07 - ScannerWorker_authorization_worker_0 - INFO - Worker authorization_worker_0 received task notification
2026-01-03 21:00:07 - ScannerWorker_authorization_worker_0 - INFO - Worker authorization_worker_0 received task notification
2026-01-03 21:00:07 - ScannerWorker_authorization_worker_0 - INFO - Worker authorization_worker_0 received task notification
2026-01-03 21:00:07 - ScannerWorker_authorization_worker_0 - INFO - Worker authorization_worker_0 received task notification
2026-01-03 21:00:07 - ScannerWorker_authorization_worker_0 - INFO - Worker authorization_worker_0 received task notification
2026-01-03 21:00:07 - ScannerWorker_authorization_worker_0 - INFO - Worker authorization_worker_0 received task notification
2026-01-03 21:00:07 - ScannerWorker_authorization_worker_0 - INFO - Worker authorization_worker_0 received task notification
2026-01-03 21:00:07 - ScannerWorker_authorization_worker_0 - INFO - Worker authorization_worker_0 received task notification
2026-01-03 21:00:07 - ScannerWorker_authorization_worker_0 - INFO - Worker authorization_worker_0 received task notification
2026-01-03 21:00:07 - ScannerWorker_authorization_worker_0 - INFO - Worker authorization_worker_0 received task notification
2026-01-03 21:00:07 - ScannerWorker_authorization_worker_0 - INFO - Worker authorization_worker_0 received task notification
2026-01-03 21:00:07 - ScannerWorker_authorization_worker_0 - INFO - Worker authorization_worker_0 received task notification
2026-01-03 21:00:07 - ScannerWorker_authorization_worker_0 - INFO - Worker authorization_worker_0 received task notification
2026-01-03 21:00:07 - ScannerWorker_authorization_worker_0 - INFO - Worker authorization_worker_0 received task notification
2026-01-03 21:00:07 - ScannerWorker_authorization_worker_0 - INFO - Worker authorization_worker_0 received task notification
2026-01-03 21:00:07 - ScannerWorker_authorization_worker_0 - INFO - Worker authorization_worker_0 received task notification
2026-01-03 21:00:07 - ScannerWorker_authorization_worker_0 - INFO - Worker authorization_worker_0 received task notification
2026-01-03 21:00:07 - ScannerWorker_authorization_worker_0 - INFO - Worker authorization_worker_0 received task notification
2026-01-03 21:00:07 - ScannerWorker_authorization_worker_0 - INFO - Worker authorization_worker_0 received task notification
2026-01-03 21:00:07 - ScannerWorker_authorization_worker_0 - INFO - Worker authorization_worker_0 received task notification
2026-01-03 21:00:07 - ScannerWorker_authorization_worker_0 - INFO - Worker authorization_worker_0 received task notification
2026-01-03 21:00:07 - ScannerWorker_authorization_worker_0 - INFO - Worker authorization_worker_0 received task notification
2026-01-03 21:00:07 - ScannerWorker_authorization_worker_0 - INFO - Worker authorization_worker_0 received task notification
2026-01-03 21:00:07 - ScannerWorker_authorization_worker_0 - INFO - Worker authorization_worker_0 received task notification
2026-01-03 21:00:07 - ScannerWorker_authorization_worker_0 - INFO - Worker authorization_worker_0 received task notification
2026-01-03 21:00:07 - ScannerWorker_authorization_worker_0 - INFO - Worker authorization_worker_0 received task notification
2026-01-03 21:00:07 - ScannerWorker_authorization_worker_0 - INFO - Worker authorization_worker_0 received task notification
2026-01-03 21:00:07 - ScannerWorker_authorization_worker_0 - INFO - Worker authorization_worker_0 received task notification
2026-01-03 21:00:07 - ScannerWorker_authorization_worker_0 - INFO - Worker authorization_worker_0 received task notification
2026-01-03 21:00:07 - ScannerWorker_authorization_worker_0 - INFO - Worker authorization_worker_0 received task notification
2026-01-03 21:00:07 - ScannerWorker_authorization_worker_0 - INFO - Worker authorization_worker_0 received task notification
2026-01-03 21:00:07 - ScannerWorker_authorization_worker_0 - INFO - Worker authorization_worker_0 received task notification
2026-01-03 21:00:07 - ScannerWorker_authorization_worker_0 - INFO - Worker authorization_worker_0 received task notification
2026-01-03 21:00:07 - ScannerWorker_authorization_worker_0 - INFO - Worker authorization_worker_0 received task notification
2026-01-03 21:00:07 - ScannerWorker_authorization_worker_0 - INFO - Worker authorization_worker_0 received task notification
2026-01-03 21:00:07 - ScannerWorker_authorization_worker_0 - INFO - Worker authorization_worker_0 received task notification
2026-01-03 21:00:07 - ScannerWorker_authorization_worker_0 - INFO - Worker authorization_worker_0 received task notification
2026-01-03 21:00:07 - ScannerWorker_authorization_worker_0 - INFO - Worker authorization_worker_0 received task notification
2026-01-03 21:00:07 - ScannerWorker_authorization_worker_0 - INFO - Worker authorization_worker_0 received task notification
2026-01-03 21:00:07 - ScannerWorker_authorization_worker_0 - INFO - Worker authorization_worker_0 received task notification
2026-01-03 21:00:07 - ScannerWorker_authorization_worker_0 - INFO - Worker authorization_worker_0 received task notification
2026-01-03 21:00:07 - ScannerWorker_authorization_worker_0 - INFO - Worker authorization_worker_0 received task notification
2026-01-03 21:00:07 - ScannerWorker_authorization_worker_0 - INFO - Worker authorization_worker_0 received task notification
2026-01-03 21:00:07 - ScannerWorker_authorization_worker_0 - INFO - Worker authorization_worker_0 received task notification
2026-01-03 21:00:07 - ScannerWorker_authorization_worker_0 - INFO - Worker authorization_worker_0 received task notification
2026-01-03 21:00:07 - ScannerWorker_authorization_worker_0 - INFO - Worker authorization_worker_0 received task notification
2026-01-03 21:00:07 - ScannerWorker_authorization_worker_0 - INFO - Worker authorization_worker_0 received task notification
2026-01-03 21:00:07 - ScannerWorker_authorization_worker_0 - INFO - Worker authorization_worker_0 received task notification
2026-01-03 21:00:07 - ScannerWorker_authorization_worker_0 - INFO - Worker authorization_worker_0 received task notification
2026-01-03 21:00:07 - ScannerWorker_authorization_worker_0 - INFO - Worker authorization_worker_0 received task notification
2026-01-03 21:00:07 - ScannerWorker_authorization_worker_0 - INFO - Worker authorization_worker_0 received task notification
2026-01-03 21:00:07 - ScannerWorker_authorization_worker_0 - INFO - Worker authorization_worker_0 received task notification
2026-01-03 21:00:07 - ScannerWorker_authorization_worker_0 - INFO - Worker authorization_worker_0 received task notification
2026-01-03 21:00:07 - ScannerWorker_authorization_worker_0 - INFO - Worker authorization_worker_0 received task notification
2026-01-03 21:00:07 - ScannerWorker_authorization_worker_0 - INFO - Worker authorization_worker_0 received task notification
2026-01-03 21:00:07 - ScannerWorker_authorization_worker_0 - INFO - Worker authorization_worker_0 received task notification
2026-01-03 21:00:07 - ScannerWorker_authorization_worker_0 - INFO - Worker authorization_worker_0 received task notification
2026-01-03 21:00:07 - ScannerWorker_authorization_worker_0 - INFO - Worker authorization_worker_0 received task notification
2026-01-03 21:00:07 - ScannerWorker_authorization_worker_0 - INFO - Worker authorization_worker_0 received task notification
2026-01-03 21:00:07 - ScannerWorker_authorization_worker_0 - INFO - Worker authorization_worker_0 received task notification
2026-01-03 21:00:07 - ScannerWorker_authorization_worker_0 - INFO - Worker authorization_worker_0 received task notification
2026-01-03 21:00:07 - ScannerWorker_authorization_worker_0 - INFO - Worker authorization_worker_0 received task notification
2026-01-03 21:00:07 - ScannerWorker_authorization_worker_0 - INFO - Worker authorization_worker_0 received task notification
2026-01-03 21:00:07 - ScannerWorker_authorization_worker_0 - INFO - Worker authorization_worker_0 received task notification
2026-01-03 21:00:07 - ScannerWorker_authorization_worker_0 - INFO - Worker authorization_worker_0 received task notification
2026-01-03 21:00:07 - ScannerWorker_authorization_worker_0 - INFO - Worker authorization_worker_0 received task notification
2026-01-03 21:00:07 - ScannerWorker_authorization_worker_0 - INFO - Worker authorization_worker_0 received task notification
2026-01-03 21:00:07 - ScannerWorker_authorization_worker_0 - INFO - Worker authorization_worker_0 received task notification
2026-01-03 21:00:07 - ScannerWorker_authorization_worker_0 - INFO - Worker authorization_worker_0 received task notification
2026-01-03 21:00:07 - ScannerWorker_authorization_worker_0 - INFO - Worker authorization_worker_0 received task notification
2026-01-03 21:00:07 - ScannerWorker_authorization_worker_0 - INFO - Worker authorization_worker_0 received task notification
2026-01-03 21:00:07 - ScannerWorker_authorization_worker_0 - INFO - Worker authorization_worker_0 received task notification
2026-01-03 21:00:07 - ScannerWorker_authorization_worker_0 - INFO - Worker authorization_worker_0 received task notification
2026-01-03 21:00:07 - ScannerWorker_authorization_worker_0 - INFO - Worker authorization_worker_0 received task notification
2026-01-03 21:00:07 - ScannerWorker_authorization_worker_0 - INFO - Worker authorization_worker_0 received task notification
2026-01-03 21:00:07 - ScannerWorker_authorization_worker_0 - INFO - Worker authorization_worker_0 received task notification
2026-01-03 21:00:07 - ScannerWorker_authorization_worker_0 - INFO - Worker authorization_worker_0 received task notification
2026-01-03 21:00:07 - ScannerWorker_authorization_worker_0 - INFO - Worker authorization_worker_0 received task notification
2026-01-03 21:00:07 - ScannerWorker_authorization_worker_0 - INFO - Worker authorization_worker_0 received task notification
2026-01-03 21:00:07 - ScannerWorker_authorization_worker_0 - INFO - Worker authorization_worker_0 received task notification
2026-01-03 21:00:07 - ScannerWorker_authorization_worker_0 - INFO - Worker authorization_worker_0 received task notification
2026-01-03 21:00:07 - ScannerWorker_authorization_worker_0 - INFO - Worker authorization_worker_0 received task notification
2026-01-03 21:00:07 - ScannerWorker_authorization_worker_0 - INFO - Worker authorization_worker_0 received task notification
2026-01-03 21:00:07 - ScannerWorker_authorization_worker_0 - INFO - Worker authorization_worker_0 received task notification
2026-01-03 21:00:07 - ScannerWorker_authorization_worker_0 - INFO - Worker authorization_worker_0 received task notification
2026-01-03 21:00:07 - ScannerWorker_authorization_worker_0 - INFO - Worker authorization_worker_0 received task notification
2026-01-03 21:00:07 - ScannerWorker_authorization_worker_0 - INFO - Worker authorization_worker_0 received task notification
2026-01-03 21:00:07 - ScannerWorker_authorization_worker_0 - INFO - Worker authorization_worker_0 received task notification
2026-01-03 21:00:07 - ScannerWorker_authorization_worker_0 - INFO - Worker authorization_worker_0 received task notification
2026-01-03 21:00:07 - ScannerWorker_authorization_worker_0 - INFO - Worker authorization_worker_0 received task notification
2026-01-03 21:00:07 - ScannerWorker_authorization_worker_0 - INFO - Worker authorization_worker_0 received task notification
2026-01-03 21:00:07 - ScannerWorker_authorization_worker_0 - INFO - Worker authorization_worker_0 received task notification
2026-01-03 21:00:07 - ScannerWorker_authorization_worker_0 - INFO - Worker authorization_worker_0 received task notification
2026-01-03 21:00:07 - ScannerWorker_authorization_worker_0 - INFO - Worker authorization_worker_0 received task notification
2026-01-03 21:00:07 - ScannerWorker_authorization_worker_0 - INFO - Worker authorization_worker_0 received task notification
2026-01-03 21:00:07 - ScannerWorker_authorization_worker_0 - INFO - Worker authorization_worker_0 received task notification
2026-01-03 21:00:07 - ScannerWorker_authorization_worker_0 - INFO - Worker authorization_worker_0 received task notification
2026-01-03 21:00:07 - ScannerWorker_authorization_worker_0 - INFO - Worker authorization_worker_0 received task notification
2026-01-03 21:00:07 - ScannerWorker_authorization_worker_0 - INFO - Worker authorization_worker_0 received task notification
2026-01-03 21:00:07 - ScannerWorker_authorization_worker_0 - INFO - Worker authorization_worker_0 received task notification
2026-01-03 21:00:07 - ScannerWorker_authorization_worker_0 - INFO - Worker authorization_worker_0 received task notification
2026-01-03 21:00:07 - ScannerWorker_authorization_worker_0 - INFO - Worker authorization_worker_0 received task notification
2026-01-03 21:00:07 - ScannerWorker_authorization_worker_0 - INFO - Worker authorization_worker_0 received task notification
2026-01-03 21:00:07 - ScannerWorker_authorization_worker_0 - INFO - Worker authorization_worker_0 received task notification
2026-01-03 21:00:07 - ScannerWorker_authorization_worker_0 - INFO - Worker authorization_worker_0 received task notification
2026-01-03 21:00:07 - ScannerWorker_authorization_worker_0 - INFO - Worker authorization_worker_0 received task notification
2026-01-03 21:00:07 - ScannerWorker_authorization_worker_0 - INFO - Worker authorization_worker_0 received task notification
2026-01-03 21:00:07 - ScannerWorker_authorization_worker_0 - INFO - Worker authorization_worker_0 received task notification
2026-01-03 21:00:07 - ScannerWorker_authorization_worker_0 - INFO - Worker authorization_worker_0 received task notification
2026-01-03 21:00:07 - ScannerWorker_authorization_worker_0 - INFO - Worker authorization_worker_0 received task notification
2026-01-03 21:00:07 - ScannerWorker_authorization_worker_0 - INFO - Worker authorization_worker_0 received task notification
2026-01-03 21:00:07 - ScannerWorker_authorization_worker_0 - INFO - Worker authorization_worker_0 received task notification
2026-01-03 21:00:07 - ScannerWorker_authorization_worker_0 - INFO - Worker authorization_worker_0 received task notification
2026-01-03 21:00:07 - ScannerWorker_authorization_worker_0 - INFO - Worker authorization_worker_0 received task notification
2026-01-03 21:00:07 - ScannerWorker_authorization_worker_0 - INFO - Worker authorization_worker_0 received task notification
2026-01-03 21:00:07 - ScannerWorker_authorization_worker_0 - INFO - Worker authorization_worker_0 received task notification
2026-01-03 21:00:07 - ScannerWorker_authorization_worker_0 - INFO - Worker authorization_worker_0 received task notification
2026-01-03 21:00:07 - ScannerWorker_authorization_worker_0 - INFO - Worker authorization_worker_0 received task notification
2026-01-03 21:00:07 - ScannerWorker_authorization_worker_0 - INFO - Worker authorization_worker_0 received task notification
2026-01-03 21:00:07 - ScannerWorker_authorization_worker_0 - INFO - Worker authorization_worker_0 received task notification
2026-01-03 21:00:07 - ScannerWorker_authorization_worker_0 - INFO - Worker authorization_worker_0 received task notification
2026-01-03 21:00:07 - ScannerWorker_authorization_worker_0 - INFO - Worker authorization_worker_0 received task notification
2026-01-03 21:00:07 - ScannerWorker_authorization_worker_0 - INFO - Worker authorization_worker_0 received task notification
2026-01-03 21:00:07 - ScannerWorker_authorization_worker_0 - INFO - Worker authorization_worker_0 received task notification
2026-01-03 21:00:07 - ScannerWorker_authorization_worker_0 - INFO - Worker authorization_worker_0 received task notification
2026-01-03 21:00:07 - ScannerWorker_authorization_worker_0 - INFO - Worker authorization_worker_0 received task notification
2026-01-03 21:00:07 - ScannerWorker_authorization_worker_0 - INFO - Worker authorization_worker_0 received task notification
2026-01-03 21:00:07 - ScannerWorker_authorization_worker_0 - INFO - Worker authorization_worker_0 received task notification
2026-01-03 21:00:07 - ScannerWorker_authorization_worker_0 - INFO - Worker authorization_worker_0 received task notification
2026-01-03 21:00:07 - ScannerWorker_authorization_worker_0 - INFO - Worker authorization_worker_0 received task notification
2026-01-03 21:00:07 - ScannerWorker_authorization_worker_0 - INFO - Worker authorization_worker_0 received task notification
2026-01-03 21:00:07 - ScannerWorker_authorization_worker_0 - INFO - Worker authorization_worker_0 received task notification
2026-01-03 21:00:07 - ScannerWorker_authorization_worker_0 - INFO - Worker authorization_worker_0 received task notification
2026-01-03 21:00:07 - ScannerWorker_authorization_worker_0 - INFO - Worker authorization_worker_0 received task notification
2026-01-03 21:00:07 - ScannerWorker_authorization_worker_0 - INFO - Worker authorization_worker_0 received task notification
2026-01-03 21:00:07 - ScannerWorker_authorization_worker_0 - INFO - Worker authorization_worker_0 received task notification
2026-01-03 21:00:07 - ScannerWorker_authorization_worker_0 - INFO - Worker authorization_worker_0 received task notification
2026-01-03 21:00:07 - ScannerWorker_authorization_worker_0 - INFO - Worker authorization_worker_0 received task notification
2026-01-03 21:00:07 - ScannerWorker_authorization_worker_0 - INFO - Worker authorization_worker_0 received task notification
2026-01-03 21:00:07 - ScannerWorker_authorization_worker_0 - INFO - Worker authorization_worker_0 received task notification
2026-01-03 21:00:07 - ScannerWorker_authorization_worker_0 - INFO - Worker authorization_worker_0 received task notification
2026-01-03 21:00:07 - ScannerWorker_authorization_worker_0 - INFO - Worker authorization_worker_0 received task notification
2026-01-03 21:00:07 - ScannerWorker_authorization_worker_0 - INFO - Worker authorization_worker_0 received task notification
2026-01-03 21:00:07 - ScannerWorker_authorization_worker_0 - INFO - Worker authorization_worker_0 received task notification
2026-01-03 21:00:07 - ScannerWorker_authorization_worker_0 - INFO - Worker authorization_worker_0 received task notification
2026-01-03 21:00:07 - ScannerWorker_authorization_worker_0 - INFO - Worker authorization_worker_0 received task notification
2026-01-03 21:00:07 - ScannerWorker_authorization_worker_0 - INFO - Worker authorization_worker_0 received task notification
2026-01-03 21:00:07 - ScannerWorker_authorization_worker_0 - INFO - Worker authorization_worker_0 received task notification
2026-01-03 21:00:07 - ScannerWorker_authorization_worker_0 - INFO - Worker authorization_worker_0 received task notification
2026-01-03 21:00:07 - ScannerWorker_authorization_worker_0 - INFO - Worker authorization_worker_0 received task notification
2026-01-03 21:00:07 - ScannerWorker_authorization_worker_0 - INFO - Worker authorization_worker_0 received task notification
2026-01-03 21:00:07 - ScannerWorker_authorization_worker_0 - INFO - Worker authorization_worker_0 received task notification
2026-01-03 21:00:07 - ScannerWorker_authorization_worker_0 - INFO - Worker authorization_worker_0 received task notification
2026-01-03 21:00:07 - ScannerWorker_authorization_worker_0 - INFO - Worker authorization_worker_0 received task notification
2026-01-03 21:00:07 - ScannerWorker_authorization_worker_0 - INFO - Worker authorization_worker_0 received task notification
2026-01-03 21:00:07 - ScannerWorker_authorization_worker_0 - INFO - Worker authorization_worker_0 received task notification
2026-01-03 21:00:07 - ScannerWorker_authorization_worker_0 - INFO - Worker authorization_worker_0 received task notification
2026-01-03 21:00:07 - ScannerWorker_authorization_worker_0 - INFO - Worker authorization_worker_0 received task notification
2026-01-03 21:00:07 - ScannerWorker_authorization_worker_0 - INFO - Worker authorization_worker_0 received task notification
2026-01-03 21:00:07 - ScannerWorker_authorization_worker_0 - INFO - Worker authorization_worker_0 received task notification
2026-01-03 21:00:07 - ScannerWorker_authorization_worker_0 - INFO - Worker authorization_worker_0 received task notification
2026-01-03 21:00:07 - ScannerWorker_authorization_worker_0 - INFO - Worker authorization_worker_0 received task notification
2026-01-03 21:00:07 - ScannerWorker_authorization_worker_0 - INFO - Worker authorization_worker_0 received task notification
2026-01-03 21:00:07 - ScannerWorker_authorization_worker_0 - INFO - Worker authorization_worker_0 received task notification
2026-01-03 21:00:07 - ScannerWorker_authorization_worker_0 - INFO - Worker authorization_worker_0 received task notification
2026-01-03 21:00:07 - ScannerWorker_authorization_worker_0 - INFO - Worker authorization_worker_0 received task notification
2026-01-03 21:00:07 - ScannerWorker_authorization_worker_0 - INFO - Worker authorization_worker_0 received task notification
2026-01-03 21:00:07 - ScannerWorker_authorization_worker_0 - INFO - Worker authorization_worker_0 received task notification
2026-01-03 21:00:07 - ScannerWorker_authorization_worker_0 - INFO - Worker authorization_worker_0 received task notification
2026-01-03 21:00:07 - ScannerWorker_authorization_worker_0 - INFO - Worker authorization_worker_0 received task notification
2026-01-03 21:00:07 - ScannerWorker_authorization_worker_0 - INFO - Worker authorization_worker_0 received task notification
2026-01-03 21:00:07 - ScannerWorker_authorization_worker_0 - INFO - Worker authorization_worker_0 received task notification
2026-01-03 21:00:07 - ScannerWorker_authorization_worker_0 - INFO - Worker authorization_worker_0 received task notification
2026-01-03 21:00:07 - ScannerWorker_authorization_worker_0 - INFO - Worker authorization_worker_0 received task notification
2026-01-03 21:00:07 - ScannerWorker_authorization_worker_0 - INFO - Worker authorization_worker_0 received task notification
2026-01-03 21:00:07 - ScannerWorker_authorization_worker_0 - INFO - Worker authorization_worker_0 received task notification
2026-01-03 21:00:07 - ScannerWorker_authorization_worker_0 - INFO - Worker authorization_worker_0 received task notification
2026-01-03 21:00:07 - ScannerWorker_authorization_worker_0 - INFO - Worker authorization_worker_0 received task notification
2026-01-03 21:00:07 - ScannerWorker_authorization_worker_0 - INFO - Worker authorization_worker_0 received task notification
2026-01-03 21:00:07 - ScannerWorker_authorization_worker_0 - INFO - Worker authorization_worker_0 received task notification
2026-01-03 21:00:07 - ScannerWorker_authorization_worker_0 - INFO - Worker authorization_worker_0 received task notification
2026-01-03 21:00:07 - ScannerWorker_authorization_worker_0 - INFO - Worker authorization_worker_0 received task notification
2026-01-03 21:00:07 - ScannerWorker_authorization_worker_0 - INFO - Worker authorization_worker_0 received task notification
2026-01-03 21:00:07 - ScannerWorker_authorization_worker_0 - INFO - Worker authorization_worker_0 received task notification
2026-01-03 21:00:07 - ScannerWorker_authorization_worker_0 - INFO - Worker authorization_worker_0 received task notification
2026-01-03 21:00:07 - ScannerWorker_authorization_worker_0 - INFO - Worker authorization_worker_0 received task notification
2026-01-03 21:00:07 - ScannerWorker_authorization_worker_0 - INFO - Worker authorization_worker_0 received task notification
2026-01-03 21:00:07 - ScannerWorker_authorization_worker_0 - INFO - Worker authorization_worker_0 received task notification
2026-01-03 21:00:07 - ScannerWorker_authorization_worker_0 - INFO - Worker authorization_worker_0 received task notification
2026-01-03 21:00:07 - ScannerWorker_authorization_worker_0 - INFO - Worker authorization_worker_0 received task notification
2026-01-03 21:00:07 - ScannerWorker_authorization_worker_0 - INFO - Worker authorization_worker_0 received task notification
2026-01-03 21:00:07 - ScannerWorker_authorization_worker_0 - INFO - Worker authorization_worker_0 received task notification
2026-01-03 21:00:07 - ScannerWorker_authorization_worker_0 - INFO - Worker authorization_worker_0 received task notification
2026-01-03 21:00:07 - ScannerWorker_authorization_worker_0 - INFO - Worker authorization_worker_0 received task notification
2026-01-03 21:00:07 - ScannerWorker_authorization_worker_0 - INFO - Worker authorization_worker_0 received task notification
2026-01-03 21:00:07 - ScannerWorker_authorization_worker_0 - INFO - Worker authorization_worker_0 received task notification
2026-01-03 21:00:07 - ScannerWorker_authorization_worker_0 - INFO - Worker authorization_worker_0 received task notification
2026-01-03 21:00:07 - ScannerWorker_authorization_worker_0 - INFO - Worker authorization_worker_0 received task notification
2026-01-03 21:00:07 - ScannerWorker_authorization_worker_0 - INFO - Worker authorization_worker_0 received task notification
2026-01-03 21:00:07 - ScannerWorker_authorization_worker_0 - INFO - Worker authorization_worker_0 received task notification
2026-01-03 21:00:07 - ScannerWorker_authorization_worker_0 - INFO - Worker authorization_worker_0 received task notification
2026-01-03 21:00:07 - ScannerWorker_authorization_worker_0 - INFO - Worker authorization_worker_0 received task notification
2026-01-03 21:00:07 - ScannerWorker_authorization_worker_0 - INFO - Worker authorization_worker_0 received task notification
2026-01-03 21:00:07 - ScannerWorker_authorization_worker_0 - INFO - Worker authorization_worker_0 received task notification
2026-01-03 21:00:07 - ScannerWorker_authorization_worker_0 - INFO - Worker authorization_worker_0 received task notification
2026-01-03 21:00:07 - ScannerWorker_authorization_worker_0 - INFO - Worker authorization_worker_0 received task notification
2026-01-03 21:00:07 - ScannerWorker_authorization_worker_0 - INFO - Worker authorization_worker_0 received task notification
2026-01-03 21:00:07 - ScannerWorker_authorization_worker_0 - INFO - Worker authorization_worker_0 received task notification
2026-01-03 21:00:07 - ScannerWorker_authorization_worker_0 - INFO - Worker authorization_worker_0 received task notification
2026-01-03 21:00:07 - ScannerWorker_authorization_worker_0 - INFO - Worker authorization_worker_0 received task notification
2026-01-03 21:00:07 - ScannerWorker_authorization_worker_0 - INFO - Worker authorization_worker_0 received task notification
2026-01-03 21:00:07 - ScannerWorker_authorization_worker_0 - INFO - Worker authorization_worker_0 received task notification
2026-01-03 21:00:07 - ScannerWorker_authorization_worker_0 - INFO - Worker authorization_worker_0 received task notification
2026-01-03 21:00:07 - ScannerWorker_authorization_worker_0 - INFO - Worker authorization_worker_0 received task notification
2026-01-03 21:00:07 - ScannerWorker_authorization_worker_0 - INFO - Worker authorization_worker_0 received task notification
2026-01-03 21:00:07 - ScannerWorker_authorization_worker_0 - INFO - Worker authorization_worker_0 received task notification
2026-01-03 21:00:07 - ScannerWorker_authorization_worker_0 - INFO - Worker authorization_worker_0 received task notification
2026-01-03 21:00:07 - ScannerWorker_authorization_worker_0 - INFO - Worker authorization_worker_0 received task notification
2026-01-03 21:00:07 - ScannerWorker_authorization_worker_0 - INFO - Worker authorization_worker_0 received task notification
2026-01-03 21:00:07 - ScannerWorker_authorization_worker_0 - INFO - Worker authorization_worker_0 received task notification
2026-01-03 21:00:07 - ScannerWorker_authorization_worker_0 - INFO - Worker authorization_worker_0 received task notification
2026-01-03 21:00:07 - ScannerWorker_authorization_worker_0 - INFO - Worker authorization_worker_0 received task notification
2026-01-03 21:00:07 - ScannerWorker_authorization_worker_0 - INFO - Worker authorization_worker_0 received task notification
2026-01-03 21:00:07 - ScannerWorker_authorization_worker_0 - INFO - Worker authorization_worker_0 received task notification
2026-01-03 21:00:07 - ScannerWorker_authorization_worker_0 - INFO - Worker authorization_worker_0 received task notification
2026-01-03 21:00:07 - ScannerWorker_authorization_worker_0 - INFO - Worker authorization_worker_0 received task notification
2026-01-03 21:00:07 - ScannerWorker_authorization_worker_0 - INFO - Worker authorization_worker_0 received task notification
2026-01-03 21:00:07 - ScannerWorker_authorization_worker_0 - INFO - Worker authorization_worker_0 received task notification
2026-01-03 21:00:07 - ScannerWorker_authorization_worker_0 - INFO - Worker authorization_worker_0 received task notification
2026-01-03 21:00:07 - ScannerWorker_authorization_worker_0 - INFO - Worker authorization_worker_0 received task notification
2026-01-03 21:00:07 - ScannerWorker_authorization_worker_0 - INFO - Worker authorization_worker_0 received task notification
2026-01-03 21:00:07 - ScannerWorker_authorization_worker_0 - INFO - Worker authorization_worker_0 received task notification
2026-01-03 21:00:07 - ScannerWorker_authorization_worker_0 - INFO - Worker authorization_worker_0 received task notification
2026-01-03 21:00:07 - ScannerWorker_authorization_worker_0 - INFO - Worker authorization_worker_0 received task notification
2026-01-03 21:00:07 - ScannerWorker_authorization_worker_0 - INFO - Worker authorization_worker_0 received task notification
2026-01-03 21:00:07 - ScannerWorker_authorization_worker_0 - INFO - Worker authorization_worker_0 received task notification
2026-01-03 21:00:07 - ScannerWorker_authorization_worker_0 - INFO - Worker authorization_worker_0 received task notification
2026-01-03 21:00:07 - ScannerWorker_authorization_worker_0 - INFO - Worker authorization_worker_0 received task notification
2026-01-03 21:00:07 - ScannerWorker_authorization_worker_0 - INFO - Worker authorization_worker_0 received task notification
2026-01-03 21:00:07 - ScannerWorker_authorization_worker_0 - INFO - Worker authorization_worker_0 received task notification
2026-01-03 21:00:07 - ScannerWorker_authorization_worker_0 - INFO - Worker authorization_worker_0 received task notification
2026-01-03 21:00:07 - ScannerWorker_authorization_worker_0 - INFO - Worker authorization_worker_0 received task notification
2026-01-03 21:00:07 - ScannerWorker_authorization_worker_0 - INFO - Worker authorization_worker_0 received task notification
2026-01-03 21:00:07 - ScannerWorker_authorization_worker_0 - INFO - Worker authorization_worker_0 received task notification
2026-01-03 21:00:07 - ScannerWorker_authorization_worker_0 - INFO - Worker authorization_worker_0 received task notification
2026-01-03 21:00:07 - ScannerWorker_authorization_worker_0 - INFO - Worker authorization_worker_0 received task notification
2026-01-03 21:00:07 - ScannerWorker_authorization_worker_0 - INFO - Worker authorization_worker_0 received task notification
2026-01-03 21:00:07 - ScannerWorker_authorization_worker_0 - INFO - Worker authorization_worker_0 received task notification
2026-01-03 21:00:07 - ScannerWorker_authorization_worker_0 - INFO - Worker authorization_worker_0 received task notification
2026-01-03 21:00:07 - ScannerWorker_authorization_worker_0 - INFO - Worker authorization_worker_0 received task notification
2026-01-03 21:00:07 - ScannerWorker_authorization_worker_0 - INFO - Worker authorization_worker_0 received task notification
2026-01-03 21:00:07 - ScannerWorker_authorization_worker_0 - INFO - Worker authorization_worker_0 received task notification
2026-01-03 21:00:07 - ScannerWorker_authorization_worker_0 - INFO - Worker authorization_worker_0 received task notification
2026-01-03 21:00:07 - ScannerWorker_authorization_worker_0 - INFO - Worker authorization_worker_0 received task notification
2026-01-03 21:00:07 - ScannerWorker_authorization_worker_0 - INFO - Worker authorization_worker_0 received task notification
2026-01-03 21:00:07 - ScannerWorker_authorization_worker_0 - INFO - Worker authorization_worker_0 received task notification
2026-01-03 21:00:07 - ScannerWorker_authorization_worker_0 - INFO - Worker authorization_worker_0 received task notification
2026-01-03 21:00:07 - ScannerWorker_authorization_worker_0 - INFO - Worker authorization_worker_0 received task notification
2026-01-03 21:00:07 - ScannerWorker_authorization_worker_0 - INFO - Worker authorization_worker_0 received task notification
2026-01-03 21:00:07 - ScannerWorker_authorization_worker_0 - INFO - Worker authorization_worker_0 received task notification
2026-01-03 21:00:07 - ScannerWorker_authorization_worker_0 - INFO - Worker authorization_worker_0 received task notification
2026-01-03 21:00:07 - ScannerWorker_authorization_worker_0 - INFO - Worker authorization_worker_0 received task notification
2026-01-03 21:00:07 - ScannerWorker_authorization_worker_0 - INFO - Worker authorization_worker_0 received task notification
2026-01-03 21:00:07 - ScannerWorker_authorization_worker_0 - INFO - Worker authorization_worker_0 received task notification
2026-01-03 21:00:07 - ScannerWorker_authorization_worker_0 - INFO - Worker authorization_worker_0 received task notification
2026-01-03 21:00:07 - ScannerWorker_authorization_worker_0 - INFO - Worker authorization_worker_0 received task notification
2026-01-03 21:00:07 - ScannerWorker_authorization_worker_0 - INFO - Worker authorization_worker_0 received task notification
2026-01-03 21:00:07 - ScannerWorker_authorization_worker_0 - INFO - Worker authorization_worker_0 received task notification
2026-01-03 21:00:07 - ScannerWorker_authorization_worker_0 - INFO - Worker authorization_worker_0 received task notification
2026-01-03 21:00:07 - ScannerWorker_authorization_worker_0 - INFO - Worker authorization_worker_0 received task notification
2026-01-03 21:00:07 - ScannerWorker_authorization_worker_0 - INFO - Worker authorization_worker_0 received task notification
2026-01-03 21:00:07 - ScannerWorker_authorization_worker_0 - INFO - Worker authorization_worker_0 received task notification
2026-01-03 21:00:07 - ScannerWorker_authorization_worker_0 - INFO - Worker authorization_worker_0 received task notification
2026-01-03 21:00:07 - ScannerWorker_authorization_worker_0 - INFO - Worker authorization_worker_0 received task notification
2026-01-03 21:00:07 - ScannerWorker_authorization_worker_0 - INFO - Worker authorization_worker_0 received task notification
2026-01-03 21:00:07 - ScannerWorker_authorization_worker_0 - INFO - Worker authorization_worker_0 received task notification
2026-01-03 21:00:07 - ScannerWorker_authorization_worker_0 - INFO - Worker authorization_worker_0 received task notification
2026-01-03 21:00:07 - ScannerWorker_authorization_worker_0 - INFO - Worker authorization_worker_0 received task notification
2026-01-03 21:00:07 - ScannerWorker_authorization_worker_0 - INFO - Worker authorization_worker_0 received task notification
2026-01-03 21:00:07 - ScannerWorker_authorization_worker_0 - INFO - Worker authorization_worker_0 received task notification
2026-01-03 21:00:07 - ScannerWorker_authorization_worker_0 - INFO - Worker authorization_worker_0 received task notification
2026-01-03 21:00:07 - ScannerWorker_authorization_worker_0 - INFO - Worker authorization_worker_0 received task notification
2026-01-03 21:00:07 - ScannerWorker_authorization_worker_0 - INFO - Worker authorization_worker_0 received task notification
2026-01-03 21:00:07 - ScannerWorker_authorization_worker_0 - INFO - Worker authorization_worker_0 received task notification
2026-01-03 21:00:07 - ScannerWorker_authorization_worker_0 - INFO - Worker authorization_worker_0 received task notification
2026-01-03 21:00:07 - ScannerWorker_authorization_worker_0 - INFO - Worker authorization_worker_0 received task notification
2026-01-03 21:00:07 - ScannerWorker_authorization_worker_0 - INFO - Worker authorization_worker_0 received task notification
2026-01-03 21:00:07 - ScannerWorker_authorization_worker_0 - INFO - Worker authorization_worker_0 received task notification
2026-01-03 21:00:07 - ScannerWorker_authorization_worker_0 - INFO - Worker authorization_worker_0 received task notification
2026-01-03 21:00:07 - ScannerWorker_authorization_worker_0 - INFO - Worker authorization_worker_0 received task notification
2026-01-03 21:00:07 - ScannerWorker_authorization_worker_0 - INFO - Worker authorization_worker_0 received task notification
2026-01-03 21:00:07 - ScannerWorker_authorization_worker_0 - INFO - Worker authorization_worker_0 received task notification
2026-01-03 21:00:07 - ScannerWorker_authorization_worker_0 - INFO - Worker authorization_worker_0 received task notification
2026-01-03 21:00:07 - ScannerWorker_authorization_worker_0 - INFO - Worker authorization_worker_0 received task notification
2026-01-03 21:00:07 - ScannerWorker_authorization_worker_0 - INFO - Worker authorization_worker_0 received task notification
2026-01-03 21:00:07 - ScannerWorker_authorization_worker_0 - INFO - Worker authorization_worker_0 received task notification
2026-01-03 21:00:07 - ScannerWorker_authorization_worker_0 - INFO - Worker authorization_worker_0 received task notification
2026-01-03 21:00:07 - ScannerWorker_authorization_worker_0 - INFO - Worker authorization_worker_0 received task notification
2026-01-03 21:00:07 - ScannerWorker_authorization_worker_0 - INFO - Worker authorization_worker_0 received task notification
2026-01-03 21:00:07 - ScannerWorker_authorization_worker_0 - INFO - Worker authorization_worker_0 received task notification
2026-01-03 21:00:07 - ScannerWorker_authorization_worker_0 - INFO - Worker authorization_worker_0 received task notification
2026-01-03 21:00:07 - ScannerWorker_authorization_worker_0 - INFO - Worker authorization_worker_0 received task notification
2026-01-03 21:00:07 - ScannerWorker_authorization_worker_0 - INFO - Worker authorization_worker_0 received task notification
2026-01-03 21:00:07 - ScannerWorker_authorization_worker_0 - INFO - Worker authorization_worker_0 received task notification
2026-01-03 21:00:07 - ScannerWorker_authorization_worker_0 - INFO - Worker authorization_worker_0 received task notification
2026-01-03 21:00:07 - ScannerWorker_authorization_worker_0 - INFO - Worker authorization_worker_0 received task notification
2026-01-03 21:00:07 - ScannerWorker_authorization_worker_0 - INFO - Worker authorization_worker_0 received task notification
2026-01-03 21:00:07 - ScannerWorker_authorization_worker_0 - INFO - Worker authorization_worker_0 received task notification
2026-01-03 21:00:07 - ScannerWorker_authorization_worker_0 - INFO - Worker authorization_worker_0 received task notification
2026-01-03 21:00:07 - ScannerWorker_authorization_worker_0 - INFO - Worker authorization_worker_0 received task notification
2026-01-03 21:00:07 - ScannerWorker_authorization_worker_0 - INFO - Worker authorization_worker_0 received task notification
2026-01-03 21:00:07 - ScannerWorker_authorization_worker_0 - INFO - Worker authorization_worker_0 received task notification
2026-01-03 21:00:07 - ScannerWorker_authorization_worker_0 - INFO - Worker authorization_worker_0 received task notification
2026-01-03 21:00:07 - ScannerWorker_authorization_worker_0 - INFO - Worker authorization_worker_0 received task notification
2026-01-03 21:00:07 - ScannerWorker_authorization_worker_0 - INFO - Worker authorization_worker_0 received task notification
2026-01-03 21:00:07 - ScannerWorker_authorization_worker_0 - INFO - Worker authorization_worker_0 received task notification
2026-01-03 21:00:07 - ScannerWorker_authorization_worker_0 - INFO - Worker authorization_worker_0 received task notification
2026-01-03 21:00:07 - ScannerWorker_authorization_worker_0 - INFO - Worker authorization_worker_0 received task notification
2026-01-03 21:00:07 - ScannerWorker_authorization_worker_0 - INFO - Worker authorization_worker_0 received task notification
2026-01-03 21:00:07 - ScannerWorker_authorization_worker_0 - INFO - Worker authorization_worker_0 received task notification
2026-01-03 21:00:07 - ScannerWorker_authorization_worker_0 - INFO - Worker authorization_worker_0 received task notification
2026-01-03 21:00:07 - ScannerWorker_authorization_worker_0 - INFO - Worker authorization_worker_0 received task notification
2026-01-03 21:00:07 - ScannerWorker_authorization_worker_0 - INFO - Worker authorization_worker_0 received task notification
2026-01-03 21:00:07 - ScannerWorker_authorization_worker_0 - INFO - Worker authorization_worker_0 received task notification
2026-01-03 21:00:07 - ScannerWorker_authorization_worker_0 - INFO - Worker authorization_worker_0 received task notification
2026-01-03 21:00:07 - ScannerWorker_authorization_worker_0 - INFO - Worker authorization_worker_0 received task notification
2026-01-03 21:00:07 - ScannerWorker_authorization_worker_0 - INFO - Worker authorization_worker_0 received task notification
2026-01-03 21:00:07 - ScannerWorker_authorization_worker_0 - INFO - Worker authorization_worker_0 received task notification
2026-01-03 21:00:07 - ScannerWorker_authorization_worker_0 - INFO - Worker authorization_worker_0 received task notification
2026-01-03 21:00:07 - ScannerWorker_authorization_worker_0 - INFO - Worker authorization_worker_0 received task notification
2026-01-03 21:00:07 - ScannerWorker_authorization_worker_0 - INFO - Worker authorization_worker_0 received task notification
2026-01-03 21:00:07 - ScannerWorker_authorization_worker_0 - INFO - Worker authorization_worker_0 received task notification
2026-01-03 21:00:07 - ScannerWorker_authorization_worker_0 - INFO - Worker authorization_worker_0 received task notification
2026-01-03 21:00:07 - ScannerWorker_authorization_worker_0 - INFO - Worker authorization_worker_0 received task notification
2026-01-03 21:00:07 - ScannerWorker_authorization_worker_0 - INFO - Worker authorization_worker_0 received task notification
2026-01-03 21:00:07 - ScannerWorker_authorization_worker_0 - INFO - Worker authorization_worker_0 received task notification
2026-01-03 21:00:07 - ScannerWorker_authorization_worker_0 - INFO - Worker authorization_worker_0 received task notification
2026-01-03 21:00:07 - ScannerWorker_authorization_worker_0 - INFO - Worker authorization_worker_0 received task notification
2026-01-03 21:00:07 - ScannerWorker_authorization_worker_0 - INFO - Worker authorization_worker_0 received task notification
2026-01-03 21:00:07 - ScannerWorker_authorization_worker_0 - INFO - Worker authorization_worker_0 received task notification
