2026-01-03 19:46:29 - ScannerWorker_authentication_worker_0 - INFO - Imported AuthSessionScanner
2026-01-03 19:46:29 - ScannerWorker_authentication_worker_0 - INFO - Imported AuthenticationSessionScanner
2026-01-03 19:46:29 - ScannerWorker_authentication_worker_0 - INFO - Imported WPSekuScanner
2026-01-03 19:46:29 - ScannerWorker_authentication_worker_0 - INFO - Loaded 3 scanners for category authentication
2026-01-03 19:46:29 - ScannerWorker_authentication_worker_0 - INFO - Connected to Redis: redis://localhost:6379/0
2026-01-03 19:46:29 - ScannerWorker_authentication_worker_0 - INFO - Scanner worker authentication_worker_0 started for category authentication
2026-01-03 19:49:46 - ScannerWorker_authentication_worker_0 - INFO - Worker authentication_worker_0 received task notification
2026-01-03 19:49:46 - ScannerWorker_authentication_worker_0 - INFO - Processing task scan_0a020063048e87c282a37e2d00940014.web-security-academy.net_20260103_194943_public_d53cb40e with WPSekuScanner on https://0a020063048e87c282a37e2d00940014.web-security-academy.net/
2026-01-03 19:49:49 - ScannerWorker_authentication_worker_0 - INFO - Worker execution results keys: ['error', 'scanner', 'target', 'findings']
2026-01-03 19:49:49 - ScannerWorker_authentication_worker_0 - WARNING - Worker: raw_data MISSING in scanner results!
2026-01-03 19:49:49 - ScannerWorker_authentication_worker_0 - INFO - [SCANNER TRACKING] 0a020063048e87c282a37e2d00940014.web-security-academy.net_20260103_194943_public: Scanner 'WPSekuScanner' marked as completed (13 total)
2026-01-03 19:49:49 - ScannerWorker_authentication_worker_0 - INFO - [SCANNER COMPLETION] 0a020063048e87c282a37e2d00940014.web-security-academy.net_20260103_194943_public: ALL 8/4 scanners completed!
2026-01-03 19:49:49 - ScannerWorker_authentication_worker_0 - INFO - Task scan_0a020063048e87c282a37e2d00940014.web-security-academy.net_20260103_194943_public_d53cb40e completed successfully in 3.10s with 0 findings
2026-01-03 19:49:49 - ScannerWorker_authentication_worker_0 - INFO - Worker authentication_worker_0 received task notification
2026-01-03 19:49:49 - ScannerWorker_authentication_worker_0 - INFO - Worker authentication_worker_0 received task notification
2026-01-03 19:49:49 - ScannerWorker_authentication_worker_0 - INFO - Worker authentication_worker_0 received task notification
2026-01-03 19:49:49 - ScannerWorker_authentication_worker_0 - INFO - Worker authentication_worker_0 received task notification
2026-01-03 19:49:49 - ScannerWorker_authentication_worker_0 - INFO - Worker authentication_worker_0 received task notification
2026-01-03 19:49:49 - ScannerWorker_authentication_worker_0 - INFO - Worker authentication_worker_0 received task notification
2026-01-03 19:49:49 - ScannerWorker_authentication_worker_0 - INFO - Worker authentication_worker_0 received task notification
2026-01-03 19:49:49 - ScannerWorker_authentication_worker_0 - INFO - Worker authentication_worker_0 received task notification
2026-01-03 19:49:49 - ScannerWorker_authentication_worker_0 - INFO - Worker authentication_worker_0 received task notification
2026-01-03 19:49:49 - ScannerWorker_authentication_worker_0 - INFO - Worker authentication_worker_0 received task notification
2026-01-03 19:49:49 - ScannerWorker_authentication_worker_0 - INFO - Worker authentication_worker_0 received task notification
2026-01-03 19:49:49 - ScannerWorker_authentication_worker_0 - INFO - Worker authentication_worker_0 received task notification
2026-01-03 19:49:49 - ScannerWorker_authentication_worker_0 - INFO - Worker authentication_worker_0 received task notification
2026-01-03 19:49:49 - ScannerWorker_authentication_worker_0 - INFO - Worker authentication_worker_0 received task notification
2026-01-03 19:49:49 - ScannerWorker_authentication_worker_0 - INFO - Worker authentication_worker_0 received task notification
2026-01-03 19:49:49 - ScannerWorker_authentication_worker_0 - INFO - Worker authentication_worker_0 received task notification
2026-01-03 19:49:49 - ScannerWorker_authentication_worker_0 - INFO - Worker authentication_worker_0 received task notification
2026-01-03 19:49:49 - ScannerWorker_authentication_worker_0 - INFO - Worker authentication_worker_0 received task notification
2026-01-03 19:49:49 - ScannerWorker_authentication_worker_0 - INFO - Worker authentication_worker_0 received task notification
2026-01-03 19:49:49 - ScannerWorker_authentication_worker_0 - INFO - Worker authentication_worker_0 received task notification
2026-01-03 19:49:49 - ScannerWorker_authentication_worker_0 - INFO - Worker authentication_worker_0 received task notification
2026-01-03 19:49:50 - ScannerWorker_authentication_worker_0 - INFO - Worker authentication_worker_0 received task notification
2026-01-03 19:49:50 - ScannerWorker_authentication_worker_0 - INFO - Worker authentication_worker_0 received task notification
2026-01-03 19:49:50 - ScannerWorker_authentication_worker_0 - INFO - Worker authentication_worker_0 received task notification
2026-01-03 19:49:50 - ScannerWorker_authentication_worker_0 - INFO - Worker authentication_worker_0 received task notification
2026-01-03 19:49:50 - ScannerWorker_authentication_worker_0 - INFO - Worker authentication_worker_0 received task notification
2026-01-03 19:49:50 - ScannerWorker_authentication_worker_0 - INFO - Processing task scan_0a020063048e87c282a37e2d00940014.web-security-academy.net_20260103_194943_public_c27c9254 with AuthSessionScanner on https://0a020063048e87c282a37e2d00940014.web-security-academy.net/product?productId=2
2026-01-03 19:53:31 - ScannerWorker_authentication_worker_0 - INFO - Worker execution results keys: ['scanner', 'target', 'timestamp', 'findings', 'summary', 'asvs_compliance', 'recommendations', 'authenticated_cookies']
2026-01-03 19:53:31 - ScannerWorker_authentication_worker_0 - WARNING - Worker: raw_data MISSING in scanner results!
2026-01-03 19:53:31 - ScannerWorker_authentication_worker_0 - INFO - [COMPLETION TRIGGER] 0a020063048e87c282a37e2d00940014.web-security-academy.net_20260103_194943_public: Last task completed! tasks_pending = 0
2026-01-03 19:53:31 - ScannerWorker_authentication_worker_0 - INFO - [SCANNER TRACKING] 0a020063048e87c282a37e2d00940014.web-security-academy.net_20260103_194943_public: Scanner 'AuthSessionScanner' marked as completed (174 total)
2026-01-03 19:53:31 - ScannerWorker_authentication_worker_0 - INFO - [SCANNER COMPLETION] 0a020063048e87c282a37e2d00940014.web-security-academy.net_20260103_194943_public: ALL 19/4 scanners completed!
2026-01-03 19:53:31 - ScannerWorker_authentication_worker_0 - INFO - Task scan_0a020063048e87c282a37e2d00940014.web-security-academy.net_20260103_194943_public_c27c9254 completed successfully in 221.33s with 7 findings
2026-01-03 19:53:31 - ScannerWorker_authentication_worker_0 - INFO - Processing task scan_0a020063048e87c282a37e2d00940014.web-security-academy.net_20260103_194943_public_912fbdd0 with WPSekuScanner on https://0a020063048e87c282a37e2d00940014.web-security-academy.net/product?productId=2
2026-01-03 19:53:33 - ScannerWorker_authentication_worker_0 - INFO - Worker execution results keys: ['error', 'scanner', 'target', 'findings']
2026-01-03 19:53:33 - ScannerWorker_authentication_worker_0 - WARNING - Worker: raw_data MISSING in scanner results!
2026-01-03 19:53:33 - ScannerWorker_authentication_worker_0 - INFO - [COMPLETION TRIGGER] 0a020063048e87c282a37e2d00940014.web-security-academy.net_20260103_194943_public: Last task completed! tasks_pending = 0
2026-01-03 19:53:33 - ScannerWorker_authentication_worker_0 - INFO - [SCANNER TRACKING] 0a020063048e87c282a37e2d00940014.web-security-academy.net_20260103_194943_public: Scanner 'WPSekuScanner' marked as completed (175 total)
2026-01-03 19:53:33 - ScannerWorker_authentication_worker_0 - INFO - [SCANNER COMPLETION] 0a020063048e87c282a37e2d00940014.web-security-academy.net_20260103_194943_public: ALL 19/4 scanners completed!
2026-01-03 19:53:33 - ScannerWorker_authentication_worker_0 - INFO - Task scan_0a020063048e87c282a37e2d00940014.web-security-academy.net_20260103_194943_public_912fbdd0 completed successfully in 2.11s with 0 findings
2026-01-03 19:53:33 - ScannerWorker_authentication_worker_0 - INFO - Processing task scan_0a020063048e87c282a37e2d00940014.web-security-academy.net_20260103_194943_public_44738b92 with AuthSessionScanner on https://0a020063048e87c282a37e2d00940014.web-security-academy.net/product?productId=18
2026-01-03 19:56:37 - ScannerWorker_authentication_worker_0 - INFO - Worker execution results keys: ['scanner', 'target', 'timestamp', 'findings', 'summary', 'asvs_compliance', 'recommendations', 'authenticated_cookies']
2026-01-03 19:56:37 - ScannerWorker_authentication_worker_0 - WARNING - Worker: raw_data MISSING in scanner results!
2026-01-03 19:56:37 - ScannerWorker_authentication_worker_0 - INFO - [COMPLETION TRIGGER] 0a020063048e87c282a37e2d00940014.web-security-academy.net_20260103_194943_public: Last task completed! tasks_pending = 0
2026-01-03 19:56:37 - ScannerWorker_authentication_worker_0 - INFO - [SCANNER TRACKING] 0a020063048e87c282a37e2d00940014.web-security-academy.net_20260103_194943_public: Scanner 'AuthSessionScanner' marked as completed (200 total)
2026-01-03 19:56:37 - ScannerWorker_authentication_worker_0 - INFO - [SCANNER COMPLETION] 0a020063048e87c282a37e2d00940014.web-security-academy.net_20260103_194943_public: ALL 21/4 scanners completed!
2026-01-03 19:56:37 - ScannerWorker_authentication_worker_0 - INFO - Task scan_0a020063048e87c282a37e2d00940014.web-security-academy.net_20260103_194943_public_44738b92 completed successfully in 184.01s with 6 findings
2026-01-03 19:56:37 - ScannerWorker_authentication_worker_0 - INFO - Processing task scan_0a020063048e87c282a37e2d00940014.web-security-academy.net_20260103_194943_public_1a1071e4 with WPSekuScanner on https://0a020063048e87c282a37e2d00940014.web-security-academy.net/product?productId=17
2026-01-03 19:56:38 - ScannerWorker_authentication_worker_0 - INFO - Worker execution results keys: ['error', 'scanner', 'target', 'findings']
2026-01-03 19:56:38 - ScannerWorker_authentication_worker_0 - WARNING - Worker: raw_data MISSING in scanner results!
2026-01-03 19:56:38 - ScannerWorker_authentication_worker_0 - INFO - [COMPLETION TRIGGER] 0a020063048e87c282a37e2d00940014.web-security-academy.net_20260103_194943_public: Last task completed! tasks_pending = 0
2026-01-03 19:56:38 - ScannerWorker_authentication_worker_0 - INFO - [SCANNER TRACKING] 0a020063048e87c282a37e2d00940014.web-security-academy.net_20260103_194943_public: Scanner 'WPSekuScanner' marked as completed (201 total)
2026-01-03 19:56:38 - ScannerWorker_authentication_worker_0 - INFO - [SCANNER COMPLETION] 0a020063048e87c282a37e2d00940014.web-security-academy.net_20260103_194943_public: ALL 21/4 scanners completed!
2026-01-03 19:56:38 - ScannerWorker_authentication_worker_0 - INFO - Task scan_0a020063048e87c282a37e2d00940014.web-security-academy.net_20260103_194943_public_1a1071e4 completed successfully in 0.99s with 0 findings
2026-01-03 19:56:38 - ScannerWorker_authentication_worker_0 - INFO - Processing task scan_0a020063048e87c282a37e2d00940014.web-security-academy.net_20260103_194943_public_001d7c4b with AuthSessionScanner on https://0a020063048e87c282a37e2d00940014.web-security-academy.net/product?productId=1
2026-01-03 20:01:12 - ScannerWorker_authentication_worker_0 - INFO - Worker execution results keys: ['scanner', 'target', 'timestamp', 'findings', 'summary', 'asvs_compliance', 'recommendations', 'authenticated_cookies']
2026-01-03 20:01:12 - ScannerWorker_authentication_worker_0 - WARNING - Worker: raw_data MISSING in scanner results!
2026-01-03 20:01:12 - ScannerWorker_authentication_worker_0 - INFO - [COMPLETION TRIGGER] 0a020063048e87c282a37e2d00940014.web-security-academy.net_20260103_194943_public: Last task completed! tasks_pending = 0
2026-01-03 20:01:12 - ScannerWorker_authentication_worker_0 - INFO - [SCANNER TRACKING] 0a020063048e87c282a37e2d00940014.web-security-academy.net_20260103_194943_public: Scanner 'AuthSessionScanner' marked as completed (219 total)
2026-01-03 20:01:12 - ScannerWorker_authentication_worker_0 - INFO - [SCANNER COMPLETION] 0a020063048e87c282a37e2d00940014.web-security-academy.net_20260103_194943_public: ALL 21/4 scanners completed!
2026-01-03 20:01:12 - ScannerWorker_authentication_worker_0 - INFO - Task scan_0a020063048e87c282a37e2d00940014.web-security-academy.net_20260103_194943_public_001d7c4b completed successfully in 273.56s with 7 findings
2026-01-03 20:01:12 - ScannerWorker_authentication_worker_0 - INFO - Processing task scan_0a020063048e87c282a37e2d00940014.web-security-academy.net_20260103_194943_public_8adc31ea with WPSekuScanner on https://0a020063048e87c282a37e2d00940014.web-security-academy.net/product?productId=16
2026-01-03 20:01:13 - ScannerWorker_authentication_worker_0 - INFO - Worker execution results keys: ['error', 'scanner', 'target', 'findings']
2026-01-03 20:01:13 - ScannerWorker_authentication_worker_0 - WARNING - Worker: raw_data MISSING in scanner results!
2026-01-03 20:01:13 - ScannerWorker_authentication_worker_0 - INFO - [COMPLETION TRIGGER] 0a020063048e87c282a37e2d00940014.web-security-academy.net_20260103_194943_public: Last task completed! tasks_pending = 0
2026-01-03 20:01:13 - ScannerWorker_authentication_worker_0 - INFO - [SCANNER TRACKING] 0a020063048e87c282a37e2d00940014.web-security-academy.net_20260103_194943_public: Scanner 'WPSekuScanner' marked as completed (220 total)
2026-01-03 20:01:13 - ScannerWorker_authentication_worker_0 - INFO - [SCANNER COMPLETION] 0a020063048e87c282a37e2d00940014.web-security-academy.net_20260103_194943_public: ALL 21/4 scanners completed!
2026-01-03 20:01:13 - ScannerWorker_authentication_worker_0 - INFO - Task scan_0a020063048e87c282a37e2d00940014.web-security-academy.net_20260103_194943_public_8adc31ea completed successfully in 1.29s with 0 findings
2026-01-03 20:01:13 - ScannerWorker_authentication_worker_0 - INFO - Processing task scan_0a020063048e87c282a37e2d00940014.web-security-academy.net_20260103_194943_public_66aec9f6 with AuthSessionScanner on https://0a020063048e87c282a37e2d00940014.web-security-academy.net/my-account
2026-01-03 20:03:41 - ScannerWorker_authentication_worker_0 - INFO - Worker execution results keys: ['scanner', 'target', 'timestamp', 'findings', 'summary', 'asvs_compliance', 'recommendations', 'authenticated_cookies']
2026-01-03 20:03:41 - ScannerWorker_authentication_worker_0 - WARNING - Worker: raw_data MISSING in scanner results!
2026-01-03 20:03:41 - ScannerWorker_authentication_worker_0 - INFO - [COMPLETION TRIGGER] 0a020063048e87c282a37e2d00940014.web-security-academy.net_20260103_194943_public: Last task completed! tasks_pending = 0
2026-01-03 20:03:41 - ScannerWorker_authentication_worker_0 - INFO - [SCANNER TRACKING] 0a020063048e87c282a37e2d00940014.web-security-academy.net_20260103_194943_public: Scanner 'AuthSessionScanner' marked as completed (244 total)
2026-01-03 20:03:41 - ScannerWorker_authentication_worker_0 - INFO - [SCANNER COMPLETION] 0a020063048e87c282a37e2d00940014.web-security-academy.net_20260103_194943_public: ALL 21/4 scanners completed!
2026-01-03 20:03:41 - ScannerWorker_authentication_worker_0 - INFO - Task scan_0a020063048e87c282a37e2d00940014.web-security-academy.net_20260103_194943_public_66aec9f6 completed successfully in 147.14s with 6 findings
2026-01-03 20:03:41 - ScannerWorker_authentication_worker_0 - INFO - Processing task scan_0a020063048e87c282a37e2d00940014.web-security-academy.net_20260103_194943_public_71a3e812 with WPSekuScanner on https://0a020063048e87c282a37e2d00940014.web-security-academy.net/product?productId=4
2026-01-03 20:03:41 - ScannerWorker_authentication_worker_0 - INFO - Worker execution results keys: ['error', 'scanner', 'target', 'findings']
2026-01-03 20:03:41 - ScannerWorker_authentication_worker_0 - WARNING - Worker: raw_data MISSING in scanner results!
2026-01-03 20:03:41 - ScannerWorker_authentication_worker_0 - INFO - [COMPLETION TRIGGER] 0a020063048e87c282a37e2d00940014.web-security-academy.net_20260103_194943_public: Last task completed! tasks_pending = 0
2026-01-03 20:03:41 - ScannerWorker_authentication_worker_0 - INFO - [SCANNER TRACKING] 0a020063048e87c282a37e2d00940014.web-security-academy.net_20260103_194943_public: Scanner 'WPSekuScanner' marked as completed (245 total)
2026-01-03 20:03:41 - ScannerWorker_authentication_worker_0 - INFO - [SCANNER COMPLETION] 0a020063048e87c282a37e2d00940014.web-security-academy.net_20260103_194943_public: ALL 21/4 scanners completed!
2026-01-03 20:03:41 - ScannerWorker_authentication_worker_0 - INFO - Task scan_0a020063048e87c282a37e2d00940014.web-security-academy.net_20260103_194943_public_71a3e812 completed successfully in 0.79s with 0 findings
2026-01-03 20:03:41 - ScannerWorker_authentication_worker_0 - INFO - Processing task scan_0a020063048e87c282a37e2d00940014.web-security-academy.net_20260103_194943_public_e2e3ada3 with AuthSessionScanner on https://0a020063048e87c282a37e2d00940014.web-security-academy.net/product?productId=20
2026-01-03 20:06:40 - ScannerWorker_authentication_worker_0 - INFO - Worker execution results keys: ['scanner', 'target', 'timestamp', 'findings', 'summary', 'asvs_compliance', 'recommendations', 'authenticated_cookies']
2026-01-03 20:06:40 - ScannerWorker_authentication_worker_0 - WARNING - Worker: raw_data MISSING in scanner results!
2026-01-03 20:06:40 - ScannerWorker_authentication_worker_0 - INFO - [COMPLETION TRIGGER] 0a020063048e87c282a37e2d00940014.web-security-academy.net_20260103_194943_public: Last task completed! tasks_pending = 0
2026-01-03 20:06:40 - ScannerWorker_authentication_worker_0 - INFO - [SCANNER TRACKING] 0a020063048e87c282a37e2d00940014.web-security-academy.net_20260103_194943_public: Scanner 'AuthSessionScanner' marked as completed (261 total)
2026-01-03 20:06:40 - ScannerWorker_authentication_worker_0 - INFO - [SCANNER COMPLETION] 0a020063048e87c282a37e2d00940014.web-security-academy.net_20260103_194943_public: ALL 21/4 scanners completed!
2026-01-03 20:06:40 - ScannerWorker_authentication_worker_0 - INFO - Task scan_0a020063048e87c282a37e2d00940014.web-security-academy.net_20260103_194943_public_e2e3ada3 completed successfully in 178.07s with 7 findings
2026-01-03 20:06:40 - ScannerWorker_authentication_worker_0 - INFO - Processing task scan_0a020063048e87c282a37e2d00940014.web-security-academy.net_20260103_194943_public_a8fcd9e4 with WPSekuScanner on https://0a020063048e87c282a37e2d00940014.web-security-academy.net/product?productId=19
2026-01-03 20:06:41 - ScannerWorker_authentication_worker_0 - INFO - Worker execution results keys: ['error', 'scanner', 'target', 'findings']
2026-01-03 20:06:41 - ScannerWorker_authentication_worker_0 - WARNING - Worker: raw_data MISSING in scanner results!
2026-01-03 20:06:41 - ScannerWorker_authentication_worker_0 - INFO - [COMPLETION TRIGGER] 0a020063048e87c282a37e2d00940014.web-security-academy.net_20260103_194943_public: Last task completed! tasks_pending = 0
2026-01-03 20:06:41 - ScannerWorker_authentication_worker_0 - INFO - [SCANNER TRACKING] 0a020063048e87c282a37e2d00940014.web-security-academy.net_20260103_194943_public: Scanner 'WPSekuScanner' marked as completed (262 total)
2026-01-03 20:06:41 - ScannerWorker_authentication_worker_0 - INFO - [SCANNER COMPLETION] 0a020063048e87c282a37e2d00940014.web-security-academy.net_20260103_194943_public: ALL 21/4 scanners completed!
2026-01-03 20:06:41 - ScannerWorker_authentication_worker_0 - INFO - Task scan_0a020063048e87c282a37e2d00940014.web-security-academy.net_20260103_194943_public_a8fcd9e4 completed successfully in 0.93s with 0 findings
2026-01-03 20:06:41 - ScannerWorker_authentication_worker_0 - INFO - Processing task scan_0a020063048e87c282a37e2d00940014.web-security-academy.net_20260103_194943_public_9f8ee23f with AuthSessionScanner on https://0a020063048e87c282a37e2d00940014.web-security-academy.net/product?productId=3
2026-01-03 20:10:12 - ScannerWorker_authentication_worker_0 - INFO - Worker execution results keys: ['scanner', 'target', 'timestamp', 'findings', 'summary', 'asvs_compliance', 'recommendations', 'authenticated_cookies']
2026-01-03 20:10:12 - ScannerWorker_authentication_worker_0 - WARNING - Worker: raw_data MISSING in scanner results!
2026-01-03 20:10:13 - ScannerWorker_authentication_worker_0 - INFO - [COMPLETION TRIGGER] 0a020063048e87c282a37e2d00940014.web-security-academy.net_20260103_194943_public: Last task completed! tasks_pending = 0
2026-01-03 20:10:13 - ScannerWorker_authentication_worker_0 - INFO - [SCANNER TRACKING] 0a020063048e87c282a37e2d00940014.web-security-academy.net_20260103_194943_public: Scanner 'AuthSessionScanner' marked as completed (284 total)
2026-01-03 20:10:13 - ScannerWorker_authentication_worker_0 - INFO - [SCANNER COMPLETION] 0a020063048e87c282a37e2d00940014.web-security-academy.net_20260103_194943_public: ALL 21/4 scanners completed!
2026-01-03 20:10:13 - ScannerWorker_authentication_worker_0 - INFO - Task scan_0a020063048e87c282a37e2d00940014.web-security-academy.net_20260103_194943_public_9f8ee23f completed successfully in 211.84s with 6 findings
2026-01-03 20:10:13 - ScannerWorker_authentication_worker_0 - INFO - Processing task scan_0a020063048e87c282a37e2d00940014.web-security-academy.net_20260103_194943_public_f7df423f with WPSekuScanner on https://0a020063048e87c282a37e2d00940014.web-security-academy.net/product?productId=6
2026-01-03 20:10:14 - ScannerWorker_authentication_worker_0 - INFO - Worker execution results keys: ['error', 'scanner', 'target', 'findings']
2026-01-03 20:10:14 - ScannerWorker_authentication_worker_0 - WARNING - Worker: raw_data MISSING in scanner results!
2026-01-03 20:10:14 - ScannerWorker_authentication_worker_0 - INFO - [COMPLETION TRIGGER] 0a020063048e87c282a37e2d00940014.web-security-academy.net_20260103_194943_public: Last task completed! tasks_pending = 0
2026-01-03 20:10:14 - ScannerWorker_authentication_worker_0 - INFO - [SCANNER TRACKING] 0a020063048e87c282a37e2d00940014.web-security-academy.net_20260103_194943_public: Scanner 'WPSekuScanner' marked as completed (285 total)
2026-01-03 20:10:14 - ScannerWorker_authentication_worker_0 - INFO - [SCANNER COMPLETION] 0a020063048e87c282a37e2d00940014.web-security-academy.net_20260103_194943_public: ALL 21/4 scanners completed!
2026-01-03 20:10:14 - ScannerWorker_authentication_worker_0 - INFO - Task scan_0a020063048e87c282a37e2d00940014.web-security-academy.net_20260103_194943_public_f7df423f completed successfully in 1.49s with 0 findings
2026-01-03 20:10:14 - ScannerWorker_authentication_worker_0 - INFO - Processing task scan_0a020063048e87c282a37e2d00940014.web-security-academy.net_20260103_194943_public_980d1abe with AuthSessionScanner on https://0a020063048e87c282a37e2d00940014.web-security-academy.net/product?productId=9
2026-01-03 20:13:41 - ScannerWorker_authentication_worker_0 - INFO - Worker execution results keys: ['scanner', 'target', 'timestamp', 'findings', 'summary', 'asvs_compliance', 'recommendations', 'authenticated_cookies']
2026-01-03 20:13:41 - ScannerWorker_authentication_worker_0 - WARNING - Worker: raw_data MISSING in scanner results!
2026-01-03 20:13:41 - ScannerWorker_authentication_worker_0 - INFO - [COMPLETION TRIGGER] 0a020063048e87c282a37e2d00940014.web-security-academy.net_20260103_194943_public: Last task completed! tasks_pending = 0
2026-01-03 20:13:41 - ScannerWorker_authentication_worker_0 - INFO - [SCANNER TRACKING] 0a020063048e87c282a37e2d00940014.web-security-academy.net_20260103_194943_public: Scanner 'AuthSessionScanner' marked as completed (306 total)
2026-01-03 20:13:41 - ScannerWorker_authentication_worker_0 - INFO - [SCANNER COMPLETION] 0a020063048e87c282a37e2d00940014.web-security-academy.net_20260103_194943_public: ALL 21/4 scanners completed!
2026-01-03 20:13:41 - ScannerWorker_authentication_worker_0 - INFO - Task scan_0a020063048e87c282a37e2d00940014.web-security-academy.net_20260103_194943_public_980d1abe completed successfully in 207.22s with 7 findings
2026-01-03 20:13:41 - ScannerWorker_authentication_worker_0 - INFO - Processing task scan_0a020063048e87c282a37e2d00940014.web-security-academy.net_20260103_194943_public_5f7e2111 with WPSekuScanner on https://0a020063048e87c282a37e2d00940014.web-security-academy.net/product?productId=8
2026-01-03 20:13:42 - ScannerWorker_authentication_worker_0 - INFO - Worker execution results keys: ['error', 'scanner', 'target', 'findings']
2026-01-03 20:13:42 - ScannerWorker_authentication_worker_0 - WARNING - Worker: raw_data MISSING in scanner results!
2026-01-03 20:13:42 - ScannerWorker_authentication_worker_0 - INFO - [COMPLETION TRIGGER] 0a020063048e87c282a37e2d00940014.web-security-academy.net_20260103_194943_public: Last task completed! tasks_pending = 0
2026-01-03 20:13:42 - ScannerWorker_authentication_worker_0 - INFO - [SCANNER TRACKING] 0a020063048e87c282a37e2d00940014.web-security-academy.net_20260103_194943_public: Scanner 'WPSekuScanner' marked as completed (307 total)
2026-01-03 20:13:42 - ScannerWorker_authentication_worker_0 - INFO - [SCANNER COMPLETION] 0a020063048e87c282a37e2d00940014.web-security-academy.net_20260103_194943_public: ALL 21/4 scanners completed!
2026-01-03 20:13:42 - ScannerWorker_authentication_worker_0 - INFO - Task scan_0a020063048e87c282a37e2d00940014.web-security-academy.net_20260103_194943_public_5f7e2111 completed successfully in 0.96s with 0 findings
2026-01-03 20:13:42 - ScannerWorker_authentication_worker_0 - INFO - Processing task scan_0a020063048e87c282a37e2d00940014.web-security-academy.net_20260103_194943_public_ae05d379 with AuthSessionScanner on https://0a020063048e87c282a37e2d00940014.web-security-academy.net/product?productId=7
2026-01-03 20:16:45 - ScannerWorker_authentication_worker_0 - INFO - Worker execution results keys: ['scanner', 'target', 'timestamp', 'findings', 'summary', 'asvs_compliance', 'recommendations', 'authenticated_cookies']
2026-01-03 20:16:45 - ScannerWorker_authentication_worker_0 - WARNING - Worker: raw_data MISSING in scanner results!
2026-01-03 20:16:46 - ScannerWorker_authentication_worker_0 - INFO - [COMPLETION TRIGGER] 0a020063048e87c282a37e2d00940014.web-security-academy.net_20260103_194943_public: Last task completed! tasks_pending = 0
2026-01-03 20:16:46 - ScannerWorker_authentication_worker_0 - INFO - [SCANNER TRACKING] 0a020063048e87c282a37e2d00940014.web-security-academy.net_20260103_194943_public: Scanner 'AuthSessionScanner' marked as completed (346 total)
2026-01-03 20:16:46 - ScannerWorker_authentication_worker_0 - INFO - [SCANNER COMPLETION] 0a020063048e87c282a37e2d00940014.web-security-academy.net_20260103_194943_public: ALL 21/4 scanners completed!
2026-01-03 20:16:46 - ScannerWorker_authentication_worker_0 - INFO - Task scan_0a020063048e87c282a37e2d00940014.web-security-academy.net_20260103_194943_public_ae05d379 completed successfully in 183.17s with 6 findings
2026-01-03 20:16:46 - ScannerWorker_authentication_worker_0 - INFO - Processing task scan_0a020063048e87c282a37e2d00940014.web-security-academy.net_20260103_194943_public_066316f0 with WPSekuScanner on https://0a020063048e87c282a37e2d00940014.web-security-academy.net/product?productId=5
2026-01-03 20:16:47 - ScannerWorker_authentication_worker_0 - INFO - Worker execution results keys: ['error', 'scanner', 'target', 'findings']
2026-01-03 20:16:47 - ScannerWorker_authentication_worker_0 - WARNING - Worker: raw_data MISSING in scanner results!
2026-01-03 20:16:47 - ScannerWorker_authentication_worker_0 - INFO - [COMPLETION TRIGGER] 0a020063048e87c282a37e2d00940014.web-security-academy.net_20260103_194943_public: Last task completed! tasks_pending = 0
2026-01-03 20:16:47 - ScannerWorker_authentication_worker_0 - INFO - [SCANNER TRACKING] 0a020063048e87c282a37e2d00940014.web-security-academy.net_20260103_194943_public: Scanner 'WPSekuScanner' marked as completed (347 total)
2026-01-03 20:16:48 - ScannerWorker_authentication_worker_0 - INFO - [SCANNER COMPLETION] 0a020063048e87c282a37e2d00940014.web-security-academy.net_20260103_194943_public: ALL 21/4 scanners completed!
2026-01-03 20:16:48 - ScannerWorker_authentication_worker_0 - INFO - Task scan_0a020063048e87c282a37e2d00940014.web-security-academy.net_20260103_194943_public_066316f0 completed successfully in 1.87s with 0 findings
2026-01-03 20:16:48 - ScannerWorker_authentication_worker_0 - INFO - Processing task scan_0a020063048e87c282a37e2d00940014.web-security-academy.net_20260103_194943_public_d019fb63 with AuthSessionScanner on https://0a020063048e87c282a37e2d00940014.web-security-academy.net/product?productId=12
2026-01-03 20:19:43 - ScannerWorker_authentication_worker_0 - INFO - Worker execution results keys: ['scanner', 'target', 'timestamp', 'findings', 'summary', 'asvs_compliance', 'recommendations', 'authenticated_cookies']
2026-01-03 20:19:43 - ScannerWorker_authentication_worker_0 - WARNING - Worker: raw_data MISSING in scanner results!
2026-01-03 20:19:43 - ScannerWorker_authentication_worker_0 - INFO - [COMPLETION TRIGGER] 0a020063048e87c282a37e2d00940014.web-security-academy.net_20260103_194943_public: Last task completed! tasks_pending = 0
2026-01-03 20:19:43 - ScannerWorker_authentication_worker_0 - INFO - [SCANNER TRACKING] 0a020063048e87c282a37e2d00940014.web-security-academy.net_20260103_194943_public: Scanner 'AuthSessionScanner' marked as completed (359 total)
2026-01-03 20:19:43 - ScannerWorker_authentication_worker_0 - INFO - [SCANNER COMPLETION] 0a020063048e87c282a37e2d00940014.web-security-academy.net_20260103_194943_public: ALL 21/4 scanners completed!
2026-01-03 20:19:43 - ScannerWorker_authentication_worker_0 - INFO - Task scan_0a020063048e87c282a37e2d00940014.web-security-academy.net_20260103_194943_public_d019fb63 completed successfully in 175.43s with 6 findings
2026-01-03 20:19:43 - ScannerWorker_authentication_worker_0 - INFO - Processing task scan_0a020063048e87c282a37e2d00940014.web-security-academy.net_20260103_194943_public_5b13e05f with WPSekuScanner on https://0a020063048e87c282a37e2d00940014.web-security-academy.net/product?productId=11
2026-01-03 20:19:45 - ScannerWorker_authentication_worker_0 - INFO - Worker execution results keys: ['error', 'scanner', 'target', 'findings']
2026-01-03 20:19:45 - ScannerWorker_authentication_worker_0 - WARNING - Worker: raw_data MISSING in scanner results!
2026-01-03 20:19:45 - ScannerWorker_authentication_worker_0 - INFO - [COMPLETION TRIGGER] 0a020063048e87c282a37e2d00940014.web-security-academy.net_20260103_194943_public: Last task completed! tasks_pending = 0
2026-01-03 20:19:45 - ScannerWorker_authentication_worker_0 - INFO - [SCANNER TRACKING] 0a020063048e87c282a37e2d00940014.web-security-academy.net_20260103_194943_public: Scanner 'WPSekuScanner' marked as completed (360 total)
2026-01-03 20:19:45 - ScannerWorker_authentication_worker_0 - INFO - [SCANNER COMPLETION] 0a020063048e87c282a37e2d00940014.web-security-academy.net_20260103_194943_public: ALL 21/4 scanners completed!
2026-01-03 20:19:45 - ScannerWorker_authentication_worker_0 - INFO - Task scan_0a020063048e87c282a37e2d00940014.web-security-academy.net_20260103_194943_public_5b13e05f completed successfully in 1.60s with 0 findings
2026-01-03 20:19:45 - ScannerWorker_authentication_worker_0 - INFO - Processing task scan_0a020063048e87c282a37e2d00940014.web-security-academy.net_20260103_194943_public_fac3bf87 with AuthSessionScanner on https://0a020063048e87c282a37e2d00940014.web-security-academy.net/product?productId=10
2026-01-03 20:22:40 - ScannerWorker_authentication_worker_0 - INFO - Worker execution results keys: ['scanner', 'target', 'timestamp', 'findings', 'summary', 'asvs_compliance', 'recommendations', 'authenticated_cookies']
2026-01-03 20:22:40 - ScannerWorker_authentication_worker_0 - WARNING - Worker: raw_data MISSING in scanner results!
2026-01-03 20:22:40 - ScannerWorker_authentication_worker_0 - INFO - [COMPLETION TRIGGER] 0a020063048e87c282a37e2d00940014.web-security-academy.net_20260103_194943_public: Last task completed! tasks_pending = 0
2026-01-03 20:22:40 - ScannerWorker_authentication_worker_0 - INFO - [SCANNER TRACKING] 0a020063048e87c282a37e2d00940014.web-security-academy.net_20260103_194943_public: Scanner 'AuthSessionScanner' marked as completed (373 total)
2026-01-03 20:22:40 - ScannerWorker_authentication_worker_0 - INFO - [SCANNER COMPLETION] 0a020063048e87c282a37e2d00940014.web-security-academy.net_20260103_194943_public: ALL 21/4 scanners completed!
2026-01-03 20:22:40 - ScannerWorker_authentication_worker_0 - INFO - Task scan_0a020063048e87c282a37e2d00940014.web-security-academy.net_20260103_194943_public_fac3bf87 completed successfully in 175.60s with 6 findings
2026-01-03 20:22:40 - ScannerWorker_authentication_worker_0 - INFO - Processing task scan_0a020063048e87c282a37e2d00940014.web-security-academy.net_20260103_194943_public_19d5d182 with WPSekuScanner on https://0a020063048e87c282a37e2d00940014.web-security-academy.net/product?productId=15
2026-01-03 20:22:42 - ScannerWorker_authentication_worker_0 - INFO - Worker execution results keys: ['error', 'scanner', 'target', 'findings']
2026-01-03 20:22:42 - ScannerWorker_authentication_worker_0 - WARNING - Worker: raw_data MISSING in scanner results!
2026-01-03 20:22:42 - ScannerWorker_authentication_worker_0 - INFO - [COMPLETION TRIGGER] 0a020063048e87c282a37e2d00940014.web-security-academy.net_20260103_194943_public: Last task completed! tasks_pending = 0
2026-01-03 20:22:42 - ScannerWorker_authentication_worker_0 - INFO - [SCANNER TRACKING] 0a020063048e87c282a37e2d00940014.web-security-academy.net_20260103_194943_public: Scanner 'WPSekuScanner' marked as completed (374 total)
2026-01-03 20:22:42 - ScannerWorker_authentication_worker_0 - INFO - [SCANNER COMPLETION] 0a020063048e87c282a37e2d00940014.web-security-academy.net_20260103_194943_public: ALL 21/4 scanners completed!
2026-01-03 20:22:42 - ScannerWorker_authentication_worker_0 - INFO - Task scan_0a020063048e87c282a37e2d00940014.web-security-academy.net_20260103_194943_public_19d5d182 completed successfully in 1.22s with 0 findings
2026-01-03 20:22:42 - ScannerWorker_authentication_worker_0 - INFO - Processing task scan_0a020063048e87c282a37e2d00940014.web-security-academy.net_20260103_194943_public_3a92633c with AuthSessionScanner on https://0a020063048e87c282a37e2d00940014.web-security-academy.net/product?productId=14
2026-01-03 20:26:26 - ScannerWorker_authentication_worker_0 - INFO - Worker execution results keys: ['scanner', 'target', 'timestamp', 'findings', 'summary', 'asvs_compliance', 'recommendations', 'authenticated_cookies']
2026-01-03 20:26:26 - ScannerWorker_authentication_worker_0 - WARNING - Worker: raw_data MISSING in scanner results!
2026-01-03 20:26:26 - ScannerWorker_authentication_worker_0 - INFO - [COMPLETION TRIGGER] 0a020063048e87c282a37e2d00940014.web-security-academy.net_20260103_194943_public: Last task completed! tasks_pending = 0
2026-01-03 20:26:26 - ScannerWorker_authentication_worker_0 - INFO - [SCANNER TRACKING] 0a020063048e87c282a37e2d00940014.web-security-academy.net_20260103_194943_public: Scanner 'AuthSessionScanner' marked as completed (390 total)
2026-01-03 20:26:26 - ScannerWorker_authentication_worker_0 - INFO - [SCANNER COMPLETION] 0a020063048e87c282a37e2d00940014.web-security-academy.net_20260103_194943_public: ALL 21/4 scanners completed!
2026-01-03 20:26:26 - ScannerWorker_authentication_worker_0 - INFO - Task scan_0a020063048e87c282a37e2d00940014.web-security-academy.net_20260103_194943_public_3a92633c completed successfully in 224.70s with 6 findings
2026-01-03 20:26:26 - ScannerWorker_authentication_worker_0 - INFO - Processing task scan_0a020063048e87c282a37e2d00940014.web-security-academy.net_20260103_194943_public_9c4238e9 with WPSekuScanner on https://0a020063048e87c282a37e2d00940014.web-security-academy.net/product?productId=13
2026-01-03 20:26:27 - ScannerWorker_authentication_worker_0 - INFO - Worker execution results keys: ['error', 'scanner', 'target', 'findings']
2026-01-03 20:26:27 - ScannerWorker_authentication_worker_0 - WARNING - Worker: raw_data MISSING in scanner results!
2026-01-03 20:26:27 - ScannerWorker_authentication_worker_0 - INFO - [COMPLETION TRIGGER] 0a020063048e87c282a37e2d00940014.web-security-academy.net_20260103_194943_public: Last task completed! tasks_pending = 0
2026-01-03 20:26:27 - ScannerWorker_authentication_worker_0 - INFO - [SCANNER TRACKING] 0a020063048e87c282a37e2d00940014.web-security-academy.net_20260103_194943_public: Scanner 'WPSekuScanner' marked as completed (391 total)
2026-01-03 20:26:27 - ScannerWorker_authentication_worker_0 - INFO - [SCANNER COMPLETION] 0a020063048e87c282a37e2d00940014.web-security-academy.net_20260103_194943_public: ALL 21/4 scanners completed!
2026-01-03 20:26:27 - ScannerWorker_authentication_worker_0 - INFO - Task scan_0a020063048e87c282a37e2d00940014.web-security-academy.net_20260103_194943_public_9c4238e9 completed successfully in 0.98s with 0 findings
2026-01-03 20:26:27 - ScannerWorker_authentication_worker_0 - INFO - Worker authentication_worker_0 received task notification
2026-01-03 20:26:27 - ScannerWorker_authentication_worker_0 - INFO - Worker authentication_worker_0 received task notification
2026-01-03 20:26:27 - ScannerWorker_authentication_worker_0 - INFO - Worker authentication_worker_0 received task notification
2026-01-03 20:26:27 - ScannerWorker_authentication_worker_0 - INFO - Worker authentication_worker_0 received task notification
2026-01-03 20:26:27 - ScannerWorker_authentication_worker_0 - INFO - Worker authentication_worker_0 received task notification
2026-01-03 20:26:27 - ScannerWorker_authentication_worker_0 - INFO - Worker authentication_worker_0 received task notification
2026-01-03 20:26:27 - ScannerWorker_authentication_worker_0 - INFO - Worker authentication_worker_0 received task notification
2026-01-03 20:26:27 - ScannerWorker_authentication_worker_0 - INFO - Worker authentication_worker_0 received task notification
2026-01-03 20:26:27 - ScannerWorker_authentication_worker_0 - INFO - Worker authentication_worker_0 received task notification
2026-01-03 20:26:27 - ScannerWorker_authentication_worker_0 - INFO - Worker authentication_worker_0 received task notification
2026-01-03 20:26:27 - ScannerWorker_authentication_worker_0 - INFO - Worker authentication_worker_0 received task notification
2026-01-03 20:26:27 - ScannerWorker_authentication_worker_0 - INFO - Worker authentication_worker_0 received task notification
2026-01-03 20:26:27 - ScannerWorker_authentication_worker_0 - INFO - Worker authentication_worker_0 received task notification
2026-01-03 20:26:28 - ScannerWorker_authentication_worker_0 - INFO - Worker authentication_worker_0 received task notification
2026-01-03 20:26:28 - ScannerWorker_authentication_worker_0 - INFO - Worker authentication_worker_0 received task notification
2026-01-03 20:26:28 - ScannerWorker_authentication_worker_0 - INFO - Worker authentication_worker_0 received task notification
2026-01-03 20:26:28 - ScannerWorker_authentication_worker_0 - INFO - Worker authentication_worker_0 received task notification
2026-01-03 20:26:28 - ScannerWorker_authentication_worker_0 - INFO - Worker authentication_worker_0 received task notification
2026-01-03 20:26:28 - ScannerWorker_authentication_worker_0 - INFO - Worker authentication_worker_0 received task notification
2026-01-03 20:26:28 - ScannerWorker_authentication_worker_0 - INFO - Worker authentication_worker_0 received task notification
2026-01-03 20:26:28 - ScannerWorker_authentication_worker_0 - INFO - Worker authentication_worker_0 received task notification
2026-01-03 20:26:28 - ScannerWorker_authentication_worker_0 - INFO - Worker authentication_worker_0 received task notification
2026-01-03 20:26:28 - ScannerWorker_authentication_worker_0 - INFO - Worker authentication_worker_0 received task notification
2026-01-03 20:26:28 - ScannerWorker_authentication_worker_0 - INFO - Worker authentication_worker_0 received task notification
2026-01-03 20:26:28 - ScannerWorker_authentication_worker_0 - INFO - Worker authentication_worker_0 received task notification
2026-01-03 20:26:28 - ScannerWorker_authentication_worker_0 - INFO - Worker authentication_worker_0 received task notification
2026-01-03 20:26:28 - ScannerWorker_authentication_worker_0 - INFO - Worker authentication_worker_0 received task notification
2026-01-03 20:26:28 - ScannerWorker_authentication_worker_0 - INFO - Worker authentication_worker_0 received task notification
2026-01-03 20:26:28 - ScannerWorker_authentication_worker_0 - INFO - Worker authentication_worker_0 received task notification
2026-01-03 20:26:28 - ScannerWorker_authentication_worker_0 - INFO - Worker authentication_worker_0 received task notification
2026-01-03 20:26:28 - ScannerWorker_authentication_worker_0 - INFO - Worker authentication_worker_0 received task notification
2026-01-03 20:26:28 - ScannerWorker_authentication_worker_0 - INFO - Worker authentication_worker_0 received task notification
2026-01-03 20:26:28 - ScannerWorker_authentication_worker_0 - INFO - Worker authentication_worker_0 received task notification
2026-01-03 20:26:28 - ScannerWorker_authentication_worker_0 - INFO - Worker authentication_worker_0 received task notification
2026-01-03 20:26:28 - ScannerWorker_authentication_worker_0 - INFO - Worker authentication_worker_0 received task notification
2026-01-03 20:26:28 - ScannerWorker_authentication_worker_0 - INFO - Worker authentication_worker_0 received task notification
2026-01-03 20:26:28 - ScannerWorker_authentication_worker_0 - INFO - Worker authentication_worker_0 received task notification
2026-01-03 20:26:28 - ScannerWorker_authentication_worker_0 - INFO - Worker authentication_worker_0 received task notification
2026-01-03 20:26:28 - ScannerWorker_authentication_worker_0 - INFO - Worker authentication_worker_0 received task notification
2026-01-03 20:26:28 - ScannerWorker_authentication_worker_0 - INFO - Worker authentication_worker_0 received task notification
2026-01-03 20:26:28 - ScannerWorker_authentication_worker_0 - INFO - Worker authentication_worker_0 received task notification
2026-01-03 20:26:28 - ScannerWorker_authentication_worker_0 - INFO - Worker authentication_worker_0 received task notification
2026-01-03 20:26:28 - ScannerWorker_authentication_worker_0 - INFO - Worker authentication_worker_0 received task notification
2026-01-03 20:26:28 - ScannerWorker_authentication_worker_0 - INFO - Worker authentication_worker_0 received task notification
2026-01-03 20:26:28 - ScannerWorker_authentication_worker_0 - INFO - Worker authentication_worker_0 received task notification
2026-01-03 20:26:28 - ScannerWorker_authentication_worker_0 - INFO - Worker authentication_worker_0 received task notification
2026-01-03 20:26:28 - ScannerWorker_authentication_worker_0 - INFO - Worker authentication_worker_0 received task notification
2026-01-03 20:26:28 - ScannerWorker_authentication_worker_0 - INFO - Worker authentication_worker_0 received task notification
2026-01-03 20:26:28 - ScannerWorker_authentication_worker_0 - INFO - Worker authentication_worker_0 received task notification
2026-01-03 20:26:28 - ScannerWorker_authentication_worker_0 - INFO - Worker authentication_worker_0 received task notification
2026-01-03 20:26:28 - ScannerWorker_authentication_worker_0 - INFO - Worker authentication_worker_0 received task notification
2026-01-03 20:26:28 - ScannerWorker_authentication_worker_0 - INFO - Worker authentication_worker_0 received task notification
2026-01-03 20:26:28 - ScannerWorker_authentication_worker_0 - INFO - Worker authentication_worker_0 received task notification
2026-01-03 20:26:28 - ScannerWorker_authentication_worker_0 - INFO - Worker authentication_worker_0 received task notification
2026-01-03 20:26:28 - ScannerWorker_authentication_worker_0 - INFO - Worker authentication_worker_0 received task notification
2026-01-03 20:26:28 - ScannerWorker_authentication_worker_0 - INFO - Worker authentication_worker_0 received task notification
2026-01-03 20:26:28 - ScannerWorker_authentication_worker_0 - INFO - Worker authentication_worker_0 received task notification
2026-01-03 20:26:28 - ScannerWorker_authentication_worker_0 - INFO - Worker authentication_worker_0 received task notification
2026-01-03 20:26:28 - ScannerWorker_authentication_worker_0 - INFO - Worker authentication_worker_0 received task notification
2026-01-03 20:26:28 - ScannerWorker_authentication_worker_0 - INFO - Worker authentication_worker_0 received task notification
2026-01-03 20:26:28 - ScannerWorker_authentication_worker_0 - INFO - Worker authentication_worker_0 received task notification
2026-01-03 20:26:28 - ScannerWorker_authentication_worker_0 - INFO - Worker authentication_worker_0 received task notification
2026-01-03 20:26:28 - ScannerWorker_authentication_worker_0 - INFO - Worker authentication_worker_0 received task notification
2026-01-03 20:26:28 - ScannerWorker_authentication_worker_0 - INFO - Worker authentication_worker_0 received task notification
2026-01-03 20:26:28 - ScannerWorker_authentication_worker_0 - INFO - Worker authentication_worker_0 received task notification
2026-01-03 20:26:28 - ScannerWorker_authentication_worker_0 - INFO - Worker authentication_worker_0 received task notification
2026-01-03 20:26:28 - ScannerWorker_authentication_worker_0 - INFO - Worker authentication_worker_0 received task notification
2026-01-03 20:26:28 - ScannerWorker_authentication_worker_0 - INFO - Worker authentication_worker_0 received task notification
2026-01-03 20:26:28 - ScannerWorker_authentication_worker_0 - INFO - Worker authentication_worker_0 received task notification
2026-01-03 20:26:28 - ScannerWorker_authentication_worker_0 - INFO - Worker authentication_worker_0 received task notification
2026-01-03 20:26:28 - ScannerWorker_authentication_worker_0 - INFO - Worker authentication_worker_0 received task notification
2026-01-03 20:26:28 - ScannerWorker_authentication_worker_0 - INFO - Worker authentication_worker_0 received task notification
2026-01-03 20:26:28 - ScannerWorker_authentication_worker_0 - INFO - Worker authentication_worker_0 received task notification
2026-01-03 20:26:28 - ScannerWorker_authentication_worker_0 - INFO - Worker authentication_worker_0 received task notification
2026-01-03 20:26:28 - ScannerWorker_authentication_worker_0 - INFO - Worker authentication_worker_0 received task notification
2026-01-03 20:26:28 - ScannerWorker_authentication_worker_0 - INFO - Worker authentication_worker_0 received task notification
2026-01-03 20:26:28 - ScannerWorker_authentication_worker_0 - INFO - Worker authentication_worker_0 received task notification
2026-01-03 20:26:28 - ScannerWorker_authentication_worker_0 - INFO - Worker authentication_worker_0 received task notification
2026-01-03 20:26:28 - ScannerWorker_authentication_worker_0 - INFO - Worker authentication_worker_0 received task notification
2026-01-03 20:26:28 - ScannerWorker_authentication_worker_0 - INFO - Worker authentication_worker_0 received task notification
2026-01-03 20:26:28 - ScannerWorker_authentication_worker_0 - INFO - Worker authentication_worker_0 received task notification
2026-01-03 20:26:28 - ScannerWorker_authentication_worker_0 - INFO - Worker authentication_worker_0 received task notification
2026-01-03 20:26:28 - ScannerWorker_authentication_worker_0 - INFO - Worker authentication_worker_0 received task notification
2026-01-03 20:26:28 - ScannerWorker_authentication_worker_0 - INFO - Worker authentication_worker_0 received task notification
2026-01-03 20:26:28 - ScannerWorker_authentication_worker_0 - INFO - Worker authentication_worker_0 received task notification
2026-01-03 20:26:28 - ScannerWorker_authentication_worker_0 - INFO - Worker authentication_worker_0 received task notification
2026-01-03 20:26:28 - ScannerWorker_authentication_worker_0 - INFO - Worker authentication_worker_0 received task notification
2026-01-03 20:26:28 - ScannerWorker_authentication_worker_0 - INFO - Worker authentication_worker_0 received task notification
2026-01-03 20:26:28 - ScannerWorker_authentication_worker_0 - INFO - Worker authentication_worker_0 received task notification
2026-01-03 20:26:28 - ScannerWorker_authentication_worker_0 - INFO - Worker authentication_worker_0 received task notification
2026-01-03 20:26:28 - ScannerWorker_authentication_worker_0 - INFO - Worker authentication_worker_0 received task notification
2026-01-03 20:26:28 - ScannerWorker_authentication_worker_0 - INFO - Worker authentication_worker_0 received task notification
2026-01-03 20:26:28 - ScannerWorker_authentication_worker_0 - INFO - Worker authentication_worker_0 received task notification
2026-01-03 20:26:28 - ScannerWorker_authentication_worker_0 - INFO - Worker authentication_worker_0 received task notification
2026-01-03 20:26:28 - ScannerWorker_authentication_worker_0 - INFO - Worker authentication_worker_0 received task notification
2026-01-03 20:26:28 - ScannerWorker_authentication_worker_0 - INFO - Worker authentication_worker_0 received task notification
2026-01-03 20:26:28 - ScannerWorker_authentication_worker_0 - INFO - Worker authentication_worker_0 received task notification
2026-01-03 20:26:28 - ScannerWorker_authentication_worker_0 - INFO - Worker authentication_worker_0 received task notification
2026-01-03 20:26:28 - ScannerWorker_authentication_worker_0 - INFO - Worker authentication_worker_0 received task notification
2026-01-03 20:26:28 - ScannerWorker_authentication_worker_0 - INFO - Worker authentication_worker_0 received task notification
2026-01-03 20:26:28 - ScannerWorker_authentication_worker_0 - INFO - Worker authentication_worker_0 received task notification
2026-01-03 20:26:28 - ScannerWorker_authentication_worker_0 - INFO - Worker authentication_worker_0 received task notification
2026-01-03 20:26:28 - ScannerWorker_authentication_worker_0 - INFO - Worker authentication_worker_0 received task notification
2026-01-03 20:26:28 - ScannerWorker_authentication_worker_0 - INFO - Worker authentication_worker_0 received task notification
2026-01-03 20:26:28 - ScannerWorker_authentication_worker_0 - INFO - Worker authentication_worker_0 received task notification
2026-01-03 20:26:28 - ScannerWorker_authentication_worker_0 - INFO - Worker authentication_worker_0 received task notification
2026-01-03 20:26:28 - ScannerWorker_authentication_worker_0 - INFO - Worker authentication_worker_0 received task notification
2026-01-03 20:26:28 - ScannerWorker_authentication_worker_0 - INFO - Worker authentication_worker_0 received task notification
2026-01-03 20:26:28 - ScannerWorker_authentication_worker_0 - INFO - Worker authentication_worker_0 received task notification
2026-01-03 20:26:28 - ScannerWorker_authentication_worker_0 - INFO - Worker authentication_worker_0 received task notification
2026-01-03 20:26:28 - ScannerWorker_authentication_worker_0 - INFO - Worker authentication_worker_0 received task notification
2026-01-03 20:26:28 - ScannerWorker_authentication_worker_0 - INFO - Worker authentication_worker_0 received task notification
2026-01-03 20:26:28 - ScannerWorker_authentication_worker_0 - INFO - Worker authentication_worker_0 received task notification
2026-01-03 20:26:28 - ScannerWorker_authentication_worker_0 - INFO - Worker authentication_worker_0 received task notification
2026-01-03 20:26:28 - ScannerWorker_authentication_worker_0 - INFO - Worker authentication_worker_0 received task notification
2026-01-03 20:26:28 - ScannerWorker_authentication_worker_0 - INFO - Worker authentication_worker_0 received task notification
2026-01-03 20:26:28 - ScannerWorker_authentication_worker_0 - INFO - Worker authentication_worker_0 received task notification
2026-01-03 20:26:28 - ScannerWorker_authentication_worker_0 - INFO - Worker authentication_worker_0 received task notification
2026-01-03 20:26:28 - ScannerWorker_authentication_worker_0 - INFO - Worker authentication_worker_0 received task notification
2026-01-03 20:26:28 - ScannerWorker_authentication_worker_0 - INFO - Worker authentication_worker_0 received task notification
2026-01-03 20:26:28 - ScannerWorker_authentication_worker_0 - INFO - Worker authentication_worker_0 received task notification
2026-01-03 20:26:28 - ScannerWorker_authentication_worker_0 - INFO - Worker authentication_worker_0 received task notification
2026-01-03 20:26:28 - ScannerWorker_authentication_worker_0 - INFO - Worker authentication_worker_0 received task notification
2026-01-03 20:26:28 - ScannerWorker_authentication_worker_0 - INFO - Worker authentication_worker_0 received task notification
2026-01-03 20:26:28 - ScannerWorker_authentication_worker_0 - INFO - Worker authentication_worker_0 received task notification
2026-01-03 20:26:28 - ScannerWorker_authentication_worker_0 - INFO - Worker authentication_worker_0 received task notification
2026-01-03 20:26:28 - ScannerWorker_authentication_worker_0 - INFO - Worker authentication_worker_0 received task notification
2026-01-03 20:26:28 - ScannerWorker_authentication_worker_0 - INFO - Worker authentication_worker_0 received task notification
2026-01-03 20:26:28 - ScannerWorker_authentication_worker_0 - INFO - Worker authentication_worker_0 received task notification
2026-01-03 20:26:28 - ScannerWorker_authentication_worker_0 - INFO - Worker authentication_worker_0 received task notification
2026-01-03 20:26:28 - ScannerWorker_authentication_worker_0 - INFO - Worker authentication_worker_0 received task notification
2026-01-03 20:26:28 - ScannerWorker_authentication_worker_0 - INFO - Worker authentication_worker_0 received task notification
2026-01-03 20:26:28 - ScannerWorker_authentication_worker_0 - INFO - Worker authentication_worker_0 received task notification
2026-01-03 20:26:28 - ScannerWorker_authentication_worker_0 - INFO - Worker authentication_worker_0 received task notification
2026-01-03 20:26:28 - ScannerWorker_authentication_worker_0 - INFO - Worker authentication_worker_0 received task notification
2026-01-03 20:26:28 - ScannerWorker_authentication_worker_0 - INFO - Worker authentication_worker_0 received task notification
2026-01-03 20:26:28 - ScannerWorker_authentication_worker_0 - INFO - Worker authentication_worker_0 received task notification
2026-01-03 20:26:28 - ScannerWorker_authentication_worker_0 - INFO - Worker authentication_worker_0 received task notification
2026-01-03 20:26:28 - ScannerWorker_authentication_worker_0 - INFO - Worker authentication_worker_0 received task notification
2026-01-03 20:26:28 - ScannerWorker_authentication_worker_0 - INFO - Worker authentication_worker_0 received task notification
2026-01-03 20:26:28 - ScannerWorker_authentication_worker_0 - INFO - Worker authentication_worker_0 received task notification
2026-01-03 20:26:28 - ScannerWorker_authentication_worker_0 - INFO - Worker authentication_worker_0 received task notification
2026-01-03 20:26:28 - ScannerWorker_authentication_worker_0 - INFO - Worker authentication_worker_0 received task notification
2026-01-03 20:26:28 - ScannerWorker_authentication_worker_0 - INFO - Worker authentication_worker_0 received task notification
2026-01-03 20:26:28 - ScannerWorker_authentication_worker_0 - INFO - Worker authentication_worker_0 received task notification
2026-01-03 20:26:28 - ScannerWorker_authentication_worker_0 - INFO - Worker authentication_worker_0 received task notification
2026-01-03 20:26:28 - ScannerWorker_authentication_worker_0 - INFO - Worker authentication_worker_0 received task notification
2026-01-03 20:26:28 - ScannerWorker_authentication_worker_0 - INFO - Worker authentication_worker_0 received task notification
2026-01-03 20:26:28 - ScannerWorker_authentication_worker_0 - INFO - Worker authentication_worker_0 received task notification
2026-01-03 20:26:28 - ScannerWorker_authentication_worker_0 - INFO - Worker authentication_worker_0 received task notification
2026-01-03 20:26:28 - ScannerWorker_authentication_worker_0 - INFO - Worker authentication_worker_0 received task notification
2026-01-03 20:26:28 - ScannerWorker_authentication_worker_0 - INFO - Worker authentication_worker_0 received task notification
2026-01-03 20:26:28 - ScannerWorker_authentication_worker_0 - INFO - Worker authentication_worker_0 received task notification
2026-01-03 20:26:28 - ScannerWorker_authentication_worker_0 - INFO - Worker authentication_worker_0 received task notification
2026-01-03 20:26:28 - ScannerWorker_authentication_worker_0 - INFO - Worker authentication_worker_0 received task notification
2026-01-03 20:26:28 - ScannerWorker_authentication_worker_0 - INFO - Worker authentication_worker_0 received task notification
2026-01-03 20:26:28 - ScannerWorker_authentication_worker_0 - INFO - Worker authentication_worker_0 received task notification
2026-01-03 20:26:28 - ScannerWorker_authentication_worker_0 - INFO - Worker authentication_worker_0 received task notification
2026-01-03 20:26:28 - ScannerWorker_authentication_worker_0 - INFO - Worker authentication_worker_0 received task notification
2026-01-03 20:26:28 - ScannerWorker_authentication_worker_0 - INFO - Worker authentication_worker_0 received task notification
2026-01-03 20:26:28 - ScannerWorker_authentication_worker_0 - INFO - Worker authentication_worker_0 received task notification
2026-01-03 20:26:28 - ScannerWorker_authentication_worker_0 - INFO - Worker authentication_worker_0 received task notification
2026-01-03 20:26:28 - ScannerWorker_authentication_worker_0 - INFO - Worker authentication_worker_0 received task notification
2026-01-03 20:26:28 - ScannerWorker_authentication_worker_0 - INFO - Worker authentication_worker_0 received task notification
2026-01-03 20:26:28 - ScannerWorker_authentication_worker_0 - INFO - Worker authentication_worker_0 received task notification
2026-01-03 20:26:28 - ScannerWorker_authentication_worker_0 - INFO - Worker authentication_worker_0 received task notification
2026-01-03 20:26:28 - ScannerWorker_authentication_worker_0 - INFO - Worker authentication_worker_0 received task notification
2026-01-03 20:26:28 - ScannerWorker_authentication_worker_0 - INFO - Worker authentication_worker_0 received task notification
2026-01-03 20:26:28 - ScannerWorker_authentication_worker_0 - INFO - Worker authentication_worker_0 received task notification
2026-01-03 20:26:28 - ScannerWorker_authentication_worker_0 - INFO - Worker authentication_worker_0 received task notification
2026-01-03 20:26:28 - ScannerWorker_authentication_worker_0 - INFO - Worker authentication_worker_0 received task notification
2026-01-03 20:26:28 - ScannerWorker_authentication_worker_0 - INFO - Worker authentication_worker_0 received task notification
2026-01-03 20:26:28 - ScannerWorker_authentication_worker_0 - INFO - Worker authentication_worker_0 received task notification
2026-01-03 20:26:28 - ScannerWorker_authentication_worker_0 - INFO - Worker authentication_worker_0 received task notification
2026-01-03 20:26:28 - ScannerWorker_authentication_worker_0 - INFO - Worker authentication_worker_0 received task notification
2026-01-03 20:26:28 - ScannerWorker_authentication_worker_0 - INFO - Worker authentication_worker_0 received task notification
2026-01-03 20:26:28 - ScannerWorker_authentication_worker_0 - INFO - Worker authentication_worker_0 received task notification
2026-01-03 20:26:28 - ScannerWorker_authentication_worker_0 - INFO - Worker authentication_worker_0 received task notification
2026-01-03 20:26:28 - ScannerWorker_authentication_worker_0 - INFO - Worker authentication_worker_0 received task notification
2026-01-03 20:26:28 - ScannerWorker_authentication_worker_0 - INFO - Worker authentication_worker_0 received task notification
2026-01-03 20:26:28 - ScannerWorker_authentication_worker_0 - INFO - Worker authentication_worker_0 received task notification
2026-01-03 20:26:28 - ScannerWorker_authentication_worker_0 - INFO - Worker authentication_worker_0 received task notification
2026-01-03 20:26:28 - ScannerWorker_authentication_worker_0 - INFO - Worker authentication_worker_0 received task notification
2026-01-03 20:26:28 - ScannerWorker_authentication_worker_0 - INFO - Worker authentication_worker_0 received task notification
2026-01-03 20:26:28 - ScannerWorker_authentication_worker_0 - INFO - Worker authentication_worker_0 received task notification
2026-01-03 20:26:28 - ScannerWorker_authentication_worker_0 - INFO - Worker authentication_worker_0 received task notification
2026-01-03 20:26:28 - ScannerWorker_authentication_worker_0 - INFO - Worker authentication_worker_0 received task notification
2026-01-03 20:26:28 - ScannerWorker_authentication_worker_0 - INFO - Worker authentication_worker_0 received task notification
2026-01-03 20:26:28 - ScannerWorker_authentication_worker_0 - INFO - Worker authentication_worker_0 received task notification
2026-01-03 20:26:28 - ScannerWorker_authentication_worker_0 - INFO - Worker authentication_worker_0 received task notification
2026-01-03 20:26:28 - ScannerWorker_authentication_worker_0 - INFO - Worker authentication_worker_0 received task notification
2026-01-03 20:26:28 - ScannerWorker_authentication_worker_0 - INFO - Worker authentication_worker_0 received task notification
2026-01-03 20:26:28 - ScannerWorker_authentication_worker_0 - INFO - Worker authentication_worker_0 received task notification
2026-01-03 20:26:28 - ScannerWorker_authentication_worker_0 - INFO - Worker authentication_worker_0 received task notification
2026-01-03 20:26:28 - ScannerWorker_authentication_worker_0 - INFO - Worker authentication_worker_0 received task notification
2026-01-03 20:26:28 - ScannerWorker_authentication_worker_0 - INFO - Worker authentication_worker_0 received task notification
2026-01-03 20:26:28 - ScannerWorker_authentication_worker_0 - INFO - Worker authentication_worker_0 received task notification
2026-01-03 20:26:28 - ScannerWorker_authentication_worker_0 - INFO - Worker authentication_worker_0 received task notification
2026-01-03 20:26:28 - ScannerWorker_authentication_worker_0 - INFO - Worker authentication_worker_0 received task notification
2026-01-03 20:26:28 - ScannerWorker_authentication_worker_0 - INFO - Worker authentication_worker_0 received task notification
2026-01-03 20:26:28 - ScannerWorker_authentication_worker_0 - INFO - Worker authentication_worker_0 received task notification
2026-01-03 20:26:28 - ScannerWorker_authentication_worker_0 - INFO - Worker authentication_worker_0 received task notification
2026-01-03 20:26:28 - ScannerWorker_authentication_worker_0 - INFO - Worker authentication_worker_0 received task notification
2026-01-03 20:26:28 - ScannerWorker_authentication_worker_0 - INFO - Worker authentication_worker_0 received task notification
2026-01-03 20:26:28 - ScannerWorker_authentication_worker_0 - INFO - Worker authentication_worker_0 received task notification
2026-01-03 20:26:28 - ScannerWorker_authentication_worker_0 - INFO - Worker authentication_worker_0 received task notification
2026-01-03 20:26:28 - ScannerWorker_authentication_worker_0 - INFO - Worker authentication_worker_0 received task notification
2026-01-03 20:26:28 - ScannerWorker_authentication_worker_0 - INFO - Worker authentication_worker_0 received task notification
2026-01-03 20:26:28 - ScannerWorker_authentication_worker_0 - INFO - Worker authentication_worker_0 received task notification
2026-01-03 20:26:28 - ScannerWorker_authentication_worker_0 - INFO - Worker authentication_worker_0 received task notification
2026-01-03 20:26:28 - ScannerWorker_authentication_worker_0 - INFO - Worker authentication_worker_0 received task notification
2026-01-03 20:26:28 - ScannerWorker_authentication_worker_0 - INFO - Worker authentication_worker_0 received task notification
2026-01-03 20:26:28 - ScannerWorker_authentication_worker_0 - INFO - Worker authentication_worker_0 received task notification
2026-01-03 20:26:28 - ScannerWorker_authentication_worker_0 - INFO - Worker authentication_worker_0 received task notification
2026-01-03 20:26:28 - ScannerWorker_authentication_worker_0 - INFO - Worker authentication_worker_0 received task notification
2026-01-03 20:26:28 - ScannerWorker_authentication_worker_0 - INFO - Worker authentication_worker_0 received task notification
2026-01-03 20:26:28 - ScannerWorker_authentication_worker_0 - INFO - Worker authentication_worker_0 received task notification
2026-01-03 20:26:28 - ScannerWorker_authentication_worker_0 - INFO - Worker authentication_worker_0 received task notification
2026-01-03 20:26:28 - ScannerWorker_authentication_worker_0 - INFO - Worker authentication_worker_0 received task notification
2026-01-03 20:26:28 - ScannerWorker_authentication_worker_0 - INFO - Worker authentication_worker_0 received task notification
2026-01-03 20:26:28 - ScannerWorker_authentication_worker_0 - INFO - Worker authentication_worker_0 received task notification
2026-01-03 20:26:28 - ScannerWorker_authentication_worker_0 - INFO - Worker authentication_worker_0 received task notification
2026-01-03 20:26:28 - ScannerWorker_authentication_worker_0 - INFO - Worker authentication_worker_0 received task notification
2026-01-03 20:26:28 - ScannerWorker_authentication_worker_0 - INFO - Worker authentication_worker_0 received task notification
2026-01-03 20:26:28 - ScannerWorker_authentication_worker_0 - INFO - Worker authentication_worker_0 received task notification
2026-01-03 20:26:28 - ScannerWorker_authentication_worker_0 - INFO - Worker authentication_worker_0 received task notification
2026-01-03 20:26:28 - ScannerWorker_authentication_worker_0 - INFO - Worker authentication_worker_0 received task notification
2026-01-03 20:26:28 - ScannerWorker_authentication_worker_0 - INFO - Worker authentication_worker_0 received task notification
2026-01-03 20:26:28 - ScannerWorker_authentication_worker_0 - INFO - Worker authentication_worker_0 received task notification
2026-01-03 20:26:28 - ScannerWorker_authentication_worker_0 - INFO - Worker authentication_worker_0 received task notification
2026-01-03 20:26:28 - ScannerWorker_authentication_worker_0 - INFO - Worker authentication_worker_0 received task notification
2026-01-03 20:26:28 - ScannerWorker_authentication_worker_0 - INFO - Worker authentication_worker_0 received task notification
2026-01-03 20:26:28 - ScannerWorker_authentication_worker_0 - INFO - Worker authentication_worker_0 received task notification
2026-01-03 20:26:28 - ScannerWorker_authentication_worker_0 - INFO - Worker authentication_worker_0 received task notification
2026-01-03 20:26:28 - ScannerWorker_authentication_worker_0 - INFO - Worker authentication_worker_0 received task notification
2026-01-03 20:26:28 - ScannerWorker_authentication_worker_0 - INFO - Worker authentication_worker_0 received task notification
2026-01-03 20:26:28 - ScannerWorker_authentication_worker_0 - INFO - Worker authentication_worker_0 received task notification
2026-01-03 20:26:28 - ScannerWorker_authentication_worker_0 - INFO - Worker authentication_worker_0 received task notification
2026-01-03 20:26:28 - ScannerWorker_authentication_worker_0 - INFO - Worker authentication_worker_0 received task notification
2026-01-03 20:26:28 - ScannerWorker_authentication_worker_0 - INFO - Worker authentication_worker_0 received task notification
2026-01-03 20:26:28 - ScannerWorker_authentication_worker_0 - INFO - Worker authentication_worker_0 received task notification
2026-01-03 20:26:28 - ScannerWorker_authentication_worker_0 - INFO - Worker authentication_worker_0 received task notification
2026-01-03 20:26:28 - ScannerWorker_authentication_worker_0 - INFO - Worker authentication_worker_0 received task notification
2026-01-03 20:26:28 - ScannerWorker_authentication_worker_0 - INFO - Worker authentication_worker_0 received task notification
2026-01-03 20:26:28 - ScannerWorker_authentication_worker_0 - INFO - Worker authentication_worker_0 received task notification
2026-01-03 20:26:28 - ScannerWorker_authentication_worker_0 - INFO - Worker authentication_worker_0 received task notification
2026-01-03 20:26:28 - ScannerWorker_authentication_worker_0 - INFO - Worker authentication_worker_0 received task notification
2026-01-03 20:26:28 - ScannerWorker_authentication_worker_0 - INFO - Worker authentication_worker_0 received task notification
2026-01-03 20:26:28 - ScannerWorker_authentication_worker_0 - INFO - Worker authentication_worker_0 received task notification
2026-01-03 20:26:28 - ScannerWorker_authentication_worker_0 - INFO - Worker authentication_worker_0 received task notification
2026-01-03 20:26:28 - ScannerWorker_authentication_worker_0 - INFO - Worker authentication_worker_0 received task notification
2026-01-03 20:26:28 - ScannerWorker_authentication_worker_0 - INFO - Worker authentication_worker_0 received task notification
2026-01-03 20:26:28 - ScannerWorker_authentication_worker_0 - INFO - Worker authentication_worker_0 received task notification
2026-01-03 20:26:28 - ScannerWorker_authentication_worker_0 - INFO - Worker authentication_worker_0 received task notification
2026-01-03 20:26:28 - ScannerWorker_authentication_worker_0 - INFO - Worker authentication_worker_0 received task notification
2026-01-03 20:26:28 - ScannerWorker_authentication_worker_0 - INFO - Worker authentication_worker_0 received task notification
2026-01-03 20:26:28 - ScannerWorker_authentication_worker_0 - INFO - Worker authentication_worker_0 received task notification
2026-01-03 20:26:28 - ScannerWorker_authentication_worker_0 - INFO - Worker authentication_worker_0 received task notification
2026-01-03 20:26:28 - ScannerWorker_authentication_worker_0 - INFO - Worker authentication_worker_0 received task notification
2026-01-03 20:26:28 - ScannerWorker_authentication_worker_0 - INFO - Worker authentication_worker_0 received task notification
2026-01-03 20:26:28 - ScannerWorker_authentication_worker_0 - INFO - Worker authentication_worker_0 received task notification
2026-01-03 20:26:28 - ScannerWorker_authentication_worker_0 - INFO - Worker authentication_worker_0 received task notification
2026-01-03 20:26:28 - ScannerWorker_authentication_worker_0 - INFO - Worker authentication_worker_0 received task notification
2026-01-03 20:26:28 - ScannerWorker_authentication_worker_0 - INFO - Worker authentication_worker_0 received task notification
2026-01-03 20:26:28 - ScannerWorker_authentication_worker_0 - INFO - Worker authentication_worker_0 received task notification
2026-01-03 20:26:28 - ScannerWorker_authentication_worker_0 - INFO - Worker authentication_worker_0 received task notification
2026-01-03 20:26:28 - ScannerWorker_authentication_worker_0 - INFO - Worker authentication_worker_0 received task notification
2026-01-03 20:26:28 - ScannerWorker_authentication_worker_0 - INFO - Worker authentication_worker_0 received task notification
2026-01-03 20:26:28 - ScannerWorker_authentication_worker_0 - INFO - Worker authentication_worker_0 received task notification
2026-01-03 20:26:28 - ScannerWorker_authentication_worker_0 - INFO - Worker authentication_worker_0 received task notification
2026-01-03 20:26:28 - ScannerWorker_authentication_worker_0 - INFO - Worker authentication_worker_0 received task notification
2026-01-03 20:26:28 - ScannerWorker_authentication_worker_0 - INFO - Worker authentication_worker_0 received task notification
2026-01-03 20:26:28 - ScannerWorker_authentication_worker_0 - INFO - Worker authentication_worker_0 received task notification
2026-01-03 20:26:28 - ScannerWorker_authentication_worker_0 - INFO - Worker authentication_worker_0 received task notification
2026-01-03 20:26:28 - ScannerWorker_authentication_worker_0 - INFO - Worker authentication_worker_0 received task notification
2026-01-03 20:26:28 - ScannerWorker_authentication_worker_0 - INFO - Worker authentication_worker_0 received task notification
2026-01-03 20:26:28 - ScannerWorker_authentication_worker_0 - INFO - Worker authentication_worker_0 received task notification
2026-01-03 20:26:28 - ScannerWorker_authentication_worker_0 - INFO - Worker authentication_worker_0 received task notification
2026-01-03 20:26:28 - ScannerWorker_authentication_worker_0 - INFO - Worker authentication_worker_0 received task notification
2026-01-03 20:26:28 - ScannerWorker_authentication_worker_0 - INFO - Worker authentication_worker_0 received task notification
2026-01-03 20:26:28 - ScannerWorker_authentication_worker_0 - INFO - Worker authentication_worker_0 received task notification
2026-01-03 20:26:28 - ScannerWorker_authentication_worker_0 - INFO - Worker authentication_worker_0 received task notification
2026-01-03 20:26:28 - ScannerWorker_authentication_worker_0 - INFO - Worker authentication_worker_0 received task notification
2026-01-03 20:26:28 - ScannerWorker_authentication_worker_0 - INFO - Worker authentication_worker_0 received task notification
2026-01-03 20:26:28 - ScannerWorker_authentication_worker_0 - INFO - Worker authentication_worker_0 received task notification
2026-01-03 20:26:28 - ScannerWorker_authentication_worker_0 - INFO - Worker authentication_worker_0 received task notification
2026-01-03 20:26:28 - ScannerWorker_authentication_worker_0 - INFO - Worker authentication_worker_0 received task notification
2026-01-03 20:26:28 - ScannerWorker_authentication_worker_0 - INFO - Worker authentication_worker_0 received task notification
2026-01-03 20:26:28 - ScannerWorker_authentication_worker_0 - INFO - Worker authentication_worker_0 received task notification
2026-01-03 20:26:28 - ScannerWorker_authentication_worker_0 - INFO - Worker authentication_worker_0 received task notification
2026-01-03 20:26:28 - ScannerWorker_authentication_worker_0 - INFO - Worker authentication_worker_0 received task notification
2026-01-03 20:26:28 - ScannerWorker_authentication_worker_0 - INFO - Worker authentication_worker_0 received task notification
2026-01-03 20:26:28 - ScannerWorker_authentication_worker_0 - INFO - Worker authentication_worker_0 received task notification
2026-01-03 20:26:28 - ScannerWorker_authentication_worker_0 - INFO - Worker authentication_worker_0 received task notification
2026-01-03 20:26:28 - ScannerWorker_authentication_worker_0 - INFO - Worker authentication_worker_0 received task notification
2026-01-03 20:26:28 - ScannerWorker_authentication_worker_0 - INFO - Worker authentication_worker_0 received task notification
2026-01-03 20:26:28 - ScannerWorker_authentication_worker_0 - INFO - Worker authentication_worker_0 received task notification
2026-01-03 20:26:28 - ScannerWorker_authentication_worker_0 - INFO - Worker authentication_worker_0 received task notification
2026-01-03 20:26:28 - ScannerWorker_authentication_worker_0 - INFO - Worker authentication_worker_0 received task notification
2026-01-03 20:26:28 - ScannerWorker_authentication_worker_0 - INFO - Worker authentication_worker_0 received task notification
2026-01-03 20:26:28 - ScannerWorker_authentication_worker_0 - INFO - Worker authentication_worker_0 received task notification
2026-01-03 20:26:28 - ScannerWorker_authentication_worker_0 - INFO - Worker authentication_worker_0 received task notification
2026-01-03 20:26:28 - ScannerWorker_authentication_worker_0 - INFO - Worker authentication_worker_0 received task notification
2026-01-03 20:26:28 - ScannerWorker_authentication_worker_0 - INFO - Worker authentication_worker_0 received task notification
2026-01-03 20:26:28 - ScannerWorker_authentication_worker_0 - INFO - Worker authentication_worker_0 received task notification
2026-01-03 20:26:28 - ScannerWorker_authentication_worker_0 - INFO - Worker authentication_worker_0 received task notification
2026-01-03 20:26:28 - ScannerWorker_authentication_worker_0 - INFO - Worker authentication_worker_0 received task notification
2026-01-03 20:26:28 - ScannerWorker_authentication_worker_0 - INFO - Worker authentication_worker_0 received task notification
2026-01-03 20:26:28 - ScannerWorker_authentication_worker_0 - INFO - Worker authentication_worker_0 received task notification
2026-01-03 20:26:28 - ScannerWorker_authentication_worker_0 - INFO - Worker authentication_worker_0 received task notification
2026-01-03 20:26:28 - ScannerWorker_authentication_worker_0 - INFO - Worker authentication_worker_0 received task notification
2026-01-03 20:26:28 - ScannerWorker_authentication_worker_0 - INFO - Worker authentication_worker_0 received task notification
2026-01-03 20:26:28 - ScannerWorker_authentication_worker_0 - INFO - Worker authentication_worker_0 received task notification
2026-01-03 20:26:28 - ScannerWorker_authentication_worker_0 - INFO - Worker authentication_worker_0 received task notification
2026-01-03 20:26:28 - ScannerWorker_authentication_worker_0 - INFO - Worker authentication_worker_0 received task notification
2026-01-03 20:26:28 - ScannerWorker_authentication_worker_0 - INFO - Worker authentication_worker_0 received task notification
2026-01-03 20:26:28 - ScannerWorker_authentication_worker_0 - INFO - Worker authentication_worker_0 received task notification
2026-01-03 20:26:28 - ScannerWorker_authentication_worker_0 - INFO - Worker authentication_worker_0 received task notification
2026-01-03 20:26:28 - ScannerWorker_authentication_worker_0 - INFO - Worker authentication_worker_0 received task notification
2026-01-03 20:26:28 - ScannerWorker_authentication_worker_0 - INFO - Worker authentication_worker_0 received task notification
2026-01-03 20:26:28 - ScannerWorker_authentication_worker_0 - INFO - Worker authentication_worker_0 received task notification
2026-01-03 20:26:28 - ScannerWorker_authentication_worker_0 - INFO - Worker authentication_worker_0 received task notification
2026-01-03 20:26:28 - ScannerWorker_authentication_worker_0 - INFO - Worker authentication_worker_0 received task notification
2026-01-03 20:26:28 - ScannerWorker_authentication_worker_0 - INFO - Worker authentication_worker_0 received task notification
2026-01-03 20:26:28 - ScannerWorker_authentication_worker_0 - INFO - Worker authentication_worker_0 received task notification
2026-01-03 20:26:28 - ScannerWorker_authentication_worker_0 - INFO - Worker authentication_worker_0 received task notification
2026-01-03 20:26:28 - ScannerWorker_authentication_worker_0 - INFO - Worker authentication_worker_0 received task notification
2026-01-03 20:26:28 - ScannerWorker_authentication_worker_0 - INFO - Worker authentication_worker_0 received task notification
2026-01-03 20:26:28 - ScannerWorker_authentication_worker_0 - INFO - Worker authentication_worker_0 received task notification
2026-01-03 20:26:28 - ScannerWorker_authentication_worker_0 - INFO - Worker authentication_worker_0 received task notification
2026-01-03 20:26:28 - ScannerWorker_authentication_worker_0 - INFO - Worker authentication_worker_0 received task notification
2026-01-03 20:26:28 - ScannerWorker_authentication_worker_0 - INFO - Worker authentication_worker_0 received task notification
2026-01-03 20:26:28 - ScannerWorker_authentication_worker_0 - INFO - Worker authentication_worker_0 received task notification
2026-01-03 20:26:28 - ScannerWorker_authentication_worker_0 - INFO - Worker authentication_worker_0 received task notification
2026-01-03 20:26:29 - ScannerWorker_authentication_worker_0 - INFO - Worker authentication_worker_0 received task notification
2026-01-03 20:26:29 - ScannerWorker_authentication_worker_0 - INFO - Worker authentication_worker_0 received task notification
2026-01-03 20:26:29 - ScannerWorker_authentication_worker_0 - INFO - Worker authentication_worker_0 received task notification
2026-01-03 20:26:29 - ScannerWorker_authentication_worker_0 - INFO - Worker authentication_worker_0 received task notification
2026-01-03 20:26:29 - ScannerWorker_authentication_worker_0 - INFO - Worker authentication_worker_0 received task notification
2026-01-03 20:26:29 - ScannerWorker_authentication_worker_0 - INFO - Worker authentication_worker_0 received task notification
2026-01-03 20:26:29 - ScannerWorker_authentication_worker_0 - INFO - Worker authentication_worker_0 received task notification
2026-01-03 20:26:29 - ScannerWorker_authentication_worker_0 - INFO - Worker authentication_worker_0 received task notification
2026-01-03 20:26:29 - ScannerWorker_authentication_worker_0 - INFO - Worker authentication_worker_0 received task notification
2026-01-03 20:26:29 - ScannerWorker_authentication_worker_0 - INFO - Worker authentication_worker_0 received task notification
2026-01-03 20:26:29 - ScannerWorker_authentication_worker_0 - INFO - Worker authentication_worker_0 received task notification
2026-01-03 20:26:29 - ScannerWorker_authentication_worker_0 - INFO - Worker authentication_worker_0 received task notification
2026-01-03 20:26:29 - ScannerWorker_authentication_worker_0 - INFO - Worker authentication_worker_0 received task notification
2026-01-03 20:26:29 - ScannerWorker_authentication_worker_0 - INFO - Worker authentication_worker_0 received task notification
2026-01-03 20:26:29 - ScannerWorker_authentication_worker_0 - INFO - Worker authentication_worker_0 received task notification
2026-01-03 20:26:29 - ScannerWorker_authentication_worker_0 - INFO - Worker authentication_worker_0 received task notification
2026-01-03 20:26:29 - ScannerWorker_authentication_worker_0 - INFO - Worker authentication_worker_0 received task notification
2026-01-03 20:26:29 - ScannerWorker_authentication_worker_0 - INFO - Worker authentication_worker_0 received task notification
2026-01-03 20:26:29 - ScannerWorker_authentication_worker_0 - INFO - Worker authentication_worker_0 received task notification
2026-01-03 20:26:29 - ScannerWorker_authentication_worker_0 - INFO - Worker authentication_worker_0 received task notification
2026-01-03 20:26:29 - ScannerWorker_authentication_worker_0 - INFO - Worker authentication_worker_0 received task notification
2026-01-03 20:26:29 - ScannerWorker_authentication_worker_0 - INFO - Worker authentication_worker_0 received task notification
2026-01-03 20:26:29 - ScannerWorker_authentication_worker_0 - INFO - Worker authentication_worker_0 received task notification
2026-01-03 20:26:29 - ScannerWorker_authentication_worker_0 - INFO - Worker authentication_worker_0 received task notification
2026-01-03 20:26:29 - ScannerWorker_authentication_worker_0 - INFO - Worker authentication_worker_0 received task notification
2026-01-03 20:26:29 - ScannerWorker_authentication_worker_0 - INFO - Worker authentication_worker_0 received task notification
2026-01-03 20:26:29 - ScannerWorker_authentication_worker_0 - INFO - Worker authentication_worker_0 received task notification
2026-01-03 20:26:29 - ScannerWorker_authentication_worker_0 - INFO - Worker authentication_worker_0 received task notification
2026-01-03 20:26:29 - ScannerWorker_authentication_worker_0 - INFO - Worker authentication_worker_0 received task notification
2026-01-03 20:26:29 - ScannerWorker_authentication_worker_0 - INFO - Worker authentication_worker_0 received task notification
2026-01-03 20:26:29 - ScannerWorker_authentication_worker_0 - INFO - Worker authentication_worker_0 received task notification
2026-01-03 20:26:29 - ScannerWorker_authentication_worker_0 - INFO - Worker authentication_worker_0 received task notification
2026-01-03 20:26:29 - ScannerWorker_authentication_worker_0 - INFO - Worker authentication_worker_0 received task notification
2026-01-03 20:26:29 - ScannerWorker_authentication_worker_0 - INFO - Worker authentication_worker_0 received task notification
2026-01-03 20:26:29 - ScannerWorker_authentication_worker_0 - INFO - Worker authentication_worker_0 received task notification
2026-01-03 20:26:29 - ScannerWorker_authentication_worker_0 - INFO - Worker authentication_worker_0 received task notification
2026-01-03 20:26:29 - ScannerWorker_authentication_worker_0 - INFO - Worker authentication_worker_0 received task notification
2026-01-03 20:26:29 - ScannerWorker_authentication_worker_0 - INFO - Worker authentication_worker_0 received task notification
2026-01-03 20:26:29 - ScannerWorker_authentication_worker_0 - INFO - Worker authentication_worker_0 received task notification
2026-01-03 20:26:29 - ScannerWorker_authentication_worker_0 - INFO - Worker authentication_worker_0 received task notification
2026-01-03 20:26:29 - ScannerWorker_authentication_worker_0 - INFO - Worker authentication_worker_0 received task notification
2026-01-03 20:26:29 - ScannerWorker_authentication_worker_0 - INFO - Worker authentication_worker_0 received task notification
2026-01-03 20:26:29 - ScannerWorker_authentication_worker_0 - INFO - Worker authentication_worker_0 received task notification
2026-01-03 20:26:29 - ScannerWorker_authentication_worker_0 - INFO - Worker authentication_worker_0 received task notification
2026-01-03 20:26:29 - ScannerWorker_authentication_worker_0 - INFO - Worker authentication_worker_0 received task notification
2026-01-03 20:26:29 - ScannerWorker_authentication_worker_0 - INFO - Worker authentication_worker_0 received task notification
2026-01-03 20:26:29 - ScannerWorker_authentication_worker_0 - INFO - Worker authentication_worker_0 received task notification
2026-01-03 20:26:29 - ScannerWorker_authentication_worker_0 - INFO - Worker authentication_worker_0 received task notification
2026-01-03 20:26:29 - ScannerWorker_authentication_worker_0 - INFO - Worker authentication_worker_0 received task notification
2026-01-03 20:26:29 - ScannerWorker_authentication_worker_0 - INFO - Worker authentication_worker_0 received task notification
2026-01-03 20:26:29 - ScannerWorker_authentication_worker_0 - INFO - Worker authentication_worker_0 received task notification
2026-01-03 20:26:29 - ScannerWorker_authentication_worker_0 - INFO - Worker authentication_worker_0 received task notification
2026-01-03 20:26:29 - ScannerWorker_authentication_worker_0 - INFO - Worker authentication_worker_0 received task notification
2026-01-03 20:26:29 - ScannerWorker_authentication_worker_0 - INFO - Worker authentication_worker_0 received task notification
2026-01-03 20:26:29 - ScannerWorker_authentication_worker_0 - INFO - Worker authentication_worker_0 received task notification
2026-01-03 20:26:29 - ScannerWorker_authentication_worker_0 - INFO - Worker authentication_worker_0 received task notification
2026-01-03 20:26:29 - ScannerWorker_authentication_worker_0 - INFO - Worker authentication_worker_0 received task notification
2026-01-03 20:26:29 - ScannerWorker_authentication_worker_0 - INFO - Worker authentication_worker_0 received task notification
2026-01-03 20:26:29 - ScannerWorker_authentication_worker_0 - INFO - Worker authentication_worker_0 received task notification
2026-01-03 20:26:29 - ScannerWorker_authentication_worker_0 - INFO - Worker authentication_worker_0 received task notification
2026-01-03 20:26:29 - ScannerWorker_authentication_worker_0 - INFO - Worker authentication_worker_0 received task notification
2026-01-03 20:26:29 - ScannerWorker_authentication_worker_0 - INFO - Worker authentication_worker_0 received task notification
2026-01-03 20:26:29 - ScannerWorker_authentication_worker_0 - INFO - Worker authentication_worker_0 received task notification
2026-01-03 20:26:29 - ScannerWorker_authentication_worker_0 - INFO - Worker authentication_worker_0 received task notification
2026-01-03 20:26:29 - ScannerWorker_authentication_worker_0 - INFO - Worker authentication_worker_0 received task notification
2026-01-03 20:26:29 - ScannerWorker_authentication_worker_0 - INFO - Worker authentication_worker_0 received task notification
2026-01-03 20:26:29 - ScannerWorker_authentication_worker_0 - INFO - Worker authentication_worker_0 received task notification
2026-01-03 20:26:29 - ScannerWorker_authentication_worker_0 - INFO - Worker authentication_worker_0 received task notification
2026-01-03 20:26:29 - ScannerWorker_authentication_worker_0 - INFO - Worker authentication_worker_0 received task notification
2026-01-03 20:26:29 - ScannerWorker_authentication_worker_0 - INFO - Worker authentication_worker_0 received task notification
2026-01-03 20:26:29 - ScannerWorker_authentication_worker_0 - INFO - Worker authentication_worker_0 received task notification
2026-01-03 20:26:29 - ScannerWorker_authentication_worker_0 - INFO - Worker authentication_worker_0 received task notification
2026-01-03 20:26:29 - ScannerWorker_authentication_worker_0 - INFO - Worker authentication_worker_0 received task notification
2026-01-03 20:26:29 - ScannerWorker_authentication_worker_0 - INFO - Worker authentication_worker_0 received task notification
2026-01-03 20:26:29 - ScannerWorker_authentication_worker_0 - INFO - Worker authentication_worker_0 received task notification
2026-01-03 20:26:29 - ScannerWorker_authentication_worker_0 - INFO - Worker authentication_worker_0 received task notification
2026-01-03 20:26:29 - ScannerWorker_authentication_worker_0 - INFO - Worker authentication_worker_0 received task notification
2026-01-03 20:26:29 - ScannerWorker_authentication_worker_0 - INFO - Worker authentication_worker_0 received task notification
2026-01-03 20:26:29 - ScannerWorker_authentication_worker_0 - INFO - Worker authentication_worker_0 received task notification
2026-01-03 20:26:29 - ScannerWorker_authentication_worker_0 - INFO - Worker authentication_worker_0 received task notification
2026-01-03 20:26:29 - ScannerWorker_authentication_worker_0 - INFO - Worker authentication_worker_0 received task notification
2026-01-03 20:26:29 - ScannerWorker_authentication_worker_0 - INFO - Worker authentication_worker_0 received task notification
2026-01-03 20:26:29 - ScannerWorker_authentication_worker_0 - INFO - Worker authentication_worker_0 received task notification
2026-01-03 20:26:29 - ScannerWorker_authentication_worker_0 - INFO - Worker authentication_worker_0 received task notification
2026-01-03 20:26:29 - ScannerWorker_authentication_worker_0 - INFO - Worker authentication_worker_0 received task notification
2026-01-03 20:26:29 - ScannerWorker_authentication_worker_0 - INFO - Worker authentication_worker_0 received task notification
2026-01-03 20:26:29 - ScannerWorker_authentication_worker_0 - INFO - Worker authentication_worker_0 received task notification
2026-01-03 20:26:29 - ScannerWorker_authentication_worker_0 - INFO - Worker authentication_worker_0 received task notification
2026-01-03 20:26:29 - ScannerWorker_authentication_worker_0 - INFO - Worker authentication_worker_0 received task notification
2026-01-03 20:26:29 - ScannerWorker_authentication_worker_0 - INFO - Worker authentication_worker_0 received task notification
2026-01-03 20:26:29 - ScannerWorker_authentication_worker_0 - INFO - Worker authentication_worker_0 received task notification
2026-01-03 20:26:29 - ScannerWorker_authentication_worker_0 - INFO - Worker authentication_worker_0 received task notification
2026-01-03 20:26:29 - ScannerWorker_authentication_worker_0 - INFO - Worker authentication_worker_0 received task notification
2026-01-03 20:26:29 - ScannerWorker_authentication_worker_0 - INFO - Worker authentication_worker_0 received task notification
2026-01-03 20:26:29 - ScannerWorker_authentication_worker_0 - INFO - Worker authentication_worker_0 received task notification
2026-01-03 20:26:29 - ScannerWorker_authentication_worker_0 - INFO - Worker authentication_worker_0 received task notification
2026-01-03 20:26:29 - ScannerWorker_authentication_worker_0 - INFO - Worker authentication_worker_0 received task notification
2026-01-03 20:26:29 - ScannerWorker_authentication_worker_0 - INFO - Worker authentication_worker_0 received task notification
2026-01-03 20:26:29 - ScannerWorker_authentication_worker_0 - INFO - Worker authentication_worker_0 received task notification
2026-01-03 20:26:29 - ScannerWorker_authentication_worker_0 - INFO - Worker authentication_worker_0 received task notification
2026-01-03 20:26:29 - ScannerWorker_authentication_worker_0 - INFO - Worker authentication_worker_0 received task notification
2026-01-03 20:26:29 - ScannerWorker_authentication_worker_0 - INFO - Worker authentication_worker_0 received task notification
2026-01-03 20:26:29 - ScannerWorker_authentication_worker_0 - INFO - Worker authentication_worker_0 received task notification
2026-01-03 20:26:29 - ScannerWorker_authentication_worker_0 - INFO - Worker authentication_worker_0 received task notification
2026-01-03 20:26:29 - ScannerWorker_authentication_worker_0 - INFO - Worker authentication_worker_0 received task notification
2026-01-03 20:26:29 - ScannerWorker_authentication_worker_0 - INFO - Worker authentication_worker_0 received task notification
2026-01-03 20:26:29 - ScannerWorker_authentication_worker_0 - INFO - Worker authentication_worker_0 received task notification
2026-01-03 20:26:29 - ScannerWorker_authentication_worker_0 - INFO - Worker authentication_worker_0 received task notification
2026-01-03 20:26:29 - ScannerWorker_authentication_worker_0 - INFO - Worker authentication_worker_0 received task notification
2026-01-03 20:26:29 - ScannerWorker_authentication_worker_0 - INFO - Worker authentication_worker_0 received task notification
2026-01-03 20:26:29 - ScannerWorker_authentication_worker_0 - INFO - Worker authentication_worker_0 received task notification
2026-01-03 20:26:29 - ScannerWorker_authentication_worker_0 - INFO - Worker authentication_worker_0 received task notification
2026-01-03 20:26:29 - ScannerWorker_authentication_worker_0 - INFO - Worker authentication_worker_0 received task notification
2026-01-03 20:26:29 - ScannerWorker_authentication_worker_0 - INFO - Worker authentication_worker_0 received task notification
2026-01-03 20:26:29 - ScannerWorker_authentication_worker_0 - INFO - Worker authentication_worker_0 received task notification
2026-01-03 20:26:29 - ScannerWorker_authentication_worker_0 - INFO - Worker authentication_worker_0 received task notification
2026-01-03 20:26:29 - ScannerWorker_authentication_worker_0 - INFO - Worker authentication_worker_0 received task notification
2026-01-03 20:26:29 - ScannerWorker_authentication_worker_0 - INFO - Worker authentication_worker_0 received task notification
2026-01-03 20:26:29 - ScannerWorker_authentication_worker_0 - INFO - Worker authentication_worker_0 received task notification
2026-01-03 20:26:29 - ScannerWorker_authentication_worker_0 - INFO - Worker authentication_worker_0 received task notification
2026-01-03 20:26:29 - ScannerWorker_authentication_worker_0 - INFO - Worker authentication_worker_0 received task notification
2026-01-03 20:26:29 - ScannerWorker_authentication_worker_0 - INFO - Worker authentication_worker_0 received task notification
2026-01-03 20:26:29 - ScannerWorker_authentication_worker_0 - INFO - Worker authentication_worker_0 received task notification
