2026-01-03 19:46:31 - ScannerWorker_authorization_worker_1 - INFO - Imported AuthorizationAccessControlScanner
2026-01-03 19:46:31 - ScannerWorker_authorization_worker_1 - INFO - Imported FFUFScanner
2026-01-03 19:46:31 - ScannerWorker_authorization_worker_1 - INFO - Loaded 2 scanners for category authorization
2026-01-03 19:46:31 - ScannerWorker_authorization_worker_1 - INFO - Connected to Redis: redis://localhost:6379/0
2026-01-03 19:46:32 - ScannerWorker_authorization_worker_1 - INFO - Scanner worker authorization_worker_1 started for category authorization
2026-01-03 19:49:46 - ScannerWorker_authorization_worker_1 - INFO - Worker authorization_worker_1 received task notification
2026-01-03 19:49:46 - ScannerWorker_authorization_worker_1 - INFO - Worker authorization_worker_1 received task notification
2026-01-03 19:49:46 - ScannerWorker_authorization_worker_1 - INFO - Worker authorization_worker_1 received task notification
2026-01-03 19:49:46 - ScannerWorker_authorization_worker_1 - INFO - Worker authorization_worker_1 received task notification
2026-01-03 19:49:46 - ScannerWorker_authorization_worker_1 - INFO - Worker authorization_worker_1 received task notification
2026-01-03 19:49:46 - ScannerWorker_authorization_worker_1 - INFO - Worker authorization_worker_1 received task notification
2026-01-03 19:49:46 - ScannerWorker_authorization_worker_1 - INFO - Worker authorization_worker_1 received task notification
2026-01-03 19:49:46 - ScannerWorker_authorization_worker_1 - INFO - Processing task scan_0a020063048e87c282a37e2d00940014.web-security-academy.net_20260103_194943_public_aea8e2aa with AuthorizationAccessControlScanner on https://0a020063048e87c282a37e2d00940014.web-security-academy.net/
2026-01-03 19:56:17 - ScannerWorker_authorization_worker_1 - INFO - Worker execution results keys: ['scanner', 'target', 'timestamp', 'status', 'vulnerabilities', 'summary', 'scan_details', 'raw_results']
2026-01-03 19:56:17 - ScannerWorker_authorization_worker_1 - WARNING - Worker: raw_data MISSING in scanner results!
2026-01-03 19:56:17 - ScannerWorker_authorization_worker_1 - INFO - [COMPLETION TRIGGER] 0a020063048e87c282a37e2d00940014.web-security-academy.net_20260103_194943_public: Last task completed! tasks_pending = 0
2026-01-03 19:56:17 - ScannerWorker_authorization_worker_1 - INFO - [SCANNER TRACKING] 0a020063048e87c282a37e2d00940014.web-security-academy.net_20260103_194943_public: Scanner 'AuthorizationAccessControlScanner' marked as completed (193 total)
2026-01-03 19:56:17 - ScannerWorker_authorization_worker_1 - INFO - [SCANNER COMPLETION] 0a020063048e87c282a37e2d00940014.web-security-academy.net_20260103_194943_public: ALL 21/4 scanners completed!
2026-01-03 19:56:17 - ScannerWorker_authorization_worker_1 - INFO - Task scan_0a020063048e87c282a37e2d00940014.web-security-academy.net_20260103_194943_public_aea8e2aa completed successfully in 390.75s with 0 findings
2026-01-03 19:56:17 - ScannerWorker_authorization_worker_1 - INFO - Processing task scan_0a020063048e87c282a37e2d00940014.web-security-academy.net_20260103_194943_public_576b5edf with FFUFScanner on https://0a020063048e87c282a37e2d00940014.web-security-academy.net/product?productId=18
2026-01-03 19:56:17 - ScannerWorker_authorization_worker_1 - INFO - Worker execution results keys: ['error', 'scanner', 'target', 'findings']
2026-01-03 19:56:17 - ScannerWorker_authorization_worker_1 - WARNING - Worker: raw_data MISSING in scanner results!
2026-01-03 19:56:17 - ScannerWorker_authorization_worker_1 - INFO - [COMPLETION TRIGGER] 0a020063048e87c282a37e2d00940014.web-security-academy.net_20260103_194943_public: Last task completed! tasks_pending = 0
2026-01-03 19:56:17 - ScannerWorker_authorization_worker_1 - INFO - [SCANNER TRACKING] 0a020063048e87c282a37e2d00940014.web-security-academy.net_20260103_194943_public: Scanner 'FFUFScanner' marked as completed (194 total)
2026-01-03 19:56:17 - ScannerWorker_authorization_worker_1 - INFO - [SCANNER COMPLETION] 0a020063048e87c282a37e2d00940014.web-security-academy.net_20260103_194943_public: ALL 21/4 scanners completed!
2026-01-03 19:56:17 - ScannerWorker_authorization_worker_1 - INFO - Task scan_0a020063048e87c282a37e2d00940014.web-security-academy.net_20260103_194943_public_576b5edf completed successfully in 0.00s with 0 findings
2026-01-03 19:56:17 - ScannerWorker_authorization_worker_1 - INFO - Processing task scan_0a020063048e87c282a37e2d00940014.web-security-academy.net_20260103_194943_public_c823f471 with AuthorizationAccessControlScanner on https://0a020063048e87c282a37e2d00940014.web-security-academy.net/product?productId=17
2026-01-03 20:03:33 - ScannerWorker_authorization_worker_1 - INFO - Worker execution results keys: ['scanner', 'target', 'timestamp', 'status', 'vulnerabilities', 'summary', 'scan_details', 'raw_results']
2026-01-03 20:03:33 - ScannerWorker_authorization_worker_1 - WARNING - Worker: raw_data MISSING in scanner results!
2026-01-03 20:03:33 - ScannerWorker_authorization_worker_1 - INFO - [COMPLETION TRIGGER] 0a020063048e87c282a37e2d00940014.web-security-academy.net_20260103_194943_public: Last task completed! tasks_pending = 0
2026-01-03 20:03:33 - ScannerWorker_authorization_worker_1 - INFO - [SCANNER TRACKING] 0a020063048e87c282a37e2d00940014.web-security-academy.net_20260103_194943_public: Scanner 'AuthorizationAccessControlScanner' marked as completed (241 total)
2026-01-03 20:03:33 - ScannerWorker_authorization_worker_1 - INFO - [SCANNER COMPLETION] 0a020063048e87c282a37e2d00940014.web-security-academy.net_20260103_194943_public: ALL 21/4 scanners completed!
2026-01-03 20:03:33 - ScannerWorker_authorization_worker_1 - INFO - Task scan_0a020063048e87c282a37e2d00940014.web-security-academy.net_20260103_194943_public_c823f471 completed successfully in 436.51s with 0 findings
2026-01-03 20:03:33 - ScannerWorker_authorization_worker_1 - INFO - Processing task scan_0a020063048e87c282a37e2d00940014.web-security-academy.net_20260103_194943_public_96cab31f with FFUFScanner on https://0a020063048e87c282a37e2d00940014.web-security-academy.net/product?productId=1
2026-01-03 20:03:33 - ScannerWorker_authorization_worker_1 - INFO - Worker execution results keys: ['error', 'scanner', 'target', 'findings']
2026-01-03 20:03:33 - ScannerWorker_authorization_worker_1 - WARNING - Worker: raw_data MISSING in scanner results!
2026-01-03 20:03:33 - ScannerWorker_authorization_worker_1 - INFO - [COMPLETION TRIGGER] 0a020063048e87c282a37e2d00940014.web-security-academy.net_20260103_194943_public: Last task completed! tasks_pending = 0
2026-01-03 20:03:33 - ScannerWorker_authorization_worker_1 - INFO - [SCANNER TRACKING] 0a020063048e87c282a37e2d00940014.web-security-academy.net_20260103_194943_public: Scanner 'FFUFScanner' marked as completed (242 total)
2026-01-03 20:03:33 - ScannerWorker_authorization_worker_1 - INFO - [SCANNER COMPLETION] 0a020063048e87c282a37e2d00940014.web-security-academy.net_20260103_194943_public: ALL 21/4 scanners completed!
2026-01-03 20:03:33 - ScannerWorker_authorization_worker_1 - INFO - Task scan_0a020063048e87c282a37e2d00940014.web-security-academy.net_20260103_194943_public_96cab31f completed successfully in 0.00s with 0 findings
2026-01-03 20:03:33 - ScannerWorker_authorization_worker_1 - INFO - Processing task scan_0a020063048e87c282a37e2d00940014.web-security-academy.net_20260103_194943_public_d2dd3723 with AuthorizationAccessControlScanner on https://0a020063048e87c282a37e2d00940014.web-security-academy.net/product?productId=16
2026-01-03 20:09:07 - ScannerWorker_authorization_worker_1 - INFO - Worker execution results keys: ['scanner', 'target', 'timestamp', 'status', 'vulnerabilities', 'summary', 'scan_details', 'raw_results']
2026-01-03 20:09:07 - ScannerWorker_authorization_worker_1 - WARNING - Worker: raw_data MISSING in scanner results!
2026-01-03 20:09:07 - ScannerWorker_authorization_worker_1 - INFO - [COMPLETION TRIGGER] 0a020063048e87c282a37e2d00940014.web-security-academy.net_20260103_194943_public: Last task completed! tasks_pending = 0
2026-01-03 20:09:07 - ScannerWorker_authorization_worker_1 - INFO - [SCANNER TRACKING] 0a020063048e87c282a37e2d00940014.web-security-academy.net_20260103_194943_public: Scanner 'AuthorizationAccessControlScanner' marked as completed (277 total)
2026-01-03 20:09:07 - ScannerWorker_authorization_worker_1 - INFO - [SCANNER COMPLETION] 0a020063048e87c282a37e2d00940014.web-security-academy.net_20260103_194943_public: ALL 21/4 scanners completed!
2026-01-03 20:09:07 - ScannerWorker_authorization_worker_1 - INFO - Task scan_0a020063048e87c282a37e2d00940014.web-security-academy.net_20260103_194943_public_d2dd3723 completed successfully in 333.40s with 0 findings
2026-01-03 20:09:07 - ScannerWorker_authorization_worker_1 - INFO - Processing task scan_0a020063048e87c282a37e2d00940014.web-security-academy.net_20260103_194943_public_e6dff847 with FFUFScanner on https://0a020063048e87c282a37e2d00940014.web-security-academy.net/my-account
2026-01-03 20:09:07 - ScannerWorker_authorization_worker_1 - INFO - Worker execution results keys: ['error', 'scanner', 'target', 'findings']
2026-01-03 20:09:07 - ScannerWorker_authorization_worker_1 - WARNING - Worker: raw_data MISSING in scanner results!
2026-01-03 20:09:07 - ScannerWorker_authorization_worker_1 - INFO - [COMPLETION TRIGGER] 0a020063048e87c282a37e2d00940014.web-security-academy.net_20260103_194943_public: Last task completed! tasks_pending = 0
2026-01-03 20:09:07 - ScannerWorker_authorization_worker_1 - INFO - [SCANNER TRACKING] 0a020063048e87c282a37e2d00940014.web-security-academy.net_20260103_194943_public: Scanner 'FFUFScanner' marked as completed (278 total)
2026-01-03 20:09:07 - ScannerWorker_authorization_worker_1 - INFO - [SCANNER COMPLETION] 0a020063048e87c282a37e2d00940014.web-security-academy.net_20260103_194943_public: ALL 21/4 scanners completed!
2026-01-03 20:09:07 - ScannerWorker_authorization_worker_1 - INFO - Task scan_0a020063048e87c282a37e2d00940014.web-security-academy.net_20260103_194943_public_e6dff847 completed successfully in 0.00s with 0 findings
2026-01-03 20:09:07 - ScannerWorker_authorization_worker_1 - INFO - Processing task scan_0a020063048e87c282a37e2d00940014.web-security-academy.net_20260103_194943_public_12e7304c with AuthorizationAccessControlScanner on https://0a020063048e87c282a37e2d00940014.web-security-academy.net/product?productId=4
2026-01-03 20:15:47 - ScannerWorker_authorization_worker_1 - INFO - Worker execution results keys: ['scanner', 'target', 'timestamp', 'status', 'vulnerabilities', 'summary', 'scan_details', 'raw_results']
2026-01-03 20:15:47 - ScannerWorker_authorization_worker_1 - WARNING - Worker: raw_data MISSING in scanner results!
2026-01-03 20:15:47 - ScannerWorker_authorization_worker_1 - INFO - [COMPLETION TRIGGER] 0a020063048e87c282a37e2d00940014.web-security-academy.net_20260103_194943_public: Last task completed! tasks_pending = 0
2026-01-03 20:15:47 - ScannerWorker_authorization_worker_1 - INFO - [SCANNER TRACKING] 0a020063048e87c282a37e2d00940014.web-security-academy.net_20260103_194943_public: Scanner 'AuthorizationAccessControlScanner' marked as completed (339 total)
2026-01-03 20:15:47 - ScannerWorker_authorization_worker_1 - INFO - [SCANNER COMPLETION] 0a020063048e87c282a37e2d00940014.web-security-academy.net_20260103_194943_public: ALL 21/4 scanners completed!
2026-01-03 20:15:47 - ScannerWorker_authorization_worker_1 - INFO - Task scan_0a020063048e87c282a37e2d00940014.web-security-academy.net_20260103_194943_public_12e7304c completed successfully in 400.26s with 0 findings
2026-01-03 20:15:47 - ScannerWorker_authorization_worker_1 - INFO - Processing task scan_0a020063048e87c282a37e2d00940014.web-security-academy.net_20260103_194943_public_3350d46f with FFUFScanner on https://0a020063048e87c282a37e2d00940014.web-security-academy.net/product?productId=4
2026-01-03 20:15:47 - ScannerWorker_authorization_worker_1 - INFO - Worker execution results keys: ['error', 'scanner', 'target', 'findings']
2026-01-03 20:15:47 - ScannerWorker_authorization_worker_1 - WARNING - Worker: raw_data MISSING in scanner results!
2026-01-03 20:15:47 - ScannerWorker_authorization_worker_1 - INFO - [COMPLETION TRIGGER] 0a020063048e87c282a37e2d00940014.web-security-academy.net_20260103_194943_public: Last task completed! tasks_pending = 0
2026-01-03 20:15:47 - ScannerWorker_authorization_worker_1 - INFO - [SCANNER TRACKING] 0a020063048e87c282a37e2d00940014.web-security-academy.net_20260103_194943_public: Scanner 'FFUFScanner' marked as completed (340 total)
2026-01-03 20:15:47 - ScannerWorker_authorization_worker_1 - INFO - [SCANNER COMPLETION] 0a020063048e87c282a37e2d00940014.web-security-academy.net_20260103_194943_public: ALL 21/4 scanners completed!
2026-01-03 20:15:47 - ScannerWorker_authorization_worker_1 - INFO - Task scan_0a020063048e87c282a37e2d00940014.web-security-academy.net_20260103_194943_public_3350d46f completed successfully in 0.00s with 0 findings
2026-01-03 20:15:47 - ScannerWorker_authorization_worker_1 - INFO - Processing task scan_0a020063048e87c282a37e2d00940014.web-security-academy.net_20260103_194943_public_689a7fd5 with AuthorizationAccessControlScanner on https://0a020063048e87c282a37e2d00940014.web-security-academy.net/product?productId=20
2026-01-03 20:21:17 - ScannerWorker_authorization_worker_1 - INFO - Worker execution results keys: ['scanner', 'target', 'timestamp', 'status', 'vulnerabilities', 'summary', 'scan_details', 'raw_results']
2026-01-03 20:21:17 - ScannerWorker_authorization_worker_1 - WARNING - Worker: raw_data MISSING in scanner results!
2026-01-03 20:21:17 - ScannerWorker_authorization_worker_1 - INFO - [COMPLETION TRIGGER] 0a020063048e87c282a37e2d00940014.web-security-academy.net_20260103_194943_public: Last task completed! tasks_pending = 0
2026-01-03 20:21:17 - ScannerWorker_authorization_worker_1 - INFO - [SCANNER TRACKING] 0a020063048e87c282a37e2d00940014.web-security-academy.net_20260103_194943_public: Scanner 'AuthorizationAccessControlScanner' marked as completed (364 total)
2026-01-03 20:21:17 - ScannerWorker_authorization_worker_1 - INFO - [SCANNER COMPLETION] 0a020063048e87c282a37e2d00940014.web-security-academy.net_20260103_194943_public: ALL 21/4 scanners completed!
2026-01-03 20:21:17 - ScannerWorker_authorization_worker_1 - INFO - Task scan_0a020063048e87c282a37e2d00940014.web-security-academy.net_20260103_194943_public_689a7fd5 completed successfully in 329.74s with 0 findings
2026-01-03 20:21:17 - ScannerWorker_authorization_worker_1 - INFO - Processing task scan_0a020063048e87c282a37e2d00940014.web-security-academy.net_20260103_194943_public_98b7ad2e with FFUFScanner on https://0a020063048e87c282a37e2d00940014.web-security-academy.net/product?productId=19
2026-01-03 20:21:17 - ScannerWorker_authorization_worker_1 - INFO - Worker execution results keys: ['error', 'scanner', 'target', 'findings']
2026-01-03 20:21:17 - ScannerWorker_authorization_worker_1 - WARNING - Worker: raw_data MISSING in scanner results!
2026-01-03 20:21:17 - ScannerWorker_authorization_worker_1 - INFO - [COMPLETION TRIGGER] 0a020063048e87c282a37e2d00940014.web-security-academy.net_20260103_194943_public: Last task completed! tasks_pending = 0
2026-01-03 20:21:17 - ScannerWorker_authorization_worker_1 - INFO - [SCANNER TRACKING] 0a020063048e87c282a37e2d00940014.web-security-academy.net_20260103_194943_public: Scanner 'FFUFScanner' marked as completed (365 total)
2026-01-03 20:21:17 - ScannerWorker_authorization_worker_1 - INFO - [SCANNER COMPLETION] 0a020063048e87c282a37e2d00940014.web-security-academy.net_20260103_194943_public: ALL 21/4 scanners completed!
2026-01-03 20:21:17 - ScannerWorker_authorization_worker_1 - INFO - Task scan_0a020063048e87c282a37e2d00940014.web-security-academy.net_20260103_194943_public_98b7ad2e completed successfully in 0.00s with 0 findings
2026-01-03 20:21:17 - ScannerWorker_authorization_worker_1 - INFO - Processing task scan_0a020063048e87c282a37e2d00940014.web-security-academy.net_20260103_194943_public_534223a3 with AuthorizationAccessControlScanner on https://0a020063048e87c282a37e2d00940014.web-security-academy.net/product?productId=3
2026-01-03 20:27:51 - ScannerWorker_authorization_worker_1 - INFO - Worker execution results keys: ['scanner', 'target', 'timestamp', 'status', 'vulnerabilities', 'summary', 'scan_details', 'raw_results']
2026-01-03 20:27:51 - ScannerWorker_authorization_worker_1 - WARNING - Worker: raw_data MISSING in scanner results!
2026-01-03 20:27:51 - ScannerWorker_authorization_worker_1 - INFO - [COMPLETION TRIGGER] 0a020063048e87c282a37e2d00940014.web-security-academy.net_20260103_194943_public: Last task completed! tasks_pending = 0
2026-01-03 20:27:51 - ScannerWorker_authorization_worker_1 - INFO - [SCANNER TRACKING] 0a020063048e87c282a37e2d00940014.web-security-academy.net_20260103_194943_public: Scanner 'AuthorizationAccessControlScanner' marked as completed (401 total)
2026-01-03 20:27:51 - ScannerWorker_authorization_worker_1 - INFO - [SCANNER COMPLETION] 0a020063048e87c282a37e2d00940014.web-security-academy.net_20260103_194943_public: ALL 21/4 scanners completed!
2026-01-03 20:27:51 - ScannerWorker_authorization_worker_1 - INFO - Task scan_0a020063048e87c282a37e2d00940014.web-security-academy.net_20260103_194943_public_534223a3 completed successfully in 393.64s with 0 findings
2026-01-03 20:27:51 - ScannerWorker_authorization_worker_1 - INFO - Processing task scan_0a020063048e87c282a37e2d00940014.web-security-academy.net_20260103_194943_public_791a089a with FFUFScanner on https://0a020063048e87c282a37e2d00940014.web-security-academy.net/product?productId=6
2026-01-03 20:27:51 - ScannerWorker_authorization_worker_1 - INFO - Worker execution results keys: ['error', 'scanner', 'target', 'findings']
2026-01-03 20:27:51 - ScannerWorker_authorization_worker_1 - WARNING - Worker: raw_data MISSING in scanner results!
2026-01-03 20:27:51 - ScannerWorker_authorization_worker_1 - INFO - [COMPLETION TRIGGER] 0a020063048e87c282a37e2d00940014.web-security-academy.net_20260103_194943_public: Last task completed! tasks_pending = 0
2026-01-03 20:27:51 - ScannerWorker_authorization_worker_1 - INFO - [SCANNER TRACKING] 0a020063048e87c282a37e2d00940014.web-security-academy.net_20260103_194943_public: Scanner 'FFUFScanner' marked as completed (402 total)
2026-01-03 20:27:51 - ScannerWorker_authorization_worker_1 - INFO - [SCANNER COMPLETION] 0a020063048e87c282a37e2d00940014.web-security-academy.net_20260103_194943_public: ALL 21/4 scanners completed!
2026-01-03 20:27:51 - ScannerWorker_authorization_worker_1 - INFO - Task scan_0a020063048e87c282a37e2d00940014.web-security-academy.net_20260103_194943_public_791a089a completed successfully in 0.00s with 0 findings
2026-01-03 20:27:51 - ScannerWorker_authorization_worker_1 - INFO - Processing task scan_0a020063048e87c282a37e2d00940014.web-security-academy.net_20260103_194943_public_fcc4ac78 with AuthorizationAccessControlScanner on https://0a020063048e87c282a37e2d00940014.web-security-academy.net/product?productId=9
2026-01-03 20:33:19 - ScannerWorker_authorization_worker_1 - INFO - Worker execution results keys: ['scanner', 'target', 'timestamp', 'status', 'vulnerabilities', 'summary', 'scan_details', 'raw_results']
2026-01-03 20:33:19 - ScannerWorker_authorization_worker_1 - WARNING - Worker: raw_data MISSING in scanner results!
2026-01-03 20:33:19 - ScannerWorker_authorization_worker_1 - INFO - [COMPLETION TRIGGER] 0a020063048e87c282a37e2d00940014.web-security-academy.net_20260103_194943_public: Last task completed! tasks_pending = 0
2026-01-03 20:33:19 - ScannerWorker_authorization_worker_1 - INFO - [SCANNER TRACKING] 0a020063048e87c282a37e2d00940014.web-security-academy.net_20260103_194943_public: Scanner 'AuthorizationAccessControlScanner' marked as completed (424 total)
2026-01-03 20:33:19 - ScannerWorker_authorization_worker_1 - INFO - [SCANNER COMPLETION] 0a020063048e87c282a37e2d00940014.web-security-academy.net_20260103_194943_public: ALL 21/4 scanners completed!
2026-01-03 20:33:19 - ScannerWorker_authorization_worker_1 - INFO - Task scan_0a020063048e87c282a37e2d00940014.web-security-academy.net_20260103_194943_public_fcc4ac78 completed successfully in 327.96s with 0 findings
2026-01-03 20:33:19 - ScannerWorker_authorization_worker_1 - INFO - Processing task scan_0a020063048e87c282a37e2d00940014.web-security-academy.net_20260103_194943_public_e471530e with FFUFScanner on https://0a020063048e87c282a37e2d00940014.web-security-academy.net/product?productId=8
2026-01-03 20:33:19 - ScannerWorker_authorization_worker_1 - INFO - Worker execution results keys: ['error', 'scanner', 'target', 'findings']
2026-01-03 20:33:19 - ScannerWorker_authorization_worker_1 - WARNING - Worker: raw_data MISSING in scanner results!
2026-01-03 20:33:19 - ScannerWorker_authorization_worker_1 - INFO - [COMPLETION TRIGGER] 0a020063048e87c282a37e2d00940014.web-security-academy.net_20260103_194943_public: Last task completed! tasks_pending = 0
2026-01-03 20:33:19 - ScannerWorker_authorization_worker_1 - INFO - [SCANNER TRACKING] 0a020063048e87c282a37e2d00940014.web-security-academy.net_20260103_194943_public: Scanner 'FFUFScanner' marked as completed (425 total)
2026-01-03 20:33:19 - ScannerWorker_authorization_worker_1 - INFO - [SCANNER COMPLETION] 0a020063048e87c282a37e2d00940014.web-security-academy.net_20260103_194943_public: ALL 21/4 scanners completed!
2026-01-03 20:33:19 - ScannerWorker_authorization_worker_1 - INFO - Task scan_0a020063048e87c282a37e2d00940014.web-security-academy.net_20260103_194943_public_e471530e completed successfully in 0.00s with 0 findings
2026-01-03 20:33:19 - ScannerWorker_authorization_worker_1 - INFO - Processing task scan_0a020063048e87c282a37e2d00940014.web-security-academy.net_20260103_194943_public_c9ea0bb3 with AuthorizationAccessControlScanner on https://0a020063048e87c282a37e2d00940014.web-security-academy.net/product?productId=7
2026-01-03 20:38:31 - ScannerWorker_authorization_worker_1 - INFO - Worker execution results keys: ['scanner', 'target', 'timestamp', 'status', 'vulnerabilities', 'summary', 'scan_details', 'raw_results']
2026-01-03 20:38:31 - ScannerWorker_authorization_worker_1 - WARNING - Worker: raw_data MISSING in scanner results!
2026-01-03 20:38:31 - ScannerWorker_authorization_worker_1 - INFO - [COMPLETION TRIGGER] 0a020063048e87c282a37e2d00940014.web-security-academy.net_20260103_194943_public: Last task completed! tasks_pending = 0
2026-01-03 20:38:31 - ScannerWorker_authorization_worker_1 - INFO - [SCANNER TRACKING] 0a020063048e87c282a37e2d00940014.web-security-academy.net_20260103_194943_public: Scanner 'AuthorizationAccessControlScanner' marked as completed (444 total)
2026-01-03 20:38:31 - ScannerWorker_authorization_worker_1 - INFO - [SCANNER COMPLETION] 0a020063048e87c282a37e2d00940014.web-security-academy.net_20260103_194943_public: ALL 21/4 scanners completed!
2026-01-03 20:38:31 - ScannerWorker_authorization_worker_1 - INFO - Task scan_0a020063048e87c282a37e2d00940014.web-security-academy.net_20260103_194943_public_c9ea0bb3 completed successfully in 311.97s with 0 findings
2026-01-03 20:38:31 - ScannerWorker_authorization_worker_1 - INFO - Processing task scan_0a020063048e87c282a37e2d00940014.web-security-academy.net_20260103_194943_public_99ba3da4 with FFUFScanner on https://0a020063048e87c282a37e2d00940014.web-security-academy.net/product?productId=5
2026-01-03 20:38:31 - ScannerWorker_authorization_worker_1 - INFO - Worker execution results keys: ['error', 'scanner', 'target', 'findings']
2026-01-03 20:38:31 - ScannerWorker_authorization_worker_1 - WARNING - Worker: raw_data MISSING in scanner results!
2026-01-03 20:38:31 - ScannerWorker_authorization_worker_1 - INFO - [COMPLETION TRIGGER] 0a020063048e87c282a37e2d00940014.web-security-academy.net_20260103_194943_public: Last task completed! tasks_pending = 0
2026-01-03 20:38:31 - ScannerWorker_authorization_worker_1 - INFO - [SCANNER TRACKING] 0a020063048e87c282a37e2d00940014.web-security-academy.net_20260103_194943_public: Scanner 'FFUFScanner' marked as completed (445 total)
2026-01-03 20:38:31 - ScannerWorker_authorization_worker_1 - INFO - [SCANNER COMPLETION] 0a020063048e87c282a37e2d00940014.web-security-academy.net_20260103_194943_public: ALL 21/4 scanners completed!
2026-01-03 20:38:31 - ScannerWorker_authorization_worker_1 - INFO - Task scan_0a020063048e87c282a37e2d00940014.web-security-academy.net_20260103_194943_public_99ba3da4 completed successfully in 0.00s with 0 findings
2026-01-03 20:38:31 - ScannerWorker_authorization_worker_1 - INFO - Processing task scan_0a020063048e87c282a37e2d00940014.web-security-academy.net_20260103_194943_public_956a065f with AuthorizationAccessControlScanner on https://0a020063048e87c282a37e2d00940014.web-security-academy.net/product?productId=12
2026-01-03 20:44:06 - ScannerWorker_authorization_worker_1 - INFO - Worker execution results keys: ['scanner', 'target', 'timestamp', 'status', 'vulnerabilities', 'summary', 'scan_details', 'raw_results']
2026-01-03 20:44:06 - ScannerWorker_authorization_worker_1 - WARNING - Worker: raw_data MISSING in scanner results!
2026-01-03 20:44:06 - ScannerWorker_authorization_worker_1 - INFO - [COMPLETION TRIGGER] 0a020063048e87c282a37e2d00940014.web-security-academy.net_20260103_194943_public: Last task completed! tasks_pending = 0
2026-01-03 20:44:06 - ScannerWorker_authorization_worker_1 - INFO - [SCANNER TRACKING] 0a020063048e87c282a37e2d00940014.web-security-academy.net_20260103_194943_public: Scanner 'AuthorizationAccessControlScanner' marked as completed (464 total)
2026-01-03 20:44:06 - ScannerWorker_authorization_worker_1 - INFO - [SCANNER COMPLETION] 0a020063048e87c282a37e2d00940014.web-security-academy.net_20260103_194943_public: ALL 21/4 scanners completed!
2026-01-03 20:44:06 - ScannerWorker_authorization_worker_1 - INFO - Task scan_0a020063048e87c282a37e2d00940014.web-security-academy.net_20260103_194943_public_956a065f completed successfully in 335.57s with 0 findings
2026-01-03 20:44:06 - ScannerWorker_authorization_worker_1 - INFO - Processing task scan_0a020063048e87c282a37e2d00940014.web-security-academy.net_20260103_194943_public_bd25c5b7 with FFUFScanner on https://0a020063048e87c282a37e2d00940014.web-security-academy.net/product?productId=11
2026-01-03 20:44:06 - ScannerWorker_authorization_worker_1 - INFO - Worker execution results keys: ['error', 'scanner', 'target', 'findings']
2026-01-03 20:44:06 - ScannerWorker_authorization_worker_1 - WARNING - Worker: raw_data MISSING in scanner results!
2026-01-03 20:44:06 - ScannerWorker_authorization_worker_1 - INFO - [COMPLETION TRIGGER] 0a020063048e87c282a37e2d00940014.web-security-academy.net_20260103_194943_public: Last task completed! tasks_pending = 0
2026-01-03 20:44:06 - ScannerWorker_authorization_worker_1 - INFO - [SCANNER TRACKING] 0a020063048e87c282a37e2d00940014.web-security-academy.net_20260103_194943_public: Scanner 'FFUFScanner' marked as completed (465 total)
2026-01-03 20:44:06 - ScannerWorker_authorization_worker_1 - INFO - [SCANNER COMPLETION] 0a020063048e87c282a37e2d00940014.web-security-academy.net_20260103_194943_public: ALL 21/4 scanners completed!
2026-01-03 20:44:06 - ScannerWorker_authorization_worker_1 - INFO - Task scan_0a020063048e87c282a37e2d00940014.web-security-academy.net_20260103_194943_public_bd25c5b7 completed successfully in 0.00s with 0 findings
2026-01-03 20:44:06 - ScannerWorker_authorization_worker_1 - INFO - Processing task scan_0a020063048e87c282a37e2d00940014.web-security-academy.net_20260103_194943_public_774c0490 with AuthorizationAccessControlScanner on https://0a020063048e87c282a37e2d00940014.web-security-academy.net/product?productId=10
2026-01-03 20:49:57 - ScannerWorker_authorization_worker_1 - INFO - Worker execution results keys: ['scanner', 'target', 'timestamp', 'status', 'vulnerabilities', 'summary', 'scan_details', 'raw_results']
2026-01-03 20:49:57 - ScannerWorker_authorization_worker_1 - WARNING - Worker: raw_data MISSING in scanner results!
2026-01-03 20:49:57 - ScannerWorker_authorization_worker_1 - INFO - [COMPLETION TRIGGER] 0a020063048e87c282a37e2d00940014.web-security-academy.net_20260103_194943_public: Last task completed! tasks_pending = 0
2026-01-03 20:49:57 - ScannerWorker_authorization_worker_1 - INFO - [SCANNER TRACKING] 0a020063048e87c282a37e2d00940014.web-security-academy.net_20260103_194943_public: Scanner 'AuthorizationAccessControlScanner' marked as completed (480 total)
2026-01-03 20:49:57 - ScannerWorker_authorization_worker_1 - INFO - [SCANNER COMPLETION] 0a020063048e87c282a37e2d00940014.web-security-academy.net_20260103_194943_public: ALL 21/4 scanners completed!
2026-01-03 20:49:57 - ScannerWorker_authorization_worker_1 - INFO - Task scan_0a020063048e87c282a37e2d00940014.web-security-academy.net_20260103_194943_public_774c0490 completed successfully in 350.53s with 0 findings
2026-01-03 20:49:57 - ScannerWorker_authorization_worker_1 - INFO - Processing task scan_0a020063048e87c282a37e2d00940014.web-security-academy.net_20260103_194943_public_cc872868 with FFUFScanner on https://0a020063048e87c282a37e2d00940014.web-security-academy.net/product?productId=15
2026-01-03 20:49:57 - ScannerWorker_authorization_worker_1 - INFO - Worker execution results keys: ['error', 'scanner', 'target', 'findings']
2026-01-03 20:49:57 - ScannerWorker_authorization_worker_1 - WARNING - Worker: raw_data MISSING in scanner results!
2026-01-03 20:49:57 - ScannerWorker_authorization_worker_1 - INFO - [COMPLETION TRIGGER] 0a020063048e87c282a37e2d00940014.web-security-academy.net_20260103_194943_public: Last task completed! tasks_pending = 0
2026-01-03 20:49:57 - ScannerWorker_authorization_worker_1 - INFO - [SCANNER TRACKING] 0a020063048e87c282a37e2d00940014.web-security-academy.net_20260103_194943_public: Scanner 'FFUFScanner' marked as completed (481 total)
2026-01-03 20:49:57 - ScannerWorker_authorization_worker_1 - INFO - [SCANNER COMPLETION] 0a020063048e87c282a37e2d00940014.web-security-academy.net_20260103_194943_public: ALL 21/4 scanners completed!
2026-01-03 20:49:57 - ScannerWorker_authorization_worker_1 - INFO - Task scan_0a020063048e87c282a37e2d00940014.web-security-academy.net_20260103_194943_public_cc872868 completed successfully in 0.00s with 0 findings
2026-01-03 20:49:57 - ScannerWorker_authorization_worker_1 - INFO - Processing task scan_0a020063048e87c282a37e2d00940014.web-security-academy.net_20260103_194943_public_feed0d92 with AuthorizationAccessControlScanner on https://0a020063048e87c282a37e2d00940014.web-security-academy.net/product?productId=14
2026-01-03 20:55:03 - ScannerWorker_authorization_worker_1 - INFO - Worker execution results keys: ['scanner', 'target', 'timestamp', 'status', 'vulnerabilities', 'summary', 'scan_details', 'raw_results']
2026-01-03 20:55:03 - ScannerWorker_authorization_worker_1 - WARNING - Worker: raw_data MISSING in scanner results!
2026-01-03 20:55:03 - ScannerWorker_authorization_worker_1 - INFO - [COMPLETION TRIGGER] 0a020063048e87c282a37e2d00940014.web-security-academy.net_20260103_194943_public: Last task completed! tasks_pending = 0
2026-01-03 20:55:03 - ScannerWorker_authorization_worker_1 - INFO - [SCANNER TRACKING] 0a020063048e87c282a37e2d00940014.web-security-academy.net_20260103_194943_public: Scanner 'AuthorizationAccessControlScanner' marked as completed (491 total)
2026-01-03 20:55:03 - ScannerWorker_authorization_worker_1 - INFO - [SCANNER COMPLETION] 0a020063048e87c282a37e2d00940014.web-security-academy.net_20260103_194943_public: ALL 21/4 scanners completed!
2026-01-03 20:55:03 - ScannerWorker_authorization_worker_1 - INFO - Task scan_0a020063048e87c282a37e2d00940014.web-security-academy.net_20260103_194943_public_feed0d92 completed successfully in 305.91s with 0 findings
2026-01-03 20:55:03 - ScannerWorker_authorization_worker_1 - INFO - Processing task scan_0a020063048e87c282a37e2d00940014.web-security-academy.net_20260103_194943_public_66143370 with FFUFScanner on https://0a020063048e87c282a37e2d00940014.web-security-academy.net/product?productId=13
2026-01-03 20:55:03 - ScannerWorker_authorization_worker_1 - INFO - Worker execution results keys: ['error', 'scanner', 'target', 'findings']
2026-01-03 20:55:03 - ScannerWorker_authorization_worker_1 - WARNING - Worker: raw_data MISSING in scanner results!
2026-01-03 20:55:03 - ScannerWorker_authorization_worker_1 - INFO - [COMPLETION TRIGGER] 0a020063048e87c282a37e2d00940014.web-security-academy.net_20260103_194943_public: Last task completed! tasks_pending = 0
2026-01-03 20:55:03 - ScannerWorker_authorization_worker_1 - INFO - [SCANNER TRACKING] 0a020063048e87c282a37e2d00940014.web-security-academy.net_20260103_194943_public: Scanner 'FFUFScanner' marked as completed (492 total)
2026-01-03 20:55:03 - ScannerWorker_authorization_worker_1 - INFO - [SCANNER COMPLETION] 0a020063048e87c282a37e2d00940014.web-security-academy.net_20260103_194943_public: ALL 21/4 scanners completed!
2026-01-03 20:55:03 - ScannerWorker_authorization_worker_1 - INFO - Task scan_0a020063048e87c282a37e2d00940014.web-security-academy.net_20260103_194943_public_66143370 completed successfully in 0.00s with 0 findings
2026-01-03 20:55:03 - ScannerWorker_authorization_worker_1 - INFO - Worker authorization_worker_1 received task notification
2026-01-03 20:55:03 - ScannerWorker_authorization_worker_1 - INFO - Worker authorization_worker_1 received task notification
2026-01-03 20:55:03 - ScannerWorker_authorization_worker_1 - INFO - Worker authorization_worker_1 received task notification
2026-01-03 20:55:03 - ScannerWorker_authorization_worker_1 - INFO - Worker authorization_worker_1 received task notification
2026-01-03 20:55:03 - ScannerWorker_authorization_worker_1 - INFO - Worker authorization_worker_1 received task notification
2026-01-03 20:55:03 - ScannerWorker_authorization_worker_1 - INFO - Worker authorization_worker_1 received task notification
2026-01-03 20:55:03 - ScannerWorker_authorization_worker_1 - INFO - Worker authorization_worker_1 received task notification
2026-01-03 20:55:03 - ScannerWorker_authorization_worker_1 - INFO - Worker authorization_worker_1 received task notification
2026-01-03 20:55:03 - ScannerWorker_authorization_worker_1 - INFO - Worker authorization_worker_1 received task notification
2026-01-03 20:55:03 - ScannerWorker_authorization_worker_1 - INFO - Worker authorization_worker_1 received task notification
2026-01-03 20:55:03 - ScannerWorker_authorization_worker_1 - INFO - Worker authorization_worker_1 received task notification
2026-01-03 20:55:03 - ScannerWorker_authorization_worker_1 - INFO - Worker authorization_worker_1 received task notification
2026-01-03 20:55:03 - ScannerWorker_authorization_worker_1 - INFO - Worker authorization_worker_1 received task notification
2026-01-03 20:55:03 - ScannerWorker_authorization_worker_1 - INFO - Worker authorization_worker_1 received task notification
2026-01-03 20:55:03 - ScannerWorker_authorization_worker_1 - INFO - Worker authorization_worker_1 received task notification
2026-01-03 20:55:03 - ScannerWorker_authorization_worker_1 - INFO - Worker authorization_worker_1 received task notification
2026-01-03 20:55:03 - ScannerWorker_authorization_worker_1 - INFO - Worker authorization_worker_1 received task notification
2026-01-03 20:55:03 - ScannerWorker_authorization_worker_1 - INFO - Worker authorization_worker_1 received task notification
2026-01-03 20:55:03 - ScannerWorker_authorization_worker_1 - INFO - Worker authorization_worker_1 received task notification
2026-01-03 20:55:03 - ScannerWorker_authorization_worker_1 - INFO - Worker authorization_worker_1 received task notification
2026-01-03 20:55:03 - ScannerWorker_authorization_worker_1 - INFO - Worker authorization_worker_1 received task notification
2026-01-03 20:55:03 - ScannerWorker_authorization_worker_1 - INFO - Worker authorization_worker_1 received task notification
2026-01-03 20:55:03 - ScannerWorker_authorization_worker_1 - INFO - Worker authorization_worker_1 received task notification
2026-01-03 20:55:03 - ScannerWorker_authorization_worker_1 - INFO - Worker authorization_worker_1 received task notification
2026-01-03 20:55:03 - ScannerWorker_authorization_worker_1 - INFO - Worker authorization_worker_1 received task notification
2026-01-03 20:55:03 - ScannerWorker_authorization_worker_1 - INFO - Worker authorization_worker_1 received task notification
2026-01-03 20:55:03 - ScannerWorker_authorization_worker_1 - INFO - Worker authorization_worker_1 received task notification
2026-01-03 20:55:03 - ScannerWorker_authorization_worker_1 - INFO - Worker authorization_worker_1 received task notification
2026-01-03 20:55:03 - ScannerWorker_authorization_worker_1 - INFO - Worker authorization_worker_1 received task notification
2026-01-03 20:55:03 - ScannerWorker_authorization_worker_1 - INFO - Worker authorization_worker_1 received task notification
2026-01-03 20:55:03 - ScannerWorker_authorization_worker_1 - INFO - Worker authorization_worker_1 received task notification
2026-01-03 20:55:03 - ScannerWorker_authorization_worker_1 - INFO - Worker authorization_worker_1 received task notification
2026-01-03 20:55:03 - ScannerWorker_authorization_worker_1 - INFO - Worker authorization_worker_1 received task notification
2026-01-03 20:55:03 - ScannerWorker_authorization_worker_1 - INFO - Worker authorization_worker_1 received task notification
2026-01-03 20:55:03 - ScannerWorker_authorization_worker_1 - INFO - Worker authorization_worker_1 received task notification
2026-01-03 20:55:03 - ScannerWorker_authorization_worker_1 - INFO - Worker authorization_worker_1 received task notification
2026-01-03 20:55:03 - ScannerWorker_authorization_worker_1 - INFO - Worker authorization_worker_1 received task notification
2026-01-03 20:55:03 - ScannerWorker_authorization_worker_1 - INFO - Worker authorization_worker_1 received task notification
2026-01-03 20:55:03 - ScannerWorker_authorization_worker_1 - INFO - Worker authorization_worker_1 received task notification
2026-01-03 20:55:03 - ScannerWorker_authorization_worker_1 - INFO - Worker authorization_worker_1 received task notification
2026-01-03 20:55:03 - ScannerWorker_authorization_worker_1 - INFO - Worker authorization_worker_1 received task notification
2026-01-03 20:55:03 - ScannerWorker_authorization_worker_1 - INFO - Worker authorization_worker_1 received task notification
2026-01-03 20:55:03 - ScannerWorker_authorization_worker_1 - INFO - Worker authorization_worker_1 received task notification
2026-01-03 20:55:03 - ScannerWorker_authorization_worker_1 - INFO - Worker authorization_worker_1 received task notification
2026-01-03 20:55:03 - ScannerWorker_authorization_worker_1 - INFO - Worker authorization_worker_1 received task notification
2026-01-03 20:55:03 - ScannerWorker_authorization_worker_1 - INFO - Worker authorization_worker_1 received task notification
2026-01-03 20:55:03 - ScannerWorker_authorization_worker_1 - INFO - Worker authorization_worker_1 received task notification
2026-01-03 20:55:03 - ScannerWorker_authorization_worker_1 - INFO - Worker authorization_worker_1 received task notification
2026-01-03 20:55:03 - ScannerWorker_authorization_worker_1 - INFO - Worker authorization_worker_1 received task notification
2026-01-03 20:55:03 - ScannerWorker_authorization_worker_1 - INFO - Worker authorization_worker_1 received task notification
2026-01-03 20:55:03 - ScannerWorker_authorization_worker_1 - INFO - Worker authorization_worker_1 received task notification
2026-01-03 20:55:03 - ScannerWorker_authorization_worker_1 - INFO - Worker authorization_worker_1 received task notification
2026-01-03 20:55:03 - ScannerWorker_authorization_worker_1 - INFO - Worker authorization_worker_1 received task notification
2026-01-03 20:55:03 - ScannerWorker_authorization_worker_1 - INFO - Worker authorization_worker_1 received task notification
2026-01-03 20:55:03 - ScannerWorker_authorization_worker_1 - INFO - Worker authorization_worker_1 received task notification
2026-01-03 20:55:03 - ScannerWorker_authorization_worker_1 - INFO - Worker authorization_worker_1 received task notification
2026-01-03 20:55:03 - ScannerWorker_authorization_worker_1 - INFO - Worker authorization_worker_1 received task notification
2026-01-03 20:55:03 - ScannerWorker_authorization_worker_1 - INFO - Worker authorization_worker_1 received task notification
2026-01-03 20:55:03 - ScannerWorker_authorization_worker_1 - INFO - Worker authorization_worker_1 received task notification
2026-01-03 20:55:03 - ScannerWorker_authorization_worker_1 - INFO - Worker authorization_worker_1 received task notification
2026-01-03 20:55:03 - ScannerWorker_authorization_worker_1 - INFO - Worker authorization_worker_1 received task notification
2026-01-03 20:55:03 - ScannerWorker_authorization_worker_1 - INFO - Worker authorization_worker_1 received task notification
2026-01-03 20:55:03 - ScannerWorker_authorization_worker_1 - INFO - Worker authorization_worker_1 received task notification
2026-01-03 20:55:03 - ScannerWorker_authorization_worker_1 - INFO - Worker authorization_worker_1 received task notification
2026-01-03 20:55:03 - ScannerWorker_authorization_worker_1 - INFO - Worker authorization_worker_1 received task notification
2026-01-03 20:55:03 - ScannerWorker_authorization_worker_1 - INFO - Worker authorization_worker_1 received task notification
2026-01-03 20:55:03 - ScannerWorker_authorization_worker_1 - INFO - Worker authorization_worker_1 received task notification
2026-01-03 20:55:03 - ScannerWorker_authorization_worker_1 - INFO - Worker authorization_worker_1 received task notification
2026-01-03 20:55:03 - ScannerWorker_authorization_worker_1 - INFO - Worker authorization_worker_1 received task notification
2026-01-03 20:55:03 - ScannerWorker_authorization_worker_1 - INFO - Worker authorization_worker_1 received task notification
2026-01-03 20:55:03 - ScannerWorker_authorization_worker_1 - INFO - Worker authorization_worker_1 received task notification
2026-01-03 20:55:03 - ScannerWorker_authorization_worker_1 - INFO - Worker authorization_worker_1 received task notification
2026-01-03 20:55:03 - ScannerWorker_authorization_worker_1 - INFO - Worker authorization_worker_1 received task notification
2026-01-03 20:55:03 - ScannerWorker_authorization_worker_1 - INFO - Worker authorization_worker_1 received task notification
2026-01-03 20:55:03 - ScannerWorker_authorization_worker_1 - INFO - Worker authorization_worker_1 received task notification
2026-01-03 20:55:03 - ScannerWorker_authorization_worker_1 - INFO - Worker authorization_worker_1 received task notification
2026-01-03 20:55:03 - ScannerWorker_authorization_worker_1 - INFO - Worker authorization_worker_1 received task notification
2026-01-03 20:55:03 - ScannerWorker_authorization_worker_1 - INFO - Worker authorization_worker_1 received task notification
2026-01-03 20:55:03 - ScannerWorker_authorization_worker_1 - INFO - Worker authorization_worker_1 received task notification
2026-01-03 20:55:03 - ScannerWorker_authorization_worker_1 - INFO - Worker authorization_worker_1 received task notification
2026-01-03 20:55:03 - ScannerWorker_authorization_worker_1 - INFO - Worker authorization_worker_1 received task notification
2026-01-03 20:55:03 - ScannerWorker_authorization_worker_1 - INFO - Worker authorization_worker_1 received task notification
2026-01-03 20:55:03 - ScannerWorker_authorization_worker_1 - INFO - Worker authorization_worker_1 received task notification
2026-01-03 20:55:03 - ScannerWorker_authorization_worker_1 - INFO - Worker authorization_worker_1 received task notification
2026-01-03 20:55:03 - ScannerWorker_authorization_worker_1 - INFO - Worker authorization_worker_1 received task notification
2026-01-03 20:55:03 - ScannerWorker_authorization_worker_1 - INFO - Worker authorization_worker_1 received task notification
2026-01-03 20:55:03 - ScannerWorker_authorization_worker_1 - INFO - Worker authorization_worker_1 received task notification
2026-01-03 20:55:03 - ScannerWorker_authorization_worker_1 - INFO - Worker authorization_worker_1 received task notification
2026-01-03 20:55:03 - ScannerWorker_authorization_worker_1 - INFO - Worker authorization_worker_1 received task notification
2026-01-03 20:55:03 - ScannerWorker_authorization_worker_1 - INFO - Worker authorization_worker_1 received task notification
2026-01-03 20:55:03 - ScannerWorker_authorization_worker_1 - INFO - Worker authorization_worker_1 received task notification
2026-01-03 20:55:03 - ScannerWorker_authorization_worker_1 - INFO - Worker authorization_worker_1 received task notification
2026-01-03 20:55:03 - ScannerWorker_authorization_worker_1 - INFO - Worker authorization_worker_1 received task notification
2026-01-03 20:55:03 - ScannerWorker_authorization_worker_1 - INFO - Worker authorization_worker_1 received task notification
2026-01-03 20:55:03 - ScannerWorker_authorization_worker_1 - INFO - Worker authorization_worker_1 received task notification
2026-01-03 20:55:03 - ScannerWorker_authorization_worker_1 - INFO - Worker authorization_worker_1 received task notification
2026-01-03 20:55:03 - ScannerWorker_authorization_worker_1 - INFO - Worker authorization_worker_1 received task notification
2026-01-03 20:55:03 - ScannerWorker_authorization_worker_1 - INFO - Worker authorization_worker_1 received task notification
2026-01-03 20:55:03 - ScannerWorker_authorization_worker_1 - INFO - Worker authorization_worker_1 received task notification
2026-01-03 20:55:03 - ScannerWorker_authorization_worker_1 - INFO - Worker authorization_worker_1 received task notification
2026-01-03 20:55:03 - ScannerWorker_authorization_worker_1 - INFO - Worker authorization_worker_1 received task notification
2026-01-03 20:55:03 - ScannerWorker_authorization_worker_1 - INFO - Worker authorization_worker_1 received task notification
2026-01-03 20:55:03 - ScannerWorker_authorization_worker_1 - INFO - Worker authorization_worker_1 received task notification
2026-01-03 20:55:03 - ScannerWorker_authorization_worker_1 - INFO - Worker authorization_worker_1 received task notification
2026-01-03 20:55:03 - ScannerWorker_authorization_worker_1 - INFO - Worker authorization_worker_1 received task notification
2026-01-03 20:55:03 - ScannerWorker_authorization_worker_1 - INFO - Worker authorization_worker_1 received task notification
2026-01-03 20:55:03 - ScannerWorker_authorization_worker_1 - INFO - Worker authorization_worker_1 received task notification
2026-01-03 20:55:03 - ScannerWorker_authorization_worker_1 - INFO - Worker authorization_worker_1 received task notification
2026-01-03 20:55:03 - ScannerWorker_authorization_worker_1 - INFO - Worker authorization_worker_1 received task notification
2026-01-03 20:55:03 - ScannerWorker_authorization_worker_1 - INFO - Worker authorization_worker_1 received task notification
2026-01-03 20:55:03 - ScannerWorker_authorization_worker_1 - INFO - Worker authorization_worker_1 received task notification
2026-01-03 20:55:03 - ScannerWorker_authorization_worker_1 - INFO - Worker authorization_worker_1 received task notification
2026-01-03 20:55:03 - ScannerWorker_authorization_worker_1 - INFO - Worker authorization_worker_1 received task notification
2026-01-03 20:55:03 - ScannerWorker_authorization_worker_1 - INFO - Worker authorization_worker_1 received task notification
2026-01-03 20:55:03 - ScannerWorker_authorization_worker_1 - INFO - Worker authorization_worker_1 received task notification
2026-01-03 20:55:03 - ScannerWorker_authorization_worker_1 - INFO - Worker authorization_worker_1 received task notification
2026-01-03 20:55:03 - ScannerWorker_authorization_worker_1 - INFO - Worker authorization_worker_1 received task notification
2026-01-03 20:55:03 - ScannerWorker_authorization_worker_1 - INFO - Worker authorization_worker_1 received task notification
2026-01-03 20:55:03 - ScannerWorker_authorization_worker_1 - INFO - Worker authorization_worker_1 received task notification
2026-01-03 20:55:03 - ScannerWorker_authorization_worker_1 - INFO - Worker authorization_worker_1 received task notification
2026-01-03 20:55:03 - ScannerWorker_authorization_worker_1 - INFO - Worker authorization_worker_1 received task notification
2026-01-03 20:55:03 - ScannerWorker_authorization_worker_1 - INFO - Worker authorization_worker_1 received task notification
2026-01-03 20:55:03 - ScannerWorker_authorization_worker_1 - INFO - Worker authorization_worker_1 received task notification
2026-01-03 20:55:03 - ScannerWorker_authorization_worker_1 - INFO - Worker authorization_worker_1 received task notification
2026-01-03 20:55:03 - ScannerWorker_authorization_worker_1 - INFO - Worker authorization_worker_1 received task notification
2026-01-03 20:55:03 - ScannerWorker_authorization_worker_1 - INFO - Worker authorization_worker_1 received task notification
2026-01-03 20:55:03 - ScannerWorker_authorization_worker_1 - INFO - Worker authorization_worker_1 received task notification
2026-01-03 20:55:03 - ScannerWorker_authorization_worker_1 - INFO - Worker authorization_worker_1 received task notification
2026-01-03 20:55:03 - ScannerWorker_authorization_worker_1 - INFO - Worker authorization_worker_1 received task notification
2026-01-03 20:55:03 - ScannerWorker_authorization_worker_1 - INFO - Worker authorization_worker_1 received task notification
2026-01-03 20:55:03 - ScannerWorker_authorization_worker_1 - INFO - Worker authorization_worker_1 received task notification
2026-01-03 20:55:03 - ScannerWorker_authorization_worker_1 - INFO - Worker authorization_worker_1 received task notification
2026-01-03 20:55:03 - ScannerWorker_authorization_worker_1 - INFO - Worker authorization_worker_1 received task notification
2026-01-03 20:55:03 - ScannerWorker_authorization_worker_1 - INFO - Worker authorization_worker_1 received task notification
2026-01-03 20:55:03 - ScannerWorker_authorization_worker_1 - INFO - Worker authorization_worker_1 received task notification
2026-01-03 20:55:03 - ScannerWorker_authorization_worker_1 - INFO - Worker authorization_worker_1 received task notification
2026-01-03 20:55:03 - ScannerWorker_authorization_worker_1 - INFO - Worker authorization_worker_1 received task notification
2026-01-03 20:55:03 - ScannerWorker_authorization_worker_1 - INFO - Worker authorization_worker_1 received task notification
2026-01-03 20:55:03 - ScannerWorker_authorization_worker_1 - INFO - Worker authorization_worker_1 received task notification
2026-01-03 20:55:03 - ScannerWorker_authorization_worker_1 - INFO - Worker authorization_worker_1 received task notification
2026-01-03 20:55:03 - ScannerWorker_authorization_worker_1 - INFO - Worker authorization_worker_1 received task notification
2026-01-03 20:55:03 - ScannerWorker_authorization_worker_1 - INFO - Worker authorization_worker_1 received task notification
2026-01-03 20:55:03 - ScannerWorker_authorization_worker_1 - INFO - Worker authorization_worker_1 received task notification
2026-01-03 20:55:03 - ScannerWorker_authorization_worker_1 - INFO - Worker authorization_worker_1 received task notification
2026-01-03 20:55:03 - ScannerWorker_authorization_worker_1 - INFO - Worker authorization_worker_1 received task notification
2026-01-03 20:55:03 - ScannerWorker_authorization_worker_1 - INFO - Worker authorization_worker_1 received task notification
2026-01-03 20:55:03 - ScannerWorker_authorization_worker_1 - INFO - Worker authorization_worker_1 received task notification
2026-01-03 20:55:03 - ScannerWorker_authorization_worker_1 - INFO - Worker authorization_worker_1 received task notification
2026-01-03 20:55:03 - ScannerWorker_authorization_worker_1 - INFO - Worker authorization_worker_1 received task notification
2026-01-03 20:55:03 - ScannerWorker_authorization_worker_1 - INFO - Worker authorization_worker_1 received task notification
2026-01-03 20:55:03 - ScannerWorker_authorization_worker_1 - INFO - Worker authorization_worker_1 received task notification
2026-01-03 20:55:03 - ScannerWorker_authorization_worker_1 - INFO - Worker authorization_worker_1 received task notification
2026-01-03 20:55:03 - ScannerWorker_authorization_worker_1 - INFO - Worker authorization_worker_1 received task notification
2026-01-03 20:55:03 - ScannerWorker_authorization_worker_1 - INFO - Worker authorization_worker_1 received task notification
2026-01-03 20:55:03 - ScannerWorker_authorization_worker_1 - INFO - Worker authorization_worker_1 received task notification
2026-01-03 20:55:03 - ScannerWorker_authorization_worker_1 - INFO - Worker authorization_worker_1 received task notification
2026-01-03 20:55:03 - ScannerWorker_authorization_worker_1 - INFO - Worker authorization_worker_1 received task notification
2026-01-03 20:55:03 - ScannerWorker_authorization_worker_1 - INFO - Worker authorization_worker_1 received task notification
2026-01-03 20:55:03 - ScannerWorker_authorization_worker_1 - INFO - Worker authorization_worker_1 received task notification
2026-01-03 20:55:03 - ScannerWorker_authorization_worker_1 - INFO - Worker authorization_worker_1 received task notification
2026-01-03 20:55:03 - ScannerWorker_authorization_worker_1 - INFO - Worker authorization_worker_1 received task notification
2026-01-03 20:55:03 - ScannerWorker_authorization_worker_1 - INFO - Worker authorization_worker_1 received task notification
2026-01-03 20:55:03 - ScannerWorker_authorization_worker_1 - INFO - Worker authorization_worker_1 received task notification
2026-01-03 20:55:03 - ScannerWorker_authorization_worker_1 - INFO - Worker authorization_worker_1 received task notification
2026-01-03 20:55:03 - ScannerWorker_authorization_worker_1 - INFO - Worker authorization_worker_1 received task notification
2026-01-03 20:55:03 - ScannerWorker_authorization_worker_1 - INFO - Worker authorization_worker_1 received task notification
2026-01-03 20:55:03 - ScannerWorker_authorization_worker_1 - INFO - Worker authorization_worker_1 received task notification
2026-01-03 20:55:03 - ScannerWorker_authorization_worker_1 - INFO - Worker authorization_worker_1 received task notification
2026-01-03 20:55:03 - ScannerWorker_authorization_worker_1 - INFO - Worker authorization_worker_1 received task notification
2026-01-03 20:55:03 - ScannerWorker_authorization_worker_1 - INFO - Worker authorization_worker_1 received task notification
2026-01-03 20:55:03 - ScannerWorker_authorization_worker_1 - INFO - Worker authorization_worker_1 received task notification
2026-01-03 20:55:03 - ScannerWorker_authorization_worker_1 - INFO - Worker authorization_worker_1 received task notification
2026-01-03 20:55:03 - ScannerWorker_authorization_worker_1 - INFO - Worker authorization_worker_1 received task notification
2026-01-03 20:55:03 - ScannerWorker_authorization_worker_1 - INFO - Worker authorization_worker_1 received task notification
2026-01-03 20:55:03 - ScannerWorker_authorization_worker_1 - INFO - Worker authorization_worker_1 received task notification
2026-01-03 20:55:03 - ScannerWorker_authorization_worker_1 - INFO - Worker authorization_worker_1 received task notification
2026-01-03 20:55:03 - ScannerWorker_authorization_worker_1 - INFO - Worker authorization_worker_1 received task notification
2026-01-03 20:55:03 - ScannerWorker_authorization_worker_1 - INFO - Worker authorization_worker_1 received task notification
2026-01-03 20:55:03 - ScannerWorker_authorization_worker_1 - INFO - Worker authorization_worker_1 received task notification
2026-01-03 20:55:03 - ScannerWorker_authorization_worker_1 - INFO - Worker authorization_worker_1 received task notification
2026-01-03 20:55:03 - ScannerWorker_authorization_worker_1 - INFO - Worker authorization_worker_1 received task notification
2026-01-03 20:55:03 - ScannerWorker_authorization_worker_1 - INFO - Worker authorization_worker_1 received task notification
2026-01-03 20:55:03 - ScannerWorker_authorization_worker_1 - INFO - Worker authorization_worker_1 received task notification
2026-01-03 20:55:03 - ScannerWorker_authorization_worker_1 - INFO - Worker authorization_worker_1 received task notification
2026-01-03 20:55:03 - ScannerWorker_authorization_worker_1 - INFO - Worker authorization_worker_1 received task notification
2026-01-03 20:55:03 - ScannerWorker_authorization_worker_1 - INFO - Worker authorization_worker_1 received task notification
2026-01-03 20:55:03 - ScannerWorker_authorization_worker_1 - INFO - Worker authorization_worker_1 received task notification
2026-01-03 20:55:03 - ScannerWorker_authorization_worker_1 - INFO - Worker authorization_worker_1 received task notification
2026-01-03 20:55:03 - ScannerWorker_authorization_worker_1 - INFO - Worker authorization_worker_1 received task notification
2026-01-03 20:55:03 - ScannerWorker_authorization_worker_1 - INFO - Worker authorization_worker_1 received task notification
2026-01-03 20:55:03 - ScannerWorker_authorization_worker_1 - INFO - Worker authorization_worker_1 received task notification
2026-01-03 20:55:03 - ScannerWorker_authorization_worker_1 - INFO - Worker authorization_worker_1 received task notification
2026-01-03 20:55:03 - ScannerWorker_authorization_worker_1 - INFO - Worker authorization_worker_1 received task notification
2026-01-03 20:55:03 - ScannerWorker_authorization_worker_1 - INFO - Worker authorization_worker_1 received task notification
2026-01-03 20:55:03 - ScannerWorker_authorization_worker_1 - INFO - Worker authorization_worker_1 received task notification
2026-01-03 20:55:03 - ScannerWorker_authorization_worker_1 - INFO - Worker authorization_worker_1 received task notification
2026-01-03 20:55:03 - ScannerWorker_authorization_worker_1 - INFO - Worker authorization_worker_1 received task notification
2026-01-03 20:55:03 - ScannerWorker_authorization_worker_1 - INFO - Worker authorization_worker_1 received task notification
2026-01-03 20:55:03 - ScannerWorker_authorization_worker_1 - INFO - Worker authorization_worker_1 received task notification
2026-01-03 20:55:03 - ScannerWorker_authorization_worker_1 - INFO - Worker authorization_worker_1 received task notification
2026-01-03 20:55:03 - ScannerWorker_authorization_worker_1 - INFO - Worker authorization_worker_1 received task notification
2026-01-03 20:55:03 - ScannerWorker_authorization_worker_1 - INFO - Worker authorization_worker_1 received task notification
2026-01-03 20:55:03 - ScannerWorker_authorization_worker_1 - INFO - Worker authorization_worker_1 received task notification
2026-01-03 20:55:03 - ScannerWorker_authorization_worker_1 - INFO - Worker authorization_worker_1 received task notification
2026-01-03 20:55:03 - ScannerWorker_authorization_worker_1 - INFO - Worker authorization_worker_1 received task notification
2026-01-03 20:55:03 - ScannerWorker_authorization_worker_1 - INFO - Worker authorization_worker_1 received task notification
2026-01-03 20:55:03 - ScannerWorker_authorization_worker_1 - INFO - Worker authorization_worker_1 received task notification
2026-01-03 20:55:03 - ScannerWorker_authorization_worker_1 - INFO - Worker authorization_worker_1 received task notification
2026-01-03 20:55:03 - ScannerWorker_authorization_worker_1 - INFO - Worker authorization_worker_1 received task notification
2026-01-03 20:55:03 - ScannerWorker_authorization_worker_1 - INFO - Worker authorization_worker_1 received task notification
2026-01-03 20:55:03 - ScannerWorker_authorization_worker_1 - INFO - Worker authorization_worker_1 received task notification
2026-01-03 20:55:03 - ScannerWorker_authorization_worker_1 - INFO - Worker authorization_worker_1 received task notification
2026-01-03 20:55:03 - ScannerWorker_authorization_worker_1 - INFO - Worker authorization_worker_1 received task notification
2026-01-03 20:55:03 - ScannerWorker_authorization_worker_1 - INFO - Worker authorization_worker_1 received task notification
2026-01-03 20:55:03 - ScannerWorker_authorization_worker_1 - INFO - Worker authorization_worker_1 received task notification
2026-01-03 20:55:03 - ScannerWorker_authorization_worker_1 - INFO - Worker authorization_worker_1 received task notification
2026-01-03 20:55:03 - ScannerWorker_authorization_worker_1 - INFO - Worker authorization_worker_1 received task notification
2026-01-03 20:55:03 - ScannerWorker_authorization_worker_1 - INFO - Worker authorization_worker_1 received task notification
2026-01-03 20:55:03 - ScannerWorker_authorization_worker_1 - INFO - Worker authorization_worker_1 received task notification
2026-01-03 20:55:03 - ScannerWorker_authorization_worker_1 - INFO - Worker authorization_worker_1 received task notification
2026-01-03 20:55:03 - ScannerWorker_authorization_worker_1 - INFO - Worker authorization_worker_1 received task notification
2026-01-03 20:55:03 - ScannerWorker_authorization_worker_1 - INFO - Worker authorization_worker_1 received task notification
2026-01-03 20:55:03 - ScannerWorker_authorization_worker_1 - INFO - Worker authorization_worker_1 received task notification
2026-01-03 20:55:03 - ScannerWorker_authorization_worker_1 - INFO - Worker authorization_worker_1 received task notification
2026-01-03 20:55:03 - ScannerWorker_authorization_worker_1 - INFO - Worker authorization_worker_1 received task notification
2026-01-03 20:55:03 - ScannerWorker_authorization_worker_1 - INFO - Worker authorization_worker_1 received task notification
2026-01-03 20:55:03 - ScannerWorker_authorization_worker_1 - INFO - Worker authorization_worker_1 received task notification
2026-01-03 20:55:03 - ScannerWorker_authorization_worker_1 - INFO - Worker authorization_worker_1 received task notification
2026-01-03 20:55:03 - ScannerWorker_authorization_worker_1 - INFO - Worker authorization_worker_1 received task notification
2026-01-03 20:55:03 - ScannerWorker_authorization_worker_1 - INFO - Worker authorization_worker_1 received task notification
2026-01-03 20:55:03 - ScannerWorker_authorization_worker_1 - INFO - Worker authorization_worker_1 received task notification
2026-01-03 20:55:03 - ScannerWorker_authorization_worker_1 - INFO - Worker authorization_worker_1 received task notification
2026-01-03 20:55:03 - ScannerWorker_authorization_worker_1 - INFO - Worker authorization_worker_1 received task notification
2026-01-03 20:55:03 - ScannerWorker_authorization_worker_1 - INFO - Worker authorization_worker_1 received task notification
2026-01-03 20:55:03 - ScannerWorker_authorization_worker_1 - INFO - Worker authorization_worker_1 received task notification
2026-01-03 20:55:03 - ScannerWorker_authorization_worker_1 - INFO - Worker authorization_worker_1 received task notification
2026-01-03 20:55:03 - ScannerWorker_authorization_worker_1 - INFO - Worker authorization_worker_1 received task notification
2026-01-03 20:55:03 - ScannerWorker_authorization_worker_1 - INFO - Worker authorization_worker_1 received task notification
2026-01-03 20:55:03 - ScannerWorker_authorization_worker_1 - INFO - Worker authorization_worker_1 received task notification
2026-01-03 20:55:03 - ScannerWorker_authorization_worker_1 - INFO - Worker authorization_worker_1 received task notification
2026-01-03 20:55:03 - ScannerWorker_authorization_worker_1 - INFO - Worker authorization_worker_1 received task notification
2026-01-03 20:55:03 - ScannerWorker_authorization_worker_1 - INFO - Worker authorization_worker_1 received task notification
2026-01-03 20:55:03 - ScannerWorker_authorization_worker_1 - INFO - Worker authorization_worker_1 received task notification
2026-01-03 20:55:03 - ScannerWorker_authorization_worker_1 - INFO - Worker authorization_worker_1 received task notification
2026-01-03 20:55:03 - ScannerWorker_authorization_worker_1 - INFO - Worker authorization_worker_1 received task notification
2026-01-03 20:55:03 - ScannerWorker_authorization_worker_1 - INFO - Worker authorization_worker_1 received task notification
2026-01-03 20:55:03 - ScannerWorker_authorization_worker_1 - INFO - Worker authorization_worker_1 received task notification
2026-01-03 20:55:03 - ScannerWorker_authorization_worker_1 - INFO - Worker authorization_worker_1 received task notification
2026-01-03 20:55:03 - ScannerWorker_authorization_worker_1 - INFO - Worker authorization_worker_1 received task notification
2026-01-03 20:55:03 - ScannerWorker_authorization_worker_1 - INFO - Worker authorization_worker_1 received task notification
2026-01-03 20:55:03 - ScannerWorker_authorization_worker_1 - INFO - Worker authorization_worker_1 received task notification
2026-01-03 20:55:03 - ScannerWorker_authorization_worker_1 - INFO - Worker authorization_worker_1 received task notification
2026-01-03 20:55:03 - ScannerWorker_authorization_worker_1 - INFO - Worker authorization_worker_1 received task notification
2026-01-03 20:55:03 - ScannerWorker_authorization_worker_1 - INFO - Worker authorization_worker_1 received task notification
2026-01-03 20:55:03 - ScannerWorker_authorization_worker_1 - INFO - Worker authorization_worker_1 received task notification
2026-01-03 20:55:03 - ScannerWorker_authorization_worker_1 - INFO - Worker authorization_worker_1 received task notification
2026-01-03 20:55:03 - ScannerWorker_authorization_worker_1 - INFO - Worker authorization_worker_1 received task notification
2026-01-03 20:55:03 - ScannerWorker_authorization_worker_1 - INFO - Worker authorization_worker_1 received task notification
2026-01-03 20:55:03 - ScannerWorker_authorization_worker_1 - INFO - Worker authorization_worker_1 received task notification
2026-01-03 20:55:03 - ScannerWorker_authorization_worker_1 - INFO - Worker authorization_worker_1 received task notification
2026-01-03 20:55:03 - ScannerWorker_authorization_worker_1 - INFO - Worker authorization_worker_1 received task notification
2026-01-03 20:55:03 - ScannerWorker_authorization_worker_1 - INFO - Worker authorization_worker_1 received task notification
2026-01-03 20:55:03 - ScannerWorker_authorization_worker_1 - INFO - Worker authorization_worker_1 received task notification
2026-01-03 20:55:03 - ScannerWorker_authorization_worker_1 - INFO - Worker authorization_worker_1 received task notification
2026-01-03 20:55:03 - ScannerWorker_authorization_worker_1 - INFO - Worker authorization_worker_1 received task notification
2026-01-03 20:55:03 - ScannerWorker_authorization_worker_1 - INFO - Worker authorization_worker_1 received task notification
2026-01-03 20:55:03 - ScannerWorker_authorization_worker_1 - INFO - Worker authorization_worker_1 received task notification
2026-01-03 20:55:03 - ScannerWorker_authorization_worker_1 - INFO - Worker authorization_worker_1 received task notification
2026-01-03 20:55:03 - ScannerWorker_authorization_worker_1 - INFO - Worker authorization_worker_1 received task notification
2026-01-03 20:55:03 - ScannerWorker_authorization_worker_1 - INFO - Worker authorization_worker_1 received task notification
2026-01-03 20:55:03 - ScannerWorker_authorization_worker_1 - INFO - Worker authorization_worker_1 received task notification
2026-01-03 20:55:03 - ScannerWorker_authorization_worker_1 - INFO - Worker authorization_worker_1 received task notification
2026-01-03 20:55:03 - ScannerWorker_authorization_worker_1 - INFO - Worker authorization_worker_1 received task notification
2026-01-03 20:55:03 - ScannerWorker_authorization_worker_1 - INFO - Worker authorization_worker_1 received task notification
2026-01-03 20:55:03 - ScannerWorker_authorization_worker_1 - INFO - Worker authorization_worker_1 received task notification
2026-01-03 20:55:03 - ScannerWorker_authorization_worker_1 - INFO - Worker authorization_worker_1 received task notification
2026-01-03 20:55:03 - ScannerWorker_authorization_worker_1 - INFO - Worker authorization_worker_1 received task notification
2026-01-03 20:55:03 - ScannerWorker_authorization_worker_1 - INFO - Worker authorization_worker_1 received task notification
2026-01-03 20:55:03 - ScannerWorker_authorization_worker_1 - INFO - Worker authorization_worker_1 received task notification
2026-01-03 20:55:03 - ScannerWorker_authorization_worker_1 - INFO - Worker authorization_worker_1 received task notification
2026-01-03 20:55:03 - ScannerWorker_authorization_worker_1 - INFO - Worker authorization_worker_1 received task notification
2026-01-03 20:55:03 - ScannerWorker_authorization_worker_1 - INFO - Worker authorization_worker_1 received task notification
2026-01-03 20:55:03 - ScannerWorker_authorization_worker_1 - INFO - Worker authorization_worker_1 received task notification
2026-01-03 20:55:03 - ScannerWorker_authorization_worker_1 - INFO - Worker authorization_worker_1 received task notification
2026-01-03 20:55:03 - ScannerWorker_authorization_worker_1 - INFO - Worker authorization_worker_1 received task notification
2026-01-03 20:55:03 - ScannerWorker_authorization_worker_1 - INFO - Worker authorization_worker_1 received task notification
2026-01-03 20:55:03 - ScannerWorker_authorization_worker_1 - INFO - Worker authorization_worker_1 received task notification
2026-01-03 20:55:03 - ScannerWorker_authorization_worker_1 - INFO - Worker authorization_worker_1 received task notification
2026-01-03 20:55:03 - ScannerWorker_authorization_worker_1 - INFO - Worker authorization_worker_1 received task notification
2026-01-03 20:55:03 - ScannerWorker_authorization_worker_1 - INFO - Worker authorization_worker_1 received task notification
2026-01-03 20:55:03 - ScannerWorker_authorization_worker_1 - INFO - Worker authorization_worker_1 received task notification
2026-01-03 20:55:03 - ScannerWorker_authorization_worker_1 - INFO - Worker authorization_worker_1 received task notification
2026-01-03 20:55:03 - ScannerWorker_authorization_worker_1 - INFO - Worker authorization_worker_1 received task notification
2026-01-03 20:55:03 - ScannerWorker_authorization_worker_1 - INFO - Worker authorization_worker_1 received task notification
2026-01-03 20:55:03 - ScannerWorker_authorization_worker_1 - INFO - Worker authorization_worker_1 received task notification
2026-01-03 20:55:03 - ScannerWorker_authorization_worker_1 - INFO - Worker authorization_worker_1 received task notification
2026-01-03 20:55:03 - ScannerWorker_authorization_worker_1 - INFO - Worker authorization_worker_1 received task notification
2026-01-03 20:55:03 - ScannerWorker_authorization_worker_1 - INFO - Worker authorization_worker_1 received task notification
2026-01-03 20:55:03 - ScannerWorker_authorization_worker_1 - INFO - Worker authorization_worker_1 received task notification
2026-01-03 20:55:03 - ScannerWorker_authorization_worker_1 - INFO - Worker authorization_worker_1 received task notification
2026-01-03 20:55:03 - ScannerWorker_authorization_worker_1 - INFO - Worker authorization_worker_1 received task notification
2026-01-03 20:55:03 - ScannerWorker_authorization_worker_1 - INFO - Worker authorization_worker_1 received task notification
2026-01-03 20:55:03 - ScannerWorker_authorization_worker_1 - INFO - Worker authorization_worker_1 received task notification
2026-01-03 20:55:03 - ScannerWorker_authorization_worker_1 - INFO - Worker authorization_worker_1 received task notification
2026-01-03 20:55:03 - ScannerWorker_authorization_worker_1 - INFO - Worker authorization_worker_1 received task notification
2026-01-03 20:55:03 - ScannerWorker_authorization_worker_1 - INFO - Worker authorization_worker_1 received task notification
2026-01-03 20:55:03 - ScannerWorker_authorization_worker_1 - INFO - Worker authorization_worker_1 received task notification
2026-01-03 20:55:03 - ScannerWorker_authorization_worker_1 - INFO - Worker authorization_worker_1 received task notification
2026-01-03 20:55:03 - ScannerWorker_authorization_worker_1 - INFO - Worker authorization_worker_1 received task notification
2026-01-03 20:55:03 - ScannerWorker_authorization_worker_1 - INFO - Worker authorization_worker_1 received task notification
2026-01-03 20:55:03 - ScannerWorker_authorization_worker_1 - INFO - Worker authorization_worker_1 received task notification
2026-01-03 20:55:03 - ScannerWorker_authorization_worker_1 - INFO - Worker authorization_worker_1 received task notification
2026-01-03 20:55:03 - ScannerWorker_authorization_worker_1 - INFO - Worker authorization_worker_1 received task notification
2026-01-03 20:55:03 - ScannerWorker_authorization_worker_1 - INFO - Worker authorization_worker_1 received task notification
2026-01-03 20:55:03 - ScannerWorker_authorization_worker_1 - INFO - Worker authorization_worker_1 received task notification
2026-01-03 20:55:03 - ScannerWorker_authorization_worker_1 - INFO - Worker authorization_worker_1 received task notification
2026-01-03 20:55:03 - ScannerWorker_authorization_worker_1 - INFO - Worker authorization_worker_1 received task notification
2026-01-03 20:55:03 - ScannerWorker_authorization_worker_1 - INFO - Worker authorization_worker_1 received task notification
2026-01-03 20:55:03 - ScannerWorker_authorization_worker_1 - INFO - Worker authorization_worker_1 received task notification
2026-01-03 20:55:03 - ScannerWorker_authorization_worker_1 - INFO - Worker authorization_worker_1 received task notification
2026-01-03 20:55:03 - ScannerWorker_authorization_worker_1 - INFO - Worker authorization_worker_1 received task notification
2026-01-03 20:55:03 - ScannerWorker_authorization_worker_1 - INFO - Worker authorization_worker_1 received task notification
2026-01-03 20:55:03 - ScannerWorker_authorization_worker_1 - INFO - Worker authorization_worker_1 received task notification
2026-01-03 20:55:03 - ScannerWorker_authorization_worker_1 - INFO - Worker authorization_worker_1 received task notification
2026-01-03 20:55:03 - ScannerWorker_authorization_worker_1 - INFO - Worker authorization_worker_1 received task notification
2026-01-03 20:55:03 - ScannerWorker_authorization_worker_1 - INFO - Worker authorization_worker_1 received task notification
2026-01-03 20:55:03 - ScannerWorker_authorization_worker_1 - INFO - Worker authorization_worker_1 received task notification
2026-01-03 20:55:03 - ScannerWorker_authorization_worker_1 - INFO - Worker authorization_worker_1 received task notification
2026-01-03 20:55:03 - ScannerWorker_authorization_worker_1 - INFO - Worker authorization_worker_1 received task notification
2026-01-03 20:55:03 - ScannerWorker_authorization_worker_1 - INFO - Worker authorization_worker_1 received task notification
2026-01-03 20:55:03 - ScannerWorker_authorization_worker_1 - INFO - Worker authorization_worker_1 received task notification
2026-01-03 20:55:03 - ScannerWorker_authorization_worker_1 - INFO - Worker authorization_worker_1 received task notification
2026-01-03 20:55:03 - ScannerWorker_authorization_worker_1 - INFO - Worker authorization_worker_1 received task notification
2026-01-03 20:55:03 - ScannerWorker_authorization_worker_1 - INFO - Worker authorization_worker_1 received task notification
2026-01-03 20:55:03 - ScannerWorker_authorization_worker_1 - INFO - Worker authorization_worker_1 received task notification
2026-01-03 20:55:03 - ScannerWorker_authorization_worker_1 - INFO - Worker authorization_worker_1 received task notification
2026-01-03 20:55:03 - ScannerWorker_authorization_worker_1 - INFO - Worker authorization_worker_1 received task notification
2026-01-03 20:55:03 - ScannerWorker_authorization_worker_1 - INFO - Worker authorization_worker_1 received task notification
2026-01-03 20:55:03 - ScannerWorker_authorization_worker_1 - INFO - Worker authorization_worker_1 received task notification
2026-01-03 20:55:03 - ScannerWorker_authorization_worker_1 - INFO - Worker authorization_worker_1 received task notification
2026-01-03 20:55:03 - ScannerWorker_authorization_worker_1 - INFO - Worker authorization_worker_1 received task notification
2026-01-03 20:55:03 - ScannerWorker_authorization_worker_1 - INFO - Worker authorization_worker_1 received task notification
2026-01-03 20:55:03 - ScannerWorker_authorization_worker_1 - INFO - Worker authorization_worker_1 received task notification
2026-01-03 20:55:03 - ScannerWorker_authorization_worker_1 - INFO - Worker authorization_worker_1 received task notification
2026-01-03 20:55:03 - ScannerWorker_authorization_worker_1 - INFO - Worker authorization_worker_1 received task notification
2026-01-03 20:55:03 - ScannerWorker_authorization_worker_1 - INFO - Worker authorization_worker_1 received task notification
2026-01-03 20:55:03 - ScannerWorker_authorization_worker_1 - INFO - Worker authorization_worker_1 received task notification
2026-01-03 20:55:03 - ScannerWorker_authorization_worker_1 - INFO - Worker authorization_worker_1 received task notification
2026-01-03 20:55:03 - ScannerWorker_authorization_worker_1 - INFO - Worker authorization_worker_1 received task notification
2026-01-03 20:55:03 - ScannerWorker_authorization_worker_1 - INFO - Worker authorization_worker_1 received task notification
2026-01-03 20:55:03 - ScannerWorker_authorization_worker_1 - INFO - Worker authorization_worker_1 received task notification
2026-01-03 20:55:03 - ScannerWorker_authorization_worker_1 - INFO - Worker authorization_worker_1 received task notification
2026-01-03 20:55:03 - ScannerWorker_authorization_worker_1 - INFO - Worker authorization_worker_1 received task notification
2026-01-03 20:55:03 - ScannerWorker_authorization_worker_1 - INFO - Worker authorization_worker_1 received task notification
2026-01-03 20:55:03 - ScannerWorker_authorization_worker_1 - INFO - Worker authorization_worker_1 received task notification
2026-01-03 20:55:03 - ScannerWorker_authorization_worker_1 - INFO - Worker authorization_worker_1 received task notification
2026-01-03 20:55:03 - ScannerWorker_authorization_worker_1 - INFO - Worker authorization_worker_1 received task notification
2026-01-03 20:55:03 - ScannerWorker_authorization_worker_1 - INFO - Worker authorization_worker_1 received task notification
2026-01-03 20:55:03 - ScannerWorker_authorization_worker_1 - INFO - Worker authorization_worker_1 received task notification
2026-01-03 20:55:03 - ScannerWorker_authorization_worker_1 - INFO - Worker authorization_worker_1 received task notification
2026-01-03 20:55:03 - ScannerWorker_authorization_worker_1 - INFO - Worker authorization_worker_1 received task notification
2026-01-03 20:55:03 - ScannerWorker_authorization_worker_1 - INFO - Worker authorization_worker_1 received task notification
2026-01-03 20:55:03 - ScannerWorker_authorization_worker_1 - INFO - Worker authorization_worker_1 received task notification
2026-01-03 20:55:03 - ScannerWorker_authorization_worker_1 - INFO - Worker authorization_worker_1 received task notification
2026-01-03 20:55:03 - ScannerWorker_authorization_worker_1 - INFO - Worker authorization_worker_1 received task notification
2026-01-03 20:55:03 - ScannerWorker_authorization_worker_1 - INFO - Worker authorization_worker_1 received task notification
2026-01-03 20:55:03 - ScannerWorker_authorization_worker_1 - INFO - Worker authorization_worker_1 received task notification
2026-01-03 20:55:03 - ScannerWorker_authorization_worker_1 - INFO - Worker authorization_worker_1 received task notification
2026-01-03 20:55:03 - ScannerWorker_authorization_worker_1 - INFO - Worker authorization_worker_1 received task notification
2026-01-03 20:55:03 - ScannerWorker_authorization_worker_1 - INFO - Worker authorization_worker_1 received task notification
2026-01-03 20:55:03 - ScannerWorker_authorization_worker_1 - INFO - Worker authorization_worker_1 received task notification
2026-01-03 20:55:03 - ScannerWorker_authorization_worker_1 - INFO - Worker authorization_worker_1 received task notification
2026-01-03 20:55:03 - ScannerWorker_authorization_worker_1 - INFO - Worker authorization_worker_1 received task notification
2026-01-03 20:55:03 - ScannerWorker_authorization_worker_1 - INFO - Worker authorization_worker_1 received task notification
2026-01-03 20:55:03 - ScannerWorker_authorization_worker_1 - INFO - Worker authorization_worker_1 received task notification
2026-01-03 20:55:03 - ScannerWorker_authorization_worker_1 - INFO - Worker authorization_worker_1 received task notification
2026-01-03 20:55:03 - ScannerWorker_authorization_worker_1 - INFO - Worker authorization_worker_1 received task notification
2026-01-03 20:55:03 - ScannerWorker_authorization_worker_1 - INFO - Worker authorization_worker_1 received task notification
2026-01-03 20:55:03 - ScannerWorker_authorization_worker_1 - INFO - Worker authorization_worker_1 received task notification
2026-01-03 20:55:03 - ScannerWorker_authorization_worker_1 - INFO - Worker authorization_worker_1 received task notification
2026-01-03 20:55:03 - ScannerWorker_authorization_worker_1 - INFO - Worker authorization_worker_1 received task notification
2026-01-03 20:55:03 - ScannerWorker_authorization_worker_1 - INFO - Worker authorization_worker_1 received task notification
2026-01-03 20:55:03 - ScannerWorker_authorization_worker_1 - INFO - Worker authorization_worker_1 received task notification
2026-01-03 20:55:03 - ScannerWorker_authorization_worker_1 - INFO - Worker authorization_worker_1 received task notification
2026-01-03 20:55:03 - ScannerWorker_authorization_worker_1 - INFO - Worker authorization_worker_1 received task notification
2026-01-03 20:55:03 - ScannerWorker_authorization_worker_1 - INFO - Worker authorization_worker_1 received task notification
2026-01-03 20:55:03 - ScannerWorker_authorization_worker_1 - INFO - Worker authorization_worker_1 received task notification
2026-01-03 20:55:03 - ScannerWorker_authorization_worker_1 - INFO - Worker authorization_worker_1 received task notification
2026-01-03 20:55:03 - ScannerWorker_authorization_worker_1 - INFO - Worker authorization_worker_1 received task notification
2026-01-03 20:55:03 - ScannerWorker_authorization_worker_1 - INFO - Worker authorization_worker_1 received task notification
2026-01-03 20:55:03 - ScannerWorker_authorization_worker_1 - INFO - Worker authorization_worker_1 received task notification
2026-01-03 20:55:03 - ScannerWorker_authorization_worker_1 - INFO - Worker authorization_worker_1 received task notification
2026-01-03 20:55:03 - ScannerWorker_authorization_worker_1 - INFO - Worker authorization_worker_1 received task notification
2026-01-03 20:55:03 - ScannerWorker_authorization_worker_1 - INFO - Worker authorization_worker_1 received task notification
2026-01-03 20:55:03 - ScannerWorker_authorization_worker_1 - INFO - Worker authorization_worker_1 received task notification
2026-01-03 20:55:03 - ScannerWorker_authorization_worker_1 - INFO - Worker authorization_worker_1 received task notification
2026-01-03 20:55:03 - ScannerWorker_authorization_worker_1 - INFO - Worker authorization_worker_1 received task notification
2026-01-03 20:55:03 - ScannerWorker_authorization_worker_1 - INFO - Worker authorization_worker_1 received task notification
2026-01-03 20:55:03 - ScannerWorker_authorization_worker_1 - INFO - Worker authorization_worker_1 received task notification
2026-01-03 20:55:03 - ScannerWorker_authorization_worker_1 - INFO - Worker authorization_worker_1 received task notification
2026-01-03 20:55:03 - ScannerWorker_authorization_worker_1 - INFO - Worker authorization_worker_1 received task notification
2026-01-03 20:55:03 - ScannerWorker_authorization_worker_1 - INFO - Worker authorization_worker_1 received task notification
2026-01-03 20:55:03 - ScannerWorker_authorization_worker_1 - INFO - Worker authorization_worker_1 received task notification
2026-01-03 20:55:03 - ScannerWorker_authorization_worker_1 - INFO - Worker authorization_worker_1 received task notification
2026-01-03 20:55:03 - ScannerWorker_authorization_worker_1 - INFO - Worker authorization_worker_1 received task notification
2026-01-03 20:55:03 - ScannerWorker_authorization_worker_1 - INFO - Worker authorization_worker_1 received task notification
2026-01-03 20:55:03 - ScannerWorker_authorization_worker_1 - INFO - Worker authorization_worker_1 received task notification
2026-01-03 20:55:03 - ScannerWorker_authorization_worker_1 - INFO - Worker authorization_worker_1 received task notification
2026-01-03 20:55:03 - ScannerWorker_authorization_worker_1 - INFO - Worker authorization_worker_1 received task notification
2026-01-03 20:55:03 - ScannerWorker_authorization_worker_1 - INFO - Worker authorization_worker_1 received task notification
2026-01-03 20:55:03 - ScannerWorker_authorization_worker_1 - INFO - Worker authorization_worker_1 received task notification
2026-01-03 20:55:03 - ScannerWorker_authorization_worker_1 - INFO - Worker authorization_worker_1 received task notification
2026-01-03 20:55:03 - ScannerWorker_authorization_worker_1 - INFO - Worker authorization_worker_1 received task notification
2026-01-03 20:55:03 - ScannerWorker_authorization_worker_1 - INFO - Worker authorization_worker_1 received task notification
2026-01-03 20:55:03 - ScannerWorker_authorization_worker_1 - INFO - Worker authorization_worker_1 received task notification
2026-01-03 20:55:03 - ScannerWorker_authorization_worker_1 - INFO - Worker authorization_worker_1 received task notification
2026-01-03 20:55:03 - ScannerWorker_authorization_worker_1 - INFO - Worker authorization_worker_1 received task notification
2026-01-03 20:55:03 - ScannerWorker_authorization_worker_1 - INFO - Worker authorization_worker_1 received task notification
2026-01-03 20:55:03 - ScannerWorker_authorization_worker_1 - INFO - Worker authorization_worker_1 received task notification
2026-01-03 20:55:03 - ScannerWorker_authorization_worker_1 - INFO - Worker authorization_worker_1 received task notification
2026-01-03 20:55:03 - ScannerWorker_authorization_worker_1 - INFO - Worker authorization_worker_1 received task notification
2026-01-03 20:55:03 - ScannerWorker_authorization_worker_1 - INFO - Worker authorization_worker_1 received task notification
2026-01-03 20:55:03 - ScannerWorker_authorization_worker_1 - INFO - Worker authorization_worker_1 received task notification
2026-01-03 20:55:03 - ScannerWorker_authorization_worker_1 - INFO - Worker authorization_worker_1 received task notification
2026-01-03 20:55:03 - ScannerWorker_authorization_worker_1 - INFO - Worker authorization_worker_1 received task notification
2026-01-03 20:55:03 - ScannerWorker_authorization_worker_1 - INFO - Worker authorization_worker_1 received task notification
2026-01-03 20:55:03 - ScannerWorker_authorization_worker_1 - INFO - Worker authorization_worker_1 received task notification
2026-01-03 20:55:03 - ScannerWorker_authorization_worker_1 - INFO - Worker authorization_worker_1 received task notification
2026-01-03 20:55:03 - ScannerWorker_authorization_worker_1 - INFO - Worker authorization_worker_1 received task notification
2026-01-03 20:55:03 - ScannerWorker_authorization_worker_1 - INFO - Worker authorization_worker_1 received task notification
2026-01-03 20:55:03 - ScannerWorker_authorization_worker_1 - INFO - Worker authorization_worker_1 received task notification
2026-01-03 20:55:03 - ScannerWorker_authorization_worker_1 - INFO - Worker authorization_worker_1 received task notification
2026-01-03 20:55:03 - ScannerWorker_authorization_worker_1 - INFO - Worker authorization_worker_1 received task notification
2026-01-03 20:55:03 - ScannerWorker_authorization_worker_1 - INFO - Worker authorization_worker_1 received task notification
2026-01-03 20:55:03 - ScannerWorker_authorization_worker_1 - INFO - Worker authorization_worker_1 received task notification
2026-01-03 20:55:04 - ScannerWorker_authorization_worker_1 - INFO - Worker authorization_worker_1 received task notification
2026-01-03 20:55:04 - ScannerWorker_authorization_worker_1 - INFO - Worker authorization_worker_1 received task notification
2026-01-03 20:55:04 - ScannerWorker_authorization_worker_1 - INFO - Worker authorization_worker_1 received task notification
2026-01-03 20:55:04 - ScannerWorker_authorization_worker_1 - INFO - Worker authorization_worker_1 received task notification
2026-01-03 20:55:04 - ScannerWorker_authorization_worker_1 - INFO - Worker authorization_worker_1 received task notification
2026-01-03 20:55:04 - ScannerWorker_authorization_worker_1 - INFO - Worker authorization_worker_1 received task notification
2026-01-03 20:55:04 - ScannerWorker_authorization_worker_1 - INFO - Worker authorization_worker_1 received task notification
2026-01-03 20:55:04 - ScannerWorker_authorization_worker_1 - INFO - Worker authorization_worker_1 received task notification
2026-01-03 20:55:04 - ScannerWorker_authorization_worker_1 - INFO - Worker authorization_worker_1 received task notification
2026-01-03 20:55:04 - ScannerWorker_authorization_worker_1 - INFO - Worker authorization_worker_1 received task notification
2026-01-03 20:55:04 - ScannerWorker_authorization_worker_1 - INFO - Worker authorization_worker_1 received task notification
2026-01-03 20:55:04 - ScannerWorker_authorization_worker_1 - INFO - Worker authorization_worker_1 received task notification
2026-01-03 20:55:04 - ScannerWorker_authorization_worker_1 - INFO - Worker authorization_worker_1 received task notification
2026-01-03 20:55:04 - ScannerWorker_authorization_worker_1 - INFO - Worker authorization_worker_1 received task notification
2026-01-03 20:55:04 - ScannerWorker_authorization_worker_1 - INFO - Worker authorization_worker_1 received task notification
2026-01-03 20:55:04 - ScannerWorker_authorization_worker_1 - INFO - Worker authorization_worker_1 received task notification
2026-01-03 20:55:04 - ScannerWorker_authorization_worker_1 - INFO - Worker authorization_worker_1 received task notification
2026-01-03 20:55:04 - ScannerWorker_authorization_worker_1 - INFO - Worker authorization_worker_1 received task notification
2026-01-03 20:55:04 - ScannerWorker_authorization_worker_1 - INFO - Worker authorization_worker_1 received task notification
2026-01-03 20:55:04 - ScannerWorker_authorization_worker_1 - INFO - Worker authorization_worker_1 received task notification
2026-01-03 20:55:04 - ScannerWorker_authorization_worker_1 - INFO - Worker authorization_worker_1 received task notification
2026-01-03 20:55:04 - ScannerWorker_authorization_worker_1 - INFO - Worker authorization_worker_1 received task notification
2026-01-03 20:55:04 - ScannerWorker_authorization_worker_1 - INFO - Worker authorization_worker_1 received task notification
2026-01-03 20:55:04 - ScannerWorker_authorization_worker_1 - INFO - Worker authorization_worker_1 received task notification
2026-01-03 20:55:04 - ScannerWorker_authorization_worker_1 - INFO - Worker authorization_worker_1 received task notification
2026-01-03 20:55:04 - ScannerWorker_authorization_worker_1 - INFO - Worker authorization_worker_1 received task notification
2026-01-03 20:55:04 - ScannerWorker_authorization_worker_1 - INFO - Worker authorization_worker_1 received task notification
2026-01-03 20:55:04 - ScannerWorker_authorization_worker_1 - INFO - Worker authorization_worker_1 received task notification
2026-01-03 20:55:04 - ScannerWorker_authorization_worker_1 - INFO - Worker authorization_worker_1 received task notification
2026-01-03 20:55:04 - ScannerWorker_authorization_worker_1 - INFO - Worker authorization_worker_1 received task notification
2026-01-03 20:55:04 - ScannerWorker_authorization_worker_1 - INFO - Worker authorization_worker_1 received task notification
2026-01-03 20:55:04 - ScannerWorker_authorization_worker_1 - INFO - Worker authorization_worker_1 received task notification
2026-01-03 20:55:04 - ScannerWorker_authorization_worker_1 - INFO - Worker authorization_worker_1 received task notification
2026-01-03 20:55:04 - ScannerWorker_authorization_worker_1 - INFO - Worker authorization_worker_1 received task notification
2026-01-03 20:55:04 - ScannerWorker_authorization_worker_1 - INFO - Worker authorization_worker_1 received task notification
2026-01-03 20:55:04 - ScannerWorker_authorization_worker_1 - INFO - Worker authorization_worker_1 received task notification
2026-01-03 20:55:04 - ScannerWorker_authorization_worker_1 - INFO - Worker authorization_worker_1 received task notification
2026-01-03 20:55:04 - ScannerWorker_authorization_worker_1 - INFO - Worker authorization_worker_1 received task notification
2026-01-03 20:55:04 - ScannerWorker_authorization_worker_1 - INFO - Worker authorization_worker_1 received task notification
2026-01-03 20:55:04 - ScannerWorker_authorization_worker_1 - INFO - Worker authorization_worker_1 received task notification
2026-01-03 20:55:04 - ScannerWorker_authorization_worker_1 - INFO - Worker authorization_worker_1 received task notification
2026-01-03 20:55:04 - ScannerWorker_authorization_worker_1 - INFO - Worker authorization_worker_1 received task notification
