2026-01-03 19:46:38 - ScannerWorker_blockchain_email_worker_0 - INFO - Imported BlockchainEmailScanner
2026-01-03 19:46:38 - ScannerWorker_blockchain_email_worker_0 - INFO - Imported MythrilScanner
2026-01-03 19:46:38 - ScannerWorker_blockchain_email_worker_0 - INFO - Imported SlitherScanner
2026-01-03 19:46:38 - ScannerWorker_blockchain_email_worker_0 - INFO - Imported SMTPUserEnumScanner
2026-01-03 19:46:38 - ScannerWorker_blockchain_email_worker_0 - INFO - Loaded 4 scanners for category blockchain_email
2026-01-03 19:46:39 - ScannerWorker_blockchain_email_worker_0 - INFO - Connected to Redis: redis://localhost:6379/0
2026-01-03 19:46:39 - ScannerWorker_blockchain_email_worker_0 - INFO - Scanner worker blockchain_email_worker_0 started for category blockchain_email
2026-01-03 19:49:46 - ScannerWorker_blockchain_email_worker_0 - INFO - Worker blockchain_email_worker_0 received task notification
2026-01-03 19:49:46 - ScannerWorker_blockchain_email_worker_0 - INFO - Worker blockchain_email_worker_0 received task notification
2026-01-03 19:49:46 - ScannerWorker_blockchain_email_worker_0 - INFO - Worker blockchain_email_worker_0 received task notification
2026-01-03 19:49:46 - ScannerWorker_blockchain_email_worker_0 - INFO - Worker blockchain_email_worker_0 received task notification
2026-01-03 19:49:46 - ScannerWorker_blockchain_email_worker_0 - INFO - Worker blockchain_email_worker_0 received task notification
2026-01-03 19:49:46 - ScannerWorker_blockchain_email_worker_0 - INFO - Worker blockchain_email_worker_0 received task notification
2026-01-03 19:49:46 - ScannerWorker_blockchain_email_worker_0 - INFO - Worker blockchain_email_worker_0 received task notification
2026-01-03 19:49:46 - ScannerWorker_blockchain_email_worker_0 - INFO - Worker blockchain_email_worker_0 received task notification
2026-01-03 19:49:46 - ScannerWorker_blockchain_email_worker_0 - INFO - Worker blockchain_email_worker_0 received task notification
2026-01-03 19:49:46 - ScannerWorker_blockchain_email_worker_0 - INFO - Worker blockchain_email_worker_0 received task notification
2026-01-03 19:49:46 - ScannerWorker_blockchain_email_worker_0 - INFO - Worker blockchain_email_worker_0 received task notification
2026-01-03 19:49:46 - ScannerWorker_blockchain_email_worker_0 - INFO - Worker blockchain_email_worker_0 received task notification
2026-01-03 19:49:46 - ScannerWorker_blockchain_email_worker_0 - INFO - Worker blockchain_email_worker_0 received task notification
2026-01-03 19:49:46 - ScannerWorker_blockchain_email_worker_0 - INFO - Worker blockchain_email_worker_0 received task notification
2026-01-03 19:49:46 - ScannerWorker_blockchain_email_worker_0 - INFO - Worker blockchain_email_worker_0 received task notification
2026-01-03 19:49:46 - ScannerWorker_blockchain_email_worker_0 - INFO - Worker blockchain_email_worker_0 received task notification
2026-01-03 19:49:46 - ScannerWorker_blockchain_email_worker_0 - INFO - Worker blockchain_email_worker_0 received task notification
2026-01-03 19:49:46 - ScannerWorker_blockchain_email_worker_0 - INFO - Worker blockchain_email_worker_0 received task notification
2026-01-03 19:49:46 - ScannerWorker_blockchain_email_worker_0 - INFO - Worker blockchain_email_worker_0 received task notification
2026-01-03 19:49:46 - ScannerWorker_blockchain_email_worker_0 - INFO - Worker blockchain_email_worker_0 received task notification
2026-01-03 19:49:46 - ScannerWorker_blockchain_email_worker_0 - INFO - Worker blockchain_email_worker_0 received task notification
2026-01-03 19:49:46 - ScannerWorker_blockchain_email_worker_0 - INFO - Worker blockchain_email_worker_0 received task notification
2026-01-03 19:49:50 - ScannerWorker_blockchain_email_worker_0 - INFO - Worker blockchain_email_worker_0 received task notification
2026-01-03 19:49:50 - ScannerWorker_blockchain_email_worker_0 - INFO - Worker blockchain_email_worker_0 received task notification
2026-01-03 19:49:50 - ScannerWorker_blockchain_email_worker_0 - INFO - Worker blockchain_email_worker_0 received task notification
2026-01-03 19:49:50 - ScannerWorker_blockchain_email_worker_0 - INFO - Worker blockchain_email_worker_0 received task notification
2026-01-03 19:49:50 - ScannerWorker_blockchain_email_worker_0 - INFO - Worker blockchain_email_worker_0 received task notification
2026-01-03 19:49:50 - ScannerWorker_blockchain_email_worker_0 - INFO - Worker blockchain_email_worker_0 received task notification
2026-01-03 19:49:50 - ScannerWorker_blockchain_email_worker_0 - INFO - Worker blockchain_email_worker_0 received task notification
2026-01-03 19:49:50 - ScannerWorker_blockchain_email_worker_0 - INFO - Worker blockchain_email_worker_0 received task notification
2026-01-03 19:49:50 - ScannerWorker_blockchain_email_worker_0 - INFO - Worker blockchain_email_worker_0 received task notification
2026-01-03 19:49:50 - ScannerWorker_blockchain_email_worker_0 - INFO - Worker blockchain_email_worker_0 received task notification
2026-01-03 19:49:50 - ScannerWorker_blockchain_email_worker_0 - INFO - Worker blockchain_email_worker_0 received task notification
2026-01-03 19:49:50 - ScannerWorker_blockchain_email_worker_0 - INFO - Worker blockchain_email_worker_0 received task notification
2026-01-03 19:49:50 - ScannerWorker_blockchain_email_worker_0 - INFO - Worker blockchain_email_worker_0 received task notification
2026-01-03 19:49:50 - ScannerWorker_blockchain_email_worker_0 - INFO - Worker blockchain_email_worker_0 received task notification
2026-01-03 19:49:50 - ScannerWorker_blockchain_email_worker_0 - INFO - Worker blockchain_email_worker_0 received task notification
2026-01-03 19:49:50 - ScannerWorker_blockchain_email_worker_0 - INFO - Worker blockchain_email_worker_0 received task notification
2026-01-03 19:49:50 - ScannerWorker_blockchain_email_worker_0 - INFO - Worker blockchain_email_worker_0 received task notification
2026-01-03 19:49:50 - ScannerWorker_blockchain_email_worker_0 - INFO - Worker blockchain_email_worker_0 received task notification
2026-01-03 19:49:50 - ScannerWorker_blockchain_email_worker_0 - INFO - Worker blockchain_email_worker_0 received task notification
2026-01-03 19:49:50 - ScannerWorker_blockchain_email_worker_0 - INFO - Worker blockchain_email_worker_0 received task notification
2026-01-03 19:49:50 - ScannerWorker_blockchain_email_worker_0 - INFO - Worker blockchain_email_worker_0 received task notification
2026-01-03 19:49:50 - ScannerWorker_blockchain_email_worker_0 - INFO - Worker blockchain_email_worker_0 received task notification
2026-01-03 19:49:50 - ScannerWorker_blockchain_email_worker_0 - INFO - Worker blockchain_email_worker_0 received task notification
2026-01-03 19:49:50 - ScannerWorker_blockchain_email_worker_0 - INFO - Worker blockchain_email_worker_0 received task notification
2026-01-03 19:49:50 - ScannerWorker_blockchain_email_worker_0 - INFO - Worker blockchain_email_worker_0 received task notification
2026-01-03 19:49:50 - ScannerWorker_blockchain_email_worker_0 - INFO - Worker blockchain_email_worker_0 received task notification
2026-01-03 19:49:50 - ScannerWorker_blockchain_email_worker_0 - INFO - Worker blockchain_email_worker_0 received task notification
2026-01-03 19:49:50 - ScannerWorker_blockchain_email_worker_0 - INFO - Worker blockchain_email_worker_0 received task notification
2026-01-03 19:49:50 - ScannerWorker_blockchain_email_worker_0 - INFO - Worker blockchain_email_worker_0 received task notification
2026-01-03 19:49:50 - ScannerWorker_blockchain_email_worker_0 - INFO - Worker blockchain_email_worker_0 received task notification
2026-01-03 19:49:50 - ScannerWorker_blockchain_email_worker_0 - INFO - Worker blockchain_email_worker_0 received task notification
2026-01-03 19:49:50 - ScannerWorker_blockchain_email_worker_0 - INFO - Worker blockchain_email_worker_0 received task notification
2026-01-03 19:49:50 - ScannerWorker_blockchain_email_worker_0 - INFO - Worker blockchain_email_worker_0 received task notification
2026-01-03 19:49:50 - ScannerWorker_blockchain_email_worker_0 - INFO - Worker blockchain_email_worker_0 received task notification
2026-01-03 19:49:50 - ScannerWorker_blockchain_email_worker_0 - INFO - Worker blockchain_email_worker_0 received task notification
2026-01-03 19:49:50 - ScannerWorker_blockchain_email_worker_0 - INFO - Worker blockchain_email_worker_0 received task notification
2026-01-03 19:49:50 - ScannerWorker_blockchain_email_worker_0 - INFO - Worker blockchain_email_worker_0 received task notification
2026-01-03 19:49:50 - ScannerWorker_blockchain_email_worker_0 - INFO - Worker blockchain_email_worker_0 received task notification
2026-01-03 19:49:50 - ScannerWorker_blockchain_email_worker_0 - INFO - Worker blockchain_email_worker_0 received task notification
2026-01-03 19:49:50 - ScannerWorker_blockchain_email_worker_0 - INFO - Worker blockchain_email_worker_0 received task notification
2026-01-03 19:49:50 - ScannerWorker_blockchain_email_worker_0 - INFO - Worker blockchain_email_worker_0 received task notification
2026-01-03 19:49:50 - ScannerWorker_blockchain_email_worker_0 - INFO - Worker blockchain_email_worker_0 received task notification
2026-01-03 19:49:50 - ScannerWorker_blockchain_email_worker_0 - INFO - Worker blockchain_email_worker_0 received task notification
2026-01-03 19:49:50 - ScannerWorker_blockchain_email_worker_0 - INFO - Worker blockchain_email_worker_0 received task notification
2026-01-03 19:49:50 - ScannerWorker_blockchain_email_worker_0 - INFO - Worker blockchain_email_worker_0 received task notification
2026-01-03 19:49:50 - ScannerWorker_blockchain_email_worker_0 - INFO - Worker blockchain_email_worker_0 received task notification
2026-01-03 19:49:50 - ScannerWorker_blockchain_email_worker_0 - INFO - Worker blockchain_email_worker_0 received task notification
2026-01-03 19:49:50 - ScannerWorker_blockchain_email_worker_0 - INFO - Worker blockchain_email_worker_0 received task notification
2026-01-03 19:49:50 - ScannerWorker_blockchain_email_worker_0 - INFO - Worker blockchain_email_worker_0 received task notification
2026-01-03 19:49:50 - ScannerWorker_blockchain_email_worker_0 - INFO - Worker blockchain_email_worker_0 received task notification
2026-01-03 19:49:50 - ScannerWorker_blockchain_email_worker_0 - INFO - Worker blockchain_email_worker_0 received task notification
2026-01-03 19:49:50 - ScannerWorker_blockchain_email_worker_0 - INFO - Worker blockchain_email_worker_0 received task notification
2026-01-03 19:49:50 - ScannerWorker_blockchain_email_worker_0 - INFO - Worker blockchain_email_worker_0 received task notification
2026-01-03 19:49:50 - ScannerWorker_blockchain_email_worker_0 - INFO - Worker blockchain_email_worker_0 received task notification
2026-01-03 19:49:50 - ScannerWorker_blockchain_email_worker_0 - INFO - Worker blockchain_email_worker_0 received task notification
2026-01-03 19:49:50 - ScannerWorker_blockchain_email_worker_0 - INFO - Worker blockchain_email_worker_0 received task notification
2026-01-03 19:49:50 - ScannerWorker_blockchain_email_worker_0 - INFO - Worker blockchain_email_worker_0 received task notification
2026-01-03 19:49:50 - ScannerWorker_blockchain_email_worker_0 - INFO - Worker blockchain_email_worker_0 received task notification
2026-01-03 19:49:50 - ScannerWorker_blockchain_email_worker_0 - INFO - Worker blockchain_email_worker_0 received task notification
2026-01-03 19:49:50 - ScannerWorker_blockchain_email_worker_0 - INFO - Worker blockchain_email_worker_0 received task notification
2026-01-03 19:49:50 - ScannerWorker_blockchain_email_worker_0 - INFO - Worker blockchain_email_worker_0 received task notification
2026-01-03 19:49:50 - ScannerWorker_blockchain_email_worker_0 - INFO - Worker blockchain_email_worker_0 received task notification
2026-01-03 19:49:50 - ScannerWorker_blockchain_email_worker_0 - INFO - Worker blockchain_email_worker_0 received task notification
2026-01-03 19:49:50 - ScannerWorker_blockchain_email_worker_0 - INFO - Worker blockchain_email_worker_0 received task notification
2026-01-03 19:49:50 - ScannerWorker_blockchain_email_worker_0 - INFO - Worker blockchain_email_worker_0 received task notification
2026-01-03 19:49:50 - ScannerWorker_blockchain_email_worker_0 - INFO - Worker blockchain_email_worker_0 received task notification
2026-01-03 19:49:50 - ScannerWorker_blockchain_email_worker_0 - INFO - Worker blockchain_email_worker_0 received task notification
2026-01-03 19:49:50 - ScannerWorker_blockchain_email_worker_0 - INFO - Worker blockchain_email_worker_0 received task notification
2026-01-03 19:49:50 - ScannerWorker_blockchain_email_worker_0 - INFO - Worker blockchain_email_worker_0 received task notification
2026-01-03 19:49:50 - ScannerWorker_blockchain_email_worker_0 - INFO - Worker blockchain_email_worker_0 received task notification
2026-01-03 19:49:50 - ScannerWorker_blockchain_email_worker_0 - INFO - Worker blockchain_email_worker_0 received task notification
2026-01-03 19:49:50 - ScannerWorker_blockchain_email_worker_0 - INFO - Worker blockchain_email_worker_0 received task notification
2026-01-03 19:49:50 - ScannerWorker_blockchain_email_worker_0 - INFO - Worker blockchain_email_worker_0 received task notification
2026-01-03 19:49:50 - ScannerWorker_blockchain_email_worker_0 - INFO - Worker blockchain_email_worker_0 received task notification
2026-01-03 19:49:50 - ScannerWorker_blockchain_email_worker_0 - INFO - Worker blockchain_email_worker_0 received task notification
2026-01-03 19:49:50 - ScannerWorker_blockchain_email_worker_0 - INFO - Worker blockchain_email_worker_0 received task notification
2026-01-03 19:49:50 - ScannerWorker_blockchain_email_worker_0 - INFO - Worker blockchain_email_worker_0 received task notification
2026-01-03 19:49:50 - ScannerWorker_blockchain_email_worker_0 - INFO - Worker blockchain_email_worker_0 received task notification
2026-01-03 19:49:50 - ScannerWorker_blockchain_email_worker_0 - INFO - Worker blockchain_email_worker_0 received task notification
2026-01-03 19:49:50 - ScannerWorker_blockchain_email_worker_0 - INFO - Worker blockchain_email_worker_0 received task notification
2026-01-03 19:49:50 - ScannerWorker_blockchain_email_worker_0 - INFO - Worker blockchain_email_worker_0 received task notification
2026-01-03 19:49:50 - ScannerWorker_blockchain_email_worker_0 - INFO - Worker blockchain_email_worker_0 received task notification
2026-01-03 19:49:50 - ScannerWorker_blockchain_email_worker_0 - INFO - Worker blockchain_email_worker_0 received task notification
2026-01-03 19:49:50 - ScannerWorker_blockchain_email_worker_0 - INFO - Worker blockchain_email_worker_0 received task notification
2026-01-03 19:49:50 - ScannerWorker_blockchain_email_worker_0 - INFO - Worker blockchain_email_worker_0 received task notification
2026-01-03 19:49:50 - ScannerWorker_blockchain_email_worker_0 - INFO - Worker blockchain_email_worker_0 received task notification
2026-01-03 19:49:50 - ScannerWorker_blockchain_email_worker_0 - INFO - Worker blockchain_email_worker_0 received task notification
2026-01-03 19:49:50 - ScannerWorker_blockchain_email_worker_0 - INFO - Worker blockchain_email_worker_0 received task notification
2026-01-03 19:49:50 - ScannerWorker_blockchain_email_worker_0 - INFO - Worker blockchain_email_worker_0 received task notification
2026-01-03 19:49:50 - ScannerWorker_blockchain_email_worker_0 - INFO - Worker blockchain_email_worker_0 received task notification
2026-01-03 19:49:50 - ScannerWorker_blockchain_email_worker_0 - INFO - Worker blockchain_email_worker_0 received task notification
2026-01-03 19:49:50 - ScannerWorker_blockchain_email_worker_0 - INFO - Worker blockchain_email_worker_0 received task notification
2026-01-03 19:49:50 - ScannerWorker_blockchain_email_worker_0 - INFO - Worker blockchain_email_worker_0 received task notification
2026-01-03 19:49:50 - ScannerWorker_blockchain_email_worker_0 - INFO - Worker blockchain_email_worker_0 received task notification
2026-01-03 19:49:50 - ScannerWorker_blockchain_email_worker_0 - INFO - Worker blockchain_email_worker_0 received task notification
2026-01-03 19:49:50 - ScannerWorker_blockchain_email_worker_0 - INFO - Worker blockchain_email_worker_0 received task notification
2026-01-03 19:49:50 - ScannerWorker_blockchain_email_worker_0 - INFO - Worker blockchain_email_worker_0 received task notification
2026-01-03 19:49:50 - ScannerWorker_blockchain_email_worker_0 - INFO - Worker blockchain_email_worker_0 received task notification
2026-01-03 19:49:50 - ScannerWorker_blockchain_email_worker_0 - INFO - Worker blockchain_email_worker_0 received task notification
2026-01-03 19:49:50 - ScannerWorker_blockchain_email_worker_0 - INFO - Worker blockchain_email_worker_0 received task notification
2026-01-03 19:49:50 - ScannerWorker_blockchain_email_worker_0 - INFO - Worker blockchain_email_worker_0 received task notification
2026-01-03 19:49:50 - ScannerWorker_blockchain_email_worker_0 - INFO - Worker blockchain_email_worker_0 received task notification
2026-01-03 19:49:50 - ScannerWorker_blockchain_email_worker_0 - INFO - Worker blockchain_email_worker_0 received task notification
2026-01-03 19:49:50 - ScannerWorker_blockchain_email_worker_0 - INFO - Worker blockchain_email_worker_0 received task notification
2026-01-03 19:49:50 - ScannerWorker_blockchain_email_worker_0 - INFO - Worker blockchain_email_worker_0 received task notification
2026-01-03 19:49:50 - ScannerWorker_blockchain_email_worker_0 - INFO - Worker blockchain_email_worker_0 received task notification
2026-01-03 19:49:50 - ScannerWorker_blockchain_email_worker_0 - INFO - Worker blockchain_email_worker_0 received task notification
2026-01-03 19:49:50 - ScannerWorker_blockchain_email_worker_0 - INFO - Worker blockchain_email_worker_0 received task notification
2026-01-03 19:49:50 - ScannerWorker_blockchain_email_worker_0 - INFO - Worker blockchain_email_worker_0 received task notification
2026-01-03 19:49:50 - ScannerWorker_blockchain_email_worker_0 - INFO - Worker blockchain_email_worker_0 received task notification
2026-01-03 19:49:50 - ScannerWorker_blockchain_email_worker_0 - INFO - Worker blockchain_email_worker_0 received task notification
2026-01-03 19:49:50 - ScannerWorker_blockchain_email_worker_0 - INFO - Worker blockchain_email_worker_0 received task notification
2026-01-03 19:49:50 - ScannerWorker_blockchain_email_worker_0 - INFO - Worker blockchain_email_worker_0 received task notification
2026-01-03 19:49:50 - ScannerWorker_blockchain_email_worker_0 - INFO - Worker blockchain_email_worker_0 received task notification
2026-01-03 19:49:50 - ScannerWorker_blockchain_email_worker_0 - INFO - Worker blockchain_email_worker_0 received task notification
2026-01-03 19:49:50 - ScannerWorker_blockchain_email_worker_0 - INFO - Worker blockchain_email_worker_0 received task notification
2026-01-03 19:49:50 - ScannerWorker_blockchain_email_worker_0 - INFO - Worker blockchain_email_worker_0 received task notification
2026-01-03 19:49:50 - ScannerWorker_blockchain_email_worker_0 - INFO - Worker blockchain_email_worker_0 received task notification
2026-01-03 19:49:50 - ScannerWorker_blockchain_email_worker_0 - INFO - Worker blockchain_email_worker_0 received task notification
2026-01-03 19:49:50 - ScannerWorker_blockchain_email_worker_0 - INFO - Worker blockchain_email_worker_0 received task notification
2026-01-03 19:49:50 - ScannerWorker_blockchain_email_worker_0 - INFO - Worker blockchain_email_worker_0 received task notification
2026-01-03 19:49:50 - ScannerWorker_blockchain_email_worker_0 - INFO - Worker blockchain_email_worker_0 received task notification
2026-01-03 19:49:50 - ScannerWorker_blockchain_email_worker_0 - INFO - Worker blockchain_email_worker_0 received task notification
2026-01-03 19:49:50 - ScannerWorker_blockchain_email_worker_0 - INFO - Worker blockchain_email_worker_0 received task notification
2026-01-03 19:49:50 - ScannerWorker_blockchain_email_worker_0 - INFO - Worker blockchain_email_worker_0 received task notification
2026-01-03 19:49:50 - ScannerWorker_blockchain_email_worker_0 - INFO - Worker blockchain_email_worker_0 received task notification
2026-01-03 19:49:50 - ScannerWorker_blockchain_email_worker_0 - INFO - Worker blockchain_email_worker_0 received task notification
2026-01-03 19:49:50 - ScannerWorker_blockchain_email_worker_0 - INFO - Worker blockchain_email_worker_0 received task notification
2026-01-03 19:49:50 - ScannerWorker_blockchain_email_worker_0 - INFO - Worker blockchain_email_worker_0 received task notification
2026-01-03 19:49:50 - ScannerWorker_blockchain_email_worker_0 - INFO - Worker blockchain_email_worker_0 received task notification
2026-01-03 19:49:50 - ScannerWorker_blockchain_email_worker_0 - INFO - Worker blockchain_email_worker_0 received task notification
2026-01-03 19:49:50 - ScannerWorker_blockchain_email_worker_0 - INFO - Worker blockchain_email_worker_0 received task notification
2026-01-03 19:49:52 - ScannerWorker_blockchain_email_worker_0 - INFO - Worker blockchain_email_worker_0 received task notification
2026-01-03 19:49:52 - ScannerWorker_blockchain_email_worker_0 - INFO - Worker blockchain_email_worker_0 received task notification
2026-01-03 19:49:52 - ScannerWorker_blockchain_email_worker_0 - INFO - Worker blockchain_email_worker_0 received task notification
2026-01-03 19:49:52 - ScannerWorker_blockchain_email_worker_0 - INFO - Worker blockchain_email_worker_0 received task notification
2026-01-03 19:49:52 - ScannerWorker_blockchain_email_worker_0 - INFO - Worker blockchain_email_worker_0 received task notification
2026-01-03 19:49:52 - ScannerWorker_blockchain_email_worker_0 - INFO - Worker blockchain_email_worker_0 received task notification
2026-01-03 19:49:52 - ScannerWorker_blockchain_email_worker_0 - INFO - Worker blockchain_email_worker_0 received task notification
2026-01-03 19:49:52 - ScannerWorker_blockchain_email_worker_0 - INFO - Worker blockchain_email_worker_0 received task notification
2026-01-03 19:49:52 - ScannerWorker_blockchain_email_worker_0 - INFO - Worker blockchain_email_worker_0 received task notification
2026-01-03 19:49:52 - ScannerWorker_blockchain_email_worker_0 - INFO - Worker blockchain_email_worker_0 received task notification
2026-01-03 19:49:52 - ScannerWorker_blockchain_email_worker_0 - INFO - Worker blockchain_email_worker_0 received task notification
2026-01-03 19:49:52 - ScannerWorker_blockchain_email_worker_0 - INFO - Worker blockchain_email_worker_0 received task notification
2026-01-03 19:49:52 - ScannerWorker_blockchain_email_worker_0 - INFO - Worker blockchain_email_worker_0 received task notification
2026-01-03 19:49:52 - ScannerWorker_blockchain_email_worker_0 - INFO - Worker blockchain_email_worker_0 received task notification
2026-01-03 19:49:52 - ScannerWorker_blockchain_email_worker_0 - INFO - Worker blockchain_email_worker_0 received task notification
2026-01-03 19:49:52 - ScannerWorker_blockchain_email_worker_0 - INFO - Worker blockchain_email_worker_0 received task notification
2026-01-03 19:49:52 - ScannerWorker_blockchain_email_worker_0 - INFO - Worker blockchain_email_worker_0 received task notification
2026-01-03 19:49:52 - ScannerWorker_blockchain_email_worker_0 - INFO - Worker blockchain_email_worker_0 received task notification
2026-01-03 19:49:52 - ScannerWorker_blockchain_email_worker_0 - INFO - Worker blockchain_email_worker_0 received task notification
2026-01-03 19:49:52 - ScannerWorker_blockchain_email_worker_0 - INFO - Worker blockchain_email_worker_0 received task notification
2026-01-03 19:49:52 - ScannerWorker_blockchain_email_worker_0 - INFO - Worker blockchain_email_worker_0 received task notification
2026-01-03 19:49:52 - ScannerWorker_blockchain_email_worker_0 - INFO - Worker blockchain_email_worker_0 received task notification
2026-01-03 19:49:52 - ScannerWorker_blockchain_email_worker_0 - INFO - Worker blockchain_email_worker_0 received task notification
2026-01-03 19:49:52 - ScannerWorker_blockchain_email_worker_0 - INFO - Worker blockchain_email_worker_0 received task notification
2026-01-03 19:49:52 - ScannerWorker_blockchain_email_worker_0 - INFO - Worker blockchain_email_worker_0 received task notification
2026-01-03 19:49:52 - ScannerWorker_blockchain_email_worker_0 - INFO - Worker blockchain_email_worker_0 received task notification
2026-01-03 19:49:52 - ScannerWorker_blockchain_email_worker_0 - INFO - Worker blockchain_email_worker_0 received task notification
2026-01-03 19:49:52 - ScannerWorker_blockchain_email_worker_0 - INFO - Worker blockchain_email_worker_0 received task notification
2026-01-03 19:49:52 - ScannerWorker_blockchain_email_worker_0 - INFO - Worker blockchain_email_worker_0 received task notification
2026-01-03 19:49:52 - ScannerWorker_blockchain_email_worker_0 - INFO - Worker blockchain_email_worker_0 received task notification
2026-01-03 19:49:52 - ScannerWorker_blockchain_email_worker_0 - INFO - Worker blockchain_email_worker_0 received task notification
2026-01-03 19:49:52 - ScannerWorker_blockchain_email_worker_0 - INFO - Worker blockchain_email_worker_0 received task notification
2026-01-03 19:49:52 - ScannerWorker_blockchain_email_worker_0 - INFO - Worker blockchain_email_worker_0 received task notification
2026-01-03 19:49:52 - ScannerWorker_blockchain_email_worker_0 - INFO - Worker blockchain_email_worker_0 received task notification
2026-01-03 19:49:52 - ScannerWorker_blockchain_email_worker_0 - INFO - Worker blockchain_email_worker_0 received task notification
2026-01-03 19:49:52 - ScannerWorker_blockchain_email_worker_0 - INFO - Worker blockchain_email_worker_0 received task notification
2026-01-03 19:49:52 - ScannerWorker_blockchain_email_worker_0 - INFO - Worker blockchain_email_worker_0 received task notification
2026-01-03 19:49:52 - ScannerWorker_blockchain_email_worker_0 - INFO - Worker blockchain_email_worker_0 received task notification
2026-01-03 19:49:52 - ScannerWorker_blockchain_email_worker_0 - INFO - Worker blockchain_email_worker_0 received task notification
2026-01-03 19:49:52 - ScannerWorker_blockchain_email_worker_0 - INFO - Worker blockchain_email_worker_0 received task notification
2026-01-03 19:49:52 - ScannerWorker_blockchain_email_worker_0 - INFO - Worker blockchain_email_worker_0 received task notification
2026-01-03 19:49:52 - ScannerWorker_blockchain_email_worker_0 - INFO - Worker blockchain_email_worker_0 received task notification
2026-01-03 19:49:52 - ScannerWorker_blockchain_email_worker_0 - INFO - Worker blockchain_email_worker_0 received task notification
2026-01-03 19:49:52 - ScannerWorker_blockchain_email_worker_0 - INFO - Worker blockchain_email_worker_0 received task notification
2026-01-03 19:49:52 - ScannerWorker_blockchain_email_worker_0 - INFO - Worker blockchain_email_worker_0 received task notification
2026-01-03 19:49:52 - ScannerWorker_blockchain_email_worker_0 - INFO - Worker blockchain_email_worker_0 received task notification
2026-01-03 19:49:52 - ScannerWorker_blockchain_email_worker_0 - INFO - Worker blockchain_email_worker_0 received task notification
2026-01-03 19:49:52 - ScannerWorker_blockchain_email_worker_0 - INFO - Worker blockchain_email_worker_0 received task notification
2026-01-03 19:49:52 - ScannerWorker_blockchain_email_worker_0 - INFO - Worker blockchain_email_worker_0 received task notification
2026-01-03 19:49:52 - ScannerWorker_blockchain_email_worker_0 - INFO - Worker blockchain_email_worker_0 received task notification
2026-01-03 19:49:52 - ScannerWorker_blockchain_email_worker_0 - INFO - Worker blockchain_email_worker_0 received task notification
2026-01-03 19:49:52 - ScannerWorker_blockchain_email_worker_0 - INFO - Worker blockchain_email_worker_0 received task notification
2026-01-03 19:49:52 - ScannerWorker_blockchain_email_worker_0 - INFO - Worker blockchain_email_worker_0 received task notification
2026-01-03 19:49:52 - ScannerWorker_blockchain_email_worker_0 - INFO - Worker blockchain_email_worker_0 received task notification
2026-01-03 19:49:52 - ScannerWorker_blockchain_email_worker_0 - INFO - Worker blockchain_email_worker_0 received task notification
2026-01-03 19:49:52 - ScannerWorker_blockchain_email_worker_0 - INFO - Worker blockchain_email_worker_0 received task notification
2026-01-03 19:49:52 - ScannerWorker_blockchain_email_worker_0 - INFO - Worker blockchain_email_worker_0 received task notification
2026-01-03 19:49:52 - ScannerWorker_blockchain_email_worker_0 - INFO - Worker blockchain_email_worker_0 received task notification
2026-01-03 19:49:52 - ScannerWorker_blockchain_email_worker_0 - INFO - Worker blockchain_email_worker_0 received task notification
2026-01-03 19:49:52 - ScannerWorker_blockchain_email_worker_0 - INFO - Worker blockchain_email_worker_0 received task notification
2026-01-03 19:49:52 - ScannerWorker_blockchain_email_worker_0 - INFO - Worker blockchain_email_worker_0 received task notification
2026-01-03 19:49:52 - ScannerWorker_blockchain_email_worker_0 - INFO - Worker blockchain_email_worker_0 received task notification
2026-01-03 19:49:52 - ScannerWorker_blockchain_email_worker_0 - INFO - Worker blockchain_email_worker_0 received task notification
2026-01-03 19:49:52 - ScannerWorker_blockchain_email_worker_0 - INFO - Worker blockchain_email_worker_0 received task notification
2026-01-03 19:49:52 - ScannerWorker_blockchain_email_worker_0 - INFO - Worker blockchain_email_worker_0 received task notification
2026-01-03 19:49:52 - ScannerWorker_blockchain_email_worker_0 - INFO - Worker blockchain_email_worker_0 received task notification
2026-01-03 19:49:52 - ScannerWorker_blockchain_email_worker_0 - INFO - Worker blockchain_email_worker_0 received task notification
2026-01-03 19:49:52 - ScannerWorker_blockchain_email_worker_0 - INFO - Worker blockchain_email_worker_0 received task notification
2026-01-03 19:49:52 - ScannerWorker_blockchain_email_worker_0 - INFO - Worker blockchain_email_worker_0 received task notification
2026-01-03 19:49:52 - ScannerWorker_blockchain_email_worker_0 - INFO - Worker blockchain_email_worker_0 received task notification
2026-01-03 19:49:52 - ScannerWorker_blockchain_email_worker_0 - INFO - Worker blockchain_email_worker_0 received task notification
2026-01-03 19:49:52 - ScannerWorker_blockchain_email_worker_0 - INFO - Worker blockchain_email_worker_0 received task notification
2026-01-03 19:49:52 - ScannerWorker_blockchain_email_worker_0 - INFO - Worker blockchain_email_worker_0 received task notification
2026-01-03 19:49:52 - ScannerWorker_blockchain_email_worker_0 - INFO - Worker blockchain_email_worker_0 received task notification
2026-01-03 19:49:52 - ScannerWorker_blockchain_email_worker_0 - INFO - Worker blockchain_email_worker_0 received task notification
2026-01-03 19:49:52 - ScannerWorker_blockchain_email_worker_0 - INFO - Worker blockchain_email_worker_0 received task notification
2026-01-03 19:49:52 - ScannerWorker_blockchain_email_worker_0 - INFO - Worker blockchain_email_worker_0 received task notification
2026-01-03 19:49:52 - ScannerWorker_blockchain_email_worker_0 - INFO - Worker blockchain_email_worker_0 received task notification
2026-01-03 19:49:52 - ScannerWorker_blockchain_email_worker_0 - INFO - Worker blockchain_email_worker_0 received task notification
2026-01-03 19:49:52 - ScannerWorker_blockchain_email_worker_0 - INFO - Worker blockchain_email_worker_0 received task notification
2026-01-03 19:49:52 - ScannerWorker_blockchain_email_worker_0 - INFO - Worker blockchain_email_worker_0 received task notification
2026-01-03 19:49:52 - ScannerWorker_blockchain_email_worker_0 - INFO - Worker blockchain_email_worker_0 received task notification
2026-01-03 19:49:52 - ScannerWorker_blockchain_email_worker_0 - INFO - Worker blockchain_email_worker_0 received task notification
2026-01-03 19:49:52 - ScannerWorker_blockchain_email_worker_0 - INFO - Worker blockchain_email_worker_0 received task notification
2026-01-03 19:49:52 - ScannerWorker_blockchain_email_worker_0 - INFO - Worker blockchain_email_worker_0 received task notification
2026-01-03 19:49:52 - ScannerWorker_blockchain_email_worker_0 - INFO - Worker blockchain_email_worker_0 received task notification
2026-01-03 19:49:52 - ScannerWorker_blockchain_email_worker_0 - INFO - Worker blockchain_email_worker_0 received task notification
2026-01-03 19:49:52 - ScannerWorker_blockchain_email_worker_0 - INFO - Worker blockchain_email_worker_0 received task notification
2026-01-03 19:49:54 - ScannerWorker_blockchain_email_worker_0 - INFO - Worker blockchain_email_worker_0 received task notification
2026-01-03 19:49:54 - ScannerWorker_blockchain_email_worker_0 - INFO - Worker blockchain_email_worker_0 received task notification
2026-01-03 19:49:54 - ScannerWorker_blockchain_email_worker_0 - INFO - Worker blockchain_email_worker_0 received task notification
2026-01-03 19:49:54 - ScannerWorker_blockchain_email_worker_0 - INFO - Worker blockchain_email_worker_0 received task notification
2026-01-03 19:49:54 - ScannerWorker_blockchain_email_worker_0 - INFO - Worker blockchain_email_worker_0 received task notification
2026-01-03 19:49:54 - ScannerWorker_blockchain_email_worker_0 - INFO - Worker blockchain_email_worker_0 received task notification
2026-01-03 19:49:54 - ScannerWorker_blockchain_email_worker_0 - INFO - Worker blockchain_email_worker_0 received task notification
2026-01-03 19:49:54 - ScannerWorker_blockchain_email_worker_0 - INFO - Worker blockchain_email_worker_0 received task notification
2026-01-03 19:49:54 - ScannerWorker_blockchain_email_worker_0 - INFO - Worker blockchain_email_worker_0 received task notification
2026-01-03 19:49:54 - ScannerWorker_blockchain_email_worker_0 - INFO - Worker blockchain_email_worker_0 received task notification
2026-01-03 19:49:54 - ScannerWorker_blockchain_email_worker_0 - INFO - Worker blockchain_email_worker_0 received task notification
2026-01-03 19:49:54 - ScannerWorker_blockchain_email_worker_0 - INFO - Worker blockchain_email_worker_0 received task notification
2026-01-03 19:49:54 - ScannerWorker_blockchain_email_worker_0 - INFO - Worker blockchain_email_worker_0 received task notification
2026-01-03 19:49:54 - ScannerWorker_blockchain_email_worker_0 - INFO - Worker blockchain_email_worker_0 received task notification
2026-01-03 19:49:54 - ScannerWorker_blockchain_email_worker_0 - INFO - Worker blockchain_email_worker_0 received task notification
2026-01-03 19:49:54 - ScannerWorker_blockchain_email_worker_0 - INFO - Worker blockchain_email_worker_0 received task notification
2026-01-03 19:49:54 - ScannerWorker_blockchain_email_worker_0 - INFO - Worker blockchain_email_worker_0 received task notification
2026-01-03 19:49:54 - ScannerWorker_blockchain_email_worker_0 - INFO - Worker blockchain_email_worker_0 received task notification
2026-01-03 19:49:54 - ScannerWorker_blockchain_email_worker_0 - INFO - Worker blockchain_email_worker_0 received task notification
2026-01-03 19:49:54 - ScannerWorker_blockchain_email_worker_0 - INFO - Worker blockchain_email_worker_0 received task notification
2026-01-03 19:49:54 - ScannerWorker_blockchain_email_worker_0 - INFO - Worker blockchain_email_worker_0 received task notification
2026-01-03 19:49:54 - ScannerWorker_blockchain_email_worker_0 - INFO - Worker blockchain_email_worker_0 received task notification
2026-01-03 19:49:54 - ScannerWorker_blockchain_email_worker_0 - INFO - Worker blockchain_email_worker_0 received task notification
2026-01-03 19:49:54 - ScannerWorker_blockchain_email_worker_0 - INFO - Worker blockchain_email_worker_0 received task notification
2026-01-03 19:49:54 - ScannerWorker_blockchain_email_worker_0 - INFO - Worker blockchain_email_worker_0 received task notification
2026-01-03 19:49:55 - ScannerWorker_blockchain_email_worker_0 - INFO - Worker blockchain_email_worker_0 received task notification
2026-01-03 19:49:55 - ScannerWorker_blockchain_email_worker_0 - INFO - Worker blockchain_email_worker_0 received task notification
2026-01-03 19:49:55 - ScannerWorker_blockchain_email_worker_0 - INFO - Worker blockchain_email_worker_0 received task notification
2026-01-03 19:49:55 - ScannerWorker_blockchain_email_worker_0 - INFO - Worker blockchain_email_worker_0 received task notification
2026-01-03 19:49:55 - ScannerWorker_blockchain_email_worker_0 - INFO - Worker blockchain_email_worker_0 received task notification
2026-01-03 19:49:55 - ScannerWorker_blockchain_email_worker_0 - INFO - Worker blockchain_email_worker_0 received task notification
2026-01-03 19:49:55 - ScannerWorker_blockchain_email_worker_0 - INFO - Worker blockchain_email_worker_0 received task notification
2026-01-03 19:49:55 - ScannerWorker_blockchain_email_worker_0 - INFO - Worker blockchain_email_worker_0 received task notification
2026-01-03 19:49:55 - ScannerWorker_blockchain_email_worker_0 - INFO - Worker blockchain_email_worker_0 received task notification
2026-01-03 19:49:55 - ScannerWorker_blockchain_email_worker_0 - INFO - Worker blockchain_email_worker_0 received task notification
2026-01-03 19:49:55 - ScannerWorker_blockchain_email_worker_0 - INFO - Worker blockchain_email_worker_0 received task notification
2026-01-03 19:49:55 - ScannerWorker_blockchain_email_worker_0 - INFO - Worker blockchain_email_worker_0 received task notification
2026-01-03 19:49:55 - ScannerWorker_blockchain_email_worker_0 - INFO - Worker blockchain_email_worker_0 received task notification
2026-01-03 19:49:55 - ScannerWorker_blockchain_email_worker_0 - INFO - Worker blockchain_email_worker_0 received task notification
2026-01-03 19:49:55 - ScannerWorker_blockchain_email_worker_0 - INFO - Worker blockchain_email_worker_0 received task notification
2026-01-03 19:49:55 - ScannerWorker_blockchain_email_worker_0 - INFO - Worker blockchain_email_worker_0 received task notification
2026-01-03 19:49:55 - ScannerWorker_blockchain_email_worker_0 - INFO - Worker blockchain_email_worker_0 received task notification
2026-01-03 19:49:55 - ScannerWorker_blockchain_email_worker_0 - INFO - Worker blockchain_email_worker_0 received task notification
2026-01-03 19:49:55 - ScannerWorker_blockchain_email_worker_0 - INFO - Worker blockchain_email_worker_0 received task notification
2026-01-03 19:49:55 - ScannerWorker_blockchain_email_worker_0 - INFO - Worker blockchain_email_worker_0 received task notification
2026-01-03 19:49:55 - ScannerWorker_blockchain_email_worker_0 - INFO - Worker blockchain_email_worker_0 received task notification
2026-01-03 19:49:55 - ScannerWorker_blockchain_email_worker_0 - INFO - Worker blockchain_email_worker_0 received task notification
2026-01-03 19:49:55 - ScannerWorker_blockchain_email_worker_0 - INFO - Worker blockchain_email_worker_0 received task notification
2026-01-03 19:49:55 - ScannerWorker_blockchain_email_worker_0 - INFO - Worker blockchain_email_worker_0 received task notification
2026-01-03 19:49:55 - ScannerWorker_blockchain_email_worker_0 - INFO - Worker blockchain_email_worker_0 received task notification
2026-01-03 19:49:55 - ScannerWorker_blockchain_email_worker_0 - INFO - Worker blockchain_email_worker_0 received task notification
2026-01-03 19:49:55 - ScannerWorker_blockchain_email_worker_0 - INFO - Worker blockchain_email_worker_0 received task notification
2026-01-03 19:49:55 - ScannerWorker_blockchain_email_worker_0 - INFO - Worker blockchain_email_worker_0 received task notification
2026-01-03 19:49:55 - ScannerWorker_blockchain_email_worker_0 - INFO - Worker blockchain_email_worker_0 received task notification
2026-01-03 19:49:55 - ScannerWorker_blockchain_email_worker_0 - INFO - Worker blockchain_email_worker_0 received task notification
2026-01-03 19:49:55 - ScannerWorker_blockchain_email_worker_0 - INFO - Worker blockchain_email_worker_0 received task notification
2026-01-03 19:49:55 - ScannerWorker_blockchain_email_worker_0 - INFO - Worker blockchain_email_worker_0 received task notification
2026-01-03 19:49:55 - ScannerWorker_blockchain_email_worker_0 - INFO - Worker blockchain_email_worker_0 received task notification
2026-01-03 19:49:55 - ScannerWorker_blockchain_email_worker_0 - INFO - Worker blockchain_email_worker_0 received task notification
2026-01-03 19:49:55 - ScannerWorker_blockchain_email_worker_0 - INFO - Worker blockchain_email_worker_0 received task notification
2026-01-03 19:49:55 - ScannerWorker_blockchain_email_worker_0 - INFO - Worker blockchain_email_worker_0 received task notification
2026-01-03 19:49:55 - ScannerWorker_blockchain_email_worker_0 - INFO - Worker blockchain_email_worker_0 received task notification
2026-01-03 19:49:55 - ScannerWorker_blockchain_email_worker_0 - INFO - Worker blockchain_email_worker_0 received task notification
2026-01-03 19:49:55 - ScannerWorker_blockchain_email_worker_0 - INFO - Worker blockchain_email_worker_0 received task notification
2026-01-03 19:49:55 - ScannerWorker_blockchain_email_worker_0 - INFO - Worker blockchain_email_worker_0 received task notification
2026-01-03 19:49:55 - ScannerWorker_blockchain_email_worker_0 - INFO - Worker blockchain_email_worker_0 received task notification
2026-01-03 19:49:55 - ScannerWorker_blockchain_email_worker_0 - INFO - Worker blockchain_email_worker_0 received task notification
2026-01-03 19:49:55 - ScannerWorker_blockchain_email_worker_0 - INFO - Worker blockchain_email_worker_0 received task notification
2026-01-03 19:49:55 - ScannerWorker_blockchain_email_worker_0 - INFO - Worker blockchain_email_worker_0 received task notification
2026-01-03 19:49:55 - ScannerWorker_blockchain_email_worker_0 - INFO - Worker blockchain_email_worker_0 received task notification
2026-01-03 19:49:55 - ScannerWorker_blockchain_email_worker_0 - INFO - Worker blockchain_email_worker_0 received task notification
2026-01-03 19:49:55 - ScannerWorker_blockchain_email_worker_0 - INFO - Worker blockchain_email_worker_0 received task notification
2026-01-03 19:49:55 - ScannerWorker_blockchain_email_worker_0 - INFO - Worker blockchain_email_worker_0 received task notification
2026-01-03 19:49:55 - ScannerWorker_blockchain_email_worker_0 - INFO - Worker blockchain_email_worker_0 received task notification
2026-01-03 19:49:55 - ScannerWorker_blockchain_email_worker_0 - INFO - Worker blockchain_email_worker_0 received task notification
2026-01-03 19:49:55 - ScannerWorker_blockchain_email_worker_0 - INFO - Worker blockchain_email_worker_0 received task notification
2026-01-03 19:49:55 - ScannerWorker_blockchain_email_worker_0 - INFO - Worker blockchain_email_worker_0 received task notification
2026-01-03 19:49:55 - ScannerWorker_blockchain_email_worker_0 - INFO - Worker blockchain_email_worker_0 received task notification
2026-01-03 19:49:55 - ScannerWorker_blockchain_email_worker_0 - INFO - Worker blockchain_email_worker_0 received task notification
2026-01-03 19:49:55 - ScannerWorker_blockchain_email_worker_0 - INFO - Worker blockchain_email_worker_0 received task notification
2026-01-03 19:49:55 - ScannerWorker_blockchain_email_worker_0 - INFO - Worker blockchain_email_worker_0 received task notification
2026-01-03 19:49:55 - ScannerWorker_blockchain_email_worker_0 - INFO - Worker blockchain_email_worker_0 received task notification
2026-01-03 19:49:55 - ScannerWorker_blockchain_email_worker_0 - INFO - Worker blockchain_email_worker_0 received task notification
2026-01-03 19:49:55 - ScannerWorker_blockchain_email_worker_0 - INFO - Worker blockchain_email_worker_0 received task notification
2026-01-03 19:49:55 - ScannerWorker_blockchain_email_worker_0 - INFO - Worker blockchain_email_worker_0 received task notification
2026-01-03 19:49:55 - ScannerWorker_blockchain_email_worker_0 - INFO - Worker blockchain_email_worker_0 received task notification
2026-01-03 19:49:55 - ScannerWorker_blockchain_email_worker_0 - INFO - Worker blockchain_email_worker_0 received task notification
2026-01-03 19:49:55 - ScannerWorker_blockchain_email_worker_0 - INFO - Worker blockchain_email_worker_0 received task notification
2026-01-03 19:49:55 - ScannerWorker_blockchain_email_worker_0 - INFO - Worker blockchain_email_worker_0 received task notification
2026-01-03 19:49:55 - ScannerWorker_blockchain_email_worker_0 - INFO - Worker blockchain_email_worker_0 received task notification
2026-01-03 19:49:55 - ScannerWorker_blockchain_email_worker_0 - INFO - Worker blockchain_email_worker_0 received task notification
2026-01-03 19:49:55 - ScannerWorker_blockchain_email_worker_0 - INFO - Worker blockchain_email_worker_0 received task notification
2026-01-03 19:49:55 - ScannerWorker_blockchain_email_worker_0 - INFO - Worker blockchain_email_worker_0 received task notification
2026-01-03 19:49:55 - ScannerWorker_blockchain_email_worker_0 - INFO - Worker blockchain_email_worker_0 received task notification
2026-01-03 19:49:55 - ScannerWorker_blockchain_email_worker_0 - INFO - Worker blockchain_email_worker_0 received task notification
2026-01-03 19:49:55 - ScannerWorker_blockchain_email_worker_0 - INFO - Worker blockchain_email_worker_0 received task notification
2026-01-03 19:49:55 - ScannerWorker_blockchain_email_worker_0 - INFO - Worker blockchain_email_worker_0 received task notification
2026-01-03 19:49:55 - ScannerWorker_blockchain_email_worker_0 - INFO - Worker blockchain_email_worker_0 received task notification
2026-01-03 19:49:55 - ScannerWorker_blockchain_email_worker_0 - INFO - Worker blockchain_email_worker_0 received task notification
2026-01-03 19:49:55 - ScannerWorker_blockchain_email_worker_0 - INFO - Worker blockchain_email_worker_0 received task notification
2026-01-03 19:49:55 - ScannerWorker_blockchain_email_worker_0 - INFO - Worker blockchain_email_worker_0 received task notification
2026-01-03 19:49:55 - ScannerWorker_blockchain_email_worker_0 - INFO - Worker blockchain_email_worker_0 received task notification
2026-01-03 19:49:55 - ScannerWorker_blockchain_email_worker_0 - INFO - Worker blockchain_email_worker_0 received task notification
2026-01-03 19:49:55 - ScannerWorker_blockchain_email_worker_0 - INFO - Worker blockchain_email_worker_0 received task notification
2026-01-03 19:49:55 - ScannerWorker_blockchain_email_worker_0 - INFO - Worker blockchain_email_worker_0 received task notification
2026-01-03 19:49:55 - ScannerWorker_blockchain_email_worker_0 - INFO - Worker blockchain_email_worker_0 received task notification
2026-01-03 19:49:55 - ScannerWorker_blockchain_email_worker_0 - INFO - Worker blockchain_email_worker_0 received task notification
2026-01-03 19:49:55 - ScannerWorker_blockchain_email_worker_0 - INFO - Worker blockchain_email_worker_0 received task notification
2026-01-03 19:49:55 - ScannerWorker_blockchain_email_worker_0 - INFO - Worker blockchain_email_worker_0 received task notification
2026-01-03 19:49:55 - ScannerWorker_blockchain_email_worker_0 - INFO - Worker blockchain_email_worker_0 received task notification
2026-01-03 19:49:57 - ScannerWorker_blockchain_email_worker_0 - INFO - Worker blockchain_email_worker_0 received task notification
2026-01-03 19:49:57 - ScannerWorker_blockchain_email_worker_0 - INFO - Worker blockchain_email_worker_0 received task notification
2026-01-03 19:49:57 - ScannerWorker_blockchain_email_worker_0 - INFO - Worker blockchain_email_worker_0 received task notification
2026-01-03 19:49:57 - ScannerWorker_blockchain_email_worker_0 - INFO - Worker blockchain_email_worker_0 received task notification
2026-01-03 19:49:57 - ScannerWorker_blockchain_email_worker_0 - INFO - Worker blockchain_email_worker_0 received task notification
2026-01-03 19:49:57 - ScannerWorker_blockchain_email_worker_0 - INFO - Worker blockchain_email_worker_0 received task notification
2026-01-03 19:49:57 - ScannerWorker_blockchain_email_worker_0 - INFO - Worker blockchain_email_worker_0 received task notification
2026-01-03 19:49:57 - ScannerWorker_blockchain_email_worker_0 - INFO - Worker blockchain_email_worker_0 received task notification
2026-01-03 19:49:57 - ScannerWorker_blockchain_email_worker_0 - INFO - Worker blockchain_email_worker_0 received task notification
2026-01-03 19:49:57 - ScannerWorker_blockchain_email_worker_0 - INFO - Worker blockchain_email_worker_0 received task notification
2026-01-03 19:49:57 - ScannerWorker_blockchain_email_worker_0 - INFO - Worker blockchain_email_worker_0 received task notification
2026-01-03 19:49:57 - ScannerWorker_blockchain_email_worker_0 - INFO - Worker blockchain_email_worker_0 received task notification
2026-01-03 19:49:57 - ScannerWorker_blockchain_email_worker_0 - INFO - Worker blockchain_email_worker_0 received task notification
2026-01-03 19:49:57 - ScannerWorker_blockchain_email_worker_0 - INFO - Worker blockchain_email_worker_0 received task notification
2026-01-03 19:49:57 - ScannerWorker_blockchain_email_worker_0 - INFO - Worker blockchain_email_worker_0 received task notification
2026-01-03 19:49:57 - ScannerWorker_blockchain_email_worker_0 - INFO - Worker blockchain_email_worker_0 received task notification
2026-01-03 19:49:57 - ScannerWorker_blockchain_email_worker_0 - INFO - Worker blockchain_email_worker_0 received task notification
2026-01-03 19:49:57 - ScannerWorker_blockchain_email_worker_0 - INFO - Worker blockchain_email_worker_0 received task notification
2026-01-03 19:49:57 - ScannerWorker_blockchain_email_worker_0 - INFO - Worker blockchain_email_worker_0 received task notification
2026-01-03 19:49:57 - ScannerWorker_blockchain_email_worker_0 - INFO - Worker blockchain_email_worker_0 received task notification
2026-01-03 19:49:57 - ScannerWorker_blockchain_email_worker_0 - INFO - Worker blockchain_email_worker_0 received task notification
2026-01-03 19:49:57 - ScannerWorker_blockchain_email_worker_0 - INFO - Worker blockchain_email_worker_0 received task notification
2026-01-03 19:49:57 - ScannerWorker_blockchain_email_worker_0 - INFO - Worker blockchain_email_worker_0 received task notification
2026-01-03 19:49:57 - ScannerWorker_blockchain_email_worker_0 - INFO - Worker blockchain_email_worker_0 received task notification
2026-01-03 19:49:57 - ScannerWorker_blockchain_email_worker_0 - INFO - Worker blockchain_email_worker_0 received task notification
2026-01-03 19:49:57 - ScannerWorker_blockchain_email_worker_0 - INFO - Worker blockchain_email_worker_0 received task notification
2026-01-03 19:49:57 - ScannerWorker_blockchain_email_worker_0 - INFO - Worker blockchain_email_worker_0 received task notification
2026-01-03 19:49:57 - ScannerWorker_blockchain_email_worker_0 - INFO - Worker blockchain_email_worker_0 received task notification
2026-01-03 19:49:57 - ScannerWorker_blockchain_email_worker_0 - INFO - Worker blockchain_email_worker_0 received task notification
2026-01-03 19:49:57 - ScannerWorker_blockchain_email_worker_0 - INFO - Worker blockchain_email_worker_0 received task notification
2026-01-03 19:49:57 - ScannerWorker_blockchain_email_worker_0 - INFO - Worker blockchain_email_worker_0 received task notification
2026-01-03 19:49:57 - ScannerWorker_blockchain_email_worker_0 - INFO - Worker blockchain_email_worker_0 received task notification
2026-01-03 19:49:57 - ScannerWorker_blockchain_email_worker_0 - INFO - Worker blockchain_email_worker_0 received task notification
2026-01-03 19:49:57 - ScannerWorker_blockchain_email_worker_0 - INFO - Worker blockchain_email_worker_0 received task notification
2026-01-03 19:49:57 - ScannerWorker_blockchain_email_worker_0 - INFO - Worker blockchain_email_worker_0 received task notification
2026-01-03 19:49:57 - ScannerWorker_blockchain_email_worker_0 - INFO - Worker blockchain_email_worker_0 received task notification
2026-01-03 19:49:57 - ScannerWorker_blockchain_email_worker_0 - INFO - Worker blockchain_email_worker_0 received task notification
2026-01-03 19:49:57 - ScannerWorker_blockchain_email_worker_0 - INFO - Worker blockchain_email_worker_0 received task notification
2026-01-03 19:49:57 - ScannerWorker_blockchain_email_worker_0 - INFO - Worker blockchain_email_worker_0 received task notification
2026-01-03 19:49:57 - ScannerWorker_blockchain_email_worker_0 - INFO - Worker blockchain_email_worker_0 received task notification
2026-01-03 19:49:57 - ScannerWorker_blockchain_email_worker_0 - INFO - Worker blockchain_email_worker_0 received task notification
2026-01-03 19:49:57 - ScannerWorker_blockchain_email_worker_0 - INFO - Worker blockchain_email_worker_0 received task notification
2026-01-03 19:49:57 - ScannerWorker_blockchain_email_worker_0 - INFO - Worker blockchain_email_worker_0 received task notification
2026-01-03 19:49:57 - ScannerWorker_blockchain_email_worker_0 - INFO - Worker blockchain_email_worker_0 received task notification
2026-01-03 19:49:57 - ScannerWorker_blockchain_email_worker_0 - INFO - Worker blockchain_email_worker_0 received task notification
2026-01-03 19:49:57 - ScannerWorker_blockchain_email_worker_0 - INFO - Worker blockchain_email_worker_0 received task notification
2026-01-03 19:49:57 - ScannerWorker_blockchain_email_worker_0 - INFO - Worker blockchain_email_worker_0 received task notification
2026-01-03 19:49:57 - ScannerWorker_blockchain_email_worker_0 - INFO - Worker blockchain_email_worker_0 received task notification
2026-01-03 19:49:57 - ScannerWorker_blockchain_email_worker_0 - INFO - Worker blockchain_email_worker_0 received task notification
2026-01-03 19:49:57 - ScannerWorker_blockchain_email_worker_0 - INFO - Worker blockchain_email_worker_0 received task notification
2026-01-03 19:49:57 - ScannerWorker_blockchain_email_worker_0 - INFO - Worker blockchain_email_worker_0 received task notification
2026-01-03 19:49:57 - ScannerWorker_blockchain_email_worker_0 - INFO - Worker blockchain_email_worker_0 received task notification
2026-01-03 19:49:57 - ScannerWorker_blockchain_email_worker_0 - INFO - Worker blockchain_email_worker_0 received task notification
2026-01-03 19:49:57 - ScannerWorker_blockchain_email_worker_0 - INFO - Worker blockchain_email_worker_0 received task notification
2026-01-03 19:49:57 - ScannerWorker_blockchain_email_worker_0 - INFO - Worker blockchain_email_worker_0 received task notification
2026-01-03 19:49:57 - ScannerWorker_blockchain_email_worker_0 - INFO - Worker blockchain_email_worker_0 received task notification
2026-01-03 19:49:57 - ScannerWorker_blockchain_email_worker_0 - INFO - Worker blockchain_email_worker_0 received task notification
2026-01-03 19:49:57 - ScannerWorker_blockchain_email_worker_0 - INFO - Worker blockchain_email_worker_0 received task notification
2026-01-03 19:49:57 - ScannerWorker_blockchain_email_worker_0 - INFO - Worker blockchain_email_worker_0 received task notification
2026-01-03 19:49:57 - ScannerWorker_blockchain_email_worker_0 - INFO - Worker blockchain_email_worker_0 received task notification
2026-01-03 19:49:57 - ScannerWorker_blockchain_email_worker_0 - INFO - Worker blockchain_email_worker_0 received task notification
2026-01-03 19:49:57 - ScannerWorker_blockchain_email_worker_0 - INFO - Worker blockchain_email_worker_0 received task notification
2026-01-03 19:49:57 - ScannerWorker_blockchain_email_worker_0 - INFO - Worker blockchain_email_worker_0 received task notification
2026-01-03 19:49:57 - ScannerWorker_blockchain_email_worker_0 - INFO - Worker blockchain_email_worker_0 received task notification
2026-01-03 19:49:57 - ScannerWorker_blockchain_email_worker_0 - INFO - Worker blockchain_email_worker_0 received task notification
2026-01-03 19:49:57 - ScannerWorker_blockchain_email_worker_0 - INFO - Worker blockchain_email_worker_0 received task notification
2026-01-03 19:49:59 - ScannerWorker_blockchain_email_worker_0 - INFO - Worker blockchain_email_worker_0 received task notification
2026-01-03 19:49:59 - ScannerWorker_blockchain_email_worker_0 - INFO - Worker blockchain_email_worker_0 received task notification
2026-01-03 19:49:59 - ScannerWorker_blockchain_email_worker_0 - INFO - Worker blockchain_email_worker_0 received task notification
2026-01-03 19:49:59 - ScannerWorker_blockchain_email_worker_0 - INFO - Worker blockchain_email_worker_0 received task notification
2026-01-03 19:49:59 - ScannerWorker_blockchain_email_worker_0 - INFO - Worker blockchain_email_worker_0 received task notification
2026-01-03 19:49:59 - ScannerWorker_blockchain_email_worker_0 - INFO - Worker blockchain_email_worker_0 received task notification
2026-01-03 19:49:59 - ScannerWorker_blockchain_email_worker_0 - INFO - Worker blockchain_email_worker_0 received task notification
2026-01-03 19:49:59 - ScannerWorker_blockchain_email_worker_0 - INFO - Worker blockchain_email_worker_0 received task notification
2026-01-03 19:49:59 - ScannerWorker_blockchain_email_worker_0 - INFO - Worker blockchain_email_worker_0 received task notification
2026-01-03 19:49:59 - ScannerWorker_blockchain_email_worker_0 - INFO - Worker blockchain_email_worker_0 received task notification
2026-01-03 19:49:59 - ScannerWorker_blockchain_email_worker_0 - INFO - Worker blockchain_email_worker_0 received task notification
2026-01-03 19:49:59 - ScannerWorker_blockchain_email_worker_0 - INFO - Worker blockchain_email_worker_0 received task notification
2026-01-03 19:49:59 - ScannerWorker_blockchain_email_worker_0 - INFO - Worker blockchain_email_worker_0 received task notification
2026-01-03 19:49:59 - ScannerWorker_blockchain_email_worker_0 - INFO - Worker blockchain_email_worker_0 received task notification
2026-01-03 19:49:59 - ScannerWorker_blockchain_email_worker_0 - INFO - Worker blockchain_email_worker_0 received task notification
2026-01-03 19:49:59 - ScannerWorker_blockchain_email_worker_0 - INFO - Worker blockchain_email_worker_0 received task notification
2026-01-03 19:49:59 - ScannerWorker_blockchain_email_worker_0 - INFO - Worker blockchain_email_worker_0 received task notification
2026-01-03 19:49:59 - ScannerWorker_blockchain_email_worker_0 - INFO - Worker blockchain_email_worker_0 received task notification
2026-01-03 19:49:59 - ScannerWorker_blockchain_email_worker_0 - INFO - Worker blockchain_email_worker_0 received task notification
2026-01-03 19:49:59 - ScannerWorker_blockchain_email_worker_0 - INFO - Worker blockchain_email_worker_0 received task notification
2026-01-03 19:49:59 - ScannerWorker_blockchain_email_worker_0 - INFO - Worker blockchain_email_worker_0 received task notification
2026-01-03 19:49:59 - ScannerWorker_blockchain_email_worker_0 - INFO - Worker blockchain_email_worker_0 received task notification
2026-01-03 19:49:59 - ScannerWorker_blockchain_email_worker_0 - INFO - Worker blockchain_email_worker_0 received task notification
2026-01-03 19:49:59 - ScannerWorker_blockchain_email_worker_0 - INFO - Worker blockchain_email_worker_0 received task notification
2026-01-03 19:49:59 - ScannerWorker_blockchain_email_worker_0 - INFO - Worker blockchain_email_worker_0 received task notification
2026-01-03 19:49:59 - ScannerWorker_blockchain_email_worker_0 - INFO - Worker blockchain_email_worker_0 received task notification
2026-01-03 19:49:59 - ScannerWorker_blockchain_email_worker_0 - INFO - Worker blockchain_email_worker_0 received task notification
2026-01-03 19:49:59 - ScannerWorker_blockchain_email_worker_0 - INFO - Worker blockchain_email_worker_0 received task notification
2026-01-03 19:49:59 - ScannerWorker_blockchain_email_worker_0 - INFO - Worker blockchain_email_worker_0 received task notification
2026-01-03 19:49:59 - ScannerWorker_blockchain_email_worker_0 - INFO - Worker blockchain_email_worker_0 received task notification
2026-01-03 19:49:59 - ScannerWorker_blockchain_email_worker_0 - INFO - Worker blockchain_email_worker_0 received task notification
2026-01-03 19:49:59 - ScannerWorker_blockchain_email_worker_0 - INFO - Worker blockchain_email_worker_0 received task notification
2026-01-03 19:49:59 - ScannerWorker_blockchain_email_worker_0 - INFO - Worker blockchain_email_worker_0 received task notification
2026-01-03 19:49:59 - ScannerWorker_blockchain_email_worker_0 - INFO - Worker blockchain_email_worker_0 received task notification
2026-01-03 19:49:59 - ScannerWorker_blockchain_email_worker_0 - INFO - Worker blockchain_email_worker_0 received task notification
2026-01-03 19:49:59 - ScannerWorker_blockchain_email_worker_0 - INFO - Worker blockchain_email_worker_0 received task notification
2026-01-03 19:49:59 - ScannerWorker_blockchain_email_worker_0 - INFO - Worker blockchain_email_worker_0 received task notification
2026-01-03 19:49:59 - ScannerWorker_blockchain_email_worker_0 - INFO - Worker blockchain_email_worker_0 received task notification
2026-01-03 19:49:59 - ScannerWorker_blockchain_email_worker_0 - INFO - Worker blockchain_email_worker_0 received task notification
2026-01-03 19:49:59 - ScannerWorker_blockchain_email_worker_0 - INFO - Worker blockchain_email_worker_0 received task notification
2026-01-03 19:49:59 - ScannerWorker_blockchain_email_worker_0 - INFO - Worker blockchain_email_worker_0 received task notification
2026-01-03 19:49:59 - ScannerWorker_blockchain_email_worker_0 - INFO - Worker blockchain_email_worker_0 received task notification
2026-01-03 19:49:59 - ScannerWorker_blockchain_email_worker_0 - INFO - Worker blockchain_email_worker_0 received task notification
2026-01-03 19:49:59 - ScannerWorker_blockchain_email_worker_0 - INFO - Worker blockchain_email_worker_0 received task notification
2026-01-03 19:49:59 - ScannerWorker_blockchain_email_worker_0 - INFO - Worker blockchain_email_worker_0 received task notification
2026-01-03 19:49:59 - ScannerWorker_blockchain_email_worker_0 - INFO - Worker blockchain_email_worker_0 received task notification
2026-01-03 19:49:59 - ScannerWorker_blockchain_email_worker_0 - INFO - Worker blockchain_email_worker_0 received task notification
2026-01-03 19:49:59 - ScannerWorker_blockchain_email_worker_0 - INFO - Worker blockchain_email_worker_0 received task notification
2026-01-03 19:49:59 - ScannerWorker_blockchain_email_worker_0 - INFO - Worker blockchain_email_worker_0 received task notification
2026-01-03 19:49:59 - ScannerWorker_blockchain_email_worker_0 - INFO - Worker blockchain_email_worker_0 received task notification
2026-01-03 19:49:59 - ScannerWorker_blockchain_email_worker_0 - INFO - Worker blockchain_email_worker_0 received task notification
2026-01-03 19:49:59 - ScannerWorker_blockchain_email_worker_0 - INFO - Worker blockchain_email_worker_0 received task notification
2026-01-03 19:49:59 - ScannerWorker_blockchain_email_worker_0 - INFO - Worker blockchain_email_worker_0 received task notification
2026-01-03 19:49:59 - ScannerWorker_blockchain_email_worker_0 - INFO - Worker blockchain_email_worker_0 received task notification
2026-01-03 19:49:59 - ScannerWorker_blockchain_email_worker_0 - INFO - Worker blockchain_email_worker_0 received task notification
2026-01-03 19:49:59 - ScannerWorker_blockchain_email_worker_0 - INFO - Worker blockchain_email_worker_0 received task notification
2026-01-03 19:49:59 - ScannerWorker_blockchain_email_worker_0 - INFO - Worker blockchain_email_worker_0 received task notification
2026-01-03 19:49:59 - ScannerWorker_blockchain_email_worker_0 - INFO - Worker blockchain_email_worker_0 received task notification
2026-01-03 19:49:59 - ScannerWorker_blockchain_email_worker_0 - INFO - Worker blockchain_email_worker_0 received task notification
2026-01-03 19:49:59 - ScannerWorker_blockchain_email_worker_0 - INFO - Worker blockchain_email_worker_0 received task notification
2026-01-03 19:49:59 - ScannerWorker_blockchain_email_worker_0 - INFO - Worker blockchain_email_worker_0 received task notification
2026-01-03 19:49:59 - ScannerWorker_blockchain_email_worker_0 - INFO - Worker blockchain_email_worker_0 received task notification
2026-01-03 19:49:59 - ScannerWorker_blockchain_email_worker_0 - INFO - Worker blockchain_email_worker_0 received task notification
2026-01-03 19:49:59 - ScannerWorker_blockchain_email_worker_0 - INFO - Worker blockchain_email_worker_0 received task notification
2026-01-03 19:49:59 - ScannerWorker_blockchain_email_worker_0 - INFO - Worker blockchain_email_worker_0 received task notification
2026-01-03 19:49:59 - ScannerWorker_blockchain_email_worker_0 - INFO - Worker blockchain_email_worker_0 received task notification
