2026-01-03 19:46:38,409 - ScannerWorker_blockchain_email_worker_0 - INFO - Imported BlockchainEmailScanner
2026-01-03 19:46:38,747 - ScannerWorker_blockchain_email_worker_0 - INFO - Imported MythrilScanner
2026-01-03 19:46:38,815 - ScannerWorker_blockchain_email_worker_0 - INFO - Imported SlitherScanner
2026-01-03 19:46:38,898 - ScannerWorker_blockchain_email_worker_0 - INFO - Imported SMTPUserEnumScanner
2026-01-03 19:46:38,997 - ScannerWorker_blockchain_email_worker_0 - INFO - Loaded 4 scanners for category blockchain_email
2026-01-03 19:46:39,093 - ScannerWorker_blockchain_email_worker_0 - INFO - Connected to Redis: redis://localhost:6379/0
2026-01-03 19:46:39,195 - ScannerWorker_blockchain_email_worker_0 - INFO - Scanner worker blockchain_email_worker_0 started for category blockchain_email
2026-01-03 19:49:46,526 - ScannerWorker_blockchain_email_worker_0 - INFO - Worker blockchain_email_worker_0 received task notification
2026-01-03 19:49:46,539 - ScannerWorker_blockchain_email_worker_0 - INFO - Worker blockchain_email_worker_0 received task notification
2026-01-03 19:49:46,548 - ScannerWorker_blockchain_email_worker_0 - INFO - Worker blockchain_email_worker_0 received task notification
2026-01-03 19:49:46,555 - ScannerWorker_blockchain_email_worker_0 - INFO - Worker blockchain_email_worker_0 received task notification
2026-01-03 19:49:46,559 - ScannerWorker_blockchain_email_worker_0 - INFO - Worker blockchain_email_worker_0 received task notification
2026-01-03 19:49:46,569 - ScannerWorker_blockchain_email_worker_0 - INFO - Worker blockchain_email_worker_0 received task notification
2026-01-03 19:49:46,574 - ScannerWorker_blockchain_email_worker_0 - INFO - Worker blockchain_email_worker_0 received task notification
2026-01-03 19:49:46,582 - ScannerWorker_blockchain_email_worker_0 - INFO - Worker blockchain_email_worker_0 received task notification
2026-01-03 19:49:46,588 - ScannerWorker_blockchain_email_worker_0 - INFO - Worker blockchain_email_worker_0 received task notification
2026-01-03 19:49:46,597 - ScannerWorker_blockchain_email_worker_0 - INFO - Worker blockchain_email_worker_0 received task notification
2026-01-03 19:49:46,602 - ScannerWorker_blockchain_email_worker_0 - INFO - Worker blockchain_email_worker_0 received task notification
2026-01-03 19:49:46,608 - ScannerWorker_blockchain_email_worker_0 - INFO - Worker blockchain_email_worker_0 received task notification
2026-01-03 19:49:46,618 - ScannerWorker_blockchain_email_worker_0 - INFO - Worker blockchain_email_worker_0 received task notification
2026-01-03 19:49:46,623 - ScannerWorker_blockchain_email_worker_0 - INFO - Worker blockchain_email_worker_0 received task notification
2026-01-03 19:49:46,634 - ScannerWorker_blockchain_email_worker_0 - INFO - Worker blockchain_email_worker_0 received task notification
2026-01-03 19:49:46,639 - ScannerWorker_blockchain_email_worker_0 - INFO - Worker blockchain_email_worker_0 received task notification
2026-01-03 19:49:46,643 - ScannerWorker_blockchain_email_worker_0 - INFO - Worker blockchain_email_worker_0 received task notification
2026-01-03 19:49:46,652 - ScannerWorker_blockchain_email_worker_0 - INFO - Worker blockchain_email_worker_0 received task notification
2026-01-03 19:49:46,656 - ScannerWorker_blockchain_email_worker_0 - INFO - Worker blockchain_email_worker_0 received task notification
2026-01-03 19:49:46,661 - ScannerWorker_blockchain_email_worker_0 - INFO - Worker blockchain_email_worker_0 received task notification
2026-01-03 19:49:46,667 - ScannerWorker_blockchain_email_worker_0 - INFO - Worker blockchain_email_worker_0 received task notification
2026-01-03 19:49:46,672 - ScannerWorker_blockchain_email_worker_0 - INFO - Worker blockchain_email_worker_0 received task notification
2026-01-03 19:49:50,279 - ScannerWorker_blockchain_email_worker_0 - INFO - Worker blockchain_email_worker_0 received task notification
2026-01-03 19:49:50,285 - ScannerWorker_blockchain_email_worker_0 - INFO - Worker blockchain_email_worker_0 received task notification
2026-01-03 19:49:50,290 - ScannerWorker_blockchain_email_worker_0 - INFO - Worker blockchain_email_worker_0 received task notification
2026-01-03 19:49:50,296 - ScannerWorker_blockchain_email_worker_0 - INFO - Worker blockchain_email_worker_0 received task notification
2026-01-03 19:49:50,302 - ScannerWorker_blockchain_email_worker_0 - INFO - Worker blockchain_email_worker_0 received task notification
2026-01-03 19:49:50,308 - ScannerWorker_blockchain_email_worker_0 - INFO - Worker blockchain_email_worker_0 received task notification
2026-01-03 19:49:50,313 - ScannerWorker_blockchain_email_worker_0 - INFO - Worker blockchain_email_worker_0 received task notification
2026-01-03 19:49:50,317 - ScannerWorker_blockchain_email_worker_0 - INFO - Worker blockchain_email_worker_0 received task notification
2026-01-03 19:49:50,322 - ScannerWorker_blockchain_email_worker_0 - INFO - Worker blockchain_email_worker_0 received task notification
2026-01-03 19:49:50,326 - ScannerWorker_blockchain_email_worker_0 - INFO - Worker blockchain_email_worker_0 received task notification
2026-01-03 19:49:50,330 - ScannerWorker_blockchain_email_worker_0 - INFO - Worker blockchain_email_worker_0 received task notification
2026-01-03 19:49:50,334 - ScannerWorker_blockchain_email_worker_0 - INFO - Worker blockchain_email_worker_0 received task notification
2026-01-03 19:49:50,339 - ScannerWorker_blockchain_email_worker_0 - INFO - Worker blockchain_email_worker_0 received task notification
2026-01-03 19:49:50,343 - ScannerWorker_blockchain_email_worker_0 - INFO - Worker blockchain_email_worker_0 received task notification
2026-01-03 19:49:50,347 - ScannerWorker_blockchain_email_worker_0 - INFO - Worker blockchain_email_worker_0 received task notification
2026-01-03 19:49:50,352 - ScannerWorker_blockchain_email_worker_0 - INFO - Worker blockchain_email_worker_0 received task notification
2026-01-03 19:49:50,357 - ScannerWorker_blockchain_email_worker_0 - INFO - Worker blockchain_email_worker_0 received task notification
2026-01-03 19:49:50,361 - ScannerWorker_blockchain_email_worker_0 - INFO - Worker blockchain_email_worker_0 received task notification
2026-01-03 19:49:50,364 - ScannerWorker_blockchain_email_worker_0 - INFO - Worker blockchain_email_worker_0 received task notification
2026-01-03 19:49:50,368 - ScannerWorker_blockchain_email_worker_0 - INFO - Worker blockchain_email_worker_0 received task notification
2026-01-03 19:49:50,374 - ScannerWorker_blockchain_email_worker_0 - INFO - Worker blockchain_email_worker_0 received task notification
2026-01-03 19:49:50,378 - ScannerWorker_blockchain_email_worker_0 - INFO - Worker blockchain_email_worker_0 received task notification
2026-01-03 19:49:50,382 - ScannerWorker_blockchain_email_worker_0 - INFO - Worker blockchain_email_worker_0 received task notification
2026-01-03 19:49:50,386 - ScannerWorker_blockchain_email_worker_0 - INFO - Worker blockchain_email_worker_0 received task notification
2026-01-03 19:49:50,390 - ScannerWorker_blockchain_email_worker_0 - INFO - Worker blockchain_email_worker_0 received task notification
2026-01-03 19:49:50,395 - ScannerWorker_blockchain_email_worker_0 - INFO - Worker blockchain_email_worker_0 received task notification
2026-01-03 19:49:50,400 - ScannerWorker_blockchain_email_worker_0 - INFO - Worker blockchain_email_worker_0 received task notification
2026-01-03 19:49:50,405 - ScannerWorker_blockchain_email_worker_0 - INFO - Worker blockchain_email_worker_0 received task notification
2026-01-03 19:49:50,410 - ScannerWorker_blockchain_email_worker_0 - INFO - Worker blockchain_email_worker_0 received task notification
2026-01-03 19:49:50,414 - ScannerWorker_blockchain_email_worker_0 - INFO - Worker blockchain_email_worker_0 received task notification
2026-01-03 19:49:50,418 - ScannerWorker_blockchain_email_worker_0 - INFO - Worker blockchain_email_worker_0 received task notification
2026-01-03 19:49:50,421 - ScannerWorker_blockchain_email_worker_0 - INFO - Worker blockchain_email_worker_0 received task notification
2026-01-03 19:49:50,426 - ScannerWorker_blockchain_email_worker_0 - INFO - Worker blockchain_email_worker_0 received task notification
2026-01-03 19:49:50,430 - ScannerWorker_blockchain_email_worker_0 - INFO - Worker blockchain_email_worker_0 received task notification
2026-01-03 19:49:50,436 - ScannerWorker_blockchain_email_worker_0 - INFO - Worker blockchain_email_worker_0 received task notification
2026-01-03 19:49:50,440 - ScannerWorker_blockchain_email_worker_0 - INFO - Worker blockchain_email_worker_0 received task notification
2026-01-03 19:49:50,444 - ScannerWorker_blockchain_email_worker_0 - INFO - Worker blockchain_email_worker_0 received task notification
2026-01-03 19:49:50,449 - ScannerWorker_blockchain_email_worker_0 - INFO - Worker blockchain_email_worker_0 received task notification
2026-01-03 19:49:50,454 - ScannerWorker_blockchain_email_worker_0 - INFO - Worker blockchain_email_worker_0 received task notification
2026-01-03 19:49:50,460 - ScannerWorker_blockchain_email_worker_0 - INFO - Worker blockchain_email_worker_0 received task notification
2026-01-03 19:49:50,468 - ScannerWorker_blockchain_email_worker_0 - INFO - Worker blockchain_email_worker_0 received task notification
2026-01-03 19:49:50,475 - ScannerWorker_blockchain_email_worker_0 - INFO - Worker blockchain_email_worker_0 received task notification
2026-01-03 19:49:50,481 - ScannerWorker_blockchain_email_worker_0 - INFO - Worker blockchain_email_worker_0 received task notification
2026-01-03 19:49:50,485 - ScannerWorker_blockchain_email_worker_0 - INFO - Worker blockchain_email_worker_0 received task notification
2026-01-03 19:49:50,494 - ScannerWorker_blockchain_email_worker_0 - INFO - Worker blockchain_email_worker_0 received task notification
2026-01-03 19:49:50,502 - ScannerWorker_blockchain_email_worker_0 - INFO - Worker blockchain_email_worker_0 received task notification
2026-01-03 19:49:50,508 - ScannerWorker_blockchain_email_worker_0 - INFO - Worker blockchain_email_worker_0 received task notification
2026-01-03 19:49:50,513 - ScannerWorker_blockchain_email_worker_0 - INFO - Worker blockchain_email_worker_0 received task notification
2026-01-03 19:49:50,518 - ScannerWorker_blockchain_email_worker_0 - INFO - Worker blockchain_email_worker_0 received task notification
2026-01-03 19:49:50,525 - ScannerWorker_blockchain_email_worker_0 - INFO - Worker blockchain_email_worker_0 received task notification
2026-01-03 19:49:50,529 - ScannerWorker_blockchain_email_worker_0 - INFO - Worker blockchain_email_worker_0 received task notification
2026-01-03 19:49:50,534 - ScannerWorker_blockchain_email_worker_0 - INFO - Worker blockchain_email_worker_0 received task notification
2026-01-03 19:49:50,539 - ScannerWorker_blockchain_email_worker_0 - INFO - Worker blockchain_email_worker_0 received task notification
2026-01-03 19:49:50,543 - ScannerWorker_blockchain_email_worker_0 - INFO - Worker blockchain_email_worker_0 received task notification
2026-01-03 19:49:50,552 - ScannerWorker_blockchain_email_worker_0 - INFO - Worker blockchain_email_worker_0 received task notification
2026-01-03 19:49:50,556 - ScannerWorker_blockchain_email_worker_0 - INFO - Worker blockchain_email_worker_0 received task notification
2026-01-03 19:49:50,561 - ScannerWorker_blockchain_email_worker_0 - INFO - Worker blockchain_email_worker_0 received task notification
2026-01-03 19:49:50,565 - ScannerWorker_blockchain_email_worker_0 - INFO - Worker blockchain_email_worker_0 received task notification
2026-01-03 19:49:50,571 - ScannerWorker_blockchain_email_worker_0 - INFO - Worker blockchain_email_worker_0 received task notification
2026-01-03 19:49:50,576 - ScannerWorker_blockchain_email_worker_0 - INFO - Worker blockchain_email_worker_0 received task notification
2026-01-03 19:49:50,581 - ScannerWorker_blockchain_email_worker_0 - INFO - Worker blockchain_email_worker_0 received task notification
2026-01-03 19:49:50,586 - ScannerWorker_blockchain_email_worker_0 - INFO - Worker blockchain_email_worker_0 received task notification
2026-01-03 19:49:50,590 - ScannerWorker_blockchain_email_worker_0 - INFO - Worker blockchain_email_worker_0 received task notification
2026-01-03 19:49:50,595 - ScannerWorker_blockchain_email_worker_0 - INFO - Worker blockchain_email_worker_0 received task notification
2026-01-03 19:49:50,599 - ScannerWorker_blockchain_email_worker_0 - INFO - Worker blockchain_email_worker_0 received task notification
2026-01-03 19:49:50,604 - ScannerWorker_blockchain_email_worker_0 - INFO - Worker blockchain_email_worker_0 received task notification
2026-01-03 19:49:50,609 - ScannerWorker_blockchain_email_worker_0 - INFO - Worker blockchain_email_worker_0 received task notification
2026-01-03 19:49:50,611 - ScannerWorker_blockchain_email_worker_0 - INFO - Worker blockchain_email_worker_0 received task notification
2026-01-03 19:49:50,615 - ScannerWorker_blockchain_email_worker_0 - INFO - Worker blockchain_email_worker_0 received task notification
2026-01-03 19:49:50,619 - ScannerWorker_blockchain_email_worker_0 - INFO - Worker blockchain_email_worker_0 received task notification
2026-01-03 19:49:50,623 - ScannerWorker_blockchain_email_worker_0 - INFO - Worker blockchain_email_worker_0 received task notification
2026-01-03 19:49:50,627 - ScannerWorker_blockchain_email_worker_0 - INFO - Worker blockchain_email_worker_0 received task notification
2026-01-03 19:49:50,632 - ScannerWorker_blockchain_email_worker_0 - INFO - Worker blockchain_email_worker_0 received task notification
2026-01-03 19:49:50,635 - ScannerWorker_blockchain_email_worker_0 - INFO - Worker blockchain_email_worker_0 received task notification
2026-01-03 19:49:50,639 - ScannerWorker_blockchain_email_worker_0 - INFO - Worker blockchain_email_worker_0 received task notification
2026-01-03 19:49:50,643 - ScannerWorker_blockchain_email_worker_0 - INFO - Worker blockchain_email_worker_0 received task notification
2026-01-03 19:49:50,647 - ScannerWorker_blockchain_email_worker_0 - INFO - Worker blockchain_email_worker_0 received task notification
2026-01-03 19:49:50,652 - ScannerWorker_blockchain_email_worker_0 - INFO - Worker blockchain_email_worker_0 received task notification
2026-01-03 19:49:50,656 - ScannerWorker_blockchain_email_worker_0 - INFO - Worker blockchain_email_worker_0 received task notification
2026-01-03 19:49:50,661 - ScannerWorker_blockchain_email_worker_0 - INFO - Worker blockchain_email_worker_0 received task notification
2026-01-03 19:49:50,664 - ScannerWorker_blockchain_email_worker_0 - INFO - Worker blockchain_email_worker_0 received task notification
2026-01-03 19:49:50,667 - ScannerWorker_blockchain_email_worker_0 - INFO - Worker blockchain_email_worker_0 received task notification
2026-01-03 19:49:50,670 - ScannerWorker_blockchain_email_worker_0 - INFO - Worker blockchain_email_worker_0 received task notification
2026-01-03 19:49:50,674 - ScannerWorker_blockchain_email_worker_0 - INFO - Worker blockchain_email_worker_0 received task notification
2026-01-03 19:49:50,677 - ScannerWorker_blockchain_email_worker_0 - INFO - Worker blockchain_email_worker_0 received task notification
2026-01-03 19:49:50,680 - ScannerWorker_blockchain_email_worker_0 - INFO - Worker blockchain_email_worker_0 received task notification
2026-01-03 19:49:50,683 - ScannerWorker_blockchain_email_worker_0 - INFO - Worker blockchain_email_worker_0 received task notification
2026-01-03 19:49:50,687 - ScannerWorker_blockchain_email_worker_0 - INFO - Worker blockchain_email_worker_0 received task notification
2026-01-03 19:49:50,691 - ScannerWorker_blockchain_email_worker_0 - INFO - Worker blockchain_email_worker_0 received task notification
2026-01-03 19:49:50,694 - ScannerWorker_blockchain_email_worker_0 - INFO - Worker blockchain_email_worker_0 received task notification
2026-01-03 19:49:50,697 - ScannerWorker_blockchain_email_worker_0 - INFO - Worker blockchain_email_worker_0 received task notification
2026-01-03 19:49:50,700 - ScannerWorker_blockchain_email_worker_0 - INFO - Worker blockchain_email_worker_0 received task notification
2026-01-03 19:49:50,703 - ScannerWorker_blockchain_email_worker_0 - INFO - Worker blockchain_email_worker_0 received task notification
2026-01-03 19:49:50,706 - ScannerWorker_blockchain_email_worker_0 - INFO - Worker blockchain_email_worker_0 received task notification
2026-01-03 19:49:50,709 - ScannerWorker_blockchain_email_worker_0 - INFO - Worker blockchain_email_worker_0 received task notification
2026-01-03 19:49:50,712 - ScannerWorker_blockchain_email_worker_0 - INFO - Worker blockchain_email_worker_0 received task notification
2026-01-03 19:49:50,715 - ScannerWorker_blockchain_email_worker_0 - INFO - Worker blockchain_email_worker_0 received task notification
2026-01-03 19:49:50,719 - ScannerWorker_blockchain_email_worker_0 - INFO - Worker blockchain_email_worker_0 received task notification
2026-01-03 19:49:50,722 - ScannerWorker_blockchain_email_worker_0 - INFO - Worker blockchain_email_worker_0 received task notification
2026-01-03 19:49:50,725 - ScannerWorker_blockchain_email_worker_0 - INFO - Worker blockchain_email_worker_0 received task notification
2026-01-03 19:49:50,727 - ScannerWorker_blockchain_email_worker_0 - INFO - Worker blockchain_email_worker_0 received task notification
2026-01-03 19:49:50,731 - ScannerWorker_blockchain_email_worker_0 - INFO - Worker blockchain_email_worker_0 received task notification
2026-01-03 19:49:50,734 - ScannerWorker_blockchain_email_worker_0 - INFO - Worker blockchain_email_worker_0 received task notification
2026-01-03 19:49:50,738 - ScannerWorker_blockchain_email_worker_0 - INFO - Worker blockchain_email_worker_0 received task notification
2026-01-03 19:49:50,741 - ScannerWorker_blockchain_email_worker_0 - INFO - Worker blockchain_email_worker_0 received task notification
2026-01-03 19:49:50,744 - ScannerWorker_blockchain_email_worker_0 - INFO - Worker blockchain_email_worker_0 received task notification
2026-01-03 19:49:50,747 - ScannerWorker_blockchain_email_worker_0 - INFO - Worker blockchain_email_worker_0 received task notification
2026-01-03 19:49:50,750 - ScannerWorker_blockchain_email_worker_0 - INFO - Worker blockchain_email_worker_0 received task notification
2026-01-03 19:49:50,753 - ScannerWorker_blockchain_email_worker_0 - INFO - Worker blockchain_email_worker_0 received task notification
2026-01-03 19:49:50,756 - ScannerWorker_blockchain_email_worker_0 - INFO - Worker blockchain_email_worker_0 received task notification
2026-01-03 19:49:50,759 - ScannerWorker_blockchain_email_worker_0 - INFO - Worker blockchain_email_worker_0 received task notification
2026-01-03 19:49:50,762 - ScannerWorker_blockchain_email_worker_0 - INFO - Worker blockchain_email_worker_0 received task notification
2026-01-03 19:49:50,765 - ScannerWorker_blockchain_email_worker_0 - INFO - Worker blockchain_email_worker_0 received task notification
2026-01-03 19:49:50,768 - ScannerWorker_blockchain_email_worker_0 - INFO - Worker blockchain_email_worker_0 received task notification
2026-01-03 19:49:50,772 - ScannerWorker_blockchain_email_worker_0 - INFO - Worker blockchain_email_worker_0 received task notification
2026-01-03 19:49:50,775 - ScannerWorker_blockchain_email_worker_0 - INFO - Worker blockchain_email_worker_0 received task notification
2026-01-03 19:49:50,779 - ScannerWorker_blockchain_email_worker_0 - INFO - Worker blockchain_email_worker_0 received task notification
2026-01-03 19:49:50,782 - ScannerWorker_blockchain_email_worker_0 - INFO - Worker blockchain_email_worker_0 received task notification
2026-01-03 19:49:50,785 - ScannerWorker_blockchain_email_worker_0 - INFO - Worker blockchain_email_worker_0 received task notification
2026-01-03 19:49:50,788 - ScannerWorker_blockchain_email_worker_0 - INFO - Worker blockchain_email_worker_0 received task notification
2026-01-03 19:49:50,791 - ScannerWorker_blockchain_email_worker_0 - INFO - Worker blockchain_email_worker_0 received task notification
2026-01-03 19:49:50,794 - ScannerWorker_blockchain_email_worker_0 - INFO - Worker blockchain_email_worker_0 received task notification
2026-01-03 19:49:50,797 - ScannerWorker_blockchain_email_worker_0 - INFO - Worker blockchain_email_worker_0 received task notification
2026-01-03 19:49:50,801 - ScannerWorker_blockchain_email_worker_0 - INFO - Worker blockchain_email_worker_0 received task notification
2026-01-03 19:49:50,805 - ScannerWorker_blockchain_email_worker_0 - INFO - Worker blockchain_email_worker_0 received task notification
2026-01-03 19:49:50,808 - ScannerWorker_blockchain_email_worker_0 - INFO - Worker blockchain_email_worker_0 received task notification
2026-01-03 19:49:50,811 - ScannerWorker_blockchain_email_worker_0 - INFO - Worker blockchain_email_worker_0 received task notification
2026-01-03 19:49:50,815 - ScannerWorker_blockchain_email_worker_0 - INFO - Worker blockchain_email_worker_0 received task notification
2026-01-03 19:49:50,818 - ScannerWorker_blockchain_email_worker_0 - INFO - Worker blockchain_email_worker_0 received task notification
2026-01-03 19:49:50,822 - ScannerWorker_blockchain_email_worker_0 - INFO - Worker blockchain_email_worker_0 received task notification
2026-01-03 19:49:50,825 - ScannerWorker_blockchain_email_worker_0 - INFO - Worker blockchain_email_worker_0 received task notification
2026-01-03 19:49:50,828 - ScannerWorker_blockchain_email_worker_0 - INFO - Worker blockchain_email_worker_0 received task notification
2026-01-03 19:49:52,669 - ScannerWorker_blockchain_email_worker_0 - INFO - Worker blockchain_email_worker_0 received task notification
2026-01-03 19:49:52,673 - ScannerWorker_blockchain_email_worker_0 - INFO - Worker blockchain_email_worker_0 received task notification
2026-01-03 19:49:52,676 - ScannerWorker_blockchain_email_worker_0 - INFO - Worker blockchain_email_worker_0 received task notification
2026-01-03 19:49:52,681 - ScannerWorker_blockchain_email_worker_0 - INFO - Worker blockchain_email_worker_0 received task notification
2026-01-03 19:49:52,685 - ScannerWorker_blockchain_email_worker_0 - INFO - Worker blockchain_email_worker_0 received task notification
2026-01-03 19:49:52,688 - ScannerWorker_blockchain_email_worker_0 - INFO - Worker blockchain_email_worker_0 received task notification
2026-01-03 19:49:52,692 - ScannerWorker_blockchain_email_worker_0 - INFO - Worker blockchain_email_worker_0 received task notification
2026-01-03 19:49:52,695 - ScannerWorker_blockchain_email_worker_0 - INFO - Worker blockchain_email_worker_0 received task notification
2026-01-03 19:49:52,698 - ScannerWorker_blockchain_email_worker_0 - INFO - Worker blockchain_email_worker_0 received task notification
2026-01-03 19:49:52,702 - ScannerWorker_blockchain_email_worker_0 - INFO - Worker blockchain_email_worker_0 received task notification
2026-01-03 19:49:52,706 - ScannerWorker_blockchain_email_worker_0 - INFO - Worker blockchain_email_worker_0 received task notification
2026-01-03 19:49:52,709 - ScannerWorker_blockchain_email_worker_0 - INFO - Worker blockchain_email_worker_0 received task notification
2026-01-03 19:49:52,712 - ScannerWorker_blockchain_email_worker_0 - INFO - Worker blockchain_email_worker_0 received task notification
2026-01-03 19:49:52,717 - ScannerWorker_blockchain_email_worker_0 - INFO - Worker blockchain_email_worker_0 received task notification
2026-01-03 19:49:52,721 - ScannerWorker_blockchain_email_worker_0 - INFO - Worker blockchain_email_worker_0 received task notification
2026-01-03 19:49:52,724 - ScannerWorker_blockchain_email_worker_0 - INFO - Worker blockchain_email_worker_0 received task notification
2026-01-03 19:49:52,727 - ScannerWorker_blockchain_email_worker_0 - INFO - Worker blockchain_email_worker_0 received task notification
2026-01-03 19:49:52,731 - ScannerWorker_blockchain_email_worker_0 - INFO - Worker blockchain_email_worker_0 received task notification
2026-01-03 19:49:52,733 - ScannerWorker_blockchain_email_worker_0 - INFO - Worker blockchain_email_worker_0 received task notification
2026-01-03 19:49:52,737 - ScannerWorker_blockchain_email_worker_0 - INFO - Worker blockchain_email_worker_0 received task notification
2026-01-03 19:49:52,741 - ScannerWorker_blockchain_email_worker_0 - INFO - Worker blockchain_email_worker_0 received task notification
2026-01-03 19:49:52,745 - ScannerWorker_blockchain_email_worker_0 - INFO - Worker blockchain_email_worker_0 received task notification
2026-01-03 19:49:52,749 - ScannerWorker_blockchain_email_worker_0 - INFO - Worker blockchain_email_worker_0 received task notification
2026-01-03 19:49:52,753 - ScannerWorker_blockchain_email_worker_0 - INFO - Worker blockchain_email_worker_0 received task notification
2026-01-03 19:49:52,758 - ScannerWorker_blockchain_email_worker_0 - INFO - Worker blockchain_email_worker_0 received task notification
2026-01-03 19:49:52,761 - ScannerWorker_blockchain_email_worker_0 - INFO - Worker blockchain_email_worker_0 received task notification
2026-01-03 19:49:52,765 - ScannerWorker_blockchain_email_worker_0 - INFO - Worker blockchain_email_worker_0 received task notification
2026-01-03 19:49:52,768 - ScannerWorker_blockchain_email_worker_0 - INFO - Worker blockchain_email_worker_0 received task notification
2026-01-03 19:49:52,772 - ScannerWorker_blockchain_email_worker_0 - INFO - Worker blockchain_email_worker_0 received task notification
2026-01-03 19:49:52,776 - ScannerWorker_blockchain_email_worker_0 - INFO - Worker blockchain_email_worker_0 received task notification
2026-01-03 19:49:52,779 - ScannerWorker_blockchain_email_worker_0 - INFO - Worker blockchain_email_worker_0 received task notification
2026-01-03 19:49:52,782 - ScannerWorker_blockchain_email_worker_0 - INFO - Worker blockchain_email_worker_0 received task notification
2026-01-03 19:49:52,785 - ScannerWorker_blockchain_email_worker_0 - INFO - Worker blockchain_email_worker_0 received task notification
2026-01-03 19:49:52,789 - ScannerWorker_blockchain_email_worker_0 - INFO - Worker blockchain_email_worker_0 received task notification
2026-01-03 19:49:52,791 - ScannerWorker_blockchain_email_worker_0 - INFO - Worker blockchain_email_worker_0 received task notification
2026-01-03 19:49:52,796 - ScannerWorker_blockchain_email_worker_0 - INFO - Worker blockchain_email_worker_0 received task notification
2026-01-03 19:49:52,800 - ScannerWorker_blockchain_email_worker_0 - INFO - Worker blockchain_email_worker_0 received task notification
2026-01-03 19:49:52,804 - ScannerWorker_blockchain_email_worker_0 - INFO - Worker blockchain_email_worker_0 received task notification
2026-01-03 19:49:52,808 - ScannerWorker_blockchain_email_worker_0 - INFO - Worker blockchain_email_worker_0 received task notification
2026-01-03 19:49:52,811 - ScannerWorker_blockchain_email_worker_0 - INFO - Worker blockchain_email_worker_0 received task notification
2026-01-03 19:49:52,814 - ScannerWorker_blockchain_email_worker_0 - INFO - Worker blockchain_email_worker_0 received task notification
2026-01-03 19:49:52,819 - ScannerWorker_blockchain_email_worker_0 - INFO - Worker blockchain_email_worker_0 received task notification
2026-01-03 19:49:52,824 - ScannerWorker_blockchain_email_worker_0 - INFO - Worker blockchain_email_worker_0 received task notification
2026-01-03 19:49:52,829 - ScannerWorker_blockchain_email_worker_0 - INFO - Worker blockchain_email_worker_0 received task notification
2026-01-03 19:49:52,833 - ScannerWorker_blockchain_email_worker_0 - INFO - Worker blockchain_email_worker_0 received task notification
2026-01-03 19:49:52,837 - ScannerWorker_blockchain_email_worker_0 - INFO - Worker blockchain_email_worker_0 received task notification
2026-01-03 19:49:52,842 - ScannerWorker_blockchain_email_worker_0 - INFO - Worker blockchain_email_worker_0 received task notification
2026-01-03 19:49:52,846 - ScannerWorker_blockchain_email_worker_0 - INFO - Worker blockchain_email_worker_0 received task notification
2026-01-03 19:49:52,850 - ScannerWorker_blockchain_email_worker_0 - INFO - Worker blockchain_email_worker_0 received task notification
2026-01-03 19:49:52,854 - ScannerWorker_blockchain_email_worker_0 - INFO - Worker blockchain_email_worker_0 received task notification
2026-01-03 19:49:52,858 - ScannerWorker_blockchain_email_worker_0 - INFO - Worker blockchain_email_worker_0 received task notification
2026-01-03 19:49:52,861 - ScannerWorker_blockchain_email_worker_0 - INFO - Worker blockchain_email_worker_0 received task notification
2026-01-03 19:49:52,867 - ScannerWorker_blockchain_email_worker_0 - INFO - Worker blockchain_email_worker_0 received task notification
2026-01-03 19:49:52,871 - ScannerWorker_blockchain_email_worker_0 - INFO - Worker blockchain_email_worker_0 received task notification
2026-01-03 19:49:52,875 - ScannerWorker_blockchain_email_worker_0 - INFO - Worker blockchain_email_worker_0 received task notification
2026-01-03 19:49:52,879 - ScannerWorker_blockchain_email_worker_0 - INFO - Worker blockchain_email_worker_0 received task notification
2026-01-03 19:49:52,885 - ScannerWorker_blockchain_email_worker_0 - INFO - Worker blockchain_email_worker_0 received task notification
2026-01-03 19:49:52,889 - ScannerWorker_blockchain_email_worker_0 - INFO - Worker blockchain_email_worker_0 received task notification
2026-01-03 19:49:52,893 - ScannerWorker_blockchain_email_worker_0 - INFO - Worker blockchain_email_worker_0 received task notification
2026-01-03 19:49:52,897 - ScannerWorker_blockchain_email_worker_0 - INFO - Worker blockchain_email_worker_0 received task notification
2026-01-03 19:49:52,901 - ScannerWorker_blockchain_email_worker_0 - INFO - Worker blockchain_email_worker_0 received task notification
2026-01-03 19:49:52,905 - ScannerWorker_blockchain_email_worker_0 - INFO - Worker blockchain_email_worker_0 received task notification
2026-01-03 19:49:52,908 - ScannerWorker_blockchain_email_worker_0 - INFO - Worker blockchain_email_worker_0 received task notification
2026-01-03 19:49:52,912 - ScannerWorker_blockchain_email_worker_0 - INFO - Worker blockchain_email_worker_0 received task notification
2026-01-03 19:49:52,915 - ScannerWorker_blockchain_email_worker_0 - INFO - Worker blockchain_email_worker_0 received task notification
2026-01-03 19:49:52,919 - ScannerWorker_blockchain_email_worker_0 - INFO - Worker blockchain_email_worker_0 received task notification
2026-01-03 19:49:52,923 - ScannerWorker_blockchain_email_worker_0 - INFO - Worker blockchain_email_worker_0 received task notification
2026-01-03 19:49:52,927 - ScannerWorker_blockchain_email_worker_0 - INFO - Worker blockchain_email_worker_0 received task notification
2026-01-03 19:49:52,930 - ScannerWorker_blockchain_email_worker_0 - INFO - Worker blockchain_email_worker_0 received task notification
2026-01-03 19:49:52,934 - ScannerWorker_blockchain_email_worker_0 - INFO - Worker blockchain_email_worker_0 received task notification
2026-01-03 19:49:52,939 - ScannerWorker_blockchain_email_worker_0 - INFO - Worker blockchain_email_worker_0 received task notification
2026-01-03 19:49:52,942 - ScannerWorker_blockchain_email_worker_0 - INFO - Worker blockchain_email_worker_0 received task notification
2026-01-03 19:49:52,946 - ScannerWorker_blockchain_email_worker_0 - INFO - Worker blockchain_email_worker_0 received task notification
2026-01-03 19:49:52,949 - ScannerWorker_blockchain_email_worker_0 - INFO - Worker blockchain_email_worker_0 received task notification
2026-01-03 19:49:52,953 - ScannerWorker_blockchain_email_worker_0 - INFO - Worker blockchain_email_worker_0 received task notification
2026-01-03 19:49:52,956 - ScannerWorker_blockchain_email_worker_0 - INFO - Worker blockchain_email_worker_0 received task notification
2026-01-03 19:49:52,959 - ScannerWorker_blockchain_email_worker_0 - INFO - Worker blockchain_email_worker_0 received task notification
2026-01-03 19:49:52,962 - ScannerWorker_blockchain_email_worker_0 - INFO - Worker blockchain_email_worker_0 received task notification
2026-01-03 19:49:52,966 - ScannerWorker_blockchain_email_worker_0 - INFO - Worker blockchain_email_worker_0 received task notification
2026-01-03 19:49:52,969 - ScannerWorker_blockchain_email_worker_0 - INFO - Worker blockchain_email_worker_0 received task notification
2026-01-03 19:49:52,972 - ScannerWorker_blockchain_email_worker_0 - INFO - Worker blockchain_email_worker_0 received task notification
2026-01-03 19:49:52,975 - ScannerWorker_blockchain_email_worker_0 - INFO - Worker blockchain_email_worker_0 received task notification
2026-01-03 19:49:52,979 - ScannerWorker_blockchain_email_worker_0 - INFO - Worker blockchain_email_worker_0 received task notification
2026-01-03 19:49:52,983 - ScannerWorker_blockchain_email_worker_0 - INFO - Worker blockchain_email_worker_0 received task notification
2026-01-03 19:49:52,987 - ScannerWorker_blockchain_email_worker_0 - INFO - Worker blockchain_email_worker_0 received task notification
2026-01-03 19:49:52,990 - ScannerWorker_blockchain_email_worker_0 - INFO - Worker blockchain_email_worker_0 received task notification
2026-01-03 19:49:52,993 - ScannerWorker_blockchain_email_worker_0 - INFO - Worker blockchain_email_worker_0 received task notification
2026-01-03 19:49:52,996 - ScannerWorker_blockchain_email_worker_0 - INFO - Worker blockchain_email_worker_0 received task notification
2026-01-03 19:49:54,894 - ScannerWorker_blockchain_email_worker_0 - INFO - Worker blockchain_email_worker_0 received task notification
2026-01-03 19:49:54,900 - ScannerWorker_blockchain_email_worker_0 - INFO - Worker blockchain_email_worker_0 received task notification
2026-01-03 19:49:54,908 - ScannerWorker_blockchain_email_worker_0 - INFO - Worker blockchain_email_worker_0 received task notification
2026-01-03 19:49:54,916 - ScannerWorker_blockchain_email_worker_0 - INFO - Worker blockchain_email_worker_0 received task notification
2026-01-03 19:49:54,922 - ScannerWorker_blockchain_email_worker_0 - INFO - Worker blockchain_email_worker_0 received task notification
2026-01-03 19:49:54,927 - ScannerWorker_blockchain_email_worker_0 - INFO - Worker blockchain_email_worker_0 received task notification
2026-01-03 19:49:54,932 - ScannerWorker_blockchain_email_worker_0 - INFO - Worker blockchain_email_worker_0 received task notification
2026-01-03 19:49:54,937 - ScannerWorker_blockchain_email_worker_0 - INFO - Worker blockchain_email_worker_0 received task notification
2026-01-03 19:49:54,941 - ScannerWorker_blockchain_email_worker_0 - INFO - Worker blockchain_email_worker_0 received task notification
2026-01-03 19:49:54,945 - ScannerWorker_blockchain_email_worker_0 - INFO - Worker blockchain_email_worker_0 received task notification
2026-01-03 19:49:54,948 - ScannerWorker_blockchain_email_worker_0 - INFO - Worker blockchain_email_worker_0 received task notification
2026-01-03 19:49:54,952 - ScannerWorker_blockchain_email_worker_0 - INFO - Worker blockchain_email_worker_0 received task notification
2026-01-03 19:49:54,955 - ScannerWorker_blockchain_email_worker_0 - INFO - Worker blockchain_email_worker_0 received task notification
2026-01-03 19:49:54,958 - ScannerWorker_blockchain_email_worker_0 - INFO - Worker blockchain_email_worker_0 received task notification
2026-01-03 19:49:54,962 - ScannerWorker_blockchain_email_worker_0 - INFO - Worker blockchain_email_worker_0 received task notification
2026-01-03 19:49:54,965 - ScannerWorker_blockchain_email_worker_0 - INFO - Worker blockchain_email_worker_0 received task notification
2026-01-03 19:49:54,969 - ScannerWorker_blockchain_email_worker_0 - INFO - Worker blockchain_email_worker_0 received task notification
2026-01-03 19:49:54,972 - ScannerWorker_blockchain_email_worker_0 - INFO - Worker blockchain_email_worker_0 received task notification
2026-01-03 19:49:54,976 - ScannerWorker_blockchain_email_worker_0 - INFO - Worker blockchain_email_worker_0 received task notification
2026-01-03 19:49:54,980 - ScannerWorker_blockchain_email_worker_0 - INFO - Worker blockchain_email_worker_0 received task notification
2026-01-03 19:49:54,983 - ScannerWorker_blockchain_email_worker_0 - INFO - Worker blockchain_email_worker_0 received task notification
2026-01-03 19:49:54,986 - ScannerWorker_blockchain_email_worker_0 - INFO - Worker blockchain_email_worker_0 received task notification
2026-01-03 19:49:54,990 - ScannerWorker_blockchain_email_worker_0 - INFO - Worker blockchain_email_worker_0 received task notification
2026-01-03 19:49:54,994 - ScannerWorker_blockchain_email_worker_0 - INFO - Worker blockchain_email_worker_0 received task notification
2026-01-03 19:49:54,997 - ScannerWorker_blockchain_email_worker_0 - INFO - Worker blockchain_email_worker_0 received task notification
2026-01-03 19:49:55,001 - ScannerWorker_blockchain_email_worker_0 - INFO - Worker blockchain_email_worker_0 received task notification
2026-01-03 19:49:55,004 - ScannerWorker_blockchain_email_worker_0 - INFO - Worker blockchain_email_worker_0 received task notification
2026-01-03 19:49:55,007 - ScannerWorker_blockchain_email_worker_0 - INFO - Worker blockchain_email_worker_0 received task notification
2026-01-03 19:49:55,010 - ScannerWorker_blockchain_email_worker_0 - INFO - Worker blockchain_email_worker_0 received task notification
2026-01-03 19:49:55,014 - ScannerWorker_blockchain_email_worker_0 - INFO - Worker blockchain_email_worker_0 received task notification
2026-01-03 19:49:55,018 - ScannerWorker_blockchain_email_worker_0 - INFO - Worker blockchain_email_worker_0 received task notification
2026-01-03 19:49:55,022 - ScannerWorker_blockchain_email_worker_0 - INFO - Worker blockchain_email_worker_0 received task notification
2026-01-03 19:49:55,025 - ScannerWorker_blockchain_email_worker_0 - INFO - Worker blockchain_email_worker_0 received task notification
2026-01-03 19:49:55,028 - ScannerWorker_blockchain_email_worker_0 - INFO - Worker blockchain_email_worker_0 received task notification
2026-01-03 19:49:55,032 - ScannerWorker_blockchain_email_worker_0 - INFO - Worker blockchain_email_worker_0 received task notification
2026-01-03 19:49:55,035 - ScannerWorker_blockchain_email_worker_0 - INFO - Worker blockchain_email_worker_0 received task notification
2026-01-03 19:49:55,039 - ScannerWorker_blockchain_email_worker_0 - INFO - Worker blockchain_email_worker_0 received task notification
2026-01-03 19:49:55,043 - ScannerWorker_blockchain_email_worker_0 - INFO - Worker blockchain_email_worker_0 received task notification
2026-01-03 19:49:55,047 - ScannerWorker_blockchain_email_worker_0 - INFO - Worker blockchain_email_worker_0 received task notification
2026-01-03 19:49:55,050 - ScannerWorker_blockchain_email_worker_0 - INFO - Worker blockchain_email_worker_0 received task notification
2026-01-03 19:49:55,054 - ScannerWorker_blockchain_email_worker_0 - INFO - Worker blockchain_email_worker_0 received task notification
2026-01-03 19:49:55,058 - ScannerWorker_blockchain_email_worker_0 - INFO - Worker blockchain_email_worker_0 received task notification
2026-01-03 19:49:55,062 - ScannerWorker_blockchain_email_worker_0 - INFO - Worker blockchain_email_worker_0 received task notification
2026-01-03 19:49:55,066 - ScannerWorker_blockchain_email_worker_0 - INFO - Worker blockchain_email_worker_0 received task notification
2026-01-03 19:49:55,069 - ScannerWorker_blockchain_email_worker_0 - INFO - Worker blockchain_email_worker_0 received task notification
2026-01-03 19:49:55,073 - ScannerWorker_blockchain_email_worker_0 - INFO - Worker blockchain_email_worker_0 received task notification
2026-01-03 19:49:55,078 - ScannerWorker_blockchain_email_worker_0 - INFO - Worker blockchain_email_worker_0 received task notification
2026-01-03 19:49:55,082 - ScannerWorker_blockchain_email_worker_0 - INFO - Worker blockchain_email_worker_0 received task notification
2026-01-03 19:49:55,085 - ScannerWorker_blockchain_email_worker_0 - INFO - Worker blockchain_email_worker_0 received task notification
2026-01-03 19:49:55,089 - ScannerWorker_blockchain_email_worker_0 - INFO - Worker blockchain_email_worker_0 received task notification
2026-01-03 19:49:55,093 - ScannerWorker_blockchain_email_worker_0 - INFO - Worker blockchain_email_worker_0 received task notification
2026-01-03 19:49:55,096 - ScannerWorker_blockchain_email_worker_0 - INFO - Worker blockchain_email_worker_0 received task notification
2026-01-03 19:49:55,100 - ScannerWorker_blockchain_email_worker_0 - INFO - Worker blockchain_email_worker_0 received task notification
2026-01-03 19:49:55,105 - ScannerWorker_blockchain_email_worker_0 - INFO - Worker blockchain_email_worker_0 received task notification
2026-01-03 19:49:55,108 - ScannerWorker_blockchain_email_worker_0 - INFO - Worker blockchain_email_worker_0 received task notification
2026-01-03 19:49:55,112 - ScannerWorker_blockchain_email_worker_0 - INFO - Worker blockchain_email_worker_0 received task notification
2026-01-03 19:49:55,117 - ScannerWorker_blockchain_email_worker_0 - INFO - Worker blockchain_email_worker_0 received task notification
2026-01-03 19:49:55,121 - ScannerWorker_blockchain_email_worker_0 - INFO - Worker blockchain_email_worker_0 received task notification
2026-01-03 19:49:55,124 - ScannerWorker_blockchain_email_worker_0 - INFO - Worker blockchain_email_worker_0 received task notification
2026-01-03 19:49:55,128 - ScannerWorker_blockchain_email_worker_0 - INFO - Worker blockchain_email_worker_0 received task notification
2026-01-03 19:49:55,132 - ScannerWorker_blockchain_email_worker_0 - INFO - Worker blockchain_email_worker_0 received task notification
2026-01-03 19:49:55,135 - ScannerWorker_blockchain_email_worker_0 - INFO - Worker blockchain_email_worker_0 received task notification
2026-01-03 19:49:55,139 - ScannerWorker_blockchain_email_worker_0 - INFO - Worker blockchain_email_worker_0 received task notification
2026-01-03 19:49:55,142 - ScannerWorker_blockchain_email_worker_0 - INFO - Worker blockchain_email_worker_0 received task notification
2026-01-03 19:49:55,146 - ScannerWorker_blockchain_email_worker_0 - INFO - Worker blockchain_email_worker_0 received task notification
2026-01-03 19:49:55,150 - ScannerWorker_blockchain_email_worker_0 - INFO - Worker blockchain_email_worker_0 received task notification
2026-01-03 19:49:55,153 - ScannerWorker_blockchain_email_worker_0 - INFO - Worker blockchain_email_worker_0 received task notification
2026-01-03 19:49:55,157 - ScannerWorker_blockchain_email_worker_0 - INFO - Worker blockchain_email_worker_0 received task notification
2026-01-03 19:49:55,160 - ScannerWorker_blockchain_email_worker_0 - INFO - Worker blockchain_email_worker_0 received task notification
2026-01-03 19:49:55,164 - ScannerWorker_blockchain_email_worker_0 - INFO - Worker blockchain_email_worker_0 received task notification
2026-01-03 19:49:55,168 - ScannerWorker_blockchain_email_worker_0 - INFO - Worker blockchain_email_worker_0 received task notification
2026-01-03 19:49:55,171 - ScannerWorker_blockchain_email_worker_0 - INFO - Worker blockchain_email_worker_0 received task notification
2026-01-03 19:49:55,174 - ScannerWorker_blockchain_email_worker_0 - INFO - Worker blockchain_email_worker_0 received task notification
2026-01-03 19:49:55,176 - ScannerWorker_blockchain_email_worker_0 - INFO - Worker blockchain_email_worker_0 received task notification
2026-01-03 19:49:55,179 - ScannerWorker_blockchain_email_worker_0 - INFO - Worker blockchain_email_worker_0 received task notification
2026-01-03 19:49:55,182 - ScannerWorker_blockchain_email_worker_0 - INFO - Worker blockchain_email_worker_0 received task notification
2026-01-03 19:49:55,184 - ScannerWorker_blockchain_email_worker_0 - INFO - Worker blockchain_email_worker_0 received task notification
2026-01-03 19:49:55,187 - ScannerWorker_blockchain_email_worker_0 - INFO - Worker blockchain_email_worker_0 received task notification
2026-01-03 19:49:55,189 - ScannerWorker_blockchain_email_worker_0 - INFO - Worker blockchain_email_worker_0 received task notification
2026-01-03 19:49:55,192 - ScannerWorker_blockchain_email_worker_0 - INFO - Worker blockchain_email_worker_0 received task notification
2026-01-03 19:49:55,195 - ScannerWorker_blockchain_email_worker_0 - INFO - Worker blockchain_email_worker_0 received task notification
2026-01-03 19:49:55,198 - ScannerWorker_blockchain_email_worker_0 - INFO - Worker blockchain_email_worker_0 received task notification
2026-01-03 19:49:55,200 - ScannerWorker_blockchain_email_worker_0 - INFO - Worker blockchain_email_worker_0 received task notification
2026-01-03 19:49:55,203 - ScannerWorker_blockchain_email_worker_0 - INFO - Worker blockchain_email_worker_0 received task notification
2026-01-03 19:49:55,205 - ScannerWorker_blockchain_email_worker_0 - INFO - Worker blockchain_email_worker_0 received task notification
2026-01-03 19:49:55,208 - ScannerWorker_blockchain_email_worker_0 - INFO - Worker blockchain_email_worker_0 received task notification
2026-01-03 19:49:55,210 - ScannerWorker_blockchain_email_worker_0 - INFO - Worker blockchain_email_worker_0 received task notification
2026-01-03 19:49:55,213 - ScannerWorker_blockchain_email_worker_0 - INFO - Worker blockchain_email_worker_0 received task notification
2026-01-03 19:49:55,216 - ScannerWorker_blockchain_email_worker_0 - INFO - Worker blockchain_email_worker_0 received task notification
2026-01-03 19:49:55,218 - ScannerWorker_blockchain_email_worker_0 - INFO - Worker blockchain_email_worker_0 received task notification
2026-01-03 19:49:55,221 - ScannerWorker_blockchain_email_worker_0 - INFO - Worker blockchain_email_worker_0 received task notification
2026-01-03 19:49:55,223 - ScannerWorker_blockchain_email_worker_0 - INFO - Worker blockchain_email_worker_0 received task notification
2026-01-03 19:49:55,226 - ScannerWorker_blockchain_email_worker_0 - INFO - Worker blockchain_email_worker_0 received task notification
2026-01-03 19:49:55,228 - ScannerWorker_blockchain_email_worker_0 - INFO - Worker blockchain_email_worker_0 received task notification
2026-01-03 19:49:55,231 - ScannerWorker_blockchain_email_worker_0 - INFO - Worker blockchain_email_worker_0 received task notification
2026-01-03 19:49:55,234 - ScannerWorker_blockchain_email_worker_0 - INFO - Worker blockchain_email_worker_0 received task notification
2026-01-03 19:49:55,237 - ScannerWorker_blockchain_email_worker_0 - INFO - Worker blockchain_email_worker_0 received task notification
2026-01-03 19:49:55,240 - ScannerWorker_blockchain_email_worker_0 - INFO - Worker blockchain_email_worker_0 received task notification
2026-01-03 19:49:55,243 - ScannerWorker_blockchain_email_worker_0 - INFO - Worker blockchain_email_worker_0 received task notification
2026-01-03 19:49:55,246 - ScannerWorker_blockchain_email_worker_0 - INFO - Worker blockchain_email_worker_0 received task notification
2026-01-03 19:49:55,249 - ScannerWorker_blockchain_email_worker_0 - INFO - Worker blockchain_email_worker_0 received task notification
2026-01-03 19:49:55,251 - ScannerWorker_blockchain_email_worker_0 - INFO - Worker blockchain_email_worker_0 received task notification
2026-01-03 19:49:55,254 - ScannerWorker_blockchain_email_worker_0 - INFO - Worker blockchain_email_worker_0 received task notification
2026-01-03 19:49:55,256 - ScannerWorker_blockchain_email_worker_0 - INFO - Worker blockchain_email_worker_0 received task notification
2026-01-03 19:49:55,258 - ScannerWorker_blockchain_email_worker_0 - INFO - Worker blockchain_email_worker_0 received task notification
2026-01-03 19:49:55,262 - ScannerWorker_blockchain_email_worker_0 - INFO - Worker blockchain_email_worker_0 received task notification
2026-01-03 19:49:55,264 - ScannerWorker_blockchain_email_worker_0 - INFO - Worker blockchain_email_worker_0 received task notification
2026-01-03 19:49:55,267 - ScannerWorker_blockchain_email_worker_0 - INFO - Worker blockchain_email_worker_0 received task notification
2026-01-03 19:49:55,269 - ScannerWorker_blockchain_email_worker_0 - INFO - Worker blockchain_email_worker_0 received task notification
2026-01-03 19:49:55,272 - ScannerWorker_blockchain_email_worker_0 - INFO - Worker blockchain_email_worker_0 received task notification
2026-01-03 19:49:57,147 - ScannerWorker_blockchain_email_worker_0 - INFO - Worker blockchain_email_worker_0 received task notification
2026-01-03 19:49:57,154 - ScannerWorker_blockchain_email_worker_0 - INFO - Worker blockchain_email_worker_0 received task notification
2026-01-03 19:49:57,160 - ScannerWorker_blockchain_email_worker_0 - INFO - Worker blockchain_email_worker_0 received task notification
2026-01-03 19:49:57,164 - ScannerWorker_blockchain_email_worker_0 - INFO - Worker blockchain_email_worker_0 received task notification
2026-01-03 19:49:57,170 - ScannerWorker_blockchain_email_worker_0 - INFO - Worker blockchain_email_worker_0 received task notification
2026-01-03 19:49:57,174 - ScannerWorker_blockchain_email_worker_0 - INFO - Worker blockchain_email_worker_0 received task notification
2026-01-03 19:49:57,179 - ScannerWorker_blockchain_email_worker_0 - INFO - Worker blockchain_email_worker_0 received task notification
2026-01-03 19:49:57,182 - ScannerWorker_blockchain_email_worker_0 - INFO - Worker blockchain_email_worker_0 received task notification
2026-01-03 19:49:57,186 - ScannerWorker_blockchain_email_worker_0 - INFO - Worker blockchain_email_worker_0 received task notification
2026-01-03 19:49:57,190 - ScannerWorker_blockchain_email_worker_0 - INFO - Worker blockchain_email_worker_0 received task notification
2026-01-03 19:49:57,194 - ScannerWorker_blockchain_email_worker_0 - INFO - Worker blockchain_email_worker_0 received task notification
2026-01-03 19:49:57,199 - ScannerWorker_blockchain_email_worker_0 - INFO - Worker blockchain_email_worker_0 received task notification
2026-01-03 19:49:57,203 - ScannerWorker_blockchain_email_worker_0 - INFO - Worker blockchain_email_worker_0 received task notification
2026-01-03 19:49:57,207 - ScannerWorker_blockchain_email_worker_0 - INFO - Worker blockchain_email_worker_0 received task notification
2026-01-03 19:49:57,211 - ScannerWorker_blockchain_email_worker_0 - INFO - Worker blockchain_email_worker_0 received task notification
2026-01-03 19:49:57,215 - ScannerWorker_blockchain_email_worker_0 - INFO - Worker blockchain_email_worker_0 received task notification
2026-01-03 19:49:57,219 - ScannerWorker_blockchain_email_worker_0 - INFO - Worker blockchain_email_worker_0 received task notification
2026-01-03 19:49:57,224 - ScannerWorker_blockchain_email_worker_0 - INFO - Worker blockchain_email_worker_0 received task notification
2026-01-03 19:49:57,227 - ScannerWorker_blockchain_email_worker_0 - INFO - Worker blockchain_email_worker_0 received task notification
2026-01-03 19:49:57,231 - ScannerWorker_blockchain_email_worker_0 - INFO - Worker blockchain_email_worker_0 received task notification
2026-01-03 19:49:57,235 - ScannerWorker_blockchain_email_worker_0 - INFO - Worker blockchain_email_worker_0 received task notification
2026-01-03 19:49:57,238 - ScannerWorker_blockchain_email_worker_0 - INFO - Worker blockchain_email_worker_0 received task notification
2026-01-03 19:49:57,241 - ScannerWorker_blockchain_email_worker_0 - INFO - Worker blockchain_email_worker_0 received task notification
2026-01-03 19:49:57,246 - ScannerWorker_blockchain_email_worker_0 - INFO - Worker blockchain_email_worker_0 received task notification
2026-01-03 19:49:57,250 - ScannerWorker_blockchain_email_worker_0 - INFO - Worker blockchain_email_worker_0 received task notification
2026-01-03 19:49:57,253 - ScannerWorker_blockchain_email_worker_0 - INFO - Worker blockchain_email_worker_0 received task notification
2026-01-03 19:49:57,257 - ScannerWorker_blockchain_email_worker_0 - INFO - Worker blockchain_email_worker_0 received task notification
2026-01-03 19:49:57,261 - ScannerWorker_blockchain_email_worker_0 - INFO - Worker blockchain_email_worker_0 received task notification
2026-01-03 19:49:57,265 - ScannerWorker_blockchain_email_worker_0 - INFO - Worker blockchain_email_worker_0 received task notification
2026-01-03 19:49:57,269 - ScannerWorker_blockchain_email_worker_0 - INFO - Worker blockchain_email_worker_0 received task notification
2026-01-03 19:49:57,272 - ScannerWorker_blockchain_email_worker_0 - INFO - Worker blockchain_email_worker_0 received task notification
2026-01-03 19:49:57,276 - ScannerWorker_blockchain_email_worker_0 - INFO - Worker blockchain_email_worker_0 received task notification
2026-01-03 19:49:57,279 - ScannerWorker_blockchain_email_worker_0 - INFO - Worker blockchain_email_worker_0 received task notification
2026-01-03 19:49:57,283 - ScannerWorker_blockchain_email_worker_0 - INFO - Worker blockchain_email_worker_0 received task notification
2026-01-03 19:49:57,287 - ScannerWorker_blockchain_email_worker_0 - INFO - Worker blockchain_email_worker_0 received task notification
2026-01-03 19:49:57,290 - ScannerWorker_blockchain_email_worker_0 - INFO - Worker blockchain_email_worker_0 received task notification
2026-01-03 19:49:57,294 - ScannerWorker_blockchain_email_worker_0 - INFO - Worker blockchain_email_worker_0 received task notification
2026-01-03 19:49:57,298 - ScannerWorker_blockchain_email_worker_0 - INFO - Worker blockchain_email_worker_0 received task notification
2026-01-03 19:49:57,302 - ScannerWorker_blockchain_email_worker_0 - INFO - Worker blockchain_email_worker_0 received task notification
2026-01-03 19:49:57,305 - ScannerWorker_blockchain_email_worker_0 - INFO - Worker blockchain_email_worker_0 received task notification
2026-01-03 19:49:57,308 - ScannerWorker_blockchain_email_worker_0 - INFO - Worker blockchain_email_worker_0 received task notification
2026-01-03 19:49:57,312 - ScannerWorker_blockchain_email_worker_0 - INFO - Worker blockchain_email_worker_0 received task notification
2026-01-03 19:49:57,315 - ScannerWorker_blockchain_email_worker_0 - INFO - Worker blockchain_email_worker_0 received task notification
2026-01-03 19:49:57,318 - ScannerWorker_blockchain_email_worker_0 - INFO - Worker blockchain_email_worker_0 received task notification
2026-01-03 19:49:57,322 - ScannerWorker_blockchain_email_worker_0 - INFO - Worker blockchain_email_worker_0 received task notification
2026-01-03 19:49:57,325 - ScannerWorker_blockchain_email_worker_0 - INFO - Worker blockchain_email_worker_0 received task notification
2026-01-03 19:49:57,328 - ScannerWorker_blockchain_email_worker_0 - INFO - Worker blockchain_email_worker_0 received task notification
2026-01-03 19:49:57,331 - ScannerWorker_blockchain_email_worker_0 - INFO - Worker blockchain_email_worker_0 received task notification
2026-01-03 19:49:57,334 - ScannerWorker_blockchain_email_worker_0 - INFO - Worker blockchain_email_worker_0 received task notification
2026-01-03 19:49:57,337 - ScannerWorker_blockchain_email_worker_0 - INFO - Worker blockchain_email_worker_0 received task notification
2026-01-03 19:49:57,340 - ScannerWorker_blockchain_email_worker_0 - INFO - Worker blockchain_email_worker_0 received task notification
2026-01-03 19:49:57,343 - ScannerWorker_blockchain_email_worker_0 - INFO - Worker blockchain_email_worker_0 received task notification
2026-01-03 19:49:57,346 - ScannerWorker_blockchain_email_worker_0 - INFO - Worker blockchain_email_worker_0 received task notification
2026-01-03 19:49:57,348 - ScannerWorker_blockchain_email_worker_0 - INFO - Worker blockchain_email_worker_0 received task notification
2026-01-03 19:49:57,351 - ScannerWorker_blockchain_email_worker_0 - INFO - Worker blockchain_email_worker_0 received task notification
2026-01-03 19:49:57,354 - ScannerWorker_blockchain_email_worker_0 - INFO - Worker blockchain_email_worker_0 received task notification
2026-01-03 19:49:57,356 - ScannerWorker_blockchain_email_worker_0 - INFO - Worker blockchain_email_worker_0 received task notification
2026-01-03 19:49:57,358 - ScannerWorker_blockchain_email_worker_0 - INFO - Worker blockchain_email_worker_0 received task notification
2026-01-03 19:49:57,361 - ScannerWorker_blockchain_email_worker_0 - INFO - Worker blockchain_email_worker_0 received task notification
2026-01-03 19:49:57,364 - ScannerWorker_blockchain_email_worker_0 - INFO - Worker blockchain_email_worker_0 received task notification
2026-01-03 19:49:57,366 - ScannerWorker_blockchain_email_worker_0 - INFO - Worker blockchain_email_worker_0 received task notification
2026-01-03 19:49:57,369 - ScannerWorker_blockchain_email_worker_0 - INFO - Worker blockchain_email_worker_0 received task notification
2026-01-03 19:49:57,372 - ScannerWorker_blockchain_email_worker_0 - INFO - Worker blockchain_email_worker_0 received task notification
2026-01-03 19:49:57,375 - ScannerWorker_blockchain_email_worker_0 - INFO - Worker blockchain_email_worker_0 received task notification
2026-01-03 19:49:57,378 - ScannerWorker_blockchain_email_worker_0 - INFO - Worker blockchain_email_worker_0 received task notification
2026-01-03 19:49:57,381 - ScannerWorker_blockchain_email_worker_0 - INFO - Worker blockchain_email_worker_0 received task notification
2026-01-03 19:49:59,310 - ScannerWorker_blockchain_email_worker_0 - INFO - Worker blockchain_email_worker_0 received task notification
2026-01-03 19:49:59,324 - ScannerWorker_blockchain_email_worker_0 - INFO - Worker blockchain_email_worker_0 received task notification
2026-01-03 19:49:59,332 - ScannerWorker_blockchain_email_worker_0 - INFO - Worker blockchain_email_worker_0 received task notification
2026-01-03 19:49:59,341 - ScannerWorker_blockchain_email_worker_0 - INFO - Worker blockchain_email_worker_0 received task notification
2026-01-03 19:49:59,354 - ScannerWorker_blockchain_email_worker_0 - INFO - Worker blockchain_email_worker_0 received task notification
2026-01-03 19:49:59,363 - ScannerWorker_blockchain_email_worker_0 - INFO - Worker blockchain_email_worker_0 received task notification
2026-01-03 19:49:59,371 - ScannerWorker_blockchain_email_worker_0 - INFO - Worker blockchain_email_worker_0 received task notification
2026-01-03 19:49:59,378 - ScannerWorker_blockchain_email_worker_0 - INFO - Worker blockchain_email_worker_0 received task notification
2026-01-03 19:49:59,383 - ScannerWorker_blockchain_email_worker_0 - INFO - Worker blockchain_email_worker_0 received task notification
2026-01-03 19:49:59,388 - ScannerWorker_blockchain_email_worker_0 - INFO - Worker blockchain_email_worker_0 received task notification
2026-01-03 19:49:59,392 - ScannerWorker_blockchain_email_worker_0 - INFO - Worker blockchain_email_worker_0 received task notification
2026-01-03 19:49:59,396 - ScannerWorker_blockchain_email_worker_0 - INFO - Worker blockchain_email_worker_0 received task notification
2026-01-03 19:49:59,400 - ScannerWorker_blockchain_email_worker_0 - INFO - Worker blockchain_email_worker_0 received task notification
2026-01-03 19:49:59,405 - ScannerWorker_blockchain_email_worker_0 - INFO - Worker blockchain_email_worker_0 received task notification
2026-01-03 19:49:59,409 - ScannerWorker_blockchain_email_worker_0 - INFO - Worker blockchain_email_worker_0 received task notification
2026-01-03 19:49:59,413 - ScannerWorker_blockchain_email_worker_0 - INFO - Worker blockchain_email_worker_0 received task notification
2026-01-03 19:49:59,416 - ScannerWorker_blockchain_email_worker_0 - INFO - Worker blockchain_email_worker_0 received task notification
2026-01-03 19:49:59,420 - ScannerWorker_blockchain_email_worker_0 - INFO - Worker blockchain_email_worker_0 received task notification
2026-01-03 19:49:59,424 - ScannerWorker_blockchain_email_worker_0 - INFO - Worker blockchain_email_worker_0 received task notification
2026-01-03 19:49:59,428 - ScannerWorker_blockchain_email_worker_0 - INFO - Worker blockchain_email_worker_0 received task notification
2026-01-03 19:49:59,433 - ScannerWorker_blockchain_email_worker_0 - INFO - Worker blockchain_email_worker_0 received task notification
2026-01-03 19:49:59,437 - ScannerWorker_blockchain_email_worker_0 - INFO - Worker blockchain_email_worker_0 received task notification
2026-01-03 19:49:59,441 - ScannerWorker_blockchain_email_worker_0 - INFO - Worker blockchain_email_worker_0 received task notification
2026-01-03 19:49:59,444 - ScannerWorker_blockchain_email_worker_0 - INFO - Worker blockchain_email_worker_0 received task notification
2026-01-03 19:49:59,448 - ScannerWorker_blockchain_email_worker_0 - INFO - Worker blockchain_email_worker_0 received task notification
2026-01-03 19:49:59,452 - ScannerWorker_blockchain_email_worker_0 - INFO - Worker blockchain_email_worker_0 received task notification
2026-01-03 19:49:59,456 - ScannerWorker_blockchain_email_worker_0 - INFO - Worker blockchain_email_worker_0 received task notification
2026-01-03 19:49:59,460 - ScannerWorker_blockchain_email_worker_0 - INFO - Worker blockchain_email_worker_0 received task notification
2026-01-03 19:49:59,463 - ScannerWorker_blockchain_email_worker_0 - INFO - Worker blockchain_email_worker_0 received task notification
2026-01-03 19:49:59,466 - ScannerWorker_blockchain_email_worker_0 - INFO - Worker blockchain_email_worker_0 received task notification
2026-01-03 19:49:59,470 - ScannerWorker_blockchain_email_worker_0 - INFO - Worker blockchain_email_worker_0 received task notification
2026-01-03 19:49:59,474 - ScannerWorker_blockchain_email_worker_0 - INFO - Worker blockchain_email_worker_0 received task notification
2026-01-03 19:49:59,477 - ScannerWorker_blockchain_email_worker_0 - INFO - Worker blockchain_email_worker_0 received task notification
2026-01-03 19:49:59,481 - ScannerWorker_blockchain_email_worker_0 - INFO - Worker blockchain_email_worker_0 received task notification
2026-01-03 19:49:59,485 - ScannerWorker_blockchain_email_worker_0 - INFO - Worker blockchain_email_worker_0 received task notification
2026-01-03 19:49:59,489 - ScannerWorker_blockchain_email_worker_0 - INFO - Worker blockchain_email_worker_0 received task notification
2026-01-03 19:49:59,492 - ScannerWorker_blockchain_email_worker_0 - INFO - Worker blockchain_email_worker_0 received task notification
2026-01-03 19:49:59,495 - ScannerWorker_blockchain_email_worker_0 - INFO - Worker blockchain_email_worker_0 received task notification
2026-01-03 19:49:59,499 - ScannerWorker_blockchain_email_worker_0 - INFO - Worker blockchain_email_worker_0 received task notification
2026-01-03 19:49:59,502 - ScannerWorker_blockchain_email_worker_0 - INFO - Worker blockchain_email_worker_0 received task notification
2026-01-03 19:49:59,505 - ScannerWorker_blockchain_email_worker_0 - INFO - Worker blockchain_email_worker_0 received task notification
2026-01-03 19:49:59,508 - ScannerWorker_blockchain_email_worker_0 - INFO - Worker blockchain_email_worker_0 received task notification
2026-01-03 19:49:59,510 - ScannerWorker_blockchain_email_worker_0 - INFO - Worker blockchain_email_worker_0 received task notification
2026-01-03 19:49:59,513 - ScannerWorker_blockchain_email_worker_0 - INFO - Worker blockchain_email_worker_0 received task notification
2026-01-03 19:49:59,515 - ScannerWorker_blockchain_email_worker_0 - INFO - Worker blockchain_email_worker_0 received task notification
2026-01-03 19:49:59,518 - ScannerWorker_blockchain_email_worker_0 - INFO - Worker blockchain_email_worker_0 received task notification
2026-01-03 19:49:59,521 - ScannerWorker_blockchain_email_worker_0 - INFO - Worker blockchain_email_worker_0 received task notification
2026-01-03 19:49:59,523 - ScannerWorker_blockchain_email_worker_0 - INFO - Worker blockchain_email_worker_0 received task notification
2026-01-03 19:49:59,526 - ScannerWorker_blockchain_email_worker_0 - INFO - Worker blockchain_email_worker_0 received task notification
2026-01-03 19:49:59,529 - ScannerWorker_blockchain_email_worker_0 - INFO - Worker blockchain_email_worker_0 received task notification
2026-01-03 19:49:59,532 - ScannerWorker_blockchain_email_worker_0 - INFO - Worker blockchain_email_worker_0 received task notification
2026-01-03 19:49:59,535 - ScannerWorker_blockchain_email_worker_0 - INFO - Worker blockchain_email_worker_0 received task notification
2026-01-03 19:49:59,538 - ScannerWorker_blockchain_email_worker_0 - INFO - Worker blockchain_email_worker_0 received task notification
2026-01-03 19:49:59,540 - ScannerWorker_blockchain_email_worker_0 - INFO - Worker blockchain_email_worker_0 received task notification
2026-01-03 19:49:59,542 - ScannerWorker_blockchain_email_worker_0 - INFO - Worker blockchain_email_worker_0 received task notification
2026-01-03 19:49:59,545 - ScannerWorker_blockchain_email_worker_0 - INFO - Worker blockchain_email_worker_0 received task notification
2026-01-03 19:49:59,549 - ScannerWorker_blockchain_email_worker_0 - INFO - Worker blockchain_email_worker_0 received task notification
2026-01-03 19:49:59,555 - ScannerWorker_blockchain_email_worker_0 - INFO - Worker blockchain_email_worker_0 received task notification
2026-01-03 19:49:59,559 - ScannerWorker_blockchain_email_worker_0 - INFO - Worker blockchain_email_worker_0 received task notification
2026-01-03 19:49:59,562 - ScannerWorker_blockchain_email_worker_0 - INFO - Worker blockchain_email_worker_0 received task notification
2026-01-03 19:49:59,565 - ScannerWorker_blockchain_email_worker_0 - INFO - Worker blockchain_email_worker_0 received task notification
2026-01-03 19:49:59,569 - ScannerWorker_blockchain_email_worker_0 - INFO - Worker blockchain_email_worker_0 received task notification
2026-01-03 19:49:59,573 - ScannerWorker_blockchain_email_worker_0 - INFO - Worker blockchain_email_worker_0 received task notification
2026-01-03 19:49:59,576 - ScannerWorker_blockchain_email_worker_0 - INFO - Worker blockchain_email_worker_0 received task notification
2026-01-03 19:49:59,579 - ScannerWorker_blockchain_email_worker_0 - INFO - Worker blockchain_email_worker_0 received task notification
2026-01-03 19:49:59,583 - ScannerWorker_blockchain_email_worker_0 - INFO - Worker blockchain_email_worker_0 received task notification
