2026-01-03 19:46:36,606 - ScannerWorker_cicd_worker_0 - INFO - Imported CICDSecurityScanner
2026-01-03 19:46:36,607 - ScannerWorker_cicd_worker_0 - INFO - Imported CheckovScanner
2026-01-03 19:46:36,607 - ScannerWorker_cicd_worker_0 - INFO - Imported GitGuardianScanner
2026-01-03 19:46:36,608 - ScannerWorker_cicd_worker_0 - INFO - Imported CICDPipelineScanner
2026-01-03 19:46:36,608 - ScannerWorker_cicd_worker_0 - INFO - Loaded 4 scanners for category cicd
2026-01-03 19:46:36,616 - ScannerWorker_cicd_worker_0 - INFO - Connected to Redis: redis://localhost:6379/0
2026-01-03 19:46:36,616 - ScannerWorker_cicd_worker_0 - INFO - Scanner worker cicd_worker_0 started for category cicd
2026-01-03 19:49:46,527 - ScannerWorker_cicd_worker_0 - INFO - Worker cicd_worker_0 received task notification
2026-01-03 19:49:46,542 - ScannerWorker_cicd_worker_0 - INFO - Worker cicd_worker_0 received task notification
2026-01-03 19:49:46,552 - ScannerWorker_cicd_worker_0 - INFO - Worker cicd_worker_0 received task notification
2026-01-03 19:49:46,557 - ScannerWorker_cicd_worker_0 - INFO - Worker cicd_worker_0 received task notification
2026-01-03 19:49:46,566 - ScannerWorker_cicd_worker_0 - INFO - Worker cicd_worker_0 received task notification
2026-01-03 19:49:46,574 - ScannerWorker_cicd_worker_0 - INFO - Worker cicd_worker_0 received task notification
2026-01-03 19:49:46,584 - ScannerWorker_cicd_worker_0 - INFO - Worker cicd_worker_0 received task notification
2026-01-03 19:49:46,589 - ScannerWorker_cicd_worker_0 - INFO - Worker cicd_worker_0 received task notification
2026-01-03 19:49:46,594 - ScannerWorker_cicd_worker_0 - INFO - Worker cicd_worker_0 received task notification
2026-01-03 19:49:46,600 - ScannerWorker_cicd_worker_0 - INFO - Worker cicd_worker_0 received task notification
2026-01-03 19:49:46,606 - ScannerWorker_cicd_worker_0 - INFO - Worker cicd_worker_0 received task notification
2026-01-03 19:49:46,613 - ScannerWorker_cicd_worker_0 - INFO - Worker cicd_worker_0 received task notification
2026-01-03 19:49:46,621 - ScannerWorker_cicd_worker_0 - INFO - Worker cicd_worker_0 received task notification
2026-01-03 19:49:46,629 - ScannerWorker_cicd_worker_0 - INFO - Worker cicd_worker_0 received task notification
2026-01-03 19:49:46,636 - ScannerWorker_cicd_worker_0 - INFO - Worker cicd_worker_0 received task notification
2026-01-03 19:49:46,641 - ScannerWorker_cicd_worker_0 - INFO - Worker cicd_worker_0 received task notification
2026-01-03 19:49:46,646 - ScannerWorker_cicd_worker_0 - INFO - Worker cicd_worker_0 received task notification
2026-01-03 19:49:46,653 - ScannerWorker_cicd_worker_0 - INFO - Worker cicd_worker_0 received task notification
2026-01-03 19:49:46,657 - ScannerWorker_cicd_worker_0 - INFO - Worker cicd_worker_0 received task notification
2026-01-03 19:49:46,662 - ScannerWorker_cicd_worker_0 - INFO - Worker cicd_worker_0 received task notification
2026-01-03 19:49:46,668 - ScannerWorker_cicd_worker_0 - INFO - Worker cicd_worker_0 received task notification
2026-01-03 19:49:46,672 - ScannerWorker_cicd_worker_0 - INFO - Worker cicd_worker_0 received task notification
2026-01-03 19:49:50,279 - ScannerWorker_cicd_worker_0 - INFO - Worker cicd_worker_0 received task notification
2026-01-03 19:49:50,285 - ScannerWorker_cicd_worker_0 - INFO - Worker cicd_worker_0 received task notification
2026-01-03 19:49:50,288 - ScannerWorker_cicd_worker_0 - INFO - Worker cicd_worker_0 received task notification
2026-01-03 19:49:50,292 - ScannerWorker_cicd_worker_0 - INFO - Worker cicd_worker_0 received task notification
2026-01-03 19:49:50,297 - ScannerWorker_cicd_worker_0 - INFO - Worker cicd_worker_0 received task notification
2026-01-03 19:49:50,302 - ScannerWorker_cicd_worker_0 - INFO - Worker cicd_worker_0 received task notification
2026-01-03 19:49:50,309 - ScannerWorker_cicd_worker_0 - INFO - Worker cicd_worker_0 received task notification
2026-01-03 19:49:50,313 - ScannerWorker_cicd_worker_0 - INFO - Worker cicd_worker_0 received task notification
2026-01-03 19:49:50,317 - ScannerWorker_cicd_worker_0 - INFO - Worker cicd_worker_0 received task notification
2026-01-03 19:49:50,323 - ScannerWorker_cicd_worker_0 - INFO - Worker cicd_worker_0 received task notification
2026-01-03 19:49:50,328 - ScannerWorker_cicd_worker_0 - INFO - Worker cicd_worker_0 received task notification
2026-01-03 19:49:50,332 - ScannerWorker_cicd_worker_0 - INFO - Worker cicd_worker_0 received task notification
2026-01-03 19:49:50,337 - ScannerWorker_cicd_worker_0 - INFO - Worker cicd_worker_0 received task notification
2026-01-03 19:49:50,341 - ScannerWorker_cicd_worker_0 - INFO - Worker cicd_worker_0 received task notification
2026-01-03 19:49:50,344 - ScannerWorker_cicd_worker_0 - INFO - Worker cicd_worker_0 received task notification
2026-01-03 19:49:50,350 - ScannerWorker_cicd_worker_0 - INFO - Worker cicd_worker_0 received task notification
2026-01-03 19:49:50,354 - ScannerWorker_cicd_worker_0 - INFO - Worker cicd_worker_0 received task notification
2026-01-03 19:49:50,357 - ScannerWorker_cicd_worker_0 - INFO - Worker cicd_worker_0 received task notification
2026-01-03 19:49:50,361 - ScannerWorker_cicd_worker_0 - INFO - Worker cicd_worker_0 received task notification
2026-01-03 19:49:50,365 - ScannerWorker_cicd_worker_0 - INFO - Worker cicd_worker_0 received task notification
2026-01-03 19:49:50,369 - ScannerWorker_cicd_worker_0 - INFO - Worker cicd_worker_0 received task notification
2026-01-03 19:49:50,374 - ScannerWorker_cicd_worker_0 - INFO - Worker cicd_worker_0 received task notification
2026-01-03 19:49:50,378 - ScannerWorker_cicd_worker_0 - INFO - Worker cicd_worker_0 received task notification
2026-01-03 19:49:50,382 - ScannerWorker_cicd_worker_0 - INFO - Worker cicd_worker_0 received task notification
2026-01-03 19:49:50,386 - ScannerWorker_cicd_worker_0 - INFO - Worker cicd_worker_0 received task notification
2026-01-03 19:49:50,390 - ScannerWorker_cicd_worker_0 - INFO - Worker cicd_worker_0 received task notification
2026-01-03 19:49:50,395 - ScannerWorker_cicd_worker_0 - INFO - Worker cicd_worker_0 received task notification
2026-01-03 19:49:50,401 - ScannerWorker_cicd_worker_0 - INFO - Worker cicd_worker_0 received task notification
2026-01-03 19:49:50,407 - ScannerWorker_cicd_worker_0 - INFO - Worker cicd_worker_0 received task notification
2026-01-03 19:49:50,411 - ScannerWorker_cicd_worker_0 - INFO - Worker cicd_worker_0 received task notification
2026-01-03 19:49:50,415 - ScannerWorker_cicd_worker_0 - INFO - Worker cicd_worker_0 received task notification
2026-01-03 19:49:50,419 - ScannerWorker_cicd_worker_0 - INFO - Worker cicd_worker_0 received task notification
2026-01-03 19:49:50,423 - ScannerWorker_cicd_worker_0 - INFO - Worker cicd_worker_0 received task notification
2026-01-03 19:49:50,428 - ScannerWorker_cicd_worker_0 - INFO - Worker cicd_worker_0 received task notification
2026-01-03 19:49:50,431 - ScannerWorker_cicd_worker_0 - INFO - Worker cicd_worker_0 received task notification
2026-01-03 19:49:50,435 - ScannerWorker_cicd_worker_0 - INFO - Worker cicd_worker_0 received task notification
2026-01-03 19:49:50,440 - ScannerWorker_cicd_worker_0 - INFO - Worker cicd_worker_0 received task notification
2026-01-03 19:49:50,443 - ScannerWorker_cicd_worker_0 - INFO - Worker cicd_worker_0 received task notification
2026-01-03 19:49:50,450 - ScannerWorker_cicd_worker_0 - INFO - Worker cicd_worker_0 received task notification
2026-01-03 19:49:50,454 - ScannerWorker_cicd_worker_0 - INFO - Worker cicd_worker_0 received task notification
2026-01-03 19:49:50,458 - ScannerWorker_cicd_worker_0 - INFO - Worker cicd_worker_0 received task notification
2026-01-03 19:49:50,465 - ScannerWorker_cicd_worker_0 - INFO - Worker cicd_worker_0 received task notification
2026-01-03 19:49:50,475 - ScannerWorker_cicd_worker_0 - INFO - Worker cicd_worker_0 received task notification
2026-01-03 19:49:50,481 - ScannerWorker_cicd_worker_0 - INFO - Worker cicd_worker_0 received task notification
2026-01-03 19:49:50,487 - ScannerWorker_cicd_worker_0 - INFO - Worker cicd_worker_0 received task notification
2026-01-03 19:49:50,494 - ScannerWorker_cicd_worker_0 - INFO - Worker cicd_worker_0 received task notification
2026-01-03 19:49:50,503 - ScannerWorker_cicd_worker_0 - INFO - Worker cicd_worker_0 received task notification
2026-01-03 19:49:50,508 - ScannerWorker_cicd_worker_0 - INFO - Worker cicd_worker_0 received task notification
2026-01-03 19:49:50,516 - ScannerWorker_cicd_worker_0 - INFO - Worker cicd_worker_0 received task notification
2026-01-03 19:49:50,520 - ScannerWorker_cicd_worker_0 - INFO - Worker cicd_worker_0 received task notification
2026-01-03 19:49:50,525 - ScannerWorker_cicd_worker_0 - INFO - Worker cicd_worker_0 received task notification
2026-01-03 19:49:50,529 - ScannerWorker_cicd_worker_0 - INFO - Worker cicd_worker_0 received task notification
2026-01-03 19:49:50,533 - ScannerWorker_cicd_worker_0 - INFO - Worker cicd_worker_0 received task notification
2026-01-03 19:49:50,539 - ScannerWorker_cicd_worker_0 - INFO - Worker cicd_worker_0 received task notification
2026-01-03 19:49:50,542 - ScannerWorker_cicd_worker_0 - INFO - Worker cicd_worker_0 received task notification
2026-01-03 19:49:50,550 - ScannerWorker_cicd_worker_0 - INFO - Worker cicd_worker_0 received task notification
2026-01-03 19:49:50,555 - ScannerWorker_cicd_worker_0 - INFO - Worker cicd_worker_0 received task notification
2026-01-03 19:49:50,559 - ScannerWorker_cicd_worker_0 - INFO - Worker cicd_worker_0 received task notification
2026-01-03 19:49:50,563 - ScannerWorker_cicd_worker_0 - INFO - Worker cicd_worker_0 received task notification
2026-01-03 19:49:50,568 - ScannerWorker_cicd_worker_0 - INFO - Worker cicd_worker_0 received task notification
2026-01-03 19:49:50,572 - ScannerWorker_cicd_worker_0 - INFO - Worker cicd_worker_0 received task notification
2026-01-03 19:49:50,577 - ScannerWorker_cicd_worker_0 - INFO - Worker cicd_worker_0 received task notification
2026-01-03 19:49:50,581 - ScannerWorker_cicd_worker_0 - INFO - Worker cicd_worker_0 received task notification
2026-01-03 19:49:50,586 - ScannerWorker_cicd_worker_0 - INFO - Worker cicd_worker_0 received task notification
2026-01-03 19:49:50,590 - ScannerWorker_cicd_worker_0 - INFO - Worker cicd_worker_0 received task notification
2026-01-03 19:49:50,595 - ScannerWorker_cicd_worker_0 - INFO - Worker cicd_worker_0 received task notification
2026-01-03 19:49:50,599 - ScannerWorker_cicd_worker_0 - INFO - Worker cicd_worker_0 received task notification
2026-01-03 19:49:50,603 - ScannerWorker_cicd_worker_0 - INFO - Worker cicd_worker_0 received task notification
2026-01-03 19:49:50,608 - ScannerWorker_cicd_worker_0 - INFO - Worker cicd_worker_0 received task notification
2026-01-03 19:49:50,612 - ScannerWorker_cicd_worker_0 - INFO - Worker cicd_worker_0 received task notification
2026-01-03 19:49:50,616 - ScannerWorker_cicd_worker_0 - INFO - Worker cicd_worker_0 received task notification
2026-01-03 19:49:50,619 - ScannerWorker_cicd_worker_0 - INFO - Worker cicd_worker_0 received task notification
2026-01-03 19:49:50,623 - ScannerWorker_cicd_worker_0 - INFO - Worker cicd_worker_0 received task notification
2026-01-03 19:49:50,627 - ScannerWorker_cicd_worker_0 - INFO - Worker cicd_worker_0 received task notification
2026-01-03 19:49:50,631 - ScannerWorker_cicd_worker_0 - INFO - Worker cicd_worker_0 received task notification
2026-01-03 19:49:50,634 - ScannerWorker_cicd_worker_0 - INFO - Worker cicd_worker_0 received task notification
2026-01-03 19:49:50,638 - ScannerWorker_cicd_worker_0 - INFO - Worker cicd_worker_0 received task notification
2026-01-03 19:49:50,642 - ScannerWorker_cicd_worker_0 - INFO - Worker cicd_worker_0 received task notification
2026-01-03 19:49:50,645 - ScannerWorker_cicd_worker_0 - INFO - Worker cicd_worker_0 received task notification
2026-01-03 19:49:50,649 - ScannerWorker_cicd_worker_0 - INFO - Worker cicd_worker_0 received task notification
2026-01-03 19:49:50,654 - ScannerWorker_cicd_worker_0 - INFO - Worker cicd_worker_0 received task notification
2026-01-03 19:49:50,657 - ScannerWorker_cicd_worker_0 - INFO - Worker cicd_worker_0 received task notification
2026-01-03 19:49:50,662 - ScannerWorker_cicd_worker_0 - INFO - Worker cicd_worker_0 received task notification
2026-01-03 19:49:50,665 - ScannerWorker_cicd_worker_0 - INFO - Worker cicd_worker_0 received task notification
2026-01-03 19:49:50,669 - ScannerWorker_cicd_worker_0 - INFO - Worker cicd_worker_0 received task notification
2026-01-03 19:49:50,672 - ScannerWorker_cicd_worker_0 - INFO - Worker cicd_worker_0 received task notification
2026-01-03 19:49:50,675 - ScannerWorker_cicd_worker_0 - INFO - Worker cicd_worker_0 received task notification
2026-01-03 19:49:50,678 - ScannerWorker_cicd_worker_0 - INFO - Worker cicd_worker_0 received task notification
2026-01-03 19:49:50,681 - ScannerWorker_cicd_worker_0 - INFO - Worker cicd_worker_0 received task notification
2026-01-03 19:49:50,684 - ScannerWorker_cicd_worker_0 - INFO - Worker cicd_worker_0 received task notification
2026-01-03 19:49:50,688 - ScannerWorker_cicd_worker_0 - INFO - Worker cicd_worker_0 received task notification
2026-01-03 19:49:50,692 - ScannerWorker_cicd_worker_0 - INFO - Worker cicd_worker_0 received task notification
2026-01-03 19:49:50,695 - ScannerWorker_cicd_worker_0 - INFO - Worker cicd_worker_0 received task notification
2026-01-03 19:49:50,698 - ScannerWorker_cicd_worker_0 - INFO - Worker cicd_worker_0 received task notification
2026-01-03 19:49:50,701 - ScannerWorker_cicd_worker_0 - INFO - Worker cicd_worker_0 received task notification
2026-01-03 19:49:50,704 - ScannerWorker_cicd_worker_0 - INFO - Worker cicd_worker_0 received task notification
2026-01-03 19:49:50,707 - ScannerWorker_cicd_worker_0 - INFO - Worker cicd_worker_0 received task notification
2026-01-03 19:49:50,710 - ScannerWorker_cicd_worker_0 - INFO - Worker cicd_worker_0 received task notification
2026-01-03 19:49:50,714 - ScannerWorker_cicd_worker_0 - INFO - Worker cicd_worker_0 received task notification
2026-01-03 19:49:50,717 - ScannerWorker_cicd_worker_0 - INFO - Worker cicd_worker_0 received task notification
2026-01-03 19:49:50,721 - ScannerWorker_cicd_worker_0 - INFO - Worker cicd_worker_0 received task notification
2026-01-03 19:49:50,724 - ScannerWorker_cicd_worker_0 - INFO - Worker cicd_worker_0 received task notification
2026-01-03 19:49:50,727 - ScannerWorker_cicd_worker_0 - INFO - Worker cicd_worker_0 received task notification
2026-01-03 19:49:50,730 - ScannerWorker_cicd_worker_0 - INFO - Worker cicd_worker_0 received task notification
2026-01-03 19:49:50,733 - ScannerWorker_cicd_worker_0 - INFO - Worker cicd_worker_0 received task notification
2026-01-03 19:49:50,736 - ScannerWorker_cicd_worker_0 - INFO - Worker cicd_worker_0 received task notification
2026-01-03 19:49:50,739 - ScannerWorker_cicd_worker_0 - INFO - Worker cicd_worker_0 received task notification
2026-01-03 19:49:50,742 - ScannerWorker_cicd_worker_0 - INFO - Worker cicd_worker_0 received task notification
2026-01-03 19:49:50,746 - ScannerWorker_cicd_worker_0 - INFO - Worker cicd_worker_0 received task notification
2026-01-03 19:49:50,749 - ScannerWorker_cicd_worker_0 - INFO - Worker cicd_worker_0 received task notification
2026-01-03 19:49:50,752 - ScannerWorker_cicd_worker_0 - INFO - Worker cicd_worker_0 received task notification
2026-01-03 19:49:50,755 - ScannerWorker_cicd_worker_0 - INFO - Worker cicd_worker_0 received task notification
2026-01-03 19:49:50,759 - ScannerWorker_cicd_worker_0 - INFO - Worker cicd_worker_0 received task notification
2026-01-03 19:49:50,762 - ScannerWorker_cicd_worker_0 - INFO - Worker cicd_worker_0 received task notification
2026-01-03 19:49:50,765 - ScannerWorker_cicd_worker_0 - INFO - Worker cicd_worker_0 received task notification
2026-01-03 19:49:50,768 - ScannerWorker_cicd_worker_0 - INFO - Worker cicd_worker_0 received task notification
2026-01-03 19:49:50,771 - ScannerWorker_cicd_worker_0 - INFO - Worker cicd_worker_0 received task notification
2026-01-03 19:49:50,774 - ScannerWorker_cicd_worker_0 - INFO - Worker cicd_worker_0 received task notification
2026-01-03 19:49:50,778 - ScannerWorker_cicd_worker_0 - INFO - Worker cicd_worker_0 received task notification
2026-01-03 19:49:50,782 - ScannerWorker_cicd_worker_0 - INFO - Worker cicd_worker_0 received task notification
2026-01-03 19:49:50,784 - ScannerWorker_cicd_worker_0 - INFO - Worker cicd_worker_0 received task notification
2026-01-03 19:49:50,787 - ScannerWorker_cicd_worker_0 - INFO - Worker cicd_worker_0 received task notification
2026-01-03 19:49:50,790 - ScannerWorker_cicd_worker_0 - INFO - Worker cicd_worker_0 received task notification
2026-01-03 19:49:50,793 - ScannerWorker_cicd_worker_0 - INFO - Worker cicd_worker_0 received task notification
2026-01-03 19:49:50,797 - ScannerWorker_cicd_worker_0 - INFO - Worker cicd_worker_0 received task notification
2026-01-03 19:49:50,801 - ScannerWorker_cicd_worker_0 - INFO - Worker cicd_worker_0 received task notification
2026-01-03 19:49:50,804 - ScannerWorker_cicd_worker_0 - INFO - Worker cicd_worker_0 received task notification
2026-01-03 19:49:50,807 - ScannerWorker_cicd_worker_0 - INFO - Worker cicd_worker_0 received task notification
2026-01-03 19:49:50,811 - ScannerWorker_cicd_worker_0 - INFO - Worker cicd_worker_0 received task notification
2026-01-03 19:49:50,814 - ScannerWorker_cicd_worker_0 - INFO - Worker cicd_worker_0 received task notification
2026-01-03 19:49:50,818 - ScannerWorker_cicd_worker_0 - INFO - Worker cicd_worker_0 received task notification
2026-01-03 19:49:50,821 - ScannerWorker_cicd_worker_0 - INFO - Worker cicd_worker_0 received task notification
2026-01-03 19:49:52,669 - ScannerWorker_cicd_worker_0 - INFO - Worker cicd_worker_0 received task notification
2026-01-03 19:49:52,673 - ScannerWorker_cicd_worker_0 - INFO - Worker cicd_worker_0 received task notification
2026-01-03 19:49:52,676 - ScannerWorker_cicd_worker_0 - INFO - Worker cicd_worker_0 received task notification
2026-01-03 19:49:52,681 - ScannerWorker_cicd_worker_0 - INFO - Worker cicd_worker_0 received task notification
2026-01-03 19:49:52,685 - ScannerWorker_cicd_worker_0 - INFO - Worker cicd_worker_0 received task notification
2026-01-03 19:49:52,689 - ScannerWorker_cicd_worker_0 - INFO - Worker cicd_worker_0 received task notification
2026-01-03 19:49:52,692 - ScannerWorker_cicd_worker_0 - INFO - Worker cicd_worker_0 received task notification
2026-01-03 19:49:52,696 - ScannerWorker_cicd_worker_0 - INFO - Worker cicd_worker_0 received task notification
2026-01-03 19:49:52,700 - ScannerWorker_cicd_worker_0 - INFO - Worker cicd_worker_0 received task notification
2026-01-03 19:49:52,704 - ScannerWorker_cicd_worker_0 - INFO - Worker cicd_worker_0 received task notification
2026-01-03 19:49:52,708 - ScannerWorker_cicd_worker_0 - INFO - Worker cicd_worker_0 received task notification
2026-01-03 19:49:52,713 - ScannerWorker_cicd_worker_0 - INFO - Worker cicd_worker_0 received task notification
2026-01-03 19:49:52,717 - ScannerWorker_cicd_worker_0 - INFO - Worker cicd_worker_0 received task notification
2026-01-03 19:49:52,721 - ScannerWorker_cicd_worker_0 - INFO - Worker cicd_worker_0 received task notification
2026-01-03 19:49:52,724 - ScannerWorker_cicd_worker_0 - INFO - Worker cicd_worker_0 received task notification
2026-01-03 19:49:52,727 - ScannerWorker_cicd_worker_0 - INFO - Worker cicd_worker_0 received task notification
2026-01-03 19:49:52,731 - ScannerWorker_cicd_worker_0 - INFO - Worker cicd_worker_0 received task notification
2026-01-03 19:49:52,734 - ScannerWorker_cicd_worker_0 - INFO - Worker cicd_worker_0 received task notification
2026-01-03 19:49:52,739 - ScannerWorker_cicd_worker_0 - INFO - Worker cicd_worker_0 received task notification
2026-01-03 19:49:52,742 - ScannerWorker_cicd_worker_0 - INFO - Worker cicd_worker_0 received task notification
2026-01-03 19:49:52,746 - ScannerWorker_cicd_worker_0 - INFO - Worker cicd_worker_0 received task notification
2026-01-03 19:49:52,749 - ScannerWorker_cicd_worker_0 - INFO - Worker cicd_worker_0 received task notification
2026-01-03 19:49:52,753 - ScannerWorker_cicd_worker_0 - INFO - Worker cicd_worker_0 received task notification
2026-01-03 19:49:52,757 - ScannerWorker_cicd_worker_0 - INFO - Worker cicd_worker_0 received task notification
2026-01-03 19:49:52,761 - ScannerWorker_cicd_worker_0 - INFO - Worker cicd_worker_0 received task notification
2026-01-03 19:49:52,764 - ScannerWorker_cicd_worker_0 - INFO - Worker cicd_worker_0 received task notification
2026-01-03 19:49:52,769 - ScannerWorker_cicd_worker_0 - INFO - Worker cicd_worker_0 received task notification
2026-01-03 19:49:52,772 - ScannerWorker_cicd_worker_0 - INFO - Worker cicd_worker_0 received task notification
2026-01-03 19:49:52,776 - ScannerWorker_cicd_worker_0 - INFO - Worker cicd_worker_0 received task notification
2026-01-03 19:49:52,780 - ScannerWorker_cicd_worker_0 - INFO - Worker cicd_worker_0 received task notification
2026-01-03 19:49:52,783 - ScannerWorker_cicd_worker_0 - INFO - Worker cicd_worker_0 received task notification
2026-01-03 19:49:52,787 - ScannerWorker_cicd_worker_0 - INFO - Worker cicd_worker_0 received task notification
2026-01-03 19:49:52,790 - ScannerWorker_cicd_worker_0 - INFO - Worker cicd_worker_0 received task notification
2026-01-03 19:49:52,795 - ScannerWorker_cicd_worker_0 - INFO - Worker cicd_worker_0 received task notification
2026-01-03 19:49:52,798 - ScannerWorker_cicd_worker_0 - INFO - Worker cicd_worker_0 received task notification
2026-01-03 19:49:52,802 - ScannerWorker_cicd_worker_0 - INFO - Worker cicd_worker_0 received task notification
2026-01-03 19:49:52,805 - ScannerWorker_cicd_worker_0 - INFO - Worker cicd_worker_0 received task notification
2026-01-03 19:49:52,809 - ScannerWorker_cicd_worker_0 - INFO - Worker cicd_worker_0 received task notification
2026-01-03 19:49:52,812 - ScannerWorker_cicd_worker_0 - INFO - Worker cicd_worker_0 received task notification
2026-01-03 19:49:52,818 - ScannerWorker_cicd_worker_0 - INFO - Worker cicd_worker_0 received task notification
2026-01-03 19:49:52,823 - ScannerWorker_cicd_worker_0 - INFO - Worker cicd_worker_0 received task notification
2026-01-03 19:49:52,827 - ScannerWorker_cicd_worker_0 - INFO - Worker cicd_worker_0 received task notification
2026-01-03 19:49:52,832 - ScannerWorker_cicd_worker_0 - INFO - Worker cicd_worker_0 received task notification
2026-01-03 19:49:52,835 - ScannerWorker_cicd_worker_0 - INFO - Worker cicd_worker_0 received task notification
2026-01-03 19:49:52,839 - ScannerWorker_cicd_worker_0 - INFO - Worker cicd_worker_0 received task notification
2026-01-03 19:49:52,843 - ScannerWorker_cicd_worker_0 - INFO - Worker cicd_worker_0 received task notification
2026-01-03 19:49:52,846 - ScannerWorker_cicd_worker_0 - INFO - Worker cicd_worker_0 received task notification
2026-01-03 19:49:52,850 - ScannerWorker_cicd_worker_0 - INFO - Worker cicd_worker_0 received task notification
2026-01-03 19:49:52,854 - ScannerWorker_cicd_worker_0 - INFO - Worker cicd_worker_0 received task notification
2026-01-03 19:49:52,858 - ScannerWorker_cicd_worker_0 - INFO - Worker cicd_worker_0 received task notification
2026-01-03 19:49:52,866 - ScannerWorker_cicd_worker_0 - INFO - Worker cicd_worker_0 received task notification
2026-01-03 19:49:52,871 - ScannerWorker_cicd_worker_0 - INFO - Worker cicd_worker_0 received task notification
2026-01-03 19:49:52,875 - ScannerWorker_cicd_worker_0 - INFO - Worker cicd_worker_0 received task notification
2026-01-03 19:49:52,879 - ScannerWorker_cicd_worker_0 - INFO - Worker cicd_worker_0 received task notification
2026-01-03 19:49:52,885 - ScannerWorker_cicd_worker_0 - INFO - Worker cicd_worker_0 received task notification
2026-01-03 19:49:52,889 - ScannerWorker_cicd_worker_0 - INFO - Worker cicd_worker_0 received task notification
2026-01-03 19:49:52,892 - ScannerWorker_cicd_worker_0 - INFO - Worker cicd_worker_0 received task notification
2026-01-03 19:49:52,896 - ScannerWorker_cicd_worker_0 - INFO - Worker cicd_worker_0 received task notification
2026-01-03 19:49:52,901 - ScannerWorker_cicd_worker_0 - INFO - Worker cicd_worker_0 received task notification
2026-01-03 19:49:52,904 - ScannerWorker_cicd_worker_0 - INFO - Worker cicd_worker_0 received task notification
2026-01-03 19:49:52,907 - ScannerWorker_cicd_worker_0 - INFO - Worker cicd_worker_0 received task notification
2026-01-03 19:49:52,910 - ScannerWorker_cicd_worker_0 - INFO - Worker cicd_worker_0 received task notification
2026-01-03 19:49:52,914 - ScannerWorker_cicd_worker_0 - INFO - Worker cicd_worker_0 received task notification
2026-01-03 19:49:52,918 - ScannerWorker_cicd_worker_0 - INFO - Worker cicd_worker_0 received task notification
2026-01-03 19:49:52,922 - ScannerWorker_cicd_worker_0 - INFO - Worker cicd_worker_0 received task notification
2026-01-03 19:49:52,925 - ScannerWorker_cicd_worker_0 - INFO - Worker cicd_worker_0 received task notification
2026-01-03 19:49:52,929 - ScannerWorker_cicd_worker_0 - INFO - Worker cicd_worker_0 received task notification
2026-01-03 19:49:52,933 - ScannerWorker_cicd_worker_0 - INFO - Worker cicd_worker_0 received task notification
2026-01-03 19:49:52,937 - ScannerWorker_cicd_worker_0 - INFO - Worker cicd_worker_0 received task notification
2026-01-03 19:49:52,940 - ScannerWorker_cicd_worker_0 - INFO - Worker cicd_worker_0 received task notification
2026-01-03 19:49:52,943 - ScannerWorker_cicd_worker_0 - INFO - Worker cicd_worker_0 received task notification
2026-01-03 19:49:52,947 - ScannerWorker_cicd_worker_0 - INFO - Worker cicd_worker_0 received task notification
2026-01-03 19:49:52,950 - ScannerWorker_cicd_worker_0 - INFO - Worker cicd_worker_0 received task notification
2026-01-03 19:49:52,953 - ScannerWorker_cicd_worker_0 - INFO - Worker cicd_worker_0 received task notification
2026-01-03 19:49:52,956 - ScannerWorker_cicd_worker_0 - INFO - Worker cicd_worker_0 received task notification
2026-01-03 19:49:52,960 - ScannerWorker_cicd_worker_0 - INFO - Worker cicd_worker_0 received task notification
2026-01-03 19:49:52,963 - ScannerWorker_cicd_worker_0 - INFO - Worker cicd_worker_0 received task notification
2026-01-03 19:49:52,966 - ScannerWorker_cicd_worker_0 - INFO - Worker cicd_worker_0 received task notification
2026-01-03 19:49:52,969 - ScannerWorker_cicd_worker_0 - INFO - Worker cicd_worker_0 received task notification
2026-01-03 19:49:52,972 - ScannerWorker_cicd_worker_0 - INFO - Worker cicd_worker_0 received task notification
2026-01-03 19:49:52,975 - ScannerWorker_cicd_worker_0 - INFO - Worker cicd_worker_0 received task notification
2026-01-03 19:49:52,979 - ScannerWorker_cicd_worker_0 - INFO - Worker cicd_worker_0 received task notification
2026-01-03 19:49:52,982 - ScannerWorker_cicd_worker_0 - INFO - Worker cicd_worker_0 received task notification
2026-01-03 19:49:52,986 - ScannerWorker_cicd_worker_0 - INFO - Worker cicd_worker_0 received task notification
2026-01-03 19:49:52,989 - ScannerWorker_cicd_worker_0 - INFO - Worker cicd_worker_0 received task notification
2026-01-03 19:49:52,992 - ScannerWorker_cicd_worker_0 - INFO - Worker cicd_worker_0 received task notification
2026-01-03 19:49:52,995 - ScannerWorker_cicd_worker_0 - INFO - Worker cicd_worker_0 received task notification
2026-01-03 19:49:52,998 - ScannerWorker_cicd_worker_0 - INFO - Worker cicd_worker_0 received task notification
2026-01-03 19:49:54,894 - ScannerWorker_cicd_worker_0 - INFO - Worker cicd_worker_0 received task notification
2026-01-03 19:49:54,899 - ScannerWorker_cicd_worker_0 - INFO - Worker cicd_worker_0 received task notification
2026-01-03 19:49:54,907 - ScannerWorker_cicd_worker_0 - INFO - Worker cicd_worker_0 received task notification
2026-01-03 19:49:54,914 - ScannerWorker_cicd_worker_0 - INFO - Worker cicd_worker_0 received task notification
2026-01-03 19:49:54,921 - ScannerWorker_cicd_worker_0 - INFO - Worker cicd_worker_0 received task notification
2026-01-03 19:49:54,926 - ScannerWorker_cicd_worker_0 - INFO - Worker cicd_worker_0 received task notification
2026-01-03 19:49:54,931 - ScannerWorker_cicd_worker_0 - INFO - Worker cicd_worker_0 received task notification
2026-01-03 19:49:54,936 - ScannerWorker_cicd_worker_0 - INFO - Worker cicd_worker_0 received task notification
2026-01-03 19:49:54,941 - ScannerWorker_cicd_worker_0 - INFO - Worker cicd_worker_0 received task notification
2026-01-03 19:49:54,944 - ScannerWorker_cicd_worker_0 - INFO - Worker cicd_worker_0 received task notification
2026-01-03 19:49:54,948 - ScannerWorker_cicd_worker_0 - INFO - Worker cicd_worker_0 received task notification
2026-01-03 19:49:54,951 - ScannerWorker_cicd_worker_0 - INFO - Worker cicd_worker_0 received task notification
2026-01-03 19:49:54,954 - ScannerWorker_cicd_worker_0 - INFO - Worker cicd_worker_0 received task notification
2026-01-03 19:49:54,957 - ScannerWorker_cicd_worker_0 - INFO - Worker cicd_worker_0 received task notification
2026-01-03 19:49:54,960 - ScannerWorker_cicd_worker_0 - INFO - Worker cicd_worker_0 received task notification
2026-01-03 19:49:54,963 - ScannerWorker_cicd_worker_0 - INFO - Worker cicd_worker_0 received task notification
2026-01-03 19:49:54,967 - ScannerWorker_cicd_worker_0 - INFO - Worker cicd_worker_0 received task notification
2026-01-03 19:49:54,970 - ScannerWorker_cicd_worker_0 - INFO - Worker cicd_worker_0 received task notification
2026-01-03 19:49:54,973 - ScannerWorker_cicd_worker_0 - INFO - Worker cicd_worker_0 received task notification
2026-01-03 19:49:54,977 - ScannerWorker_cicd_worker_0 - INFO - Worker cicd_worker_0 received task notification
2026-01-03 19:49:54,980 - ScannerWorker_cicd_worker_0 - INFO - Worker cicd_worker_0 received task notification
2026-01-03 19:49:54,983 - ScannerWorker_cicd_worker_0 - INFO - Worker cicd_worker_0 received task notification
2026-01-03 19:49:54,986 - ScannerWorker_cicd_worker_0 - INFO - Worker cicd_worker_0 received task notification
2026-01-03 19:49:54,990 - ScannerWorker_cicd_worker_0 - INFO - Worker cicd_worker_0 received task notification
2026-01-03 19:49:54,994 - ScannerWorker_cicd_worker_0 - INFO - Worker cicd_worker_0 received task notification
2026-01-03 19:49:54,997 - ScannerWorker_cicd_worker_0 - INFO - Worker cicd_worker_0 received task notification
2026-01-03 19:49:55,000 - ScannerWorker_cicd_worker_0 - INFO - Worker cicd_worker_0 received task notification
2026-01-03 19:49:55,003 - ScannerWorker_cicd_worker_0 - INFO - Worker cicd_worker_0 received task notification
2026-01-03 19:49:55,006 - ScannerWorker_cicd_worker_0 - INFO - Worker cicd_worker_0 received task notification
2026-01-03 19:49:55,009 - ScannerWorker_cicd_worker_0 - INFO - Worker cicd_worker_0 received task notification
2026-01-03 19:49:55,013 - ScannerWorker_cicd_worker_0 - INFO - Worker cicd_worker_0 received task notification
2026-01-03 19:49:55,016 - ScannerWorker_cicd_worker_0 - INFO - Worker cicd_worker_0 received task notification
2026-01-03 19:49:55,020 - ScannerWorker_cicd_worker_0 - INFO - Worker cicd_worker_0 received task notification
2026-01-03 19:49:55,023 - ScannerWorker_cicd_worker_0 - INFO - Worker cicd_worker_0 received task notification
2026-01-03 19:49:55,026 - ScannerWorker_cicd_worker_0 - INFO - Worker cicd_worker_0 received task notification
2026-01-03 19:49:55,030 - ScannerWorker_cicd_worker_0 - INFO - Worker cicd_worker_0 received task notification
2026-01-03 19:49:55,033 - ScannerWorker_cicd_worker_0 - INFO - Worker cicd_worker_0 received task notification
2026-01-03 19:49:55,036 - ScannerWorker_cicd_worker_0 - INFO - Worker cicd_worker_0 received task notification
2026-01-03 19:49:55,040 - ScannerWorker_cicd_worker_0 - INFO - Worker cicd_worker_0 received task notification
2026-01-03 19:49:55,043 - ScannerWorker_cicd_worker_0 - INFO - Worker cicd_worker_0 received task notification
2026-01-03 19:49:55,047 - ScannerWorker_cicd_worker_0 - INFO - Worker cicd_worker_0 received task notification
2026-01-03 19:49:55,051 - ScannerWorker_cicd_worker_0 - INFO - Worker cicd_worker_0 received task notification
2026-01-03 19:49:55,055 - ScannerWorker_cicd_worker_0 - INFO - Worker cicd_worker_0 received task notification
2026-01-03 19:49:55,058 - ScannerWorker_cicd_worker_0 - INFO - Worker cicd_worker_0 received task notification
2026-01-03 19:49:55,062 - ScannerWorker_cicd_worker_0 - INFO - Worker cicd_worker_0 received task notification
2026-01-03 19:49:55,066 - ScannerWorker_cicd_worker_0 - INFO - Worker cicd_worker_0 received task notification
2026-01-03 19:49:55,070 - ScannerWorker_cicd_worker_0 - INFO - Worker cicd_worker_0 received task notification
2026-01-03 19:49:55,074 - ScannerWorker_cicd_worker_0 - INFO - Worker cicd_worker_0 received task notification
2026-01-03 19:49:55,077 - ScannerWorker_cicd_worker_0 - INFO - Worker cicd_worker_0 received task notification
2026-01-03 19:49:55,081 - ScannerWorker_cicd_worker_0 - INFO - Worker cicd_worker_0 received task notification
2026-01-03 19:49:55,085 - ScannerWorker_cicd_worker_0 - INFO - Worker cicd_worker_0 received task notification
2026-01-03 19:49:55,089 - ScannerWorker_cicd_worker_0 - INFO - Worker cicd_worker_0 received task notification
2026-01-03 19:49:55,093 - ScannerWorker_cicd_worker_0 - INFO - Worker cicd_worker_0 received task notification
2026-01-03 19:49:55,096 - ScannerWorker_cicd_worker_0 - INFO - Worker cicd_worker_0 received task notification
2026-01-03 19:49:55,099 - ScannerWorker_cicd_worker_0 - INFO - Worker cicd_worker_0 received task notification
2026-01-03 19:49:55,102 - ScannerWorker_cicd_worker_0 - INFO - Worker cicd_worker_0 received task notification
2026-01-03 19:49:55,106 - ScannerWorker_cicd_worker_0 - INFO - Worker cicd_worker_0 received task notification
2026-01-03 19:49:55,109 - ScannerWorker_cicd_worker_0 - INFO - Worker cicd_worker_0 received task notification
2026-01-03 19:49:55,113 - ScannerWorker_cicd_worker_0 - INFO - Worker cicd_worker_0 received task notification
2026-01-03 19:49:55,117 - ScannerWorker_cicd_worker_0 - INFO - Worker cicd_worker_0 received task notification
2026-01-03 19:49:55,121 - ScannerWorker_cicd_worker_0 - INFO - Worker cicd_worker_0 received task notification
2026-01-03 19:49:55,124 - ScannerWorker_cicd_worker_0 - INFO - Worker cicd_worker_0 received task notification
2026-01-03 19:49:55,127 - ScannerWorker_cicd_worker_0 - INFO - Worker cicd_worker_0 received task notification
2026-01-03 19:49:55,133 - ScannerWorker_cicd_worker_0 - INFO - Worker cicd_worker_0 received task notification
2026-01-03 19:49:55,136 - ScannerWorker_cicd_worker_0 - INFO - Worker cicd_worker_0 received task notification
2026-01-03 19:49:55,139 - ScannerWorker_cicd_worker_0 - INFO - Worker cicd_worker_0 received task notification
2026-01-03 19:49:55,142 - ScannerWorker_cicd_worker_0 - INFO - Worker cicd_worker_0 received task notification
2026-01-03 19:49:55,147 - ScannerWorker_cicd_worker_0 - INFO - Worker cicd_worker_0 received task notification
2026-01-03 19:49:55,151 - ScannerWorker_cicd_worker_0 - INFO - Worker cicd_worker_0 received task notification
2026-01-03 19:49:55,154 - ScannerWorker_cicd_worker_0 - INFO - Worker cicd_worker_0 received task notification
2026-01-03 19:49:55,158 - ScannerWorker_cicd_worker_0 - INFO - Worker cicd_worker_0 received task notification
2026-01-03 19:49:55,162 - ScannerWorker_cicd_worker_0 - INFO - Worker cicd_worker_0 received task notification
2026-01-03 19:49:55,165 - ScannerWorker_cicd_worker_0 - INFO - Worker cicd_worker_0 received task notification
2026-01-03 19:49:55,169 - ScannerWorker_cicd_worker_0 - INFO - Worker cicd_worker_0 received task notification
2026-01-03 19:49:55,171 - ScannerWorker_cicd_worker_0 - INFO - Worker cicd_worker_0 received task notification
2026-01-03 19:49:55,174 - ScannerWorker_cicd_worker_0 - INFO - Worker cicd_worker_0 received task notification
2026-01-03 19:49:55,177 - ScannerWorker_cicd_worker_0 - INFO - Worker cicd_worker_0 received task notification
2026-01-03 19:49:55,179 - ScannerWorker_cicd_worker_0 - INFO - Worker cicd_worker_0 received task notification
2026-01-03 19:49:55,182 - ScannerWorker_cicd_worker_0 - INFO - Worker cicd_worker_0 received task notification
2026-01-03 19:49:55,184 - ScannerWorker_cicd_worker_0 - INFO - Worker cicd_worker_0 received task notification
2026-01-03 19:49:55,187 - ScannerWorker_cicd_worker_0 - INFO - Worker cicd_worker_0 received task notification
2026-01-03 19:49:55,189 - ScannerWorker_cicd_worker_0 - INFO - Worker cicd_worker_0 received task notification
2026-01-03 19:49:55,192 - ScannerWorker_cicd_worker_0 - INFO - Worker cicd_worker_0 received task notification
2026-01-03 19:49:55,195 - ScannerWorker_cicd_worker_0 - INFO - Worker cicd_worker_0 received task notification
2026-01-03 19:49:55,198 - ScannerWorker_cicd_worker_0 - INFO - Worker cicd_worker_0 received task notification
2026-01-03 19:49:55,201 - ScannerWorker_cicd_worker_0 - INFO - Worker cicd_worker_0 received task notification
2026-01-03 19:49:55,203 - ScannerWorker_cicd_worker_0 - INFO - Worker cicd_worker_0 received task notification
2026-01-03 19:49:55,206 - ScannerWorker_cicd_worker_0 - INFO - Worker cicd_worker_0 received task notification
2026-01-03 19:49:55,208 - ScannerWorker_cicd_worker_0 - INFO - Worker cicd_worker_0 received task notification
2026-01-03 19:49:55,211 - ScannerWorker_cicd_worker_0 - INFO - Worker cicd_worker_0 received task notification
2026-01-03 19:49:55,213 - ScannerWorker_cicd_worker_0 - INFO - Worker cicd_worker_0 received task notification
2026-01-03 19:49:55,215 - ScannerWorker_cicd_worker_0 - INFO - Worker cicd_worker_0 received task notification
2026-01-03 19:49:55,218 - ScannerWorker_cicd_worker_0 - INFO - Worker cicd_worker_0 received task notification
2026-01-03 19:49:55,220 - ScannerWorker_cicd_worker_0 - INFO - Worker cicd_worker_0 received task notification
2026-01-03 19:49:55,223 - ScannerWorker_cicd_worker_0 - INFO - Worker cicd_worker_0 received task notification
2026-01-03 19:49:55,225 - ScannerWorker_cicd_worker_0 - INFO - Worker cicd_worker_0 received task notification
2026-01-03 19:49:55,228 - ScannerWorker_cicd_worker_0 - INFO - Worker cicd_worker_0 received task notification
2026-01-03 19:49:55,230 - ScannerWorker_cicd_worker_0 - INFO - Worker cicd_worker_0 received task notification
2026-01-03 19:49:55,234 - ScannerWorker_cicd_worker_0 - INFO - Worker cicd_worker_0 received task notification
2026-01-03 19:49:55,237 - ScannerWorker_cicd_worker_0 - INFO - Worker cicd_worker_0 received task notification
2026-01-03 19:49:55,239 - ScannerWorker_cicd_worker_0 - INFO - Worker cicd_worker_0 received task notification
2026-01-03 19:49:55,242 - ScannerWorker_cicd_worker_0 - INFO - Worker cicd_worker_0 received task notification
2026-01-03 19:49:55,245 - ScannerWorker_cicd_worker_0 - INFO - Worker cicd_worker_0 received task notification
2026-01-03 19:49:55,247 - ScannerWorker_cicd_worker_0 - INFO - Worker cicd_worker_0 received task notification
2026-01-03 19:49:55,250 - ScannerWorker_cicd_worker_0 - INFO - Worker cicd_worker_0 received task notification
2026-01-03 19:49:55,253 - ScannerWorker_cicd_worker_0 - INFO - Worker cicd_worker_0 received task notification
2026-01-03 19:49:55,255 - ScannerWorker_cicd_worker_0 - INFO - Worker cicd_worker_0 received task notification
2026-01-03 19:49:55,257 - ScannerWorker_cicd_worker_0 - INFO - Worker cicd_worker_0 received task notification
2026-01-03 19:49:55,260 - ScannerWorker_cicd_worker_0 - INFO - Worker cicd_worker_0 received task notification
2026-01-03 19:49:55,263 - ScannerWorker_cicd_worker_0 - INFO - Worker cicd_worker_0 received task notification
2026-01-03 19:49:57,148 - ScannerWorker_cicd_worker_0 - INFO - Worker cicd_worker_0 received task notification
2026-01-03 19:49:57,154 - ScannerWorker_cicd_worker_0 - INFO - Worker cicd_worker_0 received task notification
2026-01-03 19:49:57,160 - ScannerWorker_cicd_worker_0 - INFO - Worker cicd_worker_0 received task notification
2026-01-03 19:49:57,164 - ScannerWorker_cicd_worker_0 - INFO - Worker cicd_worker_0 received task notification
2026-01-03 19:49:57,170 - ScannerWorker_cicd_worker_0 - INFO - Worker cicd_worker_0 received task notification
2026-01-03 19:49:57,174 - ScannerWorker_cicd_worker_0 - INFO - Worker cicd_worker_0 received task notification
2026-01-03 19:49:57,178 - ScannerWorker_cicd_worker_0 - INFO - Worker cicd_worker_0 received task notification
2026-01-03 19:49:57,181 - ScannerWorker_cicd_worker_0 - INFO - Worker cicd_worker_0 received task notification
2026-01-03 19:49:57,185 - ScannerWorker_cicd_worker_0 - INFO - Worker cicd_worker_0 received task notification
2026-01-03 19:49:57,189 - ScannerWorker_cicd_worker_0 - INFO - Worker cicd_worker_0 received task notification
2026-01-03 19:49:57,193 - ScannerWorker_cicd_worker_0 - INFO - Worker cicd_worker_0 received task notification
2026-01-03 19:49:57,197 - ScannerWorker_cicd_worker_0 - INFO - Worker cicd_worker_0 received task notification
2026-01-03 19:49:57,201 - ScannerWorker_cicd_worker_0 - INFO - Worker cicd_worker_0 received task notification
2026-01-03 19:49:57,205 - ScannerWorker_cicd_worker_0 - INFO - Worker cicd_worker_0 received task notification
2026-01-03 19:49:57,209 - ScannerWorker_cicd_worker_0 - INFO - Worker cicd_worker_0 received task notification
2026-01-03 19:49:57,213 - ScannerWorker_cicd_worker_0 - INFO - Worker cicd_worker_0 received task notification
2026-01-03 19:49:57,216 - ScannerWorker_cicd_worker_0 - INFO - Worker cicd_worker_0 received task notification
2026-01-03 19:49:57,219 - ScannerWorker_cicd_worker_0 - INFO - Worker cicd_worker_0 received task notification
2026-01-03 19:49:57,224 - ScannerWorker_cicd_worker_0 - INFO - Worker cicd_worker_0 received task notification
2026-01-03 19:49:57,227 - ScannerWorker_cicd_worker_0 - INFO - Worker cicd_worker_0 received task notification
2026-01-03 19:49:57,232 - ScannerWorker_cicd_worker_0 - INFO - Worker cicd_worker_0 received task notification
2026-01-03 19:49:57,236 - ScannerWorker_cicd_worker_0 - INFO - Worker cicd_worker_0 received task notification
2026-01-03 19:49:57,240 - ScannerWorker_cicd_worker_0 - INFO - Worker cicd_worker_0 received task notification
2026-01-03 19:49:57,243 - ScannerWorker_cicd_worker_0 - INFO - Worker cicd_worker_0 received task notification
2026-01-03 19:49:57,246 - ScannerWorker_cicd_worker_0 - INFO - Worker cicd_worker_0 received task notification
2026-01-03 19:49:57,251 - ScannerWorker_cicd_worker_0 - INFO - Worker cicd_worker_0 received task notification
2026-01-03 19:49:57,255 - ScannerWorker_cicd_worker_0 - INFO - Worker cicd_worker_0 received task notification
2026-01-03 19:49:57,258 - ScannerWorker_cicd_worker_0 - INFO - Worker cicd_worker_0 received task notification
2026-01-03 19:49:57,263 - ScannerWorker_cicd_worker_0 - INFO - Worker cicd_worker_0 received task notification
2026-01-03 19:49:57,267 - ScannerWorker_cicd_worker_0 - INFO - Worker cicd_worker_0 received task notification
2026-01-03 19:49:57,271 - ScannerWorker_cicd_worker_0 - INFO - Worker cicd_worker_0 received task notification
2026-01-03 19:49:57,275 - ScannerWorker_cicd_worker_0 - INFO - Worker cicd_worker_0 received task notification
2026-01-03 19:49:57,279 - ScannerWorker_cicd_worker_0 - INFO - Worker cicd_worker_0 received task notification
2026-01-03 19:49:57,283 - ScannerWorker_cicd_worker_0 - INFO - Worker cicd_worker_0 received task notification
2026-01-03 19:49:57,286 - ScannerWorker_cicd_worker_0 - INFO - Worker cicd_worker_0 received task notification
2026-01-03 19:49:57,289 - ScannerWorker_cicd_worker_0 - INFO - Worker cicd_worker_0 received task notification
2026-01-03 19:49:57,292 - ScannerWorker_cicd_worker_0 - INFO - Worker cicd_worker_0 received task notification
2026-01-03 19:49:57,296 - ScannerWorker_cicd_worker_0 - INFO - Worker cicd_worker_0 received task notification
2026-01-03 19:49:57,300 - ScannerWorker_cicd_worker_0 - INFO - Worker cicd_worker_0 received task notification
2026-01-03 19:49:57,303 - ScannerWorker_cicd_worker_0 - INFO - Worker cicd_worker_0 received task notification
2026-01-03 19:49:57,306 - ScannerWorker_cicd_worker_0 - INFO - Worker cicd_worker_0 received task notification
2026-01-03 19:49:57,309 - ScannerWorker_cicd_worker_0 - INFO - Worker cicd_worker_0 received task notification
2026-01-03 19:49:57,313 - ScannerWorker_cicd_worker_0 - INFO - Worker cicd_worker_0 received task notification
2026-01-03 19:49:57,316 - ScannerWorker_cicd_worker_0 - INFO - Worker cicd_worker_0 received task notification
2026-01-03 19:49:57,320 - ScannerWorker_cicd_worker_0 - INFO - Worker cicd_worker_0 received task notification
2026-01-03 19:49:57,324 - ScannerWorker_cicd_worker_0 - INFO - Worker cicd_worker_0 received task notification
2026-01-03 19:49:57,327 - ScannerWorker_cicd_worker_0 - INFO - Worker cicd_worker_0 received task notification
2026-01-03 19:49:57,330 - ScannerWorker_cicd_worker_0 - INFO - Worker cicd_worker_0 received task notification
2026-01-03 19:49:57,333 - ScannerWorker_cicd_worker_0 - INFO - Worker cicd_worker_0 received task notification
2026-01-03 19:49:57,336 - ScannerWorker_cicd_worker_0 - INFO - Worker cicd_worker_0 received task notification
2026-01-03 19:49:57,338 - ScannerWorker_cicd_worker_0 - INFO - Worker cicd_worker_0 received task notification
2026-01-03 19:49:57,341 - ScannerWorker_cicd_worker_0 - INFO - Worker cicd_worker_0 received task notification
2026-01-03 19:49:57,344 - ScannerWorker_cicd_worker_0 - INFO - Worker cicd_worker_0 received task notification
2026-01-03 19:49:57,347 - ScannerWorker_cicd_worker_0 - INFO - Worker cicd_worker_0 received task notification
2026-01-03 19:49:57,350 - ScannerWorker_cicd_worker_0 - INFO - Worker cicd_worker_0 received task notification
2026-01-03 19:49:57,352 - ScannerWorker_cicd_worker_0 - INFO - Worker cicd_worker_0 received task notification
2026-01-03 19:49:57,355 - ScannerWorker_cicd_worker_0 - INFO - Worker cicd_worker_0 received task notification
2026-01-03 19:49:57,358 - ScannerWorker_cicd_worker_0 - INFO - Worker cicd_worker_0 received task notification
2026-01-03 19:49:57,360 - ScannerWorker_cicd_worker_0 - INFO - Worker cicd_worker_0 received task notification
2026-01-03 19:49:57,363 - ScannerWorker_cicd_worker_0 - INFO - Worker cicd_worker_0 received task notification
2026-01-03 19:49:57,365 - ScannerWorker_cicd_worker_0 - INFO - Worker cicd_worker_0 received task notification
2026-01-03 19:49:57,368 - ScannerWorker_cicd_worker_0 - INFO - Worker cicd_worker_0 received task notification
2026-01-03 19:49:57,371 - ScannerWorker_cicd_worker_0 - INFO - Worker cicd_worker_0 received task notification
2026-01-03 19:49:57,374 - ScannerWorker_cicd_worker_0 - INFO - Worker cicd_worker_0 received task notification
2026-01-03 19:49:57,377 - ScannerWorker_cicd_worker_0 - INFO - Worker cicd_worker_0 received task notification
2026-01-03 19:49:57,379 - ScannerWorker_cicd_worker_0 - INFO - Worker cicd_worker_0 received task notification
2026-01-03 19:49:59,310 - ScannerWorker_cicd_worker_0 - INFO - Worker cicd_worker_0 received task notification
2026-01-03 19:49:59,323 - ScannerWorker_cicd_worker_0 - INFO - Worker cicd_worker_0 received task notification
2026-01-03 19:49:59,332 - ScannerWorker_cicd_worker_0 - INFO - Worker cicd_worker_0 received task notification
2026-01-03 19:49:59,340 - ScannerWorker_cicd_worker_0 - INFO - Worker cicd_worker_0 received task notification
2026-01-03 19:49:59,350 - ScannerWorker_cicd_worker_0 - INFO - Worker cicd_worker_0 received task notification
2026-01-03 19:49:59,361 - ScannerWorker_cicd_worker_0 - INFO - Worker cicd_worker_0 received task notification
2026-01-03 19:49:59,371 - ScannerWorker_cicd_worker_0 - INFO - Worker cicd_worker_0 received task notification
2026-01-03 19:49:59,378 - ScannerWorker_cicd_worker_0 - INFO - Worker cicd_worker_0 received task notification
2026-01-03 19:49:59,384 - ScannerWorker_cicd_worker_0 - INFO - Worker cicd_worker_0 received task notification
2026-01-03 19:49:59,388 - ScannerWorker_cicd_worker_0 - INFO - Worker cicd_worker_0 received task notification
2026-01-03 19:49:59,392 - ScannerWorker_cicd_worker_0 - INFO - Worker cicd_worker_0 received task notification
2026-01-03 19:49:59,396 - ScannerWorker_cicd_worker_0 - INFO - Worker cicd_worker_0 received task notification
2026-01-03 19:49:59,400 - ScannerWorker_cicd_worker_0 - INFO - Worker cicd_worker_0 received task notification
2026-01-03 19:49:59,403 - ScannerWorker_cicd_worker_0 - INFO - Worker cicd_worker_0 received task notification
2026-01-03 19:49:59,407 - ScannerWorker_cicd_worker_0 - INFO - Worker cicd_worker_0 received task notification
2026-01-03 19:49:59,411 - ScannerWorker_cicd_worker_0 - INFO - Worker cicd_worker_0 received task notification
2026-01-03 19:49:59,415 - ScannerWorker_cicd_worker_0 - INFO - Worker cicd_worker_0 received task notification
2026-01-03 19:49:59,419 - ScannerWorker_cicd_worker_0 - INFO - Worker cicd_worker_0 received task notification
2026-01-03 19:49:59,423 - ScannerWorker_cicd_worker_0 - INFO - Worker cicd_worker_0 received task notification
2026-01-03 19:49:59,427 - ScannerWorker_cicd_worker_0 - INFO - Worker cicd_worker_0 received task notification
2026-01-03 19:49:59,432 - ScannerWorker_cicd_worker_0 - INFO - Worker cicd_worker_0 received task notification
2026-01-03 19:49:59,436 - ScannerWorker_cicd_worker_0 - INFO - Worker cicd_worker_0 received task notification
2026-01-03 19:49:59,440 - ScannerWorker_cicd_worker_0 - INFO - Worker cicd_worker_0 received task notification
2026-01-03 19:49:59,444 - ScannerWorker_cicd_worker_0 - INFO - Worker cicd_worker_0 received task notification
2026-01-03 19:49:59,447 - ScannerWorker_cicd_worker_0 - INFO - Worker cicd_worker_0 received task notification
2026-01-03 19:49:59,452 - ScannerWorker_cicd_worker_0 - INFO - Worker cicd_worker_0 received task notification
2026-01-03 19:49:59,456 - ScannerWorker_cicd_worker_0 - INFO - Worker cicd_worker_0 received task notification
2026-01-03 19:49:59,460 - ScannerWorker_cicd_worker_0 - INFO - Worker cicd_worker_0 received task notification
2026-01-03 19:49:59,464 - ScannerWorker_cicd_worker_0 - INFO - Worker cicd_worker_0 received task notification
2026-01-03 19:49:59,468 - ScannerWorker_cicd_worker_0 - INFO - Worker cicd_worker_0 received task notification
2026-01-03 19:49:59,471 - ScannerWorker_cicd_worker_0 - INFO - Worker cicd_worker_0 received task notification
2026-01-03 19:49:59,475 - ScannerWorker_cicd_worker_0 - INFO - Worker cicd_worker_0 received task notification
2026-01-03 19:49:59,479 - ScannerWorker_cicd_worker_0 - INFO - Worker cicd_worker_0 received task notification
2026-01-03 19:49:59,483 - ScannerWorker_cicd_worker_0 - INFO - Worker cicd_worker_0 received task notification
2026-01-03 19:49:59,486 - ScannerWorker_cicd_worker_0 - INFO - Worker cicd_worker_0 received task notification
2026-01-03 19:49:59,489 - ScannerWorker_cicd_worker_0 - INFO - Worker cicd_worker_0 received task notification
2026-01-03 19:49:59,494 - ScannerWorker_cicd_worker_0 - INFO - Worker cicd_worker_0 received task notification
2026-01-03 19:49:59,497 - ScannerWorker_cicd_worker_0 - INFO - Worker cicd_worker_0 received task notification
2026-01-03 19:49:59,500 - ScannerWorker_cicd_worker_0 - INFO - Worker cicd_worker_0 received task notification
2026-01-03 19:49:59,503 - ScannerWorker_cicd_worker_0 - INFO - Worker cicd_worker_0 received task notification
2026-01-03 19:49:59,506 - ScannerWorker_cicd_worker_0 - INFO - Worker cicd_worker_0 received task notification
2026-01-03 19:49:59,509 - ScannerWorker_cicd_worker_0 - INFO - Worker cicd_worker_0 received task notification
2026-01-03 19:49:59,511 - ScannerWorker_cicd_worker_0 - INFO - Worker cicd_worker_0 received task notification
2026-01-03 19:49:59,514 - ScannerWorker_cicd_worker_0 - INFO - Worker cicd_worker_0 received task notification
2026-01-03 19:49:59,516 - ScannerWorker_cicd_worker_0 - INFO - Worker cicd_worker_0 received task notification
2026-01-03 19:49:59,519 - ScannerWorker_cicd_worker_0 - INFO - Worker cicd_worker_0 received task notification
2026-01-03 19:49:59,521 - ScannerWorker_cicd_worker_0 - INFO - Worker cicd_worker_0 received task notification
2026-01-03 19:49:59,524 - ScannerWorker_cicd_worker_0 - INFO - Worker cicd_worker_0 received task notification
2026-01-03 19:49:59,526 - ScannerWorker_cicd_worker_0 - INFO - Worker cicd_worker_0 received task notification
2026-01-03 19:49:59,529 - ScannerWorker_cicd_worker_0 - INFO - Worker cicd_worker_0 received task notification
2026-01-03 19:49:59,532 - ScannerWorker_cicd_worker_0 - INFO - Worker cicd_worker_0 received task notification
2026-01-03 19:49:59,535 - ScannerWorker_cicd_worker_0 - INFO - Worker cicd_worker_0 received task notification
2026-01-03 19:49:59,537 - ScannerWorker_cicd_worker_0 - INFO - Worker cicd_worker_0 received task notification
2026-01-03 19:49:59,540 - ScannerWorker_cicd_worker_0 - INFO - Worker cicd_worker_0 received task notification
2026-01-03 19:49:59,542 - ScannerWorker_cicd_worker_0 - INFO - Worker cicd_worker_0 received task notification
2026-01-03 19:49:59,545 - ScannerWorker_cicd_worker_0 - INFO - Worker cicd_worker_0 received task notification
2026-01-03 19:49:59,548 - ScannerWorker_cicd_worker_0 - INFO - Worker cicd_worker_0 received task notification
2026-01-03 19:49:59,553 - ScannerWorker_cicd_worker_0 - INFO - Worker cicd_worker_0 received task notification
2026-01-03 19:49:59,557 - ScannerWorker_cicd_worker_0 - INFO - Worker cicd_worker_0 received task notification
2026-01-03 19:49:59,561 - ScannerWorker_cicd_worker_0 - INFO - Worker cicd_worker_0 received task notification
2026-01-03 19:49:59,564 - ScannerWorker_cicd_worker_0 - INFO - Worker cicd_worker_0 received task notification
2026-01-03 19:49:59,568 - ScannerWorker_cicd_worker_0 - INFO - Worker cicd_worker_0 received task notification
2026-01-03 19:49:59,572 - ScannerWorker_cicd_worker_0 - INFO - Worker cicd_worker_0 received task notification
2026-01-03 19:49:59,575 - ScannerWorker_cicd_worker_0 - INFO - Worker cicd_worker_0 received task notification
2026-01-03 19:49:59,578 - ScannerWorker_cicd_worker_0 - INFO - Worker cicd_worker_0 received task notification
2026-01-03 19:49:59,582 - ScannerWorker_cicd_worker_0 - INFO - Worker cicd_worker_0 received task notification
