2026-01-03 19:46:36 - ScannerWorker_cicd_worker_0 - INFO - Imported CICDSecurityScanner
2026-01-03 19:46:36 - ScannerWorker_cicd_worker_0 - INFO - Imported CheckovScanner
2026-01-03 19:46:36 - ScannerWorker_cicd_worker_0 - INFO - Imported GitGuardianScanner
2026-01-03 19:46:36 - ScannerWorker_cicd_worker_0 - INFO - Imported CICDPipelineScanner
2026-01-03 19:46:36 - ScannerWorker_cicd_worker_0 - INFO - Loaded 4 scanners for category cicd
2026-01-03 19:46:36 - ScannerWorker_cicd_worker_0 - INFO - Connected to Redis: redis://localhost:6379/0
2026-01-03 19:46:36 - ScannerWorker_cicd_worker_0 - INFO - Scanner worker cicd_worker_0 started for category cicd
2026-01-03 19:49:46 - ScannerWorker_cicd_worker_0 - INFO - Worker cicd_worker_0 received task notification
2026-01-03 19:49:46 - ScannerWorker_cicd_worker_0 - INFO - Worker cicd_worker_0 received task notification
2026-01-03 19:49:46 - ScannerWorker_cicd_worker_0 - INFO - Worker cicd_worker_0 received task notification
2026-01-03 19:49:46 - ScannerWorker_cicd_worker_0 - INFO - Worker cicd_worker_0 received task notification
2026-01-03 19:49:46 - ScannerWorker_cicd_worker_0 - INFO - Worker cicd_worker_0 received task notification
2026-01-03 19:49:46 - ScannerWorker_cicd_worker_0 - INFO - Worker cicd_worker_0 received task notification
2026-01-03 19:49:46 - ScannerWorker_cicd_worker_0 - INFO - Worker cicd_worker_0 received task notification
2026-01-03 19:49:46 - ScannerWorker_cicd_worker_0 - INFO - Worker cicd_worker_0 received task notification
2026-01-03 19:49:46 - ScannerWorker_cicd_worker_0 - INFO - Worker cicd_worker_0 received task notification
2026-01-03 19:49:46 - ScannerWorker_cicd_worker_0 - INFO - Worker cicd_worker_0 received task notification
2026-01-03 19:49:46 - ScannerWorker_cicd_worker_0 - INFO - Worker cicd_worker_0 received task notification
2026-01-03 19:49:46 - ScannerWorker_cicd_worker_0 - INFO - Worker cicd_worker_0 received task notification
2026-01-03 19:49:46 - ScannerWorker_cicd_worker_0 - INFO - Worker cicd_worker_0 received task notification
2026-01-03 19:49:46 - ScannerWorker_cicd_worker_0 - INFO - Worker cicd_worker_0 received task notification
2026-01-03 19:49:46 - ScannerWorker_cicd_worker_0 - INFO - Worker cicd_worker_0 received task notification
2026-01-03 19:49:46 - ScannerWorker_cicd_worker_0 - INFO - Worker cicd_worker_0 received task notification
2026-01-03 19:49:46 - ScannerWorker_cicd_worker_0 - INFO - Worker cicd_worker_0 received task notification
2026-01-03 19:49:46 - ScannerWorker_cicd_worker_0 - INFO - Worker cicd_worker_0 received task notification
2026-01-03 19:49:46 - ScannerWorker_cicd_worker_0 - INFO - Worker cicd_worker_0 received task notification
2026-01-03 19:49:46 - ScannerWorker_cicd_worker_0 - INFO - Worker cicd_worker_0 received task notification
2026-01-03 19:49:46 - ScannerWorker_cicd_worker_0 - INFO - Worker cicd_worker_0 received task notification
2026-01-03 19:49:46 - ScannerWorker_cicd_worker_0 - INFO - Worker cicd_worker_0 received task notification
2026-01-03 19:49:50 - ScannerWorker_cicd_worker_0 - INFO - Worker cicd_worker_0 received task notification
2026-01-03 19:49:50 - ScannerWorker_cicd_worker_0 - INFO - Worker cicd_worker_0 received task notification
2026-01-03 19:49:50 - ScannerWorker_cicd_worker_0 - INFO - Worker cicd_worker_0 received task notification
2026-01-03 19:49:50 - ScannerWorker_cicd_worker_0 - INFO - Worker cicd_worker_0 received task notification
2026-01-03 19:49:50 - ScannerWorker_cicd_worker_0 - INFO - Worker cicd_worker_0 received task notification
2026-01-03 19:49:50 - ScannerWorker_cicd_worker_0 - INFO - Worker cicd_worker_0 received task notification
2026-01-03 19:49:50 - ScannerWorker_cicd_worker_0 - INFO - Worker cicd_worker_0 received task notification
2026-01-03 19:49:50 - ScannerWorker_cicd_worker_0 - INFO - Worker cicd_worker_0 received task notification
2026-01-03 19:49:50 - ScannerWorker_cicd_worker_0 - INFO - Worker cicd_worker_0 received task notification
2026-01-03 19:49:50 - ScannerWorker_cicd_worker_0 - INFO - Worker cicd_worker_0 received task notification
2026-01-03 19:49:50 - ScannerWorker_cicd_worker_0 - INFO - Worker cicd_worker_0 received task notification
2026-01-03 19:49:50 - ScannerWorker_cicd_worker_0 - INFO - Worker cicd_worker_0 received task notification
2026-01-03 19:49:50 - ScannerWorker_cicd_worker_0 - INFO - Worker cicd_worker_0 received task notification
2026-01-03 19:49:50 - ScannerWorker_cicd_worker_0 - INFO - Worker cicd_worker_0 received task notification
2026-01-03 19:49:50 - ScannerWorker_cicd_worker_0 - INFO - Worker cicd_worker_0 received task notification
2026-01-03 19:49:50 - ScannerWorker_cicd_worker_0 - INFO - Worker cicd_worker_0 received task notification
2026-01-03 19:49:50 - ScannerWorker_cicd_worker_0 - INFO - Worker cicd_worker_0 received task notification
2026-01-03 19:49:50 - ScannerWorker_cicd_worker_0 - INFO - Worker cicd_worker_0 received task notification
2026-01-03 19:49:50 - ScannerWorker_cicd_worker_0 - INFO - Worker cicd_worker_0 received task notification
2026-01-03 19:49:50 - ScannerWorker_cicd_worker_0 - INFO - Worker cicd_worker_0 received task notification
2026-01-03 19:49:50 - ScannerWorker_cicd_worker_0 - INFO - Worker cicd_worker_0 received task notification
2026-01-03 19:49:50 - ScannerWorker_cicd_worker_0 - INFO - Worker cicd_worker_0 received task notification
2026-01-03 19:49:50 - ScannerWorker_cicd_worker_0 - INFO - Worker cicd_worker_0 received task notification
2026-01-03 19:49:50 - ScannerWorker_cicd_worker_0 - INFO - Worker cicd_worker_0 received task notification
2026-01-03 19:49:50 - ScannerWorker_cicd_worker_0 - INFO - Worker cicd_worker_0 received task notification
2026-01-03 19:49:50 - ScannerWorker_cicd_worker_0 - INFO - Worker cicd_worker_0 received task notification
2026-01-03 19:49:50 - ScannerWorker_cicd_worker_0 - INFO - Worker cicd_worker_0 received task notification
2026-01-03 19:49:50 - ScannerWorker_cicd_worker_0 - INFO - Worker cicd_worker_0 received task notification
2026-01-03 19:49:50 - ScannerWorker_cicd_worker_0 - INFO - Worker cicd_worker_0 received task notification
2026-01-03 19:49:50 - ScannerWorker_cicd_worker_0 - INFO - Worker cicd_worker_0 received task notification
2026-01-03 19:49:50 - ScannerWorker_cicd_worker_0 - INFO - Worker cicd_worker_0 received task notification
2026-01-03 19:49:50 - ScannerWorker_cicd_worker_0 - INFO - Worker cicd_worker_0 received task notification
2026-01-03 19:49:50 - ScannerWorker_cicd_worker_0 - INFO - Worker cicd_worker_0 received task notification
2026-01-03 19:49:50 - ScannerWorker_cicd_worker_0 - INFO - Worker cicd_worker_0 received task notification
2026-01-03 19:49:50 - ScannerWorker_cicd_worker_0 - INFO - Worker cicd_worker_0 received task notification
2026-01-03 19:49:50 - ScannerWorker_cicd_worker_0 - INFO - Worker cicd_worker_0 received task notification
2026-01-03 19:49:50 - ScannerWorker_cicd_worker_0 - INFO - Worker cicd_worker_0 received task notification
2026-01-03 19:49:50 - ScannerWorker_cicd_worker_0 - INFO - Worker cicd_worker_0 received task notification
2026-01-03 19:49:50 - ScannerWorker_cicd_worker_0 - INFO - Worker cicd_worker_0 received task notification
2026-01-03 19:49:50 - ScannerWorker_cicd_worker_0 - INFO - Worker cicd_worker_0 received task notification
2026-01-03 19:49:50 - ScannerWorker_cicd_worker_0 - INFO - Worker cicd_worker_0 received task notification
2026-01-03 19:49:50 - ScannerWorker_cicd_worker_0 - INFO - Worker cicd_worker_0 received task notification
2026-01-03 19:49:50 - ScannerWorker_cicd_worker_0 - INFO - Worker cicd_worker_0 received task notification
2026-01-03 19:49:50 - ScannerWorker_cicd_worker_0 - INFO - Worker cicd_worker_0 received task notification
2026-01-03 19:49:50 - ScannerWorker_cicd_worker_0 - INFO - Worker cicd_worker_0 received task notification
2026-01-03 19:49:50 - ScannerWorker_cicd_worker_0 - INFO - Worker cicd_worker_0 received task notification
2026-01-03 19:49:50 - ScannerWorker_cicd_worker_0 - INFO - Worker cicd_worker_0 received task notification
2026-01-03 19:49:50 - ScannerWorker_cicd_worker_0 - INFO - Worker cicd_worker_0 received task notification
2026-01-03 19:49:50 - ScannerWorker_cicd_worker_0 - INFO - Worker cicd_worker_0 received task notification
2026-01-03 19:49:50 - ScannerWorker_cicd_worker_0 - INFO - Worker cicd_worker_0 received task notification
2026-01-03 19:49:50 - ScannerWorker_cicd_worker_0 - INFO - Worker cicd_worker_0 received task notification
2026-01-03 19:49:50 - ScannerWorker_cicd_worker_0 - INFO - Worker cicd_worker_0 received task notification
2026-01-03 19:49:50 - ScannerWorker_cicd_worker_0 - INFO - Worker cicd_worker_0 received task notification
2026-01-03 19:49:50 - ScannerWorker_cicd_worker_0 - INFO - Worker cicd_worker_0 received task notification
2026-01-03 19:49:50 - ScannerWorker_cicd_worker_0 - INFO - Worker cicd_worker_0 received task notification
2026-01-03 19:49:50 - ScannerWorker_cicd_worker_0 - INFO - Worker cicd_worker_0 received task notification
2026-01-03 19:49:50 - ScannerWorker_cicd_worker_0 - INFO - Worker cicd_worker_0 received task notification
2026-01-03 19:49:50 - ScannerWorker_cicd_worker_0 - INFO - Worker cicd_worker_0 received task notification
2026-01-03 19:49:50 - ScannerWorker_cicd_worker_0 - INFO - Worker cicd_worker_0 received task notification
2026-01-03 19:49:50 - ScannerWorker_cicd_worker_0 - INFO - Worker cicd_worker_0 received task notification
2026-01-03 19:49:50 - ScannerWorker_cicd_worker_0 - INFO - Worker cicd_worker_0 received task notification
2026-01-03 19:49:50 - ScannerWorker_cicd_worker_0 - INFO - Worker cicd_worker_0 received task notification
2026-01-03 19:49:50 - ScannerWorker_cicd_worker_0 - INFO - Worker cicd_worker_0 received task notification
2026-01-03 19:49:50 - ScannerWorker_cicd_worker_0 - INFO - Worker cicd_worker_0 received task notification
2026-01-03 19:49:50 - ScannerWorker_cicd_worker_0 - INFO - Worker cicd_worker_0 received task notification
2026-01-03 19:49:50 - ScannerWorker_cicd_worker_0 - INFO - Worker cicd_worker_0 received task notification
2026-01-03 19:49:50 - ScannerWorker_cicd_worker_0 - INFO - Worker cicd_worker_0 received task notification
2026-01-03 19:49:50 - ScannerWorker_cicd_worker_0 - INFO - Worker cicd_worker_0 received task notification
2026-01-03 19:49:50 - ScannerWorker_cicd_worker_0 - INFO - Worker cicd_worker_0 received task notification
2026-01-03 19:49:50 - ScannerWorker_cicd_worker_0 - INFO - Worker cicd_worker_0 received task notification
2026-01-03 19:49:50 - ScannerWorker_cicd_worker_0 - INFO - Worker cicd_worker_0 received task notification
2026-01-03 19:49:50 - ScannerWorker_cicd_worker_0 - INFO - Worker cicd_worker_0 received task notification
2026-01-03 19:49:50 - ScannerWorker_cicd_worker_0 - INFO - Worker cicd_worker_0 received task notification
2026-01-03 19:49:50 - ScannerWorker_cicd_worker_0 - INFO - Worker cicd_worker_0 received task notification
2026-01-03 19:49:50 - ScannerWorker_cicd_worker_0 - INFO - Worker cicd_worker_0 received task notification
2026-01-03 19:49:50 - ScannerWorker_cicd_worker_0 - INFO - Worker cicd_worker_0 received task notification
2026-01-03 19:49:50 - ScannerWorker_cicd_worker_0 - INFO - Worker cicd_worker_0 received task notification
2026-01-03 19:49:50 - ScannerWorker_cicd_worker_0 - INFO - Worker cicd_worker_0 received task notification
2026-01-03 19:49:50 - ScannerWorker_cicd_worker_0 - INFO - Worker cicd_worker_0 received task notification
2026-01-03 19:49:50 - ScannerWorker_cicd_worker_0 - INFO - Worker cicd_worker_0 received task notification
2026-01-03 19:49:50 - ScannerWorker_cicd_worker_0 - INFO - Worker cicd_worker_0 received task notification
2026-01-03 19:49:50 - ScannerWorker_cicd_worker_0 - INFO - Worker cicd_worker_0 received task notification
2026-01-03 19:49:50 - ScannerWorker_cicd_worker_0 - INFO - Worker cicd_worker_0 received task notification
2026-01-03 19:49:50 - ScannerWorker_cicd_worker_0 - INFO - Worker cicd_worker_0 received task notification
2026-01-03 19:49:50 - ScannerWorker_cicd_worker_0 - INFO - Worker cicd_worker_0 received task notification
2026-01-03 19:49:50 - ScannerWorker_cicd_worker_0 - INFO - Worker cicd_worker_0 received task notification
2026-01-03 19:49:50 - ScannerWorker_cicd_worker_0 - INFO - Worker cicd_worker_0 received task notification
2026-01-03 19:49:50 - ScannerWorker_cicd_worker_0 - INFO - Worker cicd_worker_0 received task notification
2026-01-03 19:49:50 - ScannerWorker_cicd_worker_0 - INFO - Worker cicd_worker_0 received task notification
2026-01-03 19:49:50 - ScannerWorker_cicd_worker_0 - INFO - Worker cicd_worker_0 received task notification
2026-01-03 19:49:50 - ScannerWorker_cicd_worker_0 - INFO - Worker cicd_worker_0 received task notification
2026-01-03 19:49:50 - ScannerWorker_cicd_worker_0 - INFO - Worker cicd_worker_0 received task notification
2026-01-03 19:49:50 - ScannerWorker_cicd_worker_0 - INFO - Worker cicd_worker_0 received task notification
2026-01-03 19:49:50 - ScannerWorker_cicd_worker_0 - INFO - Worker cicd_worker_0 received task notification
2026-01-03 19:49:50 - ScannerWorker_cicd_worker_0 - INFO - Worker cicd_worker_0 received task notification
2026-01-03 19:49:50 - ScannerWorker_cicd_worker_0 - INFO - Worker cicd_worker_0 received task notification
2026-01-03 19:49:50 - ScannerWorker_cicd_worker_0 - INFO - Worker cicd_worker_0 received task notification
2026-01-03 19:49:50 - ScannerWorker_cicd_worker_0 - INFO - Worker cicd_worker_0 received task notification
2026-01-03 19:49:50 - ScannerWorker_cicd_worker_0 - INFO - Worker cicd_worker_0 received task notification
2026-01-03 19:49:50 - ScannerWorker_cicd_worker_0 - INFO - Worker cicd_worker_0 received task notification
2026-01-03 19:49:50 - ScannerWorker_cicd_worker_0 - INFO - Worker cicd_worker_0 received task notification
2026-01-03 19:49:50 - ScannerWorker_cicd_worker_0 - INFO - Worker cicd_worker_0 received task notification
2026-01-03 19:49:50 - ScannerWorker_cicd_worker_0 - INFO - Worker cicd_worker_0 received task notification
2026-01-03 19:49:50 - ScannerWorker_cicd_worker_0 - INFO - Worker cicd_worker_0 received task notification
2026-01-03 19:49:50 - ScannerWorker_cicd_worker_0 - INFO - Worker cicd_worker_0 received task notification
2026-01-03 19:49:50 - ScannerWorker_cicd_worker_0 - INFO - Worker cicd_worker_0 received task notification
2026-01-03 19:49:50 - ScannerWorker_cicd_worker_0 - INFO - Worker cicd_worker_0 received task notification
2026-01-03 19:49:50 - ScannerWorker_cicd_worker_0 - INFO - Worker cicd_worker_0 received task notification
2026-01-03 19:49:50 - ScannerWorker_cicd_worker_0 - INFO - Worker cicd_worker_0 received task notification
2026-01-03 19:49:50 - ScannerWorker_cicd_worker_0 - INFO - Worker cicd_worker_0 received task notification
2026-01-03 19:49:50 - ScannerWorker_cicd_worker_0 - INFO - Worker cicd_worker_0 received task notification
2026-01-03 19:49:50 - ScannerWorker_cicd_worker_0 - INFO - Worker cicd_worker_0 received task notification
2026-01-03 19:49:50 - ScannerWorker_cicd_worker_0 - INFO - Worker cicd_worker_0 received task notification
2026-01-03 19:49:50 - ScannerWorker_cicd_worker_0 - INFO - Worker cicd_worker_0 received task notification
2026-01-03 19:49:50 - ScannerWorker_cicd_worker_0 - INFO - Worker cicd_worker_0 received task notification
2026-01-03 19:49:50 - ScannerWorker_cicd_worker_0 - INFO - Worker cicd_worker_0 received task notification
2026-01-03 19:49:50 - ScannerWorker_cicd_worker_0 - INFO - Worker cicd_worker_0 received task notification
2026-01-03 19:49:50 - ScannerWorker_cicd_worker_0 - INFO - Worker cicd_worker_0 received task notification
2026-01-03 19:49:50 - ScannerWorker_cicd_worker_0 - INFO - Worker cicd_worker_0 received task notification
2026-01-03 19:49:50 - ScannerWorker_cicd_worker_0 - INFO - Worker cicd_worker_0 received task notification
2026-01-03 19:49:50 - ScannerWorker_cicd_worker_0 - INFO - Worker cicd_worker_0 received task notification
2026-01-03 19:49:50 - ScannerWorker_cicd_worker_0 - INFO - Worker cicd_worker_0 received task notification
2026-01-03 19:49:50 - ScannerWorker_cicd_worker_0 - INFO - Worker cicd_worker_0 received task notification
2026-01-03 19:49:50 - ScannerWorker_cicd_worker_0 - INFO - Worker cicd_worker_0 received task notification
2026-01-03 19:49:50 - ScannerWorker_cicd_worker_0 - INFO - Worker cicd_worker_0 received task notification
2026-01-03 19:49:50 - ScannerWorker_cicd_worker_0 - INFO - Worker cicd_worker_0 received task notification
2026-01-03 19:49:50 - ScannerWorker_cicd_worker_0 - INFO - Worker cicd_worker_0 received task notification
2026-01-03 19:49:50 - ScannerWorker_cicd_worker_0 - INFO - Worker cicd_worker_0 received task notification
2026-01-03 19:49:50 - ScannerWorker_cicd_worker_0 - INFO - Worker cicd_worker_0 received task notification
2026-01-03 19:49:50 - ScannerWorker_cicd_worker_0 - INFO - Worker cicd_worker_0 received task notification
2026-01-03 19:49:50 - ScannerWorker_cicd_worker_0 - INFO - Worker cicd_worker_0 received task notification
2026-01-03 19:49:50 - ScannerWorker_cicd_worker_0 - INFO - Worker cicd_worker_0 received task notification
2026-01-03 19:49:52 - ScannerWorker_cicd_worker_0 - INFO - Worker cicd_worker_0 received task notification
2026-01-03 19:49:52 - ScannerWorker_cicd_worker_0 - INFO - Worker cicd_worker_0 received task notification
2026-01-03 19:49:52 - ScannerWorker_cicd_worker_0 - INFO - Worker cicd_worker_0 received task notification
2026-01-03 19:49:52 - ScannerWorker_cicd_worker_0 - INFO - Worker cicd_worker_0 received task notification
2026-01-03 19:49:52 - ScannerWorker_cicd_worker_0 - INFO - Worker cicd_worker_0 received task notification
2026-01-03 19:49:52 - ScannerWorker_cicd_worker_0 - INFO - Worker cicd_worker_0 received task notification
2026-01-03 19:49:52 - ScannerWorker_cicd_worker_0 - INFO - Worker cicd_worker_0 received task notification
2026-01-03 19:49:52 - ScannerWorker_cicd_worker_0 - INFO - Worker cicd_worker_0 received task notification
2026-01-03 19:49:52 - ScannerWorker_cicd_worker_0 - INFO - Worker cicd_worker_0 received task notification
2026-01-03 19:49:52 - ScannerWorker_cicd_worker_0 - INFO - Worker cicd_worker_0 received task notification
2026-01-03 19:49:52 - ScannerWorker_cicd_worker_0 - INFO - Worker cicd_worker_0 received task notification
2026-01-03 19:49:52 - ScannerWorker_cicd_worker_0 - INFO - Worker cicd_worker_0 received task notification
2026-01-03 19:49:52 - ScannerWorker_cicd_worker_0 - INFO - Worker cicd_worker_0 received task notification
2026-01-03 19:49:52 - ScannerWorker_cicd_worker_0 - INFO - Worker cicd_worker_0 received task notification
2026-01-03 19:49:52 - ScannerWorker_cicd_worker_0 - INFO - Worker cicd_worker_0 received task notification
2026-01-03 19:49:52 - ScannerWorker_cicd_worker_0 - INFO - Worker cicd_worker_0 received task notification
2026-01-03 19:49:52 - ScannerWorker_cicd_worker_0 - INFO - Worker cicd_worker_0 received task notification
2026-01-03 19:49:52 - ScannerWorker_cicd_worker_0 - INFO - Worker cicd_worker_0 received task notification
2026-01-03 19:49:52 - ScannerWorker_cicd_worker_0 - INFO - Worker cicd_worker_0 received task notification
2026-01-03 19:49:52 - ScannerWorker_cicd_worker_0 - INFO - Worker cicd_worker_0 received task notification
2026-01-03 19:49:52 - ScannerWorker_cicd_worker_0 - INFO - Worker cicd_worker_0 received task notification
2026-01-03 19:49:52 - ScannerWorker_cicd_worker_0 - INFO - Worker cicd_worker_0 received task notification
2026-01-03 19:49:52 - ScannerWorker_cicd_worker_0 - INFO - Worker cicd_worker_0 received task notification
2026-01-03 19:49:52 - ScannerWorker_cicd_worker_0 - INFO - Worker cicd_worker_0 received task notification
2026-01-03 19:49:52 - ScannerWorker_cicd_worker_0 - INFO - Worker cicd_worker_0 received task notification
2026-01-03 19:49:52 - ScannerWorker_cicd_worker_0 - INFO - Worker cicd_worker_0 received task notification
2026-01-03 19:49:52 - ScannerWorker_cicd_worker_0 - INFO - Worker cicd_worker_0 received task notification
2026-01-03 19:49:52 - ScannerWorker_cicd_worker_0 - INFO - Worker cicd_worker_0 received task notification
2026-01-03 19:49:52 - ScannerWorker_cicd_worker_0 - INFO - Worker cicd_worker_0 received task notification
2026-01-03 19:49:52 - ScannerWorker_cicd_worker_0 - INFO - Worker cicd_worker_0 received task notification
2026-01-03 19:49:52 - ScannerWorker_cicd_worker_0 - INFO - Worker cicd_worker_0 received task notification
2026-01-03 19:49:52 - ScannerWorker_cicd_worker_0 - INFO - Worker cicd_worker_0 received task notification
2026-01-03 19:49:52 - ScannerWorker_cicd_worker_0 - INFO - Worker cicd_worker_0 received task notification
2026-01-03 19:49:52 - ScannerWorker_cicd_worker_0 - INFO - Worker cicd_worker_0 received task notification
2026-01-03 19:49:52 - ScannerWorker_cicd_worker_0 - INFO - Worker cicd_worker_0 received task notification
2026-01-03 19:49:52 - ScannerWorker_cicd_worker_0 - INFO - Worker cicd_worker_0 received task notification
2026-01-03 19:49:52 - ScannerWorker_cicd_worker_0 - INFO - Worker cicd_worker_0 received task notification
2026-01-03 19:49:52 - ScannerWorker_cicd_worker_0 - INFO - Worker cicd_worker_0 received task notification
2026-01-03 19:49:52 - ScannerWorker_cicd_worker_0 - INFO - Worker cicd_worker_0 received task notification
2026-01-03 19:49:52 - ScannerWorker_cicd_worker_0 - INFO - Worker cicd_worker_0 received task notification
2026-01-03 19:49:52 - ScannerWorker_cicd_worker_0 - INFO - Worker cicd_worker_0 received task notification
2026-01-03 19:49:52 - ScannerWorker_cicd_worker_0 - INFO - Worker cicd_worker_0 received task notification
2026-01-03 19:49:52 - ScannerWorker_cicd_worker_0 - INFO - Worker cicd_worker_0 received task notification
2026-01-03 19:49:52 - ScannerWorker_cicd_worker_0 - INFO - Worker cicd_worker_0 received task notification
2026-01-03 19:49:52 - ScannerWorker_cicd_worker_0 - INFO - Worker cicd_worker_0 received task notification
2026-01-03 19:49:52 - ScannerWorker_cicd_worker_0 - INFO - Worker cicd_worker_0 received task notification
2026-01-03 19:49:52 - ScannerWorker_cicd_worker_0 - INFO - Worker cicd_worker_0 received task notification
2026-01-03 19:49:52 - ScannerWorker_cicd_worker_0 - INFO - Worker cicd_worker_0 received task notification
2026-01-03 19:49:52 - ScannerWorker_cicd_worker_0 - INFO - Worker cicd_worker_0 received task notification
2026-01-03 19:49:52 - ScannerWorker_cicd_worker_0 - INFO - Worker cicd_worker_0 received task notification
2026-01-03 19:49:52 - ScannerWorker_cicd_worker_0 - INFO - Worker cicd_worker_0 received task notification
2026-01-03 19:49:52 - ScannerWorker_cicd_worker_0 - INFO - Worker cicd_worker_0 received task notification
2026-01-03 19:49:52 - ScannerWorker_cicd_worker_0 - INFO - Worker cicd_worker_0 received task notification
2026-01-03 19:49:52 - ScannerWorker_cicd_worker_0 - INFO - Worker cicd_worker_0 received task notification
2026-01-03 19:49:52 - ScannerWorker_cicd_worker_0 - INFO - Worker cicd_worker_0 received task notification
2026-01-03 19:49:52 - ScannerWorker_cicd_worker_0 - INFO - Worker cicd_worker_0 received task notification
2026-01-03 19:49:52 - ScannerWorker_cicd_worker_0 - INFO - Worker cicd_worker_0 received task notification
2026-01-03 19:49:52 - ScannerWorker_cicd_worker_0 - INFO - Worker cicd_worker_0 received task notification
2026-01-03 19:49:52 - ScannerWorker_cicd_worker_0 - INFO - Worker cicd_worker_0 received task notification
2026-01-03 19:49:52 - ScannerWorker_cicd_worker_0 - INFO - Worker cicd_worker_0 received task notification
2026-01-03 19:49:52 - ScannerWorker_cicd_worker_0 - INFO - Worker cicd_worker_0 received task notification
2026-01-03 19:49:52 - ScannerWorker_cicd_worker_0 - INFO - Worker cicd_worker_0 received task notification
2026-01-03 19:49:52 - ScannerWorker_cicd_worker_0 - INFO - Worker cicd_worker_0 received task notification
2026-01-03 19:49:52 - ScannerWorker_cicd_worker_0 - INFO - Worker cicd_worker_0 received task notification
2026-01-03 19:49:52 - ScannerWorker_cicd_worker_0 - INFO - Worker cicd_worker_0 received task notification
2026-01-03 19:49:52 - ScannerWorker_cicd_worker_0 - INFO - Worker cicd_worker_0 received task notification
2026-01-03 19:49:52 - ScannerWorker_cicd_worker_0 - INFO - Worker cicd_worker_0 received task notification
2026-01-03 19:49:52 - ScannerWorker_cicd_worker_0 - INFO - Worker cicd_worker_0 received task notification
2026-01-03 19:49:52 - ScannerWorker_cicd_worker_0 - INFO - Worker cicd_worker_0 received task notification
2026-01-03 19:49:52 - ScannerWorker_cicd_worker_0 - INFO - Worker cicd_worker_0 received task notification
2026-01-03 19:49:52 - ScannerWorker_cicd_worker_0 - INFO - Worker cicd_worker_0 received task notification
2026-01-03 19:49:52 - ScannerWorker_cicd_worker_0 - INFO - Worker cicd_worker_0 received task notification
2026-01-03 19:49:52 - ScannerWorker_cicd_worker_0 - INFO - Worker cicd_worker_0 received task notification
2026-01-03 19:49:52 - ScannerWorker_cicd_worker_0 - INFO - Worker cicd_worker_0 received task notification
2026-01-03 19:49:52 - ScannerWorker_cicd_worker_0 - INFO - Worker cicd_worker_0 received task notification
2026-01-03 19:49:52 - ScannerWorker_cicd_worker_0 - INFO - Worker cicd_worker_0 received task notification
2026-01-03 19:49:52 - ScannerWorker_cicd_worker_0 - INFO - Worker cicd_worker_0 received task notification
2026-01-03 19:49:52 - ScannerWorker_cicd_worker_0 - INFO - Worker cicd_worker_0 received task notification
2026-01-03 19:49:52 - ScannerWorker_cicd_worker_0 - INFO - Worker cicd_worker_0 received task notification
2026-01-03 19:49:52 - ScannerWorker_cicd_worker_0 - INFO - Worker cicd_worker_0 received task notification
2026-01-03 19:49:52 - ScannerWorker_cicd_worker_0 - INFO - Worker cicd_worker_0 received task notification
2026-01-03 19:49:52 - ScannerWorker_cicd_worker_0 - INFO - Worker cicd_worker_0 received task notification
2026-01-03 19:49:52 - ScannerWorker_cicd_worker_0 - INFO - Worker cicd_worker_0 received task notification
2026-01-03 19:49:52 - ScannerWorker_cicd_worker_0 - INFO - Worker cicd_worker_0 received task notification
2026-01-03 19:49:52 - ScannerWorker_cicd_worker_0 - INFO - Worker cicd_worker_0 received task notification
2026-01-03 19:49:52 - ScannerWorker_cicd_worker_0 - INFO - Worker cicd_worker_0 received task notification
2026-01-03 19:49:52 - ScannerWorker_cicd_worker_0 - INFO - Worker cicd_worker_0 received task notification
2026-01-03 19:49:52 - ScannerWorker_cicd_worker_0 - INFO - Worker cicd_worker_0 received task notification
2026-01-03 19:49:54 - ScannerWorker_cicd_worker_0 - INFO - Worker cicd_worker_0 received task notification
2026-01-03 19:49:54 - ScannerWorker_cicd_worker_0 - INFO - Worker cicd_worker_0 received task notification
2026-01-03 19:49:54 - ScannerWorker_cicd_worker_0 - INFO - Worker cicd_worker_0 received task notification
2026-01-03 19:49:54 - ScannerWorker_cicd_worker_0 - INFO - Worker cicd_worker_0 received task notification
2026-01-03 19:49:54 - ScannerWorker_cicd_worker_0 - INFO - Worker cicd_worker_0 received task notification
2026-01-03 19:49:54 - ScannerWorker_cicd_worker_0 - INFO - Worker cicd_worker_0 received task notification
2026-01-03 19:49:54 - ScannerWorker_cicd_worker_0 - INFO - Worker cicd_worker_0 received task notification
2026-01-03 19:49:54 - ScannerWorker_cicd_worker_0 - INFO - Worker cicd_worker_0 received task notification
2026-01-03 19:49:54 - ScannerWorker_cicd_worker_0 - INFO - Worker cicd_worker_0 received task notification
2026-01-03 19:49:54 - ScannerWorker_cicd_worker_0 - INFO - Worker cicd_worker_0 received task notification
2026-01-03 19:49:54 - ScannerWorker_cicd_worker_0 - INFO - Worker cicd_worker_0 received task notification
2026-01-03 19:49:54 - ScannerWorker_cicd_worker_0 - INFO - Worker cicd_worker_0 received task notification
2026-01-03 19:49:54 - ScannerWorker_cicd_worker_0 - INFO - Worker cicd_worker_0 received task notification
2026-01-03 19:49:54 - ScannerWorker_cicd_worker_0 - INFO - Worker cicd_worker_0 received task notification
2026-01-03 19:49:54 - ScannerWorker_cicd_worker_0 - INFO - Worker cicd_worker_0 received task notification
2026-01-03 19:49:54 - ScannerWorker_cicd_worker_0 - INFO - Worker cicd_worker_0 received task notification
2026-01-03 19:49:54 - ScannerWorker_cicd_worker_0 - INFO - Worker cicd_worker_0 received task notification
2026-01-03 19:49:54 - ScannerWorker_cicd_worker_0 - INFO - Worker cicd_worker_0 received task notification
2026-01-03 19:49:54 - ScannerWorker_cicd_worker_0 - INFO - Worker cicd_worker_0 received task notification
2026-01-03 19:49:54 - ScannerWorker_cicd_worker_0 - INFO - Worker cicd_worker_0 received task notification
2026-01-03 19:49:54 - ScannerWorker_cicd_worker_0 - INFO - Worker cicd_worker_0 received task notification
2026-01-03 19:49:54 - ScannerWorker_cicd_worker_0 - INFO - Worker cicd_worker_0 received task notification
2026-01-03 19:49:54 - ScannerWorker_cicd_worker_0 - INFO - Worker cicd_worker_0 received task notification
2026-01-03 19:49:54 - ScannerWorker_cicd_worker_0 - INFO - Worker cicd_worker_0 received task notification
2026-01-03 19:49:54 - ScannerWorker_cicd_worker_0 - INFO - Worker cicd_worker_0 received task notification
2026-01-03 19:49:54 - ScannerWorker_cicd_worker_0 - INFO - Worker cicd_worker_0 received task notification
2026-01-03 19:49:55 - ScannerWorker_cicd_worker_0 - INFO - Worker cicd_worker_0 received task notification
2026-01-03 19:49:55 - ScannerWorker_cicd_worker_0 - INFO - Worker cicd_worker_0 received task notification
2026-01-03 19:49:55 - ScannerWorker_cicd_worker_0 - INFO - Worker cicd_worker_0 received task notification
2026-01-03 19:49:55 - ScannerWorker_cicd_worker_0 - INFO - Worker cicd_worker_0 received task notification
2026-01-03 19:49:55 - ScannerWorker_cicd_worker_0 - INFO - Worker cicd_worker_0 received task notification
2026-01-03 19:49:55 - ScannerWorker_cicd_worker_0 - INFO - Worker cicd_worker_0 received task notification
2026-01-03 19:49:55 - ScannerWorker_cicd_worker_0 - INFO - Worker cicd_worker_0 received task notification
2026-01-03 19:49:55 - ScannerWorker_cicd_worker_0 - INFO - Worker cicd_worker_0 received task notification
2026-01-03 19:49:55 - ScannerWorker_cicd_worker_0 - INFO - Worker cicd_worker_0 received task notification
2026-01-03 19:49:55 - ScannerWorker_cicd_worker_0 - INFO - Worker cicd_worker_0 received task notification
2026-01-03 19:49:55 - ScannerWorker_cicd_worker_0 - INFO - Worker cicd_worker_0 received task notification
2026-01-03 19:49:55 - ScannerWorker_cicd_worker_0 - INFO - Worker cicd_worker_0 received task notification
2026-01-03 19:49:55 - ScannerWorker_cicd_worker_0 - INFO - Worker cicd_worker_0 received task notification
2026-01-03 19:49:55 - ScannerWorker_cicd_worker_0 - INFO - Worker cicd_worker_0 received task notification
2026-01-03 19:49:55 - ScannerWorker_cicd_worker_0 - INFO - Worker cicd_worker_0 received task notification
2026-01-03 19:49:55 - ScannerWorker_cicd_worker_0 - INFO - Worker cicd_worker_0 received task notification
2026-01-03 19:49:55 - ScannerWorker_cicd_worker_0 - INFO - Worker cicd_worker_0 received task notification
2026-01-03 19:49:55 - ScannerWorker_cicd_worker_0 - INFO - Worker cicd_worker_0 received task notification
2026-01-03 19:49:55 - ScannerWorker_cicd_worker_0 - INFO - Worker cicd_worker_0 received task notification
2026-01-03 19:49:55 - ScannerWorker_cicd_worker_0 - INFO - Worker cicd_worker_0 received task notification
2026-01-03 19:49:55 - ScannerWorker_cicd_worker_0 - INFO - Worker cicd_worker_0 received task notification
2026-01-03 19:49:55 - ScannerWorker_cicd_worker_0 - INFO - Worker cicd_worker_0 received task notification
2026-01-03 19:49:55 - ScannerWorker_cicd_worker_0 - INFO - Worker cicd_worker_0 received task notification
2026-01-03 19:49:55 - ScannerWorker_cicd_worker_0 - INFO - Worker cicd_worker_0 received task notification
2026-01-03 19:49:55 - ScannerWorker_cicd_worker_0 - INFO - Worker cicd_worker_0 received task notification
2026-01-03 19:49:55 - ScannerWorker_cicd_worker_0 - INFO - Worker cicd_worker_0 received task notification
2026-01-03 19:49:55 - ScannerWorker_cicd_worker_0 - INFO - Worker cicd_worker_0 received task notification
2026-01-03 19:49:55 - ScannerWorker_cicd_worker_0 - INFO - Worker cicd_worker_0 received task notification
2026-01-03 19:49:55 - ScannerWorker_cicd_worker_0 - INFO - Worker cicd_worker_0 received task notification
2026-01-03 19:49:55 - ScannerWorker_cicd_worker_0 - INFO - Worker cicd_worker_0 received task notification
2026-01-03 19:49:55 - ScannerWorker_cicd_worker_0 - INFO - Worker cicd_worker_0 received task notification
2026-01-03 19:49:55 - ScannerWorker_cicd_worker_0 - INFO - Worker cicd_worker_0 received task notification
2026-01-03 19:49:55 - ScannerWorker_cicd_worker_0 - INFO - Worker cicd_worker_0 received task notification
2026-01-03 19:49:55 - ScannerWorker_cicd_worker_0 - INFO - Worker cicd_worker_0 received task notification
2026-01-03 19:49:55 - ScannerWorker_cicd_worker_0 - INFO - Worker cicd_worker_0 received task notification
2026-01-03 19:49:55 - ScannerWorker_cicd_worker_0 - INFO - Worker cicd_worker_0 received task notification
2026-01-03 19:49:55 - ScannerWorker_cicd_worker_0 - INFO - Worker cicd_worker_0 received task notification
2026-01-03 19:49:55 - ScannerWorker_cicd_worker_0 - INFO - Worker cicd_worker_0 received task notification
2026-01-03 19:49:55 - ScannerWorker_cicd_worker_0 - INFO - Worker cicd_worker_0 received task notification
2026-01-03 19:49:55 - ScannerWorker_cicd_worker_0 - INFO - Worker cicd_worker_0 received task notification
2026-01-03 19:49:55 - ScannerWorker_cicd_worker_0 - INFO - Worker cicd_worker_0 received task notification
2026-01-03 19:49:55 - ScannerWorker_cicd_worker_0 - INFO - Worker cicd_worker_0 received task notification
2026-01-03 19:49:55 - ScannerWorker_cicd_worker_0 - INFO - Worker cicd_worker_0 received task notification
2026-01-03 19:49:55 - ScannerWorker_cicd_worker_0 - INFO - Worker cicd_worker_0 received task notification
2026-01-03 19:49:55 - ScannerWorker_cicd_worker_0 - INFO - Worker cicd_worker_0 received task notification
2026-01-03 19:49:55 - ScannerWorker_cicd_worker_0 - INFO - Worker cicd_worker_0 received task notification
2026-01-03 19:49:55 - ScannerWorker_cicd_worker_0 - INFO - Worker cicd_worker_0 received task notification
2026-01-03 19:49:55 - ScannerWorker_cicd_worker_0 - INFO - Worker cicd_worker_0 received task notification
2026-01-03 19:49:55 - ScannerWorker_cicd_worker_0 - INFO - Worker cicd_worker_0 received task notification
2026-01-03 19:49:55 - ScannerWorker_cicd_worker_0 - INFO - Worker cicd_worker_0 received task notification
2026-01-03 19:49:55 - ScannerWorker_cicd_worker_0 - INFO - Worker cicd_worker_0 received task notification
2026-01-03 19:49:55 - ScannerWorker_cicd_worker_0 - INFO - Worker cicd_worker_0 received task notification
2026-01-03 19:49:55 - ScannerWorker_cicd_worker_0 - INFO - Worker cicd_worker_0 received task notification
2026-01-03 19:49:55 - ScannerWorker_cicd_worker_0 - INFO - Worker cicd_worker_0 received task notification
2026-01-03 19:49:55 - ScannerWorker_cicd_worker_0 - INFO - Worker cicd_worker_0 received task notification
2026-01-03 19:49:55 - ScannerWorker_cicd_worker_0 - INFO - Worker cicd_worker_0 received task notification
2026-01-03 19:49:55 - ScannerWorker_cicd_worker_0 - INFO - Worker cicd_worker_0 received task notification
2026-01-03 19:49:55 - ScannerWorker_cicd_worker_0 - INFO - Worker cicd_worker_0 received task notification
2026-01-03 19:49:55 - ScannerWorker_cicd_worker_0 - INFO - Worker cicd_worker_0 received task notification
2026-01-03 19:49:55 - ScannerWorker_cicd_worker_0 - INFO - Worker cicd_worker_0 received task notification
2026-01-03 19:49:55 - ScannerWorker_cicd_worker_0 - INFO - Worker cicd_worker_0 received task notification
2026-01-03 19:49:55 - ScannerWorker_cicd_worker_0 - INFO - Worker cicd_worker_0 received task notification
2026-01-03 19:49:55 - ScannerWorker_cicd_worker_0 - INFO - Worker cicd_worker_0 received task notification
2026-01-03 19:49:55 - ScannerWorker_cicd_worker_0 - INFO - Worker cicd_worker_0 received task notification
2026-01-03 19:49:55 - ScannerWorker_cicd_worker_0 - INFO - Worker cicd_worker_0 received task notification
2026-01-03 19:49:55 - ScannerWorker_cicd_worker_0 - INFO - Worker cicd_worker_0 received task notification
2026-01-03 19:49:55 - ScannerWorker_cicd_worker_0 - INFO - Worker cicd_worker_0 received task notification
2026-01-03 19:49:55 - ScannerWorker_cicd_worker_0 - INFO - Worker cicd_worker_0 received task notification
2026-01-03 19:49:55 - ScannerWorker_cicd_worker_0 - INFO - Worker cicd_worker_0 received task notification
2026-01-03 19:49:55 - ScannerWorker_cicd_worker_0 - INFO - Worker cicd_worker_0 received task notification
2026-01-03 19:49:55 - ScannerWorker_cicd_worker_0 - INFO - Worker cicd_worker_0 received task notification
2026-01-03 19:49:55 - ScannerWorker_cicd_worker_0 - INFO - Worker cicd_worker_0 received task notification
2026-01-03 19:49:55 - ScannerWorker_cicd_worker_0 - INFO - Worker cicd_worker_0 received task notification
2026-01-03 19:49:55 - ScannerWorker_cicd_worker_0 - INFO - Worker cicd_worker_0 received task notification
2026-01-03 19:49:55 - ScannerWorker_cicd_worker_0 - INFO - Worker cicd_worker_0 received task notification
2026-01-03 19:49:55 - ScannerWorker_cicd_worker_0 - INFO - Worker cicd_worker_0 received task notification
2026-01-03 19:49:55 - ScannerWorker_cicd_worker_0 - INFO - Worker cicd_worker_0 received task notification
2026-01-03 19:49:55 - ScannerWorker_cicd_worker_0 - INFO - Worker cicd_worker_0 received task notification
2026-01-03 19:49:55 - ScannerWorker_cicd_worker_0 - INFO - Worker cicd_worker_0 received task notification
2026-01-03 19:49:55 - ScannerWorker_cicd_worker_0 - INFO - Worker cicd_worker_0 received task notification
2026-01-03 19:49:55 - ScannerWorker_cicd_worker_0 - INFO - Worker cicd_worker_0 received task notification
2026-01-03 19:49:55 - ScannerWorker_cicd_worker_0 - INFO - Worker cicd_worker_0 received task notification
2026-01-03 19:49:55 - ScannerWorker_cicd_worker_0 - INFO - Worker cicd_worker_0 received task notification
2026-01-03 19:49:55 - ScannerWorker_cicd_worker_0 - INFO - Worker cicd_worker_0 received task notification
2026-01-03 19:49:57 - ScannerWorker_cicd_worker_0 - INFO - Worker cicd_worker_0 received task notification
2026-01-03 19:49:57 - ScannerWorker_cicd_worker_0 - INFO - Worker cicd_worker_0 received task notification
2026-01-03 19:49:57 - ScannerWorker_cicd_worker_0 - INFO - Worker cicd_worker_0 received task notification
2026-01-03 19:49:57 - ScannerWorker_cicd_worker_0 - INFO - Worker cicd_worker_0 received task notification
2026-01-03 19:49:57 - ScannerWorker_cicd_worker_0 - INFO - Worker cicd_worker_0 received task notification
2026-01-03 19:49:57 - ScannerWorker_cicd_worker_0 - INFO - Worker cicd_worker_0 received task notification
2026-01-03 19:49:57 - ScannerWorker_cicd_worker_0 - INFO - Worker cicd_worker_0 received task notification
2026-01-03 19:49:57 - ScannerWorker_cicd_worker_0 - INFO - Worker cicd_worker_0 received task notification
2026-01-03 19:49:57 - ScannerWorker_cicd_worker_0 - INFO - Worker cicd_worker_0 received task notification
2026-01-03 19:49:57 - ScannerWorker_cicd_worker_0 - INFO - Worker cicd_worker_0 received task notification
2026-01-03 19:49:57 - ScannerWorker_cicd_worker_0 - INFO - Worker cicd_worker_0 received task notification
2026-01-03 19:49:57 - ScannerWorker_cicd_worker_0 - INFO - Worker cicd_worker_0 received task notification
2026-01-03 19:49:57 - ScannerWorker_cicd_worker_0 - INFO - Worker cicd_worker_0 received task notification
2026-01-03 19:49:57 - ScannerWorker_cicd_worker_0 - INFO - Worker cicd_worker_0 received task notification
2026-01-03 19:49:57 - ScannerWorker_cicd_worker_0 - INFO - Worker cicd_worker_0 received task notification
2026-01-03 19:49:57 - ScannerWorker_cicd_worker_0 - INFO - Worker cicd_worker_0 received task notification
2026-01-03 19:49:57 - ScannerWorker_cicd_worker_0 - INFO - Worker cicd_worker_0 received task notification
2026-01-03 19:49:57 - ScannerWorker_cicd_worker_0 - INFO - Worker cicd_worker_0 received task notification
2026-01-03 19:49:57 - ScannerWorker_cicd_worker_0 - INFO - Worker cicd_worker_0 received task notification
2026-01-03 19:49:57 - ScannerWorker_cicd_worker_0 - INFO - Worker cicd_worker_0 received task notification
2026-01-03 19:49:57 - ScannerWorker_cicd_worker_0 - INFO - Worker cicd_worker_0 received task notification
2026-01-03 19:49:57 - ScannerWorker_cicd_worker_0 - INFO - Worker cicd_worker_0 received task notification
2026-01-03 19:49:57 - ScannerWorker_cicd_worker_0 - INFO - Worker cicd_worker_0 received task notification
2026-01-03 19:49:57 - ScannerWorker_cicd_worker_0 - INFO - Worker cicd_worker_0 received task notification
2026-01-03 19:49:57 - ScannerWorker_cicd_worker_0 - INFO - Worker cicd_worker_0 received task notification
2026-01-03 19:49:57 - ScannerWorker_cicd_worker_0 - INFO - Worker cicd_worker_0 received task notification
2026-01-03 19:49:57 - ScannerWorker_cicd_worker_0 - INFO - Worker cicd_worker_0 received task notification
2026-01-03 19:49:57 - ScannerWorker_cicd_worker_0 - INFO - Worker cicd_worker_0 received task notification
2026-01-03 19:49:57 - ScannerWorker_cicd_worker_0 - INFO - Worker cicd_worker_0 received task notification
2026-01-03 19:49:57 - ScannerWorker_cicd_worker_0 - INFO - Worker cicd_worker_0 received task notification
2026-01-03 19:49:57 - ScannerWorker_cicd_worker_0 - INFO - Worker cicd_worker_0 received task notification
2026-01-03 19:49:57 - ScannerWorker_cicd_worker_0 - INFO - Worker cicd_worker_0 received task notification
2026-01-03 19:49:57 - ScannerWorker_cicd_worker_0 - INFO - Worker cicd_worker_0 received task notification
2026-01-03 19:49:57 - ScannerWorker_cicd_worker_0 - INFO - Worker cicd_worker_0 received task notification
2026-01-03 19:49:57 - ScannerWorker_cicd_worker_0 - INFO - Worker cicd_worker_0 received task notification
2026-01-03 19:49:57 - ScannerWorker_cicd_worker_0 - INFO - Worker cicd_worker_0 received task notification
2026-01-03 19:49:57 - ScannerWorker_cicd_worker_0 - INFO - Worker cicd_worker_0 received task notification
2026-01-03 19:49:57 - ScannerWorker_cicd_worker_0 - INFO - Worker cicd_worker_0 received task notification
2026-01-03 19:49:57 - ScannerWorker_cicd_worker_0 - INFO - Worker cicd_worker_0 received task notification
2026-01-03 19:49:57 - ScannerWorker_cicd_worker_0 - INFO - Worker cicd_worker_0 received task notification
2026-01-03 19:49:57 - ScannerWorker_cicd_worker_0 - INFO - Worker cicd_worker_0 received task notification
2026-01-03 19:49:57 - ScannerWorker_cicd_worker_0 - INFO - Worker cicd_worker_0 received task notification
2026-01-03 19:49:57 - ScannerWorker_cicd_worker_0 - INFO - Worker cicd_worker_0 received task notification
2026-01-03 19:49:57 - ScannerWorker_cicd_worker_0 - INFO - Worker cicd_worker_0 received task notification
2026-01-03 19:49:57 - ScannerWorker_cicd_worker_0 - INFO - Worker cicd_worker_0 received task notification
2026-01-03 19:49:57 - ScannerWorker_cicd_worker_0 - INFO - Worker cicd_worker_0 received task notification
2026-01-03 19:49:57 - ScannerWorker_cicd_worker_0 - INFO - Worker cicd_worker_0 received task notification
2026-01-03 19:49:57 - ScannerWorker_cicd_worker_0 - INFO - Worker cicd_worker_0 received task notification
2026-01-03 19:49:57 - ScannerWorker_cicd_worker_0 - INFO - Worker cicd_worker_0 received task notification
2026-01-03 19:49:57 - ScannerWorker_cicd_worker_0 - INFO - Worker cicd_worker_0 received task notification
2026-01-03 19:49:57 - ScannerWorker_cicd_worker_0 - INFO - Worker cicd_worker_0 received task notification
2026-01-03 19:49:57 - ScannerWorker_cicd_worker_0 - INFO - Worker cicd_worker_0 received task notification
2026-01-03 19:49:57 - ScannerWorker_cicd_worker_0 - INFO - Worker cicd_worker_0 received task notification
2026-01-03 19:49:57 - ScannerWorker_cicd_worker_0 - INFO - Worker cicd_worker_0 received task notification
2026-01-03 19:49:57 - ScannerWorker_cicd_worker_0 - INFO - Worker cicd_worker_0 received task notification
2026-01-03 19:49:57 - ScannerWorker_cicd_worker_0 - INFO - Worker cicd_worker_0 received task notification
2026-01-03 19:49:57 - ScannerWorker_cicd_worker_0 - INFO - Worker cicd_worker_0 received task notification
2026-01-03 19:49:57 - ScannerWorker_cicd_worker_0 - INFO - Worker cicd_worker_0 received task notification
2026-01-03 19:49:57 - ScannerWorker_cicd_worker_0 - INFO - Worker cicd_worker_0 received task notification
2026-01-03 19:49:57 - ScannerWorker_cicd_worker_0 - INFO - Worker cicd_worker_0 received task notification
2026-01-03 19:49:57 - ScannerWorker_cicd_worker_0 - INFO - Worker cicd_worker_0 received task notification
2026-01-03 19:49:57 - ScannerWorker_cicd_worker_0 - INFO - Worker cicd_worker_0 received task notification
2026-01-03 19:49:57 - ScannerWorker_cicd_worker_0 - INFO - Worker cicd_worker_0 received task notification
2026-01-03 19:49:57 - ScannerWorker_cicd_worker_0 - INFO - Worker cicd_worker_0 received task notification
2026-01-03 19:49:57 - ScannerWorker_cicd_worker_0 - INFO - Worker cicd_worker_0 received task notification
2026-01-03 19:49:57 - ScannerWorker_cicd_worker_0 - INFO - Worker cicd_worker_0 received task notification
2026-01-03 19:49:59 - ScannerWorker_cicd_worker_0 - INFO - Worker cicd_worker_0 received task notification
2026-01-03 19:49:59 - ScannerWorker_cicd_worker_0 - INFO - Worker cicd_worker_0 received task notification
2026-01-03 19:49:59 - ScannerWorker_cicd_worker_0 - INFO - Worker cicd_worker_0 received task notification
2026-01-03 19:49:59 - ScannerWorker_cicd_worker_0 - INFO - Worker cicd_worker_0 received task notification
2026-01-03 19:49:59 - ScannerWorker_cicd_worker_0 - INFO - Worker cicd_worker_0 received task notification
2026-01-03 19:49:59 - ScannerWorker_cicd_worker_0 - INFO - Worker cicd_worker_0 received task notification
2026-01-03 19:49:59 - ScannerWorker_cicd_worker_0 - INFO - Worker cicd_worker_0 received task notification
2026-01-03 19:49:59 - ScannerWorker_cicd_worker_0 - INFO - Worker cicd_worker_0 received task notification
2026-01-03 19:49:59 - ScannerWorker_cicd_worker_0 - INFO - Worker cicd_worker_0 received task notification
2026-01-03 19:49:59 - ScannerWorker_cicd_worker_0 - INFO - Worker cicd_worker_0 received task notification
2026-01-03 19:49:59 - ScannerWorker_cicd_worker_0 - INFO - Worker cicd_worker_0 received task notification
2026-01-03 19:49:59 - ScannerWorker_cicd_worker_0 - INFO - Worker cicd_worker_0 received task notification
2026-01-03 19:49:59 - ScannerWorker_cicd_worker_0 - INFO - Worker cicd_worker_0 received task notification
2026-01-03 19:49:59 - ScannerWorker_cicd_worker_0 - INFO - Worker cicd_worker_0 received task notification
2026-01-03 19:49:59 - ScannerWorker_cicd_worker_0 - INFO - Worker cicd_worker_0 received task notification
2026-01-03 19:49:59 - ScannerWorker_cicd_worker_0 - INFO - Worker cicd_worker_0 received task notification
2026-01-03 19:49:59 - ScannerWorker_cicd_worker_0 - INFO - Worker cicd_worker_0 received task notification
2026-01-03 19:49:59 - ScannerWorker_cicd_worker_0 - INFO - Worker cicd_worker_0 received task notification
2026-01-03 19:49:59 - ScannerWorker_cicd_worker_0 - INFO - Worker cicd_worker_0 received task notification
2026-01-03 19:49:59 - ScannerWorker_cicd_worker_0 - INFO - Worker cicd_worker_0 received task notification
2026-01-03 19:49:59 - ScannerWorker_cicd_worker_0 - INFO - Worker cicd_worker_0 received task notification
2026-01-03 19:49:59 - ScannerWorker_cicd_worker_0 - INFO - Worker cicd_worker_0 received task notification
2026-01-03 19:49:59 - ScannerWorker_cicd_worker_0 - INFO - Worker cicd_worker_0 received task notification
2026-01-03 19:49:59 - ScannerWorker_cicd_worker_0 - INFO - Worker cicd_worker_0 received task notification
2026-01-03 19:49:59 - ScannerWorker_cicd_worker_0 - INFO - Worker cicd_worker_0 received task notification
2026-01-03 19:49:59 - ScannerWorker_cicd_worker_0 - INFO - Worker cicd_worker_0 received task notification
2026-01-03 19:49:59 - ScannerWorker_cicd_worker_0 - INFO - Worker cicd_worker_0 received task notification
2026-01-03 19:49:59 - ScannerWorker_cicd_worker_0 - INFO - Worker cicd_worker_0 received task notification
2026-01-03 19:49:59 - ScannerWorker_cicd_worker_0 - INFO - Worker cicd_worker_0 received task notification
2026-01-03 19:49:59 - ScannerWorker_cicd_worker_0 - INFO - Worker cicd_worker_0 received task notification
2026-01-03 19:49:59 - ScannerWorker_cicd_worker_0 - INFO - Worker cicd_worker_0 received task notification
2026-01-03 19:49:59 - ScannerWorker_cicd_worker_0 - INFO - Worker cicd_worker_0 received task notification
2026-01-03 19:49:59 - ScannerWorker_cicd_worker_0 - INFO - Worker cicd_worker_0 received task notification
2026-01-03 19:49:59 - ScannerWorker_cicd_worker_0 - INFO - Worker cicd_worker_0 received task notification
2026-01-03 19:49:59 - ScannerWorker_cicd_worker_0 - INFO - Worker cicd_worker_0 received task notification
2026-01-03 19:49:59 - ScannerWorker_cicd_worker_0 - INFO - Worker cicd_worker_0 received task notification
2026-01-03 19:49:59 - ScannerWorker_cicd_worker_0 - INFO - Worker cicd_worker_0 received task notification
2026-01-03 19:49:59 - ScannerWorker_cicd_worker_0 - INFO - Worker cicd_worker_0 received task notification
2026-01-03 19:49:59 - ScannerWorker_cicd_worker_0 - INFO - Worker cicd_worker_0 received task notification
2026-01-03 19:49:59 - ScannerWorker_cicd_worker_0 - INFO - Worker cicd_worker_0 received task notification
2026-01-03 19:49:59 - ScannerWorker_cicd_worker_0 - INFO - Worker cicd_worker_0 received task notification
2026-01-03 19:49:59 - ScannerWorker_cicd_worker_0 - INFO - Worker cicd_worker_0 received task notification
2026-01-03 19:49:59 - ScannerWorker_cicd_worker_0 - INFO - Worker cicd_worker_0 received task notification
2026-01-03 19:49:59 - ScannerWorker_cicd_worker_0 - INFO - Worker cicd_worker_0 received task notification
2026-01-03 19:49:59 - ScannerWorker_cicd_worker_0 - INFO - Worker cicd_worker_0 received task notification
2026-01-03 19:49:59 - ScannerWorker_cicd_worker_0 - INFO - Worker cicd_worker_0 received task notification
2026-01-03 19:49:59 - ScannerWorker_cicd_worker_0 - INFO - Worker cicd_worker_0 received task notification
2026-01-03 19:49:59 - ScannerWorker_cicd_worker_0 - INFO - Worker cicd_worker_0 received task notification
2026-01-03 19:49:59 - ScannerWorker_cicd_worker_0 - INFO - Worker cicd_worker_0 received task notification
2026-01-03 19:49:59 - ScannerWorker_cicd_worker_0 - INFO - Worker cicd_worker_0 received task notification
2026-01-03 19:49:59 - ScannerWorker_cicd_worker_0 - INFO - Worker cicd_worker_0 received task notification
2026-01-03 19:49:59 - ScannerWorker_cicd_worker_0 - INFO - Worker cicd_worker_0 received task notification
2026-01-03 19:49:59 - ScannerWorker_cicd_worker_0 - INFO - Worker cicd_worker_0 received task notification
2026-01-03 19:49:59 - ScannerWorker_cicd_worker_0 - INFO - Worker cicd_worker_0 received task notification
2026-01-03 19:49:59 - ScannerWorker_cicd_worker_0 - INFO - Worker cicd_worker_0 received task notification
2026-01-03 19:49:59 - ScannerWorker_cicd_worker_0 - INFO - Worker cicd_worker_0 received task notification
2026-01-03 19:49:59 - ScannerWorker_cicd_worker_0 - INFO - Worker cicd_worker_0 received task notification
2026-01-03 19:49:59 - ScannerWorker_cicd_worker_0 - INFO - Worker cicd_worker_0 received task notification
2026-01-03 19:49:59 - ScannerWorker_cicd_worker_0 - INFO - Worker cicd_worker_0 received task notification
2026-01-03 19:49:59 - ScannerWorker_cicd_worker_0 - INFO - Worker cicd_worker_0 received task notification
2026-01-03 19:49:59 - ScannerWorker_cicd_worker_0 - INFO - Worker cicd_worker_0 received task notification
2026-01-03 19:49:59 - ScannerWorker_cicd_worker_0 - INFO - Worker cicd_worker_0 received task notification
2026-01-03 19:49:59 - ScannerWorker_cicd_worker_0 - INFO - Worker cicd_worker_0 received task notification
2026-01-03 19:49:59 - ScannerWorker_cicd_worker_0 - INFO - Worker cicd_worker_0 received task notification
2026-01-03 19:49:59 - ScannerWorker_cicd_worker_0 - INFO - Worker cicd_worker_0 received task notification
2026-01-03 19:49:59 - ScannerWorker_cicd_worker_0 - INFO - Worker cicd_worker_0 received task notification
