2026-01-03 19:46:39 - ScannerWorker_client_side_worker_0 - INFO - Imported EnhancedDOMXSSScanner
2026-01-03 19:46:39 - ScannerWorker_client_side_worker_0 - INFO - Imported DOMXSSScanner
2026-01-03 19:46:39 - ScannerWorker_client_side_worker_0 - INFO - Loaded 2 scanners for category client_side
2026-01-03 19:46:39 - ScannerWorker_client_side_worker_0 - INFO - Connected to Redis: redis://localhost:6379/0
2026-01-03 19:46:40 - ScannerWorker_client_side_worker_0 - INFO - Scanner worker client_side_worker_0 started for category client_side
2026-01-03 19:49:46 - ScannerWorker_client_side_worker_0 - INFO - Worker client_side_worker_0 received task notification
2026-01-03 19:49:46 - ScannerWorker_client_side_worker_0 - INFO - Worker client_side_worker_0 received task notification
2026-01-03 19:49:46 - ScannerWorker_client_side_worker_0 - INFO - Worker client_side_worker_0 received task notification
2026-01-03 19:49:46 - ScannerWorker_client_side_worker_0 - INFO - Worker client_side_worker_0 received task notification
2026-01-03 19:49:46 - ScannerWorker_client_side_worker_0 - INFO - Worker client_side_worker_0 received task notification
2026-01-03 19:49:46 - ScannerWorker_client_side_worker_0 - INFO - Worker client_side_worker_0 received task notification
2026-01-03 19:49:46 - ScannerWorker_client_side_worker_0 - INFO - Worker client_side_worker_0 received task notification
2026-01-03 19:49:46 - ScannerWorker_client_side_worker_0 - INFO - Worker client_side_worker_0 received task notification
2026-01-03 19:49:46 - ScannerWorker_client_side_worker_0 - INFO - Worker client_side_worker_0 received task notification
2026-01-03 19:49:46 - ScannerWorker_client_side_worker_0 - INFO - Worker client_side_worker_0 received task notification
2026-01-03 19:49:46 - ScannerWorker_client_side_worker_0 - INFO - Worker client_side_worker_0 received task notification
2026-01-03 19:49:46 - ScannerWorker_client_side_worker_0 - INFO - Worker client_side_worker_0 received task notification
2026-01-03 19:49:46 - ScannerWorker_client_side_worker_0 - INFO - Worker client_side_worker_0 received task notification
2026-01-03 19:49:46 - ScannerWorker_client_side_worker_0 - INFO - Worker client_side_worker_0 received task notification
2026-01-03 19:49:46 - ScannerWorker_client_side_worker_0 - INFO - Processing task scan_0a020063048e87c282a37e2d00940014.web-security-academy.net_20260103_194943_public_37b0a910 with EnhancedDOMXSSScanner on https://0a020063048e87c282a37e2d00940014.web-security-academy.net/
2026-01-03 19:49:56 - ScannerWorker_client_side_worker_0 - INFO - Worker execution results keys: ['scanner', 'target', 'timestamp', 'scan_duration', 'summary', 'findings', 'metadata']
2026-01-03 19:49:56 - ScannerWorker_client_side_worker_0 - WARNING - Worker: raw_data MISSING in scanner results!
2026-01-03 19:49:56 - ScannerWorker_client_side_worker_0 - INFO - [SCANNER TRACKING] 0a020063048e87c282a37e2d00940014.web-security-academy.net_20260103_194943_public: Scanner 'EnhancedDOMXSSScanner' marked as completed (52 total)
2026-01-03 19:49:56 - ScannerWorker_client_side_worker_0 - INFO - [SCANNER COMPLETION] 0a020063048e87c282a37e2d00940014.web-security-academy.net_20260103_194943_public: ALL 9/4 scanners completed!
2026-01-03 19:49:56 - ScannerWorker_client_side_worker_0 - INFO - Task scan_0a020063048e87c282a37e2d00940014.web-security-academy.net_20260103_194943_public_37b0a910 completed successfully in 9.43s with 0 findings
2026-01-03 19:49:56 - ScannerWorker_client_side_worker_0 - INFO - Processing task scan_0a020063048e87c282a37e2d00940014.web-security-academy.net_20260103_194943_public_048be5be with EnhancedDOMXSSScanner on https://0a020063048e87c282a37e2d00940014.web-security-academy.net/product?productId=2
2026-01-03 19:50:00 - ScannerWorker_client_side_worker_0 - INFO - Worker execution results keys: ['scanner', 'target', 'timestamp', 'scan_duration', 'summary', 'findings', 'metadata']
2026-01-03 19:50:00 - ScannerWorker_client_side_worker_0 - WARNING - Worker: raw_data MISSING in scanner results!
2026-01-03 19:50:00 - ScannerWorker_client_side_worker_0 - INFO - [SCANNER TRACKING] 0a020063048e87c282a37e2d00940014.web-security-academy.net_20260103_194943_public: Scanner 'EnhancedDOMXSSScanner' marked as completed (65 total)
2026-01-03 19:50:00 - ScannerWorker_client_side_worker_0 - INFO - [SCANNER COMPLETION] 0a020063048e87c282a37e2d00940014.web-security-academy.net_20260103_194943_public: ALL 9/4 scanners completed!
2026-01-03 19:50:00 - ScannerWorker_client_side_worker_0 - INFO - Task scan_0a020063048e87c282a37e2d00940014.web-security-academy.net_20260103_194943_public_048be5be completed successfully in 4.13s with 0 findings
2026-01-03 19:50:00 - ScannerWorker_client_side_worker_0 - INFO - Processing task scan_0a020063048e87c282a37e2d00940014.web-security-academy.net_20260103_194943_public_a8480cf6 with EnhancedDOMXSSScanner on https://0a020063048e87c282a37e2d00940014.web-security-academy.net/product?productId=18
2026-01-03 19:50:04 - ScannerWorker_client_side_worker_0 - INFO - Worker execution results keys: ['scanner', 'target', 'timestamp', 'scan_duration', 'summary', 'findings', 'metadata']
2026-01-03 19:50:04 - ScannerWorker_client_side_worker_0 - WARNING - Worker: raw_data MISSING in scanner results!
2026-01-03 19:50:04 - ScannerWorker_client_side_worker_0 - INFO - [SCANNER TRACKING] 0a020063048e87c282a37e2d00940014.web-security-academy.net_20260103_194943_public: Scanner 'EnhancedDOMXSSScanner' marked as completed (66 total)
2026-01-03 19:50:04 - ScannerWorker_client_side_worker_0 - INFO - [SCANNER COMPLETION] 0a020063048e87c282a37e2d00940014.web-security-academy.net_20260103_194943_public: ALL 9/4 scanners completed!
2026-01-03 19:50:04 - ScannerWorker_client_side_worker_0 - INFO - Task scan_0a020063048e87c282a37e2d00940014.web-security-academy.net_20260103_194943_public_a8480cf6 completed successfully in 4.75s with 0 findings
2026-01-03 19:50:04 - ScannerWorker_client_side_worker_0 - INFO - Processing task scan_0a020063048e87c282a37e2d00940014.web-security-academy.net_20260103_194943_public_a1479d76 with EnhancedDOMXSSScanner on https://0a020063048e87c282a37e2d00940014.web-security-academy.net/product?productId=17
2026-01-03 19:50:09 - ScannerWorker_client_side_worker_0 - INFO - Worker execution results keys: ['scanner', 'target', 'timestamp', 'scan_duration', 'summary', 'findings', 'metadata']
2026-01-03 19:50:09 - ScannerWorker_client_side_worker_0 - WARNING - Worker: raw_data MISSING in scanner results!
2026-01-03 19:50:09 - ScannerWorker_client_side_worker_0 - INFO - [SCANNER TRACKING] 0a020063048e87c282a37e2d00940014.web-security-academy.net_20260103_194943_public: Scanner 'EnhancedDOMXSSScanner' marked as completed (73 total)
2026-01-03 19:50:09 - ScannerWorker_client_side_worker_0 - INFO - [SCANNER COMPLETION] 0a020063048e87c282a37e2d00940014.web-security-academy.net_20260103_194943_public: ALL 9/4 scanners completed!
2026-01-03 19:50:09 - ScannerWorker_client_side_worker_0 - INFO - Task scan_0a020063048e87c282a37e2d00940014.web-security-academy.net_20260103_194943_public_a1479d76 completed successfully in 4.08s with 0 findings
2026-01-03 19:50:09 - ScannerWorker_client_side_worker_0 - INFO - Processing task scan_0a020063048e87c282a37e2d00940014.web-security-academy.net_20260103_194943_public_4cba5f23 with EnhancedDOMXSSScanner on https://0a020063048e87c282a37e2d00940014.web-security-academy.net/product?productId=1
2026-01-03 19:50:17 - ScannerWorker_client_side_worker_0 - INFO - Worker execution results keys: ['scanner', 'target', 'timestamp', 'scan_duration', 'summary', 'findings', 'metadata']
2026-01-03 19:50:17 - ScannerWorker_client_side_worker_0 - WARNING - Worker: raw_data MISSING in scanner results!
2026-01-03 19:50:17 - ScannerWorker_client_side_worker_0 - INFO - [SCANNER TRACKING] 0a020063048e87c282a37e2d00940014.web-security-academy.net_20260103_194943_public: Scanner 'EnhancedDOMXSSScanner' marked as completed (74 total)
2026-01-03 19:50:17 - ScannerWorker_client_side_worker_0 - INFO - [SCANNER COMPLETION] 0a020063048e87c282a37e2d00940014.web-security-academy.net_20260103_194943_public: ALL 9/4 scanners completed!
2026-01-03 19:50:17 - ScannerWorker_client_side_worker_0 - INFO - Task scan_0a020063048e87c282a37e2d00940014.web-security-academy.net_20260103_194943_public_4cba5f23 completed successfully in 8.69s with 0 findings
2026-01-03 19:50:17 - ScannerWorker_client_side_worker_0 - INFO - Processing task scan_0a020063048e87c282a37e2d00940014.web-security-academy.net_20260103_194943_public_9416567c with EnhancedDOMXSSScanner on https://0a020063048e87c282a37e2d00940014.web-security-academy.net/product?productId=16
2026-01-03 19:50:22 - ScannerWorker_client_side_worker_0 - INFO - Worker execution results keys: ['scanner', 'target', 'timestamp', 'scan_duration', 'summary', 'findings', 'metadata']
2026-01-03 19:50:22 - ScannerWorker_client_side_worker_0 - WARNING - Worker: raw_data MISSING in scanner results!
2026-01-03 19:50:22 - ScannerWorker_client_side_worker_0 - INFO - [SCANNER TRACKING] 0a020063048e87c282a37e2d00940014.web-security-academy.net_20260103_194943_public: Scanner 'EnhancedDOMXSSScanner' marked as completed (80 total)
2026-01-03 19:50:22 - ScannerWorker_client_side_worker_0 - INFO - [SCANNER COMPLETION] 0a020063048e87c282a37e2d00940014.web-security-academy.net_20260103_194943_public: ALL 9/4 scanners completed!
2026-01-03 19:50:22 - ScannerWorker_client_side_worker_0 - INFO - Task scan_0a020063048e87c282a37e2d00940014.web-security-academy.net_20260103_194943_public_9416567c completed successfully in 4.41s with 0 findings
2026-01-03 19:50:22 - ScannerWorker_client_side_worker_0 - INFO - Processing task scan_0a020063048e87c282a37e2d00940014.web-security-academy.net_20260103_194943_public_24dede9f with EnhancedDOMXSSScanner on https://0a020063048e87c282a37e2d00940014.web-security-academy.net/my-account
2026-01-03 19:50:26 - ScannerWorker_client_side_worker_0 - INFO - Worker execution results keys: ['scanner', 'target', 'timestamp', 'scan_duration', 'summary', 'findings', 'metadata']
2026-01-03 19:50:26 - ScannerWorker_client_side_worker_0 - WARNING - Worker: raw_data MISSING in scanner results!
2026-01-03 19:50:26 - ScannerWorker_client_side_worker_0 - INFO - [SCANNER TRACKING] 0a020063048e87c282a37e2d00940014.web-security-academy.net_20260103_194943_public: Scanner 'EnhancedDOMXSSScanner' marked as completed (85 total)
2026-01-03 19:50:26 - ScannerWorker_client_side_worker_0 - INFO - [SCANNER COMPLETION] 0a020063048e87c282a37e2d00940014.web-security-academy.net_20260103_194943_public: ALL 9/4 scanners completed!
2026-01-03 19:50:26 - ScannerWorker_client_side_worker_0 - INFO - Task scan_0a020063048e87c282a37e2d00940014.web-security-academy.net_20260103_194943_public_24dede9f completed successfully in 4.01s with 0 findings
2026-01-03 19:50:26 - ScannerWorker_client_side_worker_0 - INFO - Processing task scan_0a020063048e87c282a37e2d00940014.web-security-academy.net_20260103_194943_public_0d8709b3 with EnhancedDOMXSSScanner on https://0a020063048e87c282a37e2d00940014.web-security-academy.net/product?productId=4
2026-01-03 19:50:30 - ScannerWorker_client_side_worker_0 - INFO - Worker execution results keys: ['scanner', 'target', 'timestamp', 'scan_duration', 'summary', 'findings', 'metadata']
2026-01-03 19:50:30 - ScannerWorker_client_side_worker_0 - WARNING - Worker: raw_data MISSING in scanner results!
2026-01-03 19:50:30 - ScannerWorker_client_side_worker_0 - INFO - [SCANNER TRACKING] 0a020063048e87c282a37e2d00940014.web-security-academy.net_20260103_194943_public: Scanner 'EnhancedDOMXSSScanner' marked as completed (89 total)
2026-01-03 19:50:30 - ScannerWorker_client_side_worker_0 - INFO - [SCANNER COMPLETION] 0a020063048e87c282a37e2d00940014.web-security-academy.net_20260103_194943_public: ALL 9/4 scanners completed!
2026-01-03 19:50:30 - ScannerWorker_client_side_worker_0 - INFO - Task scan_0a020063048e87c282a37e2d00940014.web-security-academy.net_20260103_194943_public_0d8709b3 completed successfully in 3.84s with 0 findings
2026-01-03 19:50:30 - ScannerWorker_client_side_worker_0 - INFO - Processing task scan_0a020063048e87c282a37e2d00940014.web-security-academy.net_20260103_194943_public_5f40a65c with EnhancedDOMXSSScanner on https://0a020063048e87c282a37e2d00940014.web-security-academy.net/product?productId=20
2026-01-03 19:50:33 - ScannerWorker_client_side_worker_0 - INFO - Worker execution results keys: ['scanner', 'target', 'timestamp', 'scan_duration', 'summary', 'findings', 'metadata']
2026-01-03 19:50:33 - ScannerWorker_client_side_worker_0 - WARNING - Worker: raw_data MISSING in scanner results!
2026-01-03 19:50:33 - ScannerWorker_client_side_worker_0 - INFO - [SCANNER TRACKING] 0a020063048e87c282a37e2d00940014.web-security-academy.net_20260103_194943_public: Scanner 'EnhancedDOMXSSScanner' marked as completed (90 total)
2026-01-03 19:50:33 - ScannerWorker_client_side_worker_0 - INFO - [SCANNER COMPLETION] 0a020063048e87c282a37e2d00940014.web-security-academy.net_20260103_194943_public: ALL 9/4 scanners completed!
2026-01-03 19:50:33 - ScannerWorker_client_side_worker_0 - INFO - Task scan_0a020063048e87c282a37e2d00940014.web-security-academy.net_20260103_194943_public_5f40a65c completed successfully in 3.76s with 0 findings
2026-01-03 19:50:33 - ScannerWorker_client_side_worker_0 - INFO - Processing task scan_0a020063048e87c282a37e2d00940014.web-security-academy.net_20260103_194943_public_322fb734 with EnhancedDOMXSSScanner on https://0a020063048e87c282a37e2d00940014.web-security-academy.net/product?productId=19
2026-01-03 19:50:37 - ScannerWorker_client_side_worker_0 - INFO - Worker execution results keys: ['scanner', 'target', 'timestamp', 'scan_duration', 'summary', 'findings', 'metadata']
2026-01-03 19:50:37 - ScannerWorker_client_side_worker_0 - WARNING - Worker: raw_data MISSING in scanner results!
2026-01-03 19:50:37 - ScannerWorker_client_side_worker_0 - INFO - [SCANNER TRACKING] 0a020063048e87c282a37e2d00940014.web-security-academy.net_20260103_194943_public: Scanner 'EnhancedDOMXSSScanner' marked as completed (91 total)
2026-01-03 19:50:37 - ScannerWorker_client_side_worker_0 - INFO - [SCANNER COMPLETION] 0a020063048e87c282a37e2d00940014.web-security-academy.net_20260103_194943_public: ALL 9/4 scanners completed!
2026-01-03 19:50:37 - ScannerWorker_client_side_worker_0 - INFO - Task scan_0a020063048e87c282a37e2d00940014.web-security-academy.net_20260103_194943_public_322fb734 completed successfully in 3.64s with 0 findings
2026-01-03 19:50:37 - ScannerWorker_client_side_worker_0 - INFO - Processing task scan_0a020063048e87c282a37e2d00940014.web-security-academy.net_20260103_194943_public_94f7b494 with EnhancedDOMXSSScanner on https://0a020063048e87c282a37e2d00940014.web-security-academy.net/product?productId=3
2026-01-03 19:50:41 - ScannerWorker_client_side_worker_0 - INFO - Worker execution results keys: ['scanner', 'target', 'timestamp', 'scan_duration', 'summary', 'findings', 'metadata']
2026-01-03 19:50:41 - ScannerWorker_client_side_worker_0 - WARNING - Worker: raw_data MISSING in scanner results!
2026-01-03 19:50:41 - ScannerWorker_client_side_worker_0 - INFO - [COMPLETION TRIGGER] 0a020063048e87c282a37e2d00940014.web-security-academy.net_20260103_194943_public: Last task completed! tasks_pending = 0
2026-01-03 19:50:41 - ScannerWorker_client_side_worker_0 - INFO - [SCANNER TRACKING] 0a020063048e87c282a37e2d00940014.web-security-academy.net_20260103_194943_public: Scanner 'EnhancedDOMXSSScanner' marked as completed (95 total)
2026-01-03 19:50:41 - ScannerWorker_client_side_worker_0 - INFO - [SCANNER COMPLETION] 0a020063048e87c282a37e2d00940014.web-security-academy.net_20260103_194943_public: ALL 9/4 scanners completed!
2026-01-03 19:50:41 - ScannerWorker_client_side_worker_0 - INFO - Task scan_0a020063048e87c282a37e2d00940014.web-security-academy.net_20260103_194943_public_94f7b494 completed successfully in 4.34s with 0 findings
2026-01-03 19:50:41 - ScannerWorker_client_side_worker_0 - INFO - Processing task scan_0a020063048e87c282a37e2d00940014.web-security-academy.net_20260103_194943_public_7f3e0546 with EnhancedDOMXSSScanner on https://0a020063048e87c282a37e2d00940014.web-security-academy.net/product?productId=6
2026-01-03 19:51:09 - ScannerWorker_client_side_worker_0 - INFO - Worker execution results keys: ['scanner', 'target', 'timestamp', 'scan_duration', 'summary', 'findings', 'metadata']
2026-01-03 19:51:09 - ScannerWorker_client_side_worker_0 - WARNING - Worker: raw_data MISSING in scanner results!
2026-01-03 19:51:09 - ScannerWorker_client_side_worker_0 - INFO - [COMPLETION TRIGGER] 0a020063048e87c282a37e2d00940014.web-security-academy.net_20260103_194943_public: Last task completed! tasks_pending = 0
2026-01-03 19:51:09 - ScannerWorker_client_side_worker_0 - INFO - [SCANNER TRACKING] 0a020063048e87c282a37e2d00940014.web-security-academy.net_20260103_194943_public: Scanner 'EnhancedDOMXSSScanner' marked as completed (110 total)
2026-01-03 19:51:09 - ScannerWorker_client_side_worker_0 - INFO - [SCANNER COMPLETION] 0a020063048e87c282a37e2d00940014.web-security-academy.net_20260103_194943_public: ALL 11/4 scanners completed!
2026-01-03 19:51:09 - ScannerWorker_client_side_worker_0 - INFO - Task scan_0a020063048e87c282a37e2d00940014.web-security-academy.net_20260103_194943_public_7f3e0546 completed successfully in 27.83s with 0 findings
2026-01-03 19:51:09 - ScannerWorker_client_side_worker_0 - INFO - Processing task scan_0a020063048e87c282a37e2d00940014.web-security-academy.net_20260103_194943_public_a205e6ca with EnhancedDOMXSSScanner on https://0a020063048e87c282a37e2d00940014.web-security-academy.net/product?productId=9
2026-01-03 19:51:13 - ScannerWorker_client_side_worker_0 - INFO - Worker execution results keys: ['scanner', 'target', 'timestamp', 'scan_duration', 'summary', 'findings', 'metadata']
2026-01-03 19:51:13 - ScannerWorker_client_side_worker_0 - WARNING - Worker: raw_data MISSING in scanner results!
2026-01-03 19:51:13 - ScannerWorker_client_side_worker_0 - INFO - [COMPLETION TRIGGER] 0a020063048e87c282a37e2d00940014.web-security-academy.net_20260103_194943_public: Last task completed! tasks_pending = 0
2026-01-03 19:51:13 - ScannerWorker_client_side_worker_0 - INFO - [SCANNER TRACKING] 0a020063048e87c282a37e2d00940014.web-security-academy.net_20260103_194943_public: Scanner 'EnhancedDOMXSSScanner' marked as completed (115 total)
2026-01-03 19:51:13 - ScannerWorker_client_side_worker_0 - INFO - [SCANNER COMPLETION] 0a020063048e87c282a37e2d00940014.web-security-academy.net_20260103_194943_public: ALL 12/4 scanners completed!
2026-01-03 19:51:13 - ScannerWorker_client_side_worker_0 - INFO - Task scan_0a020063048e87c282a37e2d00940014.web-security-academy.net_20260103_194943_public_a205e6ca completed successfully in 3.60s with 0 findings
2026-01-03 19:51:13 - ScannerWorker_client_side_worker_0 - INFO - Processing task scan_0a020063048e87c282a37e2d00940014.web-security-academy.net_20260103_194943_public_965ba22d with EnhancedDOMXSSScanner on https://0a020063048e87c282a37e2d00940014.web-security-academy.net/product?productId=8
2026-01-03 19:51:16 - ScannerWorker_client_side_worker_0 - INFO - Worker execution results keys: ['scanner', 'target', 'timestamp', 'scan_duration', 'summary', 'findings', 'metadata']
2026-01-03 19:51:16 - ScannerWorker_client_side_worker_0 - WARNING - Worker: raw_data MISSING in scanner results!
2026-01-03 19:51:16 - ScannerWorker_client_side_worker_0 - INFO - [COMPLETION TRIGGER] 0a020063048e87c282a37e2d00940014.web-security-academy.net_20260103_194943_public: Last task completed! tasks_pending = 0
2026-01-03 19:51:16 - ScannerWorker_client_side_worker_0 - INFO - [SCANNER TRACKING] 0a020063048e87c282a37e2d00940014.web-security-academy.net_20260103_194943_public: Scanner 'EnhancedDOMXSSScanner' marked as completed (116 total)
2026-01-03 19:51:16 - ScannerWorker_client_side_worker_0 - INFO - [SCANNER COMPLETION] 0a020063048e87c282a37e2d00940014.web-security-academy.net_20260103_194943_public: ALL 12/4 scanners completed!
2026-01-03 19:51:16 - ScannerWorker_client_side_worker_0 - INFO - Task scan_0a020063048e87c282a37e2d00940014.web-security-academy.net_20260103_194943_public_965ba22d completed successfully in 3.43s with 0 findings
2026-01-03 19:51:16 - ScannerWorker_client_side_worker_0 - INFO - Processing task scan_0a020063048e87c282a37e2d00940014.web-security-academy.net_20260103_194943_public_bdaefac9 with EnhancedDOMXSSScanner on https://0a020063048e87c282a37e2d00940014.web-security-academy.net/product?productId=7
2026-01-03 19:51:21 - ScannerWorker_client_side_worker_0 - INFO - Worker execution results keys: ['scanner', 'target', 'timestamp', 'scan_duration', 'summary', 'findings', 'metadata']
2026-01-03 19:51:21 - ScannerWorker_client_side_worker_0 - WARNING - Worker: raw_data MISSING in scanner results!
2026-01-03 19:51:21 - ScannerWorker_client_side_worker_0 - INFO - [COMPLETION TRIGGER] 0a020063048e87c282a37e2d00940014.web-security-academy.net_20260103_194943_public: Last task completed! tasks_pending = 0
2026-01-03 19:51:21 - ScannerWorker_client_side_worker_0 - INFO - [SCANNER TRACKING] 0a020063048e87c282a37e2d00940014.web-security-academy.net_20260103_194943_public: Scanner 'EnhancedDOMXSSScanner' marked as completed (122 total)
2026-01-03 19:51:21 - ScannerWorker_client_side_worker_0 - INFO - [SCANNER COMPLETION] 0a020063048e87c282a37e2d00940014.web-security-academy.net_20260103_194943_public: ALL 12/4 scanners completed!
2026-01-03 19:51:21 - ScannerWorker_client_side_worker_0 - INFO - Task scan_0a020063048e87c282a37e2d00940014.web-security-academy.net_20260103_194943_public_bdaefac9 completed successfully in 4.49s with 0 findings
2026-01-03 19:51:21 - ScannerWorker_client_side_worker_0 - INFO - Processing task scan_0a020063048e87c282a37e2d00940014.web-security-academy.net_20260103_194943_public_96573b18 with EnhancedDOMXSSScanner on https://0a020063048e87c282a37e2d00940014.web-security-academy.net/product?productId=5
2026-01-03 19:51:28 - ScannerWorker_client_side_worker_0 - INFO - Worker execution results keys: ['scanner', 'target', 'timestamp', 'scan_duration', 'summary', 'findings', 'metadata']
2026-01-03 19:51:28 - ScannerWorker_client_side_worker_0 - WARNING - Worker: raw_data MISSING in scanner results!
2026-01-03 19:51:28 - ScannerWorker_client_side_worker_0 - INFO - [COMPLETION TRIGGER] 0a020063048e87c282a37e2d00940014.web-security-academy.net_20260103_194943_public: Last task completed! tasks_pending = 0
2026-01-03 19:51:28 - ScannerWorker_client_side_worker_0 - INFO - [SCANNER TRACKING] 0a020063048e87c282a37e2d00940014.web-security-academy.net_20260103_194943_public: Scanner 'EnhancedDOMXSSScanner' marked as completed (124 total)
2026-01-03 19:51:28 - ScannerWorker_client_side_worker_0 - INFO - [SCANNER COMPLETION] 0a020063048e87c282a37e2d00940014.web-security-academy.net_20260103_194943_public: ALL 12/4 scanners completed!
2026-01-03 19:51:28 - ScannerWorker_client_side_worker_0 - INFO - Task scan_0a020063048e87c282a37e2d00940014.web-security-academy.net_20260103_194943_public_96573b18 completed successfully in 6.82s with 0 findings
2026-01-03 19:51:28 - ScannerWorker_client_side_worker_0 - INFO - Processing task scan_0a020063048e87c282a37e2d00940014.web-security-academy.net_20260103_194943_public_d99b974a with EnhancedDOMXSSScanner on https://0a020063048e87c282a37e2d00940014.web-security-academy.net/product?productId=12
2026-01-03 19:51:32 - ScannerWorker_client_side_worker_0 - INFO - Worker execution results keys: ['scanner', 'target', 'timestamp', 'scan_duration', 'summary', 'findings', 'metadata']
2026-01-03 19:51:32 - ScannerWorker_client_side_worker_0 - WARNING - Worker: raw_data MISSING in scanner results!
2026-01-03 19:51:32 - ScannerWorker_client_side_worker_0 - INFO - [COMPLETION TRIGGER] 0a020063048e87c282a37e2d00940014.web-security-academy.net_20260103_194943_public: Last task completed! tasks_pending = 0
2026-01-03 19:51:32 - ScannerWorker_client_side_worker_0 - INFO - [SCANNER TRACKING] 0a020063048e87c282a37e2d00940014.web-security-academy.net_20260103_194943_public: Scanner 'EnhancedDOMXSSScanner' marked as completed (128 total)
2026-01-03 19:51:32 - ScannerWorker_client_side_worker_0 - INFO - [SCANNER COMPLETION] 0a020063048e87c282a37e2d00940014.web-security-academy.net_20260103_194943_public: ALL 12/4 scanners completed!
2026-01-03 19:51:32 - ScannerWorker_client_side_worker_0 - INFO - Task scan_0a020063048e87c282a37e2d00940014.web-security-academy.net_20260103_194943_public_d99b974a completed successfully in 4.80s with 0 findings
2026-01-03 19:51:32 - ScannerWorker_client_side_worker_0 - INFO - Processing task scan_0a020063048e87c282a37e2d00940014.web-security-academy.net_20260103_194943_public_0dd8157a with EnhancedDOMXSSScanner on https://0a020063048e87c282a37e2d00940014.web-security-academy.net/product?productId=11
2026-01-03 19:51:36 - ScannerWorker_client_side_worker_0 - INFO - Worker execution results keys: ['scanner', 'target', 'timestamp', 'scan_duration', 'summary', 'findings', 'metadata']
2026-01-03 19:51:36 - ScannerWorker_client_side_worker_0 - WARNING - Worker: raw_data MISSING in scanner results!
2026-01-03 19:51:36 - ScannerWorker_client_side_worker_0 - INFO - [COMPLETION TRIGGER] 0a020063048e87c282a37e2d00940014.web-security-academy.net_20260103_194943_public: Last task completed! tasks_pending = 0
2026-01-03 19:51:36 - ScannerWorker_client_side_worker_0 - INFO - [SCANNER TRACKING] 0a020063048e87c282a37e2d00940014.web-security-academy.net_20260103_194943_public: Scanner 'EnhancedDOMXSSScanner' marked as completed (132 total)
2026-01-03 19:51:36 - ScannerWorker_client_side_worker_0 - INFO - [SCANNER COMPLETION] 0a020063048e87c282a37e2d00940014.web-security-academy.net_20260103_194943_public: ALL 12/4 scanners completed!
2026-01-03 19:51:36 - ScannerWorker_client_side_worker_0 - INFO - Task scan_0a020063048e87c282a37e2d00940014.web-security-academy.net_20260103_194943_public_0dd8157a completed successfully in 3.55s with 0 findings
2026-01-03 19:51:36 - ScannerWorker_client_side_worker_0 - INFO - Processing task scan_0a020063048e87c282a37e2d00940014.web-security-academy.net_20260103_194943_public_8f991538 with EnhancedDOMXSSScanner on https://0a020063048e87c282a37e2d00940014.web-security-academy.net/product?productId=10
2026-01-03 19:51:40 - ScannerWorker_client_side_worker_0 - INFO - Worker execution results keys: ['scanner', 'target', 'timestamp', 'scan_duration', 'summary', 'findings', 'metadata']
2026-01-03 19:51:40 - ScannerWorker_client_side_worker_0 - WARNING - Worker: raw_data MISSING in scanner results!
2026-01-03 19:51:40 - ScannerWorker_client_side_worker_0 - INFO - [COMPLETION TRIGGER] 0a020063048e87c282a37e2d00940014.web-security-academy.net_20260103_194943_public: Last task completed! tasks_pending = 0
2026-01-03 19:51:40 - ScannerWorker_client_side_worker_0 - INFO - [SCANNER TRACKING] 0a020063048e87c282a37e2d00940014.web-security-academy.net_20260103_194943_public: Scanner 'EnhancedDOMXSSScanner' marked as completed (133 total)
2026-01-03 19:51:40 - ScannerWorker_client_side_worker_0 - INFO - [SCANNER COMPLETION] 0a020063048e87c282a37e2d00940014.web-security-academy.net_20260103_194943_public: ALL 12/4 scanners completed!
2026-01-03 19:51:40 - ScannerWorker_client_side_worker_0 - INFO - Task scan_0a020063048e87c282a37e2d00940014.web-security-academy.net_20260103_194943_public_8f991538 completed successfully in 3.63s with 0 findings
2026-01-03 19:51:40 - ScannerWorker_client_side_worker_0 - INFO - Processing task scan_0a020063048e87c282a37e2d00940014.web-security-academy.net_20260103_194943_public_35f15005 with EnhancedDOMXSSScanner on https://0a020063048e87c282a37e2d00940014.web-security-academy.net/product?productId=15
2026-01-03 19:51:43 - ScannerWorker_client_side_worker_0 - INFO - Worker execution results keys: ['scanner', 'target', 'timestamp', 'scan_duration', 'summary', 'findings', 'metadata']
2026-01-03 19:51:43 - ScannerWorker_client_side_worker_0 - WARNING - Worker: raw_data MISSING in scanner results!
2026-01-03 19:51:43 - ScannerWorker_client_side_worker_0 - INFO - [COMPLETION TRIGGER] 0a020063048e87c282a37e2d00940014.web-security-academy.net_20260103_194943_public: Last task completed! tasks_pending = 0
2026-01-03 19:51:43 - ScannerWorker_client_side_worker_0 - INFO - [SCANNER TRACKING] 0a020063048e87c282a37e2d00940014.web-security-academy.net_20260103_194943_public: Scanner 'EnhancedDOMXSSScanner' marked as completed (137 total)
2026-01-03 19:51:43 - ScannerWorker_client_side_worker_0 - INFO - [SCANNER COMPLETION] 0a020063048e87c282a37e2d00940014.web-security-academy.net_20260103_194943_public: ALL 12/4 scanners completed!
2026-01-03 19:51:43 - ScannerWorker_client_side_worker_0 - INFO - Task scan_0a020063048e87c282a37e2d00940014.web-security-academy.net_20260103_194943_public_35f15005 completed successfully in 3.60s with 0 findings
2026-01-03 19:51:43 - ScannerWorker_client_side_worker_0 - INFO - Processing task scan_0a020063048e87c282a37e2d00940014.web-security-academy.net_20260103_194943_public_c61e7fed with EnhancedDOMXSSScanner on https://0a020063048e87c282a37e2d00940014.web-security-academy.net/product?productId=14
2026-01-03 19:52:05 - ScannerWorker_client_side_worker_0 - INFO - Worker execution results keys: ['scanner', 'target', 'timestamp', 'scan_duration', 'summary', 'findings', 'metadata']
2026-01-03 19:52:05 - ScannerWorker_client_side_worker_0 - WARNING - Worker: raw_data MISSING in scanner results!
2026-01-03 19:52:05 - ScannerWorker_client_side_worker_0 - INFO - [COMPLETION TRIGGER] 0a020063048e87c282a37e2d00940014.web-security-academy.net_20260103_194943_public: Last task completed! tasks_pending = 0
2026-01-03 19:52:05 - ScannerWorker_client_side_worker_0 - INFO - [SCANNER TRACKING] 0a020063048e87c282a37e2d00940014.web-security-academy.net_20260103_194943_public: Scanner 'EnhancedDOMXSSScanner' marked as completed (162 total)
2026-01-03 19:52:05 - ScannerWorker_client_side_worker_0 - INFO - [SCANNER COMPLETION] 0a020063048e87c282a37e2d00940014.web-security-academy.net_20260103_194943_public: ALL 13/4 scanners completed!
2026-01-03 19:52:05 - ScannerWorker_client_side_worker_0 - INFO - Task scan_0a020063048e87c282a37e2d00940014.web-security-academy.net_20260103_194943_public_c61e7fed completed successfully in 22.14s with 0 findings
2026-01-03 19:52:05 - ScannerWorker_client_side_worker_0 - INFO - Processing task scan_0a020063048e87c282a37e2d00940014.web-security-academy.net_20260103_194943_public_17357b9a with EnhancedDOMXSSScanner on https://0a020063048e87c282a37e2d00940014.web-security-academy.net/product?productId=13
2026-01-03 19:52:10 - ScannerWorker_client_side_worker_0 - INFO - Worker execution results keys: ['scanner', 'target', 'timestamp', 'scan_duration', 'summary', 'findings', 'metadata']
2026-01-03 19:52:10 - ScannerWorker_client_side_worker_0 - WARNING - Worker: raw_data MISSING in scanner results!
2026-01-03 19:52:10 - ScannerWorker_client_side_worker_0 - INFO - [COMPLETION TRIGGER] 0a020063048e87c282a37e2d00940014.web-security-academy.net_20260103_194943_public: Last task completed! tasks_pending = 0
2026-01-03 19:52:10 - ScannerWorker_client_side_worker_0 - INFO - [SCANNER TRACKING] 0a020063048e87c282a37e2d00940014.web-security-academy.net_20260103_194943_public: Scanner 'EnhancedDOMXSSScanner' marked as completed (167 total)
2026-01-03 19:52:10 - ScannerWorker_client_side_worker_0 - INFO - [SCANNER COMPLETION] 0a020063048e87c282a37e2d00940014.web-security-academy.net_20260103_194943_public: ALL 14/4 scanners completed!
2026-01-03 19:52:10 - ScannerWorker_client_side_worker_0 - INFO - Task scan_0a020063048e87c282a37e2d00940014.web-security-academy.net_20260103_194943_public_17357b9a completed successfully in 4.68s with 0 findings
2026-01-03 19:52:10 - ScannerWorker_client_side_worker_0 - INFO - Worker client_side_worker_0 received task notification
2026-01-03 19:52:10 - ScannerWorker_client_side_worker_0 - INFO - Worker client_side_worker_0 received task notification
2026-01-03 19:52:10 - ScannerWorker_client_side_worker_0 - INFO - Worker client_side_worker_0 received task notification
2026-01-03 19:52:10 - ScannerWorker_client_side_worker_0 - INFO - Worker client_side_worker_0 received task notification
2026-01-03 19:52:10 - ScannerWorker_client_side_worker_0 - INFO - Worker client_side_worker_0 received task notification
2026-01-03 19:52:10 - ScannerWorker_client_side_worker_0 - INFO - Worker client_side_worker_0 received task notification
2026-01-03 19:52:10 - ScannerWorker_client_side_worker_0 - INFO - Worker client_side_worker_0 received task notification
2026-01-03 19:52:10 - ScannerWorker_client_side_worker_0 - INFO - Worker client_side_worker_0 received task notification
2026-01-03 19:52:10 - ScannerWorker_client_side_worker_0 - INFO - Worker client_side_worker_0 received task notification
2026-01-03 19:52:10 - ScannerWorker_client_side_worker_0 - INFO - Worker client_side_worker_0 received task notification
2026-01-03 19:52:10 - ScannerWorker_client_side_worker_0 - INFO - Worker client_side_worker_0 received task notification
2026-01-03 19:52:10 - ScannerWorker_client_side_worker_0 - INFO - Worker client_side_worker_0 received task notification
2026-01-03 19:52:10 - ScannerWorker_client_side_worker_0 - INFO - Worker client_side_worker_0 received task notification
2026-01-03 19:52:10 - ScannerWorker_client_side_worker_0 - INFO - Worker client_side_worker_0 received task notification
2026-01-03 19:52:10 - ScannerWorker_client_side_worker_0 - INFO - Worker client_side_worker_0 received task notification
2026-01-03 19:52:10 - ScannerWorker_client_side_worker_0 - INFO - Worker client_side_worker_0 received task notification
2026-01-03 19:52:10 - ScannerWorker_client_side_worker_0 - INFO - Worker client_side_worker_0 received task notification
2026-01-03 19:52:10 - ScannerWorker_client_side_worker_0 - INFO - Worker client_side_worker_0 received task notification
2026-01-03 19:52:10 - ScannerWorker_client_side_worker_0 - INFO - Worker client_side_worker_0 received task notification
2026-01-03 19:52:10 - ScannerWorker_client_side_worker_0 - INFO - Worker client_side_worker_0 received task notification
2026-01-03 19:52:10 - ScannerWorker_client_side_worker_0 - INFO - Worker client_side_worker_0 received task notification
2026-01-03 19:52:10 - ScannerWorker_client_side_worker_0 - INFO - Worker client_side_worker_0 received task notification
2026-01-03 19:52:10 - ScannerWorker_client_side_worker_0 - INFO - Worker client_side_worker_0 received task notification
2026-01-03 19:52:10 - ScannerWorker_client_side_worker_0 - INFO - Worker client_side_worker_0 received task notification
2026-01-03 19:52:10 - ScannerWorker_client_side_worker_0 - INFO - Worker client_side_worker_0 received task notification
2026-01-03 19:52:10 - ScannerWorker_client_side_worker_0 - INFO - Worker client_side_worker_0 received task notification
2026-01-03 19:52:10 - ScannerWorker_client_side_worker_0 - INFO - Worker client_side_worker_0 received task notification
2026-01-03 19:52:10 - ScannerWorker_client_side_worker_0 - INFO - Worker client_side_worker_0 received task notification
2026-01-03 19:52:10 - ScannerWorker_client_side_worker_0 - INFO - Worker client_side_worker_0 received task notification
2026-01-03 19:52:10 - ScannerWorker_client_side_worker_0 - INFO - Worker client_side_worker_0 received task notification
2026-01-03 19:52:10 - ScannerWorker_client_side_worker_0 - INFO - Worker client_side_worker_0 received task notification
2026-01-03 19:52:10 - ScannerWorker_client_side_worker_0 - INFO - Worker client_side_worker_0 received task notification
2026-01-03 19:52:10 - ScannerWorker_client_side_worker_0 - INFO - Worker client_side_worker_0 received task notification
2026-01-03 19:52:10 - ScannerWorker_client_side_worker_0 - INFO - Worker client_side_worker_0 received task notification
2026-01-03 19:52:10 - ScannerWorker_client_side_worker_0 - INFO - Worker client_side_worker_0 received task notification
2026-01-03 19:52:10 - ScannerWorker_client_side_worker_0 - INFO - Worker client_side_worker_0 received task notification
2026-01-03 19:52:10 - ScannerWorker_client_side_worker_0 - INFO - Worker client_side_worker_0 received task notification
2026-01-03 19:52:10 - ScannerWorker_client_side_worker_0 - INFO - Worker client_side_worker_0 received task notification
2026-01-03 19:52:10 - ScannerWorker_client_side_worker_0 - INFO - Worker client_side_worker_0 received task notification
2026-01-03 19:52:10 - ScannerWorker_client_side_worker_0 - INFO - Worker client_side_worker_0 received task notification
2026-01-03 19:52:10 - ScannerWorker_client_side_worker_0 - INFO - Worker client_side_worker_0 received task notification
2026-01-03 19:52:10 - ScannerWorker_client_side_worker_0 - INFO - Worker client_side_worker_0 received task notification
2026-01-03 19:52:10 - ScannerWorker_client_side_worker_0 - INFO - Worker client_side_worker_0 received task notification
2026-01-03 19:52:10 - ScannerWorker_client_side_worker_0 - INFO - Worker client_side_worker_0 received task notification
2026-01-03 19:52:10 - ScannerWorker_client_side_worker_0 - INFO - Worker client_side_worker_0 received task notification
2026-01-03 19:52:10 - ScannerWorker_client_side_worker_0 - INFO - Worker client_side_worker_0 received task notification
2026-01-03 19:52:10 - ScannerWorker_client_side_worker_0 - INFO - Worker client_side_worker_0 received task notification
2026-01-03 19:52:10 - ScannerWorker_client_side_worker_0 - INFO - Worker client_side_worker_0 received task notification
2026-01-03 19:52:10 - ScannerWorker_client_side_worker_0 - INFO - Worker client_side_worker_0 received task notification
2026-01-03 19:52:10 - ScannerWorker_client_side_worker_0 - INFO - Worker client_side_worker_0 received task notification
2026-01-03 19:52:10 - ScannerWorker_client_side_worker_0 - INFO - Worker client_side_worker_0 received task notification
2026-01-03 19:52:10 - ScannerWorker_client_side_worker_0 - INFO - Worker client_side_worker_0 received task notification
2026-01-03 19:52:10 - ScannerWorker_client_side_worker_0 - INFO - Worker client_side_worker_0 received task notification
2026-01-03 19:52:10 - ScannerWorker_client_side_worker_0 - INFO - Worker client_side_worker_0 received task notification
2026-01-03 19:52:10 - ScannerWorker_client_side_worker_0 - INFO - Worker client_side_worker_0 received task notification
2026-01-03 19:52:10 - ScannerWorker_client_side_worker_0 - INFO - Worker client_side_worker_0 received task notification
2026-01-03 19:52:10 - ScannerWorker_client_side_worker_0 - INFO - Worker client_side_worker_0 received task notification
2026-01-03 19:52:10 - ScannerWorker_client_side_worker_0 - INFO - Worker client_side_worker_0 received task notification
2026-01-03 19:52:10 - ScannerWorker_client_side_worker_0 - INFO - Worker client_side_worker_0 received task notification
2026-01-03 19:52:10 - ScannerWorker_client_side_worker_0 - INFO - Worker client_side_worker_0 received task notification
2026-01-03 19:52:10 - ScannerWorker_client_side_worker_0 - INFO - Worker client_side_worker_0 received task notification
2026-01-03 19:52:10 - ScannerWorker_client_side_worker_0 - INFO - Worker client_side_worker_0 received task notification
2026-01-03 19:52:10 - ScannerWorker_client_side_worker_0 - INFO - Worker client_side_worker_0 received task notification
2026-01-03 19:52:10 - ScannerWorker_client_side_worker_0 - INFO - Worker client_side_worker_0 received task notification
2026-01-03 19:52:10 - ScannerWorker_client_side_worker_0 - INFO - Worker client_side_worker_0 received task notification
2026-01-03 19:52:10 - ScannerWorker_client_side_worker_0 - INFO - Worker client_side_worker_0 received task notification
2026-01-03 19:52:10 - ScannerWorker_client_side_worker_0 - INFO - Worker client_side_worker_0 received task notification
2026-01-03 19:52:10 - ScannerWorker_client_side_worker_0 - INFO - Worker client_side_worker_0 received task notification
2026-01-03 19:52:10 - ScannerWorker_client_side_worker_0 - INFO - Worker client_side_worker_0 received task notification
2026-01-03 19:52:10 - ScannerWorker_client_side_worker_0 - INFO - Worker client_side_worker_0 received task notification
2026-01-03 19:52:10 - ScannerWorker_client_side_worker_0 - INFO - Worker client_side_worker_0 received task notification
2026-01-03 19:52:10 - ScannerWorker_client_side_worker_0 - INFO - Worker client_side_worker_0 received task notification
2026-01-03 19:52:10 - ScannerWorker_client_side_worker_0 - INFO - Worker client_side_worker_0 received task notification
2026-01-03 19:52:10 - ScannerWorker_client_side_worker_0 - INFO - Worker client_side_worker_0 received task notification
2026-01-03 19:52:10 - ScannerWorker_client_side_worker_0 - INFO - Worker client_side_worker_0 received task notification
2026-01-03 19:52:10 - ScannerWorker_client_side_worker_0 - INFO - Worker client_side_worker_0 received task notification
2026-01-03 19:52:10 - ScannerWorker_client_side_worker_0 - INFO - Worker client_side_worker_0 received task notification
2026-01-03 19:52:10 - ScannerWorker_client_side_worker_0 - INFO - Worker client_side_worker_0 received task notification
2026-01-03 19:52:10 - ScannerWorker_client_side_worker_0 - INFO - Worker client_side_worker_0 received task notification
2026-01-03 19:52:10 - ScannerWorker_client_side_worker_0 - INFO - Worker client_side_worker_0 received task notification
2026-01-03 19:52:10 - ScannerWorker_client_side_worker_0 - INFO - Worker client_side_worker_0 received task notification
2026-01-03 19:52:10 - ScannerWorker_client_side_worker_0 - INFO - Worker client_side_worker_0 received task notification
2026-01-03 19:52:10 - ScannerWorker_client_side_worker_0 - INFO - Worker client_side_worker_0 received task notification
2026-01-03 19:52:10 - ScannerWorker_client_side_worker_0 - INFO - Worker client_side_worker_0 received task notification
2026-01-03 19:52:10 - ScannerWorker_client_side_worker_0 - INFO - Worker client_side_worker_0 received task notification
2026-01-03 19:52:10 - ScannerWorker_client_side_worker_0 - INFO - Worker client_side_worker_0 received task notification
2026-01-03 19:52:10 - ScannerWorker_client_side_worker_0 - INFO - Worker client_side_worker_0 received task notification
2026-01-03 19:52:10 - ScannerWorker_client_side_worker_0 - INFO - Worker client_side_worker_0 received task notification
2026-01-03 19:52:10 - ScannerWorker_client_side_worker_0 - INFO - Worker client_side_worker_0 received task notification
2026-01-03 19:52:10 - ScannerWorker_client_side_worker_0 - INFO - Worker client_side_worker_0 received task notification
2026-01-03 19:52:10 - ScannerWorker_client_side_worker_0 - INFO - Worker client_side_worker_0 received task notification
2026-01-03 19:52:10 - ScannerWorker_client_side_worker_0 - INFO - Worker client_side_worker_0 received task notification
2026-01-03 19:52:10 - ScannerWorker_client_side_worker_0 - INFO - Worker client_side_worker_0 received task notification
2026-01-03 19:52:10 - ScannerWorker_client_side_worker_0 - INFO - Worker client_side_worker_0 received task notification
2026-01-03 19:52:10 - ScannerWorker_client_side_worker_0 - INFO - Worker client_side_worker_0 received task notification
2026-01-03 19:52:10 - ScannerWorker_client_side_worker_0 - INFO - Worker client_side_worker_0 received task notification
2026-01-03 19:52:10 - ScannerWorker_client_side_worker_0 - INFO - Worker client_side_worker_0 received task notification
2026-01-03 19:52:10 - ScannerWorker_client_side_worker_0 - INFO - Worker client_side_worker_0 received task notification
2026-01-03 19:52:10 - ScannerWorker_client_side_worker_0 - INFO - Worker client_side_worker_0 received task notification
2026-01-03 19:52:10 - ScannerWorker_client_side_worker_0 - INFO - Worker client_side_worker_0 received task notification
2026-01-03 19:52:10 - ScannerWorker_client_side_worker_0 - INFO - Worker client_side_worker_0 received task notification
2026-01-03 19:52:10 - ScannerWorker_client_side_worker_0 - INFO - Worker client_side_worker_0 received task notification
2026-01-03 19:52:10 - ScannerWorker_client_side_worker_0 - INFO - Worker client_side_worker_0 received task notification
2026-01-03 19:52:10 - ScannerWorker_client_side_worker_0 - INFO - Worker client_side_worker_0 received task notification
2026-01-03 19:52:10 - ScannerWorker_client_side_worker_0 - INFO - Worker client_side_worker_0 received task notification
2026-01-03 19:52:10 - ScannerWorker_client_side_worker_0 - INFO - Worker client_side_worker_0 received task notification
2026-01-03 19:52:10 - ScannerWorker_client_side_worker_0 - INFO - Worker client_side_worker_0 received task notification
2026-01-03 19:52:10 - ScannerWorker_client_side_worker_0 - INFO - Worker client_side_worker_0 received task notification
2026-01-03 19:52:10 - ScannerWorker_client_side_worker_0 - INFO - Worker client_side_worker_0 received task notification
2026-01-03 19:52:10 - ScannerWorker_client_side_worker_0 - INFO - Worker client_side_worker_0 received task notification
2026-01-03 19:52:10 - ScannerWorker_client_side_worker_0 - INFO - Worker client_side_worker_0 received task notification
2026-01-03 19:52:10 - ScannerWorker_client_side_worker_0 - INFO - Worker client_side_worker_0 received task notification
2026-01-03 19:52:10 - ScannerWorker_client_side_worker_0 - INFO - Worker client_side_worker_0 received task notification
2026-01-03 19:52:10 - ScannerWorker_client_side_worker_0 - INFO - Worker client_side_worker_0 received task notification
2026-01-03 19:52:10 - ScannerWorker_client_side_worker_0 - INFO - Worker client_side_worker_0 received task notification
2026-01-03 19:52:10 - ScannerWorker_client_side_worker_0 - INFO - Worker client_side_worker_0 received task notification
2026-01-03 19:52:10 - ScannerWorker_client_side_worker_0 - INFO - Worker client_side_worker_0 received task notification
2026-01-03 19:52:10 - ScannerWorker_client_side_worker_0 - INFO - Worker client_side_worker_0 received task notification
2026-01-03 19:52:10 - ScannerWorker_client_side_worker_0 - INFO - Worker client_side_worker_0 received task notification
2026-01-03 19:52:10 - ScannerWorker_client_side_worker_0 - INFO - Worker client_side_worker_0 received task notification
2026-01-03 19:52:10 - ScannerWorker_client_side_worker_0 - INFO - Worker client_side_worker_0 received task notification
2026-01-03 19:52:10 - ScannerWorker_client_side_worker_0 - INFO - Worker client_side_worker_0 received task notification
2026-01-03 19:52:10 - ScannerWorker_client_side_worker_0 - INFO - Worker client_side_worker_0 received task notification
2026-01-03 19:52:10 - ScannerWorker_client_side_worker_0 - INFO - Worker client_side_worker_0 received task notification
2026-01-03 19:52:10 - ScannerWorker_client_side_worker_0 - INFO - Worker client_side_worker_0 received task notification
2026-01-03 19:52:10 - ScannerWorker_client_side_worker_0 - INFO - Worker client_side_worker_0 received task notification
2026-01-03 19:52:10 - ScannerWorker_client_side_worker_0 - INFO - Worker client_side_worker_0 received task notification
2026-01-03 19:52:10 - ScannerWorker_client_side_worker_0 - INFO - Worker client_side_worker_0 received task notification
2026-01-03 19:52:10 - ScannerWorker_client_side_worker_0 - INFO - Worker client_side_worker_0 received task notification
2026-01-03 19:52:10 - ScannerWorker_client_side_worker_0 - INFO - Worker client_side_worker_0 received task notification
2026-01-03 19:52:10 - ScannerWorker_client_side_worker_0 - INFO - Worker client_side_worker_0 received task notification
2026-01-03 19:52:10 - ScannerWorker_client_side_worker_0 - INFO - Worker client_side_worker_0 received task notification
2026-01-03 19:52:10 - ScannerWorker_client_side_worker_0 - INFO - Worker client_side_worker_0 received task notification
2026-01-03 19:52:10 - ScannerWorker_client_side_worker_0 - INFO - Worker client_side_worker_0 received task notification
2026-01-03 19:52:10 - ScannerWorker_client_side_worker_0 - INFO - Worker client_side_worker_0 received task notification
2026-01-03 19:52:10 - ScannerWorker_client_side_worker_0 - INFO - Worker client_side_worker_0 received task notification
2026-01-03 19:52:10 - ScannerWorker_client_side_worker_0 - INFO - Worker client_side_worker_0 received task notification
2026-01-03 19:52:10 - ScannerWorker_client_side_worker_0 - INFO - Worker client_side_worker_0 received task notification
2026-01-03 19:52:10 - ScannerWorker_client_side_worker_0 - INFO - Worker client_side_worker_0 received task notification
2026-01-03 19:52:10 - ScannerWorker_client_side_worker_0 - INFO - Worker client_side_worker_0 received task notification
2026-01-03 19:52:10 - ScannerWorker_client_side_worker_0 - INFO - Worker client_side_worker_0 received task notification
2026-01-03 19:52:10 - ScannerWorker_client_side_worker_0 - INFO - Worker client_side_worker_0 received task notification
2026-01-03 19:52:10 - ScannerWorker_client_side_worker_0 - INFO - Worker client_side_worker_0 received task notification
2026-01-03 19:52:10 - ScannerWorker_client_side_worker_0 - INFO - Worker client_side_worker_0 received task notification
2026-01-03 19:52:10 - ScannerWorker_client_side_worker_0 - INFO - Worker client_side_worker_0 received task notification
2026-01-03 19:52:10 - ScannerWorker_client_side_worker_0 - INFO - Worker client_side_worker_0 received task notification
2026-01-03 19:52:10 - ScannerWorker_client_side_worker_0 - INFO - Worker client_side_worker_0 received task notification
2026-01-03 19:52:10 - ScannerWorker_client_side_worker_0 - INFO - Worker client_side_worker_0 received task notification
2026-01-03 19:52:10 - ScannerWorker_client_side_worker_0 - INFO - Worker client_side_worker_0 received task notification
2026-01-03 19:52:10 - ScannerWorker_client_side_worker_0 - INFO - Worker client_side_worker_0 received task notification
2026-01-03 19:52:10 - ScannerWorker_client_side_worker_0 - INFO - Worker client_side_worker_0 received task notification
2026-01-03 19:52:10 - ScannerWorker_client_side_worker_0 - INFO - Worker client_side_worker_0 received task notification
2026-01-03 19:52:10 - ScannerWorker_client_side_worker_0 - INFO - Worker client_side_worker_0 received task notification
2026-01-03 19:52:10 - ScannerWorker_client_side_worker_0 - INFO - Worker client_side_worker_0 received task notification
2026-01-03 19:52:10 - ScannerWorker_client_side_worker_0 - INFO - Worker client_side_worker_0 received task notification
2026-01-03 19:52:10 - ScannerWorker_client_side_worker_0 - INFO - Worker client_side_worker_0 received task notification
2026-01-03 19:52:10 - ScannerWorker_client_side_worker_0 - INFO - Worker client_side_worker_0 received task notification
2026-01-03 19:52:10 - ScannerWorker_client_side_worker_0 - INFO - Worker client_side_worker_0 received task notification
2026-01-03 19:52:10 - ScannerWorker_client_side_worker_0 - INFO - Worker client_side_worker_0 received task notification
2026-01-03 19:52:10 - ScannerWorker_client_side_worker_0 - INFO - Worker client_side_worker_0 received task notification
2026-01-03 19:52:10 - ScannerWorker_client_side_worker_0 - INFO - Worker client_side_worker_0 received task notification
2026-01-03 19:52:10 - ScannerWorker_client_side_worker_0 - INFO - Worker client_side_worker_0 received task notification
2026-01-03 19:52:10 - ScannerWorker_client_side_worker_0 - INFO - Worker client_side_worker_0 received task notification
2026-01-03 19:52:10 - ScannerWorker_client_side_worker_0 - INFO - Worker client_side_worker_0 received task notification
2026-01-03 19:52:10 - ScannerWorker_client_side_worker_0 - INFO - Worker client_side_worker_0 received task notification
2026-01-03 19:52:10 - ScannerWorker_client_side_worker_0 - INFO - Worker client_side_worker_0 received task notification
2026-01-03 19:52:10 - ScannerWorker_client_side_worker_0 - INFO - Worker client_side_worker_0 received task notification
2026-01-03 19:52:10 - ScannerWorker_client_side_worker_0 - INFO - Worker client_side_worker_0 received task notification
2026-01-03 19:52:10 - ScannerWorker_client_side_worker_0 - INFO - Worker client_side_worker_0 received task notification
2026-01-03 19:52:10 - ScannerWorker_client_side_worker_0 - INFO - Worker client_side_worker_0 received task notification
2026-01-03 19:52:10 - ScannerWorker_client_side_worker_0 - INFO - Worker client_side_worker_0 received task notification
2026-01-03 19:52:10 - ScannerWorker_client_side_worker_0 - INFO - Worker client_side_worker_0 received task notification
2026-01-03 19:52:10 - ScannerWorker_client_side_worker_0 - INFO - Worker client_side_worker_0 received task notification
2026-01-03 19:52:10 - ScannerWorker_client_side_worker_0 - INFO - Worker client_side_worker_0 received task notification
2026-01-03 19:52:10 - ScannerWorker_client_side_worker_0 - INFO - Worker client_side_worker_0 received task notification
2026-01-03 19:52:10 - ScannerWorker_client_side_worker_0 - INFO - Worker client_side_worker_0 received task notification
2026-01-03 19:52:10 - ScannerWorker_client_side_worker_0 - INFO - Worker client_side_worker_0 received task notification
2026-01-03 19:52:10 - ScannerWorker_client_side_worker_0 - INFO - Worker client_side_worker_0 received task notification
2026-01-03 19:52:10 - ScannerWorker_client_side_worker_0 - INFO - Worker client_side_worker_0 received task notification
2026-01-03 19:52:10 - ScannerWorker_client_side_worker_0 - INFO - Worker client_side_worker_0 received task notification
2026-01-03 19:52:10 - ScannerWorker_client_side_worker_0 - INFO - Worker client_side_worker_0 received task notification
2026-01-03 19:52:10 - ScannerWorker_client_side_worker_0 - INFO - Worker client_side_worker_0 received task notification
2026-01-03 19:52:10 - ScannerWorker_client_side_worker_0 - INFO - Worker client_side_worker_0 received task notification
2026-01-03 19:52:10 - ScannerWorker_client_side_worker_0 - INFO - Worker client_side_worker_0 received task notification
2026-01-03 19:52:10 - ScannerWorker_client_side_worker_0 - INFO - Worker client_side_worker_0 received task notification
2026-01-03 19:52:10 - ScannerWorker_client_side_worker_0 - INFO - Worker client_side_worker_0 received task notification
2026-01-03 19:52:10 - ScannerWorker_client_side_worker_0 - INFO - Worker client_side_worker_0 received task notification
2026-01-03 19:52:10 - ScannerWorker_client_side_worker_0 - INFO - Worker client_side_worker_0 received task notification
2026-01-03 19:52:10 - ScannerWorker_client_side_worker_0 - INFO - Worker client_side_worker_0 received task notification
2026-01-03 19:52:10 - ScannerWorker_client_side_worker_0 - INFO - Worker client_side_worker_0 received task notification
2026-01-03 19:52:10 - ScannerWorker_client_side_worker_0 - INFO - Worker client_side_worker_0 received task notification
2026-01-03 19:52:10 - ScannerWorker_client_side_worker_0 - INFO - Worker client_side_worker_0 received task notification
2026-01-03 19:52:10 - ScannerWorker_client_side_worker_0 - INFO - Worker client_side_worker_0 received task notification
2026-01-03 19:52:10 - ScannerWorker_client_side_worker_0 - INFO - Worker client_side_worker_0 received task notification
2026-01-03 19:52:10 - ScannerWorker_client_side_worker_0 - INFO - Worker client_side_worker_0 received task notification
2026-01-03 19:52:10 - ScannerWorker_client_side_worker_0 - INFO - Worker client_side_worker_0 received task notification
2026-01-03 19:52:10 - ScannerWorker_client_side_worker_0 - INFO - Worker client_side_worker_0 received task notification
2026-01-03 19:52:10 - ScannerWorker_client_side_worker_0 - INFO - Worker client_side_worker_0 received task notification
2026-01-03 19:52:10 - ScannerWorker_client_side_worker_0 - INFO - Worker client_side_worker_0 received task notification
2026-01-03 19:52:10 - ScannerWorker_client_side_worker_0 - INFO - Worker client_side_worker_0 received task notification
2026-01-03 19:52:10 - ScannerWorker_client_side_worker_0 - INFO - Worker client_side_worker_0 received task notification
2026-01-03 19:52:10 - ScannerWorker_client_side_worker_0 - INFO - Worker client_side_worker_0 received task notification
2026-01-03 19:52:10 - ScannerWorker_client_side_worker_0 - INFO - Worker client_side_worker_0 received task notification
2026-01-03 19:52:10 - ScannerWorker_client_side_worker_0 - INFO - Worker client_side_worker_0 received task notification
2026-01-03 19:52:10 - ScannerWorker_client_side_worker_0 - INFO - Worker client_side_worker_0 received task notification
2026-01-03 19:52:10 - ScannerWorker_client_side_worker_0 - INFO - Worker client_side_worker_0 received task notification
2026-01-03 19:52:10 - ScannerWorker_client_side_worker_0 - INFO - Worker client_side_worker_0 received task notification
2026-01-03 19:52:10 - ScannerWorker_client_side_worker_0 - INFO - Worker client_side_worker_0 received task notification
2026-01-03 19:52:10 - ScannerWorker_client_side_worker_0 - INFO - Worker client_side_worker_0 received task notification
2026-01-03 19:52:10 - ScannerWorker_client_side_worker_0 - INFO - Worker client_side_worker_0 received task notification
2026-01-03 19:52:10 - ScannerWorker_client_side_worker_0 - INFO - Worker client_side_worker_0 received task notification
2026-01-03 19:52:10 - ScannerWorker_client_side_worker_0 - INFO - Worker client_side_worker_0 received task notification
2026-01-03 19:52:10 - ScannerWorker_client_side_worker_0 - INFO - Worker client_side_worker_0 received task notification
2026-01-03 19:52:10 - ScannerWorker_client_side_worker_0 - INFO - Worker client_side_worker_0 received task notification
2026-01-03 19:52:10 - ScannerWorker_client_side_worker_0 - INFO - Worker client_side_worker_0 received task notification
2026-01-03 19:52:10 - ScannerWorker_client_side_worker_0 - INFO - Worker client_side_worker_0 received task notification
2026-01-03 19:52:10 - ScannerWorker_client_side_worker_0 - INFO - Worker client_side_worker_0 received task notification
2026-01-03 19:52:10 - ScannerWorker_client_side_worker_0 - INFO - Worker client_side_worker_0 received task notification
2026-01-03 19:52:10 - ScannerWorker_client_side_worker_0 - INFO - Worker client_side_worker_0 received task notification
2026-01-03 19:52:10 - ScannerWorker_client_side_worker_0 - INFO - Worker client_side_worker_0 received task notification
2026-01-03 19:52:10 - ScannerWorker_client_side_worker_0 - INFO - Worker client_side_worker_0 received task notification
2026-01-03 19:52:10 - ScannerWorker_client_side_worker_0 - INFO - Worker client_side_worker_0 received task notification
2026-01-03 19:52:10 - ScannerWorker_client_side_worker_0 - INFO - Worker client_side_worker_0 received task notification
2026-01-03 19:52:10 - ScannerWorker_client_side_worker_0 - INFO - Worker client_side_worker_0 received task notification
2026-01-03 19:52:10 - ScannerWorker_client_side_worker_0 - INFO - Worker client_side_worker_0 received task notification
2026-01-03 19:52:10 - ScannerWorker_client_side_worker_0 - INFO - Worker client_side_worker_0 received task notification
2026-01-03 19:52:10 - ScannerWorker_client_side_worker_0 - INFO - Worker client_side_worker_0 received task notification
2026-01-03 19:52:10 - ScannerWorker_client_side_worker_0 - INFO - Worker client_side_worker_0 received task notification
2026-01-03 19:52:10 - ScannerWorker_client_side_worker_0 - INFO - Worker client_side_worker_0 received task notification
2026-01-03 19:52:10 - ScannerWorker_client_side_worker_0 - INFO - Worker client_side_worker_0 received task notification
2026-01-03 19:52:10 - ScannerWorker_client_side_worker_0 - INFO - Worker client_side_worker_0 received task notification
2026-01-03 19:52:10 - ScannerWorker_client_side_worker_0 - INFO - Worker client_side_worker_0 received task notification
2026-01-03 19:52:10 - ScannerWorker_client_side_worker_0 - INFO - Worker client_side_worker_0 received task notification
2026-01-03 19:52:10 - ScannerWorker_client_side_worker_0 - INFO - Worker client_side_worker_0 received task notification
2026-01-03 19:52:10 - ScannerWorker_client_side_worker_0 - INFO - Worker client_side_worker_0 received task notification
2026-01-03 19:52:10 - ScannerWorker_client_side_worker_0 - INFO - Worker client_side_worker_0 received task notification
2026-01-03 19:52:10 - ScannerWorker_client_side_worker_0 - INFO - Worker client_side_worker_0 received task notification
2026-01-03 19:52:10 - ScannerWorker_client_side_worker_0 - INFO - Worker client_side_worker_0 received task notification
2026-01-03 19:52:10 - ScannerWorker_client_side_worker_0 - INFO - Worker client_side_worker_0 received task notification
2026-01-03 19:52:10 - ScannerWorker_client_side_worker_0 - INFO - Worker client_side_worker_0 received task notification
2026-01-03 19:52:10 - ScannerWorker_client_side_worker_0 - INFO - Worker client_side_worker_0 received task notification
2026-01-03 19:52:10 - ScannerWorker_client_side_worker_0 - INFO - Worker client_side_worker_0 received task notification
2026-01-03 19:52:10 - ScannerWorker_client_side_worker_0 - INFO - Worker client_side_worker_0 received task notification
2026-01-03 19:52:10 - ScannerWorker_client_side_worker_0 - INFO - Worker client_side_worker_0 received task notification
2026-01-03 19:52:10 - ScannerWorker_client_side_worker_0 - INFO - Worker client_side_worker_0 received task notification
2026-01-03 19:52:10 - ScannerWorker_client_side_worker_0 - INFO - Worker client_side_worker_0 received task notification
2026-01-03 19:52:10 - ScannerWorker_client_side_worker_0 - INFO - Worker client_side_worker_0 received task notification
2026-01-03 19:52:10 - ScannerWorker_client_side_worker_0 - INFO - Worker client_side_worker_0 received task notification
2026-01-03 19:52:10 - ScannerWorker_client_side_worker_0 - INFO - Worker client_side_worker_0 received task notification
2026-01-03 19:52:10 - ScannerWorker_client_side_worker_0 - INFO - Worker client_side_worker_0 received task notification
2026-01-03 19:52:10 - ScannerWorker_client_side_worker_0 - INFO - Worker client_side_worker_0 received task notification
2026-01-03 19:52:10 - ScannerWorker_client_side_worker_0 - INFO - Worker client_side_worker_0 received task notification
2026-01-03 19:52:10 - ScannerWorker_client_side_worker_0 - INFO - Worker client_side_worker_0 received task notification
2026-01-03 19:52:10 - ScannerWorker_client_side_worker_0 - INFO - Worker client_side_worker_0 received task notification
2026-01-03 19:52:10 - ScannerWorker_client_side_worker_0 - INFO - Worker client_side_worker_0 received task notification
2026-01-03 19:52:10 - ScannerWorker_client_side_worker_0 - INFO - Worker client_side_worker_0 received task notification
2026-01-03 19:52:10 - ScannerWorker_client_side_worker_0 - INFO - Worker client_side_worker_0 received task notification
2026-01-03 19:52:10 - ScannerWorker_client_side_worker_0 - INFO - Worker client_side_worker_0 received task notification
2026-01-03 19:52:10 - ScannerWorker_client_side_worker_0 - INFO - Worker client_side_worker_0 received task notification
2026-01-03 19:52:10 - ScannerWorker_client_side_worker_0 - INFO - Worker client_side_worker_0 received task notification
2026-01-03 19:52:10 - ScannerWorker_client_side_worker_0 - INFO - Worker client_side_worker_0 received task notification
2026-01-03 19:52:10 - ScannerWorker_client_side_worker_0 - INFO - Worker client_side_worker_0 received task notification
2026-01-03 19:52:10 - ScannerWorker_client_side_worker_0 - INFO - Worker client_side_worker_0 received task notification
2026-01-03 19:52:10 - ScannerWorker_client_side_worker_0 - INFO - Worker client_side_worker_0 received task notification
2026-01-03 19:52:10 - ScannerWorker_client_side_worker_0 - INFO - Worker client_side_worker_0 received task notification
2026-01-03 19:52:10 - ScannerWorker_client_side_worker_0 - INFO - Worker client_side_worker_0 received task notification
2026-01-03 19:52:10 - ScannerWorker_client_side_worker_0 - INFO - Worker client_side_worker_0 received task notification
2026-01-03 19:52:10 - ScannerWorker_client_side_worker_0 - INFO - Worker client_side_worker_0 received task notification
2026-01-03 19:52:10 - ScannerWorker_client_side_worker_0 - INFO - Worker client_side_worker_0 received task notification
2026-01-03 19:52:10 - ScannerWorker_client_side_worker_0 - INFO - Worker client_side_worker_0 received task notification
2026-01-03 19:52:10 - ScannerWorker_client_side_worker_0 - INFO - Worker client_side_worker_0 received task notification
2026-01-03 19:52:10 - ScannerWorker_client_side_worker_0 - INFO - Worker client_side_worker_0 received task notification
2026-01-03 19:52:10 - ScannerWorker_client_side_worker_0 - INFO - Worker client_side_worker_0 received task notification
2026-01-03 19:52:10 - ScannerWorker_client_side_worker_0 - INFO - Worker client_side_worker_0 received task notification
2026-01-03 19:52:10 - ScannerWorker_client_side_worker_0 - INFO - Worker client_side_worker_0 received task notification
2026-01-03 19:52:10 - ScannerWorker_client_side_worker_0 - INFO - Worker client_side_worker_0 received task notification
2026-01-03 19:52:10 - ScannerWorker_client_side_worker_0 - INFO - Worker client_side_worker_0 received task notification
2026-01-03 19:52:10 - ScannerWorker_client_side_worker_0 - INFO - Worker client_side_worker_0 received task notification
2026-01-03 19:52:10 - ScannerWorker_client_side_worker_0 - INFO - Worker client_side_worker_0 received task notification
2026-01-03 19:52:10 - ScannerWorker_client_side_worker_0 - INFO - Worker client_side_worker_0 received task notification
2026-01-03 19:52:10 - ScannerWorker_client_side_worker_0 - INFO - Worker client_side_worker_0 received task notification
2026-01-03 19:52:10 - ScannerWorker_client_side_worker_0 - INFO - Worker client_side_worker_0 received task notification
2026-01-03 19:52:10 - ScannerWorker_client_side_worker_0 - INFO - Worker client_side_worker_0 received task notification
2026-01-03 19:52:10 - ScannerWorker_client_side_worker_0 - INFO - Worker client_side_worker_0 received task notification
2026-01-03 19:52:10 - ScannerWorker_client_side_worker_0 - INFO - Worker client_side_worker_0 received task notification
2026-01-03 19:52:10 - ScannerWorker_client_side_worker_0 - INFO - Worker client_side_worker_0 received task notification
2026-01-03 19:52:10 - ScannerWorker_client_side_worker_0 - INFO - Worker client_side_worker_0 received task notification
2026-01-03 19:52:10 - ScannerWorker_client_side_worker_0 - INFO - Worker client_side_worker_0 received task notification
2026-01-03 19:52:10 - ScannerWorker_client_side_worker_0 - INFO - Worker client_side_worker_0 received task notification
2026-01-03 19:52:10 - ScannerWorker_client_side_worker_0 - INFO - Worker client_side_worker_0 received task notification
2026-01-03 19:52:10 - ScannerWorker_client_side_worker_0 - INFO - Worker client_side_worker_0 received task notification
2026-01-03 19:52:10 - ScannerWorker_client_side_worker_0 - INFO - Worker client_side_worker_0 received task notification
2026-01-03 19:52:10 - ScannerWorker_client_side_worker_0 - INFO - Worker client_side_worker_0 received task notification
2026-01-03 19:52:10 - ScannerWorker_client_side_worker_0 - INFO - Worker client_side_worker_0 received task notification
2026-01-03 19:52:10 - ScannerWorker_client_side_worker_0 - INFO - Worker client_side_worker_0 received task notification
2026-01-03 19:52:10 - ScannerWorker_client_side_worker_0 - INFO - Worker client_side_worker_0 received task notification
2026-01-03 19:52:10 - ScannerWorker_client_side_worker_0 - INFO - Worker client_side_worker_0 received task notification
2026-01-03 19:52:10 - ScannerWorker_client_side_worker_0 - INFO - Worker client_side_worker_0 received task notification
2026-01-03 19:52:10 - ScannerWorker_client_side_worker_0 - INFO - Worker client_side_worker_0 received task notification
2026-01-03 19:52:10 - ScannerWorker_client_side_worker_0 - INFO - Worker client_side_worker_0 received task notification
2026-01-03 19:52:10 - ScannerWorker_client_side_worker_0 - INFO - Worker client_side_worker_0 received task notification
2026-01-03 19:52:10 - ScannerWorker_client_side_worker_0 - INFO - Worker client_side_worker_0 received task notification
2026-01-03 19:52:10 - ScannerWorker_client_side_worker_0 - INFO - Worker client_side_worker_0 received task notification
2026-01-03 19:52:10 - ScannerWorker_client_side_worker_0 - INFO - Worker client_side_worker_0 received task notification
2026-01-03 19:52:10 - ScannerWorker_client_side_worker_0 - INFO - Worker client_side_worker_0 received task notification
2026-01-03 19:52:10 - ScannerWorker_client_side_worker_0 - INFO - Worker client_side_worker_0 received task notification
2026-01-03 19:52:10 - ScannerWorker_client_side_worker_0 - INFO - Worker client_side_worker_0 received task notification
2026-01-03 19:52:10 - ScannerWorker_client_side_worker_0 - INFO - Worker client_side_worker_0 received task notification
2026-01-03 19:52:10 - ScannerWorker_client_side_worker_0 - INFO - Worker client_side_worker_0 received task notification
2026-01-03 19:52:10 - ScannerWorker_client_side_worker_0 - INFO - Worker client_side_worker_0 received task notification
2026-01-03 19:52:10 - ScannerWorker_client_side_worker_0 - INFO - Worker client_side_worker_0 received task notification
2026-01-03 19:52:10 - ScannerWorker_client_side_worker_0 - INFO - Worker client_side_worker_0 received task notification
2026-01-03 19:52:10 - ScannerWorker_client_side_worker_0 - INFO - Worker client_side_worker_0 received task notification
2026-01-03 19:52:10 - ScannerWorker_client_side_worker_0 - INFO - Worker client_side_worker_0 received task notification
2026-01-03 19:52:10 - ScannerWorker_client_side_worker_0 - INFO - Worker client_side_worker_0 received task notification
2026-01-03 19:52:11 - ScannerWorker_client_side_worker_0 - INFO - Worker client_side_worker_0 received task notification
2026-01-03 19:52:11 - ScannerWorker_client_side_worker_0 - INFO - Worker client_side_worker_0 received task notification
2026-01-03 19:52:11 - ScannerWorker_client_side_worker_0 - INFO - Worker client_side_worker_0 received task notification
2026-01-03 19:52:11 - ScannerWorker_client_side_worker_0 - INFO - Worker client_side_worker_0 received task notification
2026-01-03 19:52:11 - ScannerWorker_client_side_worker_0 - INFO - Worker client_side_worker_0 received task notification
2026-01-03 19:52:11 - ScannerWorker_client_side_worker_0 - INFO - Worker client_side_worker_0 received task notification
2026-01-03 19:52:11 - ScannerWorker_client_side_worker_0 - INFO - Worker client_side_worker_0 received task notification
2026-01-03 19:52:11 - ScannerWorker_client_side_worker_0 - INFO - Worker client_side_worker_0 received task notification
2026-01-03 19:52:11 - ScannerWorker_client_side_worker_0 - INFO - Worker client_side_worker_0 received task notification
2026-01-03 19:52:11 - ScannerWorker_client_side_worker_0 - INFO - Worker client_side_worker_0 received task notification
2026-01-03 19:52:11 - ScannerWorker_client_side_worker_0 - INFO - Worker client_side_worker_0 received task notification
2026-01-03 19:52:11 - ScannerWorker_client_side_worker_0 - INFO - Worker client_side_worker_0 received task notification
2026-01-03 19:52:11 - ScannerWorker_client_side_worker_0 - INFO - Worker client_side_worker_0 received task notification
2026-01-03 19:52:11 - ScannerWorker_client_side_worker_0 - INFO - Worker client_side_worker_0 received task notification
2026-01-03 19:52:11 - ScannerWorker_client_side_worker_0 - INFO - Worker client_side_worker_0 received task notification
2026-01-03 19:52:11 - ScannerWorker_client_side_worker_0 - INFO - Worker client_side_worker_0 received task notification
2026-01-03 19:52:11 - ScannerWorker_client_side_worker_0 - INFO - Worker client_side_worker_0 received task notification
2026-01-03 19:52:11 - ScannerWorker_client_side_worker_0 - INFO - Worker client_side_worker_0 received task notification
2026-01-03 19:52:11 - ScannerWorker_client_side_worker_0 - INFO - Worker client_side_worker_0 received task notification
2026-01-03 19:52:11 - ScannerWorker_client_side_worker_0 - INFO - Worker client_side_worker_0 received task notification
2026-01-03 19:52:11 - ScannerWorker_client_side_worker_0 - INFO - Worker client_side_worker_0 received task notification
2026-01-03 19:52:11 - ScannerWorker_client_side_worker_0 - INFO - Worker client_side_worker_0 received task notification
2026-01-03 19:52:11 - ScannerWorker_client_side_worker_0 - INFO - Worker client_side_worker_0 received task notification
2026-01-03 19:52:11 - ScannerWorker_client_side_worker_0 - INFO - Worker client_side_worker_0 received task notification
2026-01-03 19:52:11 - ScannerWorker_client_side_worker_0 - INFO - Worker client_side_worker_0 received task notification
2026-01-03 19:52:11 - ScannerWorker_client_side_worker_0 - INFO - Worker client_side_worker_0 received task notification
2026-01-03 19:52:11 - ScannerWorker_client_side_worker_0 - INFO - Worker client_side_worker_0 received task notification
2026-01-03 19:52:11 - ScannerWorker_client_side_worker_0 - INFO - Worker client_side_worker_0 received task notification
2026-01-03 19:52:11 - ScannerWorker_client_side_worker_0 - INFO - Worker client_side_worker_0 received task notification
2026-01-03 19:52:11 - ScannerWorker_client_side_worker_0 - INFO - Worker client_side_worker_0 received task notification
2026-01-03 19:52:11 - ScannerWorker_client_side_worker_0 - INFO - Worker client_side_worker_0 received task notification
2026-01-03 19:52:11 - ScannerWorker_client_side_worker_0 - INFO - Worker client_side_worker_0 received task notification
2026-01-03 19:52:11 - ScannerWorker_client_side_worker_0 - INFO - Worker client_side_worker_0 received task notification
2026-01-03 19:52:11 - ScannerWorker_client_side_worker_0 - INFO - Worker client_side_worker_0 received task notification
2026-01-03 19:52:11 - ScannerWorker_client_side_worker_0 - INFO - Worker client_side_worker_0 received task notification
2026-01-03 19:52:11 - ScannerWorker_client_side_worker_0 - INFO - Worker client_side_worker_0 received task notification
2026-01-03 19:52:11 - ScannerWorker_client_side_worker_0 - INFO - Worker client_side_worker_0 received task notification
2026-01-03 19:52:11 - ScannerWorker_client_side_worker_0 - INFO - Worker client_side_worker_0 received task notification
2026-01-03 19:52:11 - ScannerWorker_client_side_worker_0 - INFO - Worker client_side_worker_0 received task notification
2026-01-03 19:52:11 - ScannerWorker_client_side_worker_0 - INFO - Worker client_side_worker_0 received task notification
2026-01-03 19:52:11 - ScannerWorker_client_side_worker_0 - INFO - Worker client_side_worker_0 received task notification
2026-01-03 19:52:11 - ScannerWorker_client_side_worker_0 - INFO - Worker client_side_worker_0 received task notification
2026-01-03 19:52:11 - ScannerWorker_client_side_worker_0 - INFO - Worker client_side_worker_0 received task notification
2026-01-03 19:52:11 - ScannerWorker_client_side_worker_0 - INFO - Worker client_side_worker_0 received task notification
2026-01-03 19:52:11 - ScannerWorker_client_side_worker_0 - INFO - Worker client_side_worker_0 received task notification
2026-01-03 19:52:11 - ScannerWorker_client_side_worker_0 - INFO - Worker client_side_worker_0 received task notification
2026-01-03 19:52:11 - ScannerWorker_client_side_worker_0 - INFO - Worker client_side_worker_0 received task notification
2026-01-03 19:52:11 - ScannerWorker_client_side_worker_0 - INFO - Worker client_side_worker_0 received task notification
2026-01-03 19:52:11 - ScannerWorker_client_side_worker_0 - INFO - Worker client_side_worker_0 received task notification
2026-01-03 19:52:11 - ScannerWorker_client_side_worker_0 - INFO - Worker client_side_worker_0 received task notification
2026-01-03 19:52:11 - ScannerWorker_client_side_worker_0 - INFO - Worker client_side_worker_0 received task notification
2026-01-03 19:52:11 - ScannerWorker_client_side_worker_0 - INFO - Worker client_side_worker_0 received task notification
2026-01-03 19:52:11 - ScannerWorker_client_side_worker_0 - INFO - Worker client_side_worker_0 received task notification
2026-01-03 19:52:11 - ScannerWorker_client_side_worker_0 - INFO - Worker client_side_worker_0 received task notification
2026-01-03 19:52:11 - ScannerWorker_client_side_worker_0 - INFO - Worker client_side_worker_0 received task notification
2026-01-03 19:52:11 - ScannerWorker_client_side_worker_0 - INFO - Worker client_side_worker_0 received task notification
2026-01-03 19:52:11 - ScannerWorker_client_side_worker_0 - INFO - Worker client_side_worker_0 received task notification
2026-01-03 19:52:11 - ScannerWorker_client_side_worker_0 - INFO - Worker client_side_worker_0 received task notification
2026-01-03 19:52:11 - ScannerWorker_client_side_worker_0 - INFO - Worker client_side_worker_0 received task notification
2026-01-03 19:52:11 - ScannerWorker_client_side_worker_0 - INFO - Worker client_side_worker_0 received task notification
2026-01-03 19:52:11 - ScannerWorker_client_side_worker_0 - INFO - Worker client_side_worker_0 received task notification
2026-01-03 19:52:11 - ScannerWorker_client_side_worker_0 - INFO - Worker client_side_worker_0 received task notification
2026-01-03 19:52:11 - ScannerWorker_client_side_worker_0 - INFO - Worker client_side_worker_0 received task notification
2026-01-03 19:52:11 - ScannerWorker_client_side_worker_0 - INFO - Worker client_side_worker_0 received task notification
2026-01-03 19:52:11 - ScannerWorker_client_side_worker_0 - INFO - Worker client_side_worker_0 received task notification
2026-01-03 19:52:11 - ScannerWorker_client_side_worker_0 - INFO - Worker client_side_worker_0 received task notification
2026-01-03 19:52:11 - ScannerWorker_client_side_worker_0 - INFO - Worker client_side_worker_0 received task notification
2026-01-03 19:52:11 - ScannerWorker_client_side_worker_0 - INFO - Worker client_side_worker_0 received task notification
2026-01-03 19:52:11 - ScannerWorker_client_side_worker_0 - INFO - Worker client_side_worker_0 received task notification
2026-01-03 19:52:11 - ScannerWorker_client_side_worker_0 - INFO - Worker client_side_worker_0 received task notification
2026-01-03 19:52:11 - ScannerWorker_client_side_worker_0 - INFO - Worker client_side_worker_0 received task notification
2026-01-03 19:52:11 - ScannerWorker_client_side_worker_0 - INFO - Worker client_side_worker_0 received task notification
2026-01-03 19:52:11 - ScannerWorker_client_side_worker_0 - INFO - Worker client_side_worker_0 received task notification
2026-01-03 19:52:11 - ScannerWorker_client_side_worker_0 - INFO - Worker client_side_worker_0 received task notification
2026-01-03 19:52:11 - ScannerWorker_client_side_worker_0 - INFO - Worker client_side_worker_0 received task notification
2026-01-03 19:52:11 - ScannerWorker_client_side_worker_0 - INFO - Worker client_side_worker_0 received task notification
2026-01-03 19:52:11 - ScannerWorker_client_side_worker_0 - INFO - Worker client_side_worker_0 received task notification
2026-01-03 19:52:11 - ScannerWorker_client_side_worker_0 - INFO - Worker client_side_worker_0 received task notification
2026-01-03 19:52:11 - ScannerWorker_client_side_worker_0 - INFO - Worker client_side_worker_0 received task notification
2026-01-03 19:52:11 - ScannerWorker_client_side_worker_0 - INFO - Worker client_side_worker_0 received task notification
2026-01-03 19:52:11 - ScannerWorker_client_side_worker_0 - INFO - Worker client_side_worker_0 received task notification
2026-01-03 19:52:11 - ScannerWorker_client_side_worker_0 - INFO - Worker client_side_worker_0 received task notification
2026-01-03 19:52:11 - ScannerWorker_client_side_worker_0 - INFO - Worker client_side_worker_0 received task notification
2026-01-03 19:52:11 - ScannerWorker_client_side_worker_0 - INFO - Worker client_side_worker_0 received task notification
2026-01-03 19:52:11 - ScannerWorker_client_side_worker_0 - INFO - Worker client_side_worker_0 received task notification
2026-01-03 19:52:11 - ScannerWorker_client_side_worker_0 - INFO - Worker client_side_worker_0 received task notification
2026-01-03 19:52:11 - ScannerWorker_client_side_worker_0 - INFO - Worker client_side_worker_0 received task notification
2026-01-03 19:52:11 - ScannerWorker_client_side_worker_0 - INFO - Worker client_side_worker_0 received task notification
2026-01-03 19:52:11 - ScannerWorker_client_side_worker_0 - INFO - Worker client_side_worker_0 received task notification
2026-01-03 19:52:11 - ScannerWorker_client_side_worker_0 - INFO - Worker client_side_worker_0 received task notification
2026-01-03 19:52:11 - ScannerWorker_client_side_worker_0 - INFO - Worker client_side_worker_0 received task notification
2026-01-03 19:52:11 - ScannerWorker_client_side_worker_0 - INFO - Worker client_side_worker_0 received task notification
2026-01-03 19:52:11 - ScannerWorker_client_side_worker_0 - INFO - Worker client_side_worker_0 received task notification
2026-01-03 19:52:11 - ScannerWorker_client_side_worker_0 - INFO - Worker client_side_worker_0 received task notification
2026-01-03 19:52:11 - ScannerWorker_client_side_worker_0 - INFO - Worker client_side_worker_0 received task notification
2026-01-03 19:52:11 - ScannerWorker_client_side_worker_0 - INFO - Worker client_side_worker_0 received task notification
2026-01-03 19:52:11 - ScannerWorker_client_side_worker_0 - INFO - Worker client_side_worker_0 received task notification
2026-01-03 19:52:11 - ScannerWorker_client_side_worker_0 - INFO - Worker client_side_worker_0 received task notification
2026-01-03 19:52:11 - ScannerWorker_client_side_worker_0 - INFO - Worker client_side_worker_0 received task notification
2026-01-03 19:52:11 - ScannerWorker_client_side_worker_0 - INFO - Worker client_side_worker_0 received task notification
2026-01-03 19:52:11 - ScannerWorker_client_side_worker_0 - INFO - Worker client_side_worker_0 received task notification
2026-01-03 19:52:11 - ScannerWorker_client_side_worker_0 - INFO - Worker client_side_worker_0 received task notification
2026-01-03 19:52:11 - ScannerWorker_client_side_worker_0 - INFO - Worker client_side_worker_0 received task notification
2026-01-03 19:52:11 - ScannerWorker_client_side_worker_0 - INFO - Worker client_side_worker_0 received task notification
2026-01-03 19:52:11 - ScannerWorker_client_side_worker_0 - INFO - Worker client_side_worker_0 received task notification
2026-01-03 19:52:11 - ScannerWorker_client_side_worker_0 - INFO - Worker client_side_worker_0 received task notification
2026-01-03 19:52:11 - ScannerWorker_client_side_worker_0 - INFO - Worker client_side_worker_0 received task notification
2026-01-03 19:52:11 - ScannerWorker_client_side_worker_0 - INFO - Worker client_side_worker_0 received task notification
2026-01-03 19:52:11 - ScannerWorker_client_side_worker_0 - INFO - Worker client_side_worker_0 received task notification
2026-01-03 19:52:11 - ScannerWorker_client_side_worker_0 - INFO - Worker client_side_worker_0 received task notification
2026-01-03 19:52:11 - ScannerWorker_client_side_worker_0 - INFO - Worker client_side_worker_0 received task notification
2026-01-03 19:52:11 - ScannerWorker_client_side_worker_0 - INFO - Worker client_side_worker_0 received task notification
2026-01-03 19:52:11 - ScannerWorker_client_side_worker_0 - INFO - Worker client_side_worker_0 received task notification
2026-01-03 19:52:11 - ScannerWorker_client_side_worker_0 - INFO - Worker client_side_worker_0 received task notification
2026-01-03 19:52:11 - ScannerWorker_client_side_worker_0 - INFO - Worker client_side_worker_0 received task notification
2026-01-03 19:52:11 - ScannerWorker_client_side_worker_0 - INFO - Worker client_side_worker_0 received task notification
2026-01-03 19:52:11 - ScannerWorker_client_side_worker_0 - INFO - Worker client_side_worker_0 received task notification
2026-01-03 19:52:11 - ScannerWorker_client_side_worker_0 - INFO - Worker client_side_worker_0 received task notification
2026-01-03 19:52:11 - ScannerWorker_client_side_worker_0 - INFO - Worker client_side_worker_0 received task notification
2026-01-03 19:52:11 - ScannerWorker_client_side_worker_0 - INFO - Worker client_side_worker_0 received task notification
2026-01-03 19:52:11 - ScannerWorker_client_side_worker_0 - INFO - Worker client_side_worker_0 received task notification
2026-01-03 19:52:11 - ScannerWorker_client_side_worker_0 - INFO - Worker client_side_worker_0 received task notification
2026-01-03 19:52:11 - ScannerWorker_client_side_worker_0 - INFO - Worker client_side_worker_0 received task notification
2026-01-03 19:52:11 - ScannerWorker_client_side_worker_0 - INFO - Worker client_side_worker_0 received task notification
2026-01-03 19:52:11 - ScannerWorker_client_side_worker_0 - INFO - Worker client_side_worker_0 received task notification
2026-01-03 19:52:11 - ScannerWorker_client_side_worker_0 - INFO - Worker client_side_worker_0 received task notification
2026-01-03 19:52:11 - ScannerWorker_client_side_worker_0 - INFO - Worker client_side_worker_0 received task notification
2026-01-03 19:52:11 - ScannerWorker_client_side_worker_0 - INFO - Worker client_side_worker_0 received task notification
2026-01-03 19:52:11 - ScannerWorker_client_side_worker_0 - INFO - Worker client_side_worker_0 received task notification
2026-01-03 19:52:11 - ScannerWorker_client_side_worker_0 - INFO - Worker client_side_worker_0 received task notification
2026-01-03 19:52:11 - ScannerWorker_client_side_worker_0 - INFO - Worker client_side_worker_0 received task notification
2026-01-03 19:52:11 - ScannerWorker_client_side_worker_0 - INFO - Worker client_side_worker_0 received task notification
2026-01-03 19:52:11 - ScannerWorker_client_side_worker_0 - INFO - Worker client_side_worker_0 received task notification
2026-01-03 19:52:11 - ScannerWorker_client_side_worker_0 - INFO - Worker client_side_worker_0 received task notification
2026-01-03 19:52:11 - ScannerWorker_client_side_worker_0 - INFO - Worker client_side_worker_0 received task notification
2026-01-03 19:52:11 - ScannerWorker_client_side_worker_0 - INFO - Worker client_side_worker_0 received task notification
2026-01-03 19:52:11 - ScannerWorker_client_side_worker_0 - INFO - Worker client_side_worker_0 received task notification
2026-01-03 19:52:11 - ScannerWorker_client_side_worker_0 - INFO - Worker client_side_worker_0 received task notification
2026-01-03 19:52:11 - ScannerWorker_client_side_worker_0 - INFO - Worker client_side_worker_0 received task notification
2026-01-03 19:52:11 - ScannerWorker_client_side_worker_0 - INFO - Worker client_side_worker_0 received task notification
2026-01-03 19:52:11 - ScannerWorker_client_side_worker_0 - INFO - Worker client_side_worker_0 received task notification
2026-01-03 19:52:11 - ScannerWorker_client_side_worker_0 - INFO - Worker client_side_worker_0 received task notification
2026-01-03 19:52:11 - ScannerWorker_client_side_worker_0 - INFO - Worker client_side_worker_0 received task notification
2026-01-03 19:52:11 - ScannerWorker_client_side_worker_0 - INFO - Worker client_side_worker_0 received task notification
2026-01-03 19:52:11 - ScannerWorker_client_side_worker_0 - INFO - Worker client_side_worker_0 received task notification
2026-01-03 19:52:11 - ScannerWorker_client_side_worker_0 - INFO - Worker client_side_worker_0 received task notification
2026-01-03 19:52:11 - ScannerWorker_client_side_worker_0 - INFO - Worker client_side_worker_0 received task notification
2026-01-03 19:52:11 - ScannerWorker_client_side_worker_0 - INFO - Worker client_side_worker_0 received task notification
2026-01-03 19:52:11 - ScannerWorker_client_side_worker_0 - INFO - Worker client_side_worker_0 received task notification
2026-01-03 19:52:11 - ScannerWorker_client_side_worker_0 - INFO - Worker client_side_worker_0 received task notification
2026-01-03 19:52:11 - ScannerWorker_client_side_worker_0 - INFO - Worker client_side_worker_0 received task notification
2026-01-03 19:52:11 - ScannerWorker_client_side_worker_0 - INFO - Worker client_side_worker_0 received task notification
2026-01-03 19:52:11 - ScannerWorker_client_side_worker_0 - INFO - Worker client_side_worker_0 received task notification
2026-01-03 19:52:11 - ScannerWorker_client_side_worker_0 - INFO - Worker client_side_worker_0 received task notification
2026-01-03 19:52:11 - ScannerWorker_client_side_worker_0 - INFO - Worker client_side_worker_0 received task notification
