2026-01-03 19:46:35 - ScannerWorker_command_injection_worker_0 - INFO - Imported CommandOSInjectionScanner
2026-01-03 19:46:35 - ScannerWorker_command_injection_worker_0 - INFO - Imported HTTPXProbe
2026-01-03 19:46:35 - ScannerWorker_command_injection_worker_0 - INFO - Loaded 2 scanners for category command_injection
2026-01-03 19:46:35 - ScannerWorker_command_injection_worker_0 - INFO - Connected to Redis: redis://localhost:6379/0
2026-01-03 19:46:36 - ScannerWorker_command_injection_worker_0 - INFO - Scanner worker command_injection_worker_0 started for category command_injection
2026-01-03 19:49:46 - ScannerWorker_command_injection_worker_0 - INFO - Worker command_injection_worker_0 received task notification
2026-01-03 19:49:46 - ScannerWorker_command_injection_worker_0 - INFO - Worker command_injection_worker_0 received task notification
2026-01-03 19:49:46 - ScannerWorker_command_injection_worker_0 - INFO - Worker command_injection_worker_0 received task notification
2026-01-03 19:49:46 - ScannerWorker_command_injection_worker_0 - INFO - Worker command_injection_worker_0 received task notification
2026-01-03 19:49:46 - ScannerWorker_command_injection_worker_0 - INFO - Worker command_injection_worker_0 received task notification
2026-01-03 19:49:46 - ScannerWorker_command_injection_worker_0 - INFO - Worker command_injection_worker_0 received task notification
2026-01-03 19:49:46 - ScannerWorker_command_injection_worker_0 - INFO - Worker command_injection_worker_0 received task notification
2026-01-03 19:49:46 - ScannerWorker_command_injection_worker_0 - INFO - Worker command_injection_worker_0 received task notification
2026-01-03 19:49:46 - ScannerWorker_command_injection_worker_0 - INFO - Worker command_injection_worker_0 received task notification
2026-01-03 19:49:46 - ScannerWorker_command_injection_worker_0 - INFO - Worker command_injection_worker_0 received task notification
2026-01-03 19:49:46 - ScannerWorker_command_injection_worker_0 - INFO - Worker command_injection_worker_0 received task notification
2026-01-03 19:49:46 - ScannerWorker_command_injection_worker_0 - INFO - Worker command_injection_worker_0 received task notification
2026-01-03 19:49:46 - ScannerWorker_command_injection_worker_0 - INFO - Worker command_injection_worker_0 received task notification
2026-01-03 19:49:46 - ScannerWorker_command_injection_worker_0 - INFO - Processing task scan_0a020063048e87c282a37e2d00940014.web-security-academy.net_20260103_194943_public_71b33782 with CommandOSInjectionScanner on https://0a020063048e87c282a37e2d00940014.web-security-academy.net/
2026-01-03 19:49:46 - ScannerWorker_command_injection_worker_0 - INFO - Worker execution results keys: ['findings', 'summary', 'scan_metadata', 'technical_metrics', 'owasp_categories']
2026-01-03 19:49:46 - ScannerWorker_command_injection_worker_0 - WARNING - Worker: raw_data MISSING in scanner results!
2026-01-03 19:49:46 - ScannerWorker_command_injection_worker_0 - INFO - [COMPLETION TRIGGER] 0a020063048e87c282a37e2d00940014.web-security-academy.net_20260103_194943_public: Last task completed! tasks_pending = 0
2026-01-03 19:49:46 - ScannerWorker_command_injection_worker_0 - INFO - [SCANNER TRACKING] 0a020063048e87c282a37e2d00940014.web-security-academy.net_20260103_194943_public: Scanner 'CommandOSInjectionScanner' marked as completed (1 total)
2026-01-03 19:49:46 - ScannerWorker_command_injection_worker_0 - INFO - [SCANNER PROGRESS] 0a020063048e87c282a37e2d00940014.web-security-academy.net_20260103_194943_public: 2/0 scanners completed
2026-01-03 19:49:46 - ScannerWorker_command_injection_worker_0 - INFO - Task scan_0a020063048e87c282a37e2d00940014.web-security-academy.net_20260103_194943_public_71b33782 completed successfully in 0.00s with 0 findings
2026-01-03 19:49:46 - ScannerWorker_command_injection_worker_0 - INFO - Worker command_injection_worker_0 received task notification
2026-01-03 19:49:46 - ScannerWorker_command_injection_worker_0 - INFO - Worker command_injection_worker_0 received task notification
2026-01-03 19:49:46 - ScannerWorker_command_injection_worker_0 - INFO - Worker command_injection_worker_0 received task notification
2026-01-03 19:49:46 - ScannerWorker_command_injection_worker_0 - INFO - Worker command_injection_worker_0 received task notification
2026-01-03 19:49:46 - ScannerWorker_command_injection_worker_0 - INFO - Worker command_injection_worker_0 received task notification
2026-01-03 19:49:46 - ScannerWorker_command_injection_worker_0 - INFO - Worker command_injection_worker_0 received task notification
2026-01-03 19:49:46 - ScannerWorker_command_injection_worker_0 - INFO - Worker command_injection_worker_0 received task notification
2026-01-03 19:49:46 - ScannerWorker_command_injection_worker_0 - INFO - Worker command_injection_worker_0 received task notification
2026-01-03 19:49:46 - ScannerWorker_command_injection_worker_0 - INFO - Worker command_injection_worker_0 received task notification
2026-01-03 19:49:50 - ScannerWorker_command_injection_worker_0 - INFO - Worker command_injection_worker_0 received task notification
2026-01-03 19:49:50 - ScannerWorker_command_injection_worker_0 - INFO - Worker command_injection_worker_0 received task notification
2026-01-03 19:49:50 - ScannerWorker_command_injection_worker_0 - INFO - Worker command_injection_worker_0 received task notification
2026-01-03 19:49:50 - ScannerWorker_command_injection_worker_0 - INFO - Worker command_injection_worker_0 received task notification
2026-01-03 19:49:50 - ScannerWorker_command_injection_worker_0 - INFO - Worker command_injection_worker_0 received task notification
2026-01-03 19:49:50 - ScannerWorker_command_injection_worker_0 - INFO - Worker command_injection_worker_0 received task notification
2026-01-03 19:49:50 - ScannerWorker_command_injection_worker_0 - INFO - Worker command_injection_worker_0 received task notification
2026-01-03 19:49:50 - ScannerWorker_command_injection_worker_0 - INFO - Worker command_injection_worker_0 received task notification
2026-01-03 19:49:50 - ScannerWorker_command_injection_worker_0 - INFO - Worker command_injection_worker_0 received task notification
2026-01-03 19:49:50 - ScannerWorker_command_injection_worker_0 - INFO - Worker command_injection_worker_0 received task notification
2026-01-03 19:49:50 - ScannerWorker_command_injection_worker_0 - INFO - Worker command_injection_worker_0 received task notification
2026-01-03 19:49:50 - ScannerWorker_command_injection_worker_0 - INFO - Worker command_injection_worker_0 received task notification
2026-01-03 19:49:50 - ScannerWorker_command_injection_worker_0 - INFO - Processing task scan_0a020063048e87c282a37e2d00940014.web-security-academy.net_20260103_194943_public_44727494 with CommandOSInjectionScanner on https://0a020063048e87c282a37e2d00940014.web-security-academy.net/product?productId=2
2026-01-03 19:49:50 - ScannerWorker_command_injection_worker_0 - INFO - Worker execution results keys: ['findings', 'summary', 'scan_metadata', 'technical_metrics', 'owasp_categories']
2026-01-03 19:49:50 - ScannerWorker_command_injection_worker_0 - WARNING - Worker: raw_data MISSING in scanner results!
2026-01-03 19:49:50 - ScannerWorker_command_injection_worker_0 - INFO - [SCANNER TRACKING] 0a020063048e87c282a37e2d00940014.web-security-academy.net_20260103_194943_public: Scanner 'CommandOSInjectionScanner' marked as completed (18 total)
2026-01-03 19:49:50 - ScannerWorker_command_injection_worker_0 - INFO - [SCANNER COMPLETION] 0a020063048e87c282a37e2d00940014.web-security-academy.net_20260103_194943_public: ALL 8/4 scanners completed!
2026-01-03 19:49:50 - ScannerWorker_command_injection_worker_0 - INFO - Task scan_0a020063048e87c282a37e2d00940014.web-security-academy.net_20260103_194943_public_44727494 completed successfully in 0.00s with 0 findings
2026-01-03 19:49:50 - ScannerWorker_command_injection_worker_0 - INFO - Worker command_injection_worker_0 received task notification
2026-01-03 19:49:50 - ScannerWorker_command_injection_worker_0 - INFO - Worker command_injection_worker_0 received task notification
2026-01-03 19:49:50 - ScannerWorker_command_injection_worker_0 - INFO - Worker command_injection_worker_0 received task notification
2026-01-03 19:49:50 - ScannerWorker_command_injection_worker_0 - INFO - Worker command_injection_worker_0 received task notification
2026-01-03 19:49:50 - ScannerWorker_command_injection_worker_0 - INFO - Worker command_injection_worker_0 received task notification
2026-01-03 19:49:50 - ScannerWorker_command_injection_worker_0 - INFO - Worker command_injection_worker_0 received task notification
2026-01-03 19:49:50 - ScannerWorker_command_injection_worker_0 - INFO - Worker command_injection_worker_0 received task notification
2026-01-03 19:49:50 - ScannerWorker_command_injection_worker_0 - INFO - Worker command_injection_worker_0 received task notification
2026-01-03 19:49:50 - ScannerWorker_command_injection_worker_0 - INFO - Worker command_injection_worker_0 received task notification
2026-01-03 19:49:50 - ScannerWorker_command_injection_worker_0 - INFO - Worker command_injection_worker_0 received task notification
2026-01-03 19:49:50 - ScannerWorker_command_injection_worker_0 - INFO - Worker command_injection_worker_0 received task notification
2026-01-03 19:49:50 - ScannerWorker_command_injection_worker_0 - INFO - Worker command_injection_worker_0 received task notification
2026-01-03 19:49:50 - ScannerWorker_command_injection_worker_0 - INFO - Processing task scan_0a020063048e87c282a37e2d00940014.web-security-academy.net_20260103_194943_public_781ac592 with CommandOSInjectionScanner on https://0a020063048e87c282a37e2d00940014.web-security-academy.net/product?productId=18
2026-01-03 19:49:50 - ScannerWorker_command_injection_worker_0 - INFO - Worker execution results keys: ['findings', 'summary', 'scan_metadata', 'technical_metrics', 'owasp_categories']
2026-01-03 19:49:50 - ScannerWorker_command_injection_worker_0 - WARNING - Worker: raw_data MISSING in scanner results!
2026-01-03 19:49:50 - ScannerWorker_command_injection_worker_0 - INFO - [SCANNER TRACKING] 0a020063048e87c282a37e2d00940014.web-security-academy.net_20260103_194943_public: Scanner 'CommandOSInjectionScanner' marked as completed (21 total)
2026-01-03 19:49:50 - ScannerWorker_command_injection_worker_0 - INFO - [SCANNER COMPLETION] 0a020063048e87c282a37e2d00940014.web-security-academy.net_20260103_194943_public: ALL 8/4 scanners completed!
2026-01-03 19:49:50 - ScannerWorker_command_injection_worker_0 - INFO - Task scan_0a020063048e87c282a37e2d00940014.web-security-academy.net_20260103_194943_public_781ac592 completed successfully in 0.00s with 0 findings
2026-01-03 19:49:50 - ScannerWorker_command_injection_worker_0 - INFO - Worker command_injection_worker_0 received task notification
2026-01-03 19:49:50 - ScannerWorker_command_injection_worker_0 - INFO - Worker command_injection_worker_0 received task notification
2026-01-03 19:49:50 - ScannerWorker_command_injection_worker_0 - INFO - Worker command_injection_worker_0 received task notification
2026-01-03 19:49:50 - ScannerWorker_command_injection_worker_0 - INFO - Worker command_injection_worker_0 received task notification
2026-01-03 19:49:50 - ScannerWorker_command_injection_worker_0 - INFO - Worker command_injection_worker_0 received task notification
2026-01-03 19:49:50 - ScannerWorker_command_injection_worker_0 - INFO - Worker command_injection_worker_0 received task notification
2026-01-03 19:49:50 - ScannerWorker_command_injection_worker_0 - INFO - Worker command_injection_worker_0 received task notification
2026-01-03 19:49:50 - ScannerWorker_command_injection_worker_0 - INFO - Worker command_injection_worker_0 received task notification
2026-01-03 19:49:50 - ScannerWorker_command_injection_worker_0 - INFO - Worker command_injection_worker_0 received task notification
2026-01-03 19:49:50 - ScannerWorker_command_injection_worker_0 - INFO - Worker command_injection_worker_0 received task notification
2026-01-03 19:49:50 - ScannerWorker_command_injection_worker_0 - INFO - Worker command_injection_worker_0 received task notification
2026-01-03 19:49:50 - ScannerWorker_command_injection_worker_0 - INFO - Processing task scan_0a020063048e87c282a37e2d00940014.web-security-academy.net_20260103_194943_public_2db36158 with CommandOSInjectionScanner on https://0a020063048e87c282a37e2d00940014.web-security-academy.net/product?productId=17
2026-01-03 19:49:50 - ScannerWorker_command_injection_worker_0 - INFO - Worker execution results keys: ['findings', 'summary', 'scan_metadata', 'technical_metrics', 'owasp_categories']
2026-01-03 19:49:50 - ScannerWorker_command_injection_worker_0 - WARNING - Worker: raw_data MISSING in scanner results!
2026-01-03 19:49:50 - ScannerWorker_command_injection_worker_0 - INFO - [SCANNER TRACKING] 0a020063048e87c282a37e2d00940014.web-security-academy.net_20260103_194943_public: Scanner 'CommandOSInjectionScanner' marked as completed (23 total)
2026-01-03 19:49:50 - ScannerWorker_command_injection_worker_0 - INFO - [SCANNER COMPLETION] 0a020063048e87c282a37e2d00940014.web-security-academy.net_20260103_194943_public: ALL 8/4 scanners completed!
2026-01-03 19:49:50 - ScannerWorker_command_injection_worker_0 - INFO - Task scan_0a020063048e87c282a37e2d00940014.web-security-academy.net_20260103_194943_public_2db36158 completed successfully in 0.00s with 0 findings
2026-01-03 19:49:50 - ScannerWorker_command_injection_worker_0 - INFO - Worker command_injection_worker_0 received task notification
2026-01-03 19:49:50 - ScannerWorker_command_injection_worker_0 - INFO - Worker command_injection_worker_0 received task notification
2026-01-03 19:49:50 - ScannerWorker_command_injection_worker_0 - INFO - Worker command_injection_worker_0 received task notification
2026-01-03 19:49:50 - ScannerWorker_command_injection_worker_0 - INFO - Worker command_injection_worker_0 received task notification
2026-01-03 19:49:50 - ScannerWorker_command_injection_worker_0 - INFO - Worker command_injection_worker_0 received task notification
2026-01-03 19:49:50 - ScannerWorker_command_injection_worker_0 - INFO - Worker command_injection_worker_0 received task notification
2026-01-03 19:49:50 - ScannerWorker_command_injection_worker_0 - INFO - Worker command_injection_worker_0 received task notification
2026-01-03 19:49:50 - ScannerWorker_command_injection_worker_0 - INFO - Worker command_injection_worker_0 received task notification
2026-01-03 19:49:50 - ScannerWorker_command_injection_worker_0 - INFO - Processing task scan_0a020063048e87c282a37e2d00940014.web-security-academy.net_20260103_194943_public_6836b253 with CommandOSInjectionScanner on https://0a020063048e87c282a37e2d00940014.web-security-academy.net/product?productId=1
2026-01-03 19:49:50 - ScannerWorker_command_injection_worker_0 - INFO - Worker execution results keys: ['findings', 'summary', 'scan_metadata', 'technical_metrics', 'owasp_categories']
2026-01-03 19:49:50 - ScannerWorker_command_injection_worker_0 - WARNING - Worker: raw_data MISSING in scanner results!
2026-01-03 19:49:50 - ScannerWorker_command_injection_worker_0 - INFO - [SCANNER TRACKING] 0a020063048e87c282a37e2d00940014.web-security-academy.net_20260103_194943_public: Scanner 'CommandOSInjectionScanner' marked as completed (25 total)
2026-01-03 19:49:50 - ScannerWorker_command_injection_worker_0 - INFO - [SCANNER COMPLETION] 0a020063048e87c282a37e2d00940014.web-security-academy.net_20260103_194943_public: ALL 8/4 scanners completed!
2026-01-03 19:49:50 - ScannerWorker_command_injection_worker_0 - INFO - Task scan_0a020063048e87c282a37e2d00940014.web-security-academy.net_20260103_194943_public_6836b253 completed successfully in 0.01s with 0 findings
2026-01-03 19:49:50 - ScannerWorker_command_injection_worker_0 - INFO - Worker command_injection_worker_0 received task notification
2026-01-03 19:49:50 - ScannerWorker_command_injection_worker_0 - INFO - Worker command_injection_worker_0 received task notification
2026-01-03 19:49:50 - ScannerWorker_command_injection_worker_0 - INFO - Worker command_injection_worker_0 received task notification
2026-01-03 19:49:50 - ScannerWorker_command_injection_worker_0 - INFO - Worker command_injection_worker_0 received task notification
2026-01-03 19:49:50 - ScannerWorker_command_injection_worker_0 - INFO - Worker command_injection_worker_0 received task notification
2026-01-03 19:49:50 - ScannerWorker_command_injection_worker_0 - INFO - Worker command_injection_worker_0 received task notification
2026-01-03 19:49:50 - ScannerWorker_command_injection_worker_0 - INFO - Worker command_injection_worker_0 received task notification
2026-01-03 19:49:50 - ScannerWorker_command_injection_worker_0 - INFO - Worker command_injection_worker_0 received task notification
2026-01-03 19:49:50 - ScannerWorker_command_injection_worker_0 - INFO - Processing task scan_0a020063048e87c282a37e2d00940014.web-security-academy.net_20260103_194943_public_0c4766bc with CommandOSInjectionScanner on https://0a020063048e87c282a37e2d00940014.web-security-academy.net/product?productId=16
2026-01-03 19:49:50 - ScannerWorker_command_injection_worker_0 - INFO - Worker execution results keys: ['findings', 'summary', 'scan_metadata', 'technical_metrics', 'owasp_categories']
2026-01-03 19:49:50 - ScannerWorker_command_injection_worker_0 - WARNING - Worker: raw_data MISSING in scanner results!
2026-01-03 19:49:50 - ScannerWorker_command_injection_worker_0 - INFO - [SCANNER TRACKING] 0a020063048e87c282a37e2d00940014.web-security-academy.net_20260103_194943_public: Scanner 'CommandOSInjectionScanner' marked as completed (27 total)
2026-01-03 19:49:50 - ScannerWorker_command_injection_worker_0 - INFO - [SCANNER COMPLETION] 0a020063048e87c282a37e2d00940014.web-security-academy.net_20260103_194943_public: ALL 8/4 scanners completed!
2026-01-03 19:49:50 - ScannerWorker_command_injection_worker_0 - INFO - Task scan_0a020063048e87c282a37e2d00940014.web-security-academy.net_20260103_194943_public_0c4766bc completed successfully in 0.00s with 0 findings
2026-01-03 19:49:50 - ScannerWorker_command_injection_worker_0 - INFO - Worker command_injection_worker_0 received task notification
2026-01-03 19:49:50 - ScannerWorker_command_injection_worker_0 - INFO - Worker command_injection_worker_0 received task notification
2026-01-03 19:49:50 - ScannerWorker_command_injection_worker_0 - INFO - Worker command_injection_worker_0 received task notification
2026-01-03 19:49:50 - ScannerWorker_command_injection_worker_0 - INFO - Worker command_injection_worker_0 received task notification
2026-01-03 19:49:50 - ScannerWorker_command_injection_worker_0 - INFO - Worker command_injection_worker_0 received task notification
2026-01-03 19:49:50 - ScannerWorker_command_injection_worker_0 - INFO - Worker command_injection_worker_0 received task notification
2026-01-03 19:49:50 - ScannerWorker_command_injection_worker_0 - INFO - Worker command_injection_worker_0 received task notification
2026-01-03 19:49:50 - ScannerWorker_command_injection_worker_0 - INFO - Worker command_injection_worker_0 received task notification
2026-01-03 19:49:50 - ScannerWorker_command_injection_worker_0 - INFO - Processing task scan_0a020063048e87c282a37e2d00940014.web-security-academy.net_20260103_194943_public_306407ac with CommandOSInjectionScanner on https://0a020063048e87c282a37e2d00940014.web-security-academy.net/my-account
2026-01-03 19:49:50 - ScannerWorker_command_injection_worker_0 - INFO - Worker execution results keys: ['findings', 'summary', 'scan_metadata', 'technical_metrics', 'owasp_categories']
2026-01-03 19:49:50 - ScannerWorker_command_injection_worker_0 - WARNING - Worker: raw_data MISSING in scanner results!
2026-01-03 19:49:50 - ScannerWorker_command_injection_worker_0 - INFO - [SCANNER TRACKING] 0a020063048e87c282a37e2d00940014.web-security-academy.net_20260103_194943_public: Scanner 'CommandOSInjectionScanner' marked as completed (29 total)
2026-01-03 19:49:50 - ScannerWorker_command_injection_worker_0 - INFO - [SCANNER COMPLETION] 0a020063048e87c282a37e2d00940014.web-security-academy.net_20260103_194943_public: ALL 8/4 scanners completed!
2026-01-03 19:49:50 - ScannerWorker_command_injection_worker_0 - INFO - Task scan_0a020063048e87c282a37e2d00940014.web-security-academy.net_20260103_194943_public_306407ac completed successfully in 0.00s with 0 findings
2026-01-03 19:49:50 - ScannerWorker_command_injection_worker_0 - INFO - Worker command_injection_worker_0 received task notification
2026-01-03 19:49:50 - ScannerWorker_command_injection_worker_0 - INFO - Worker command_injection_worker_0 received task notification
2026-01-03 19:49:50 - ScannerWorker_command_injection_worker_0 - INFO - Worker command_injection_worker_0 received task notification
2026-01-03 19:49:50 - ScannerWorker_command_injection_worker_0 - INFO - Worker command_injection_worker_0 received task notification
2026-01-03 19:49:50 - ScannerWorker_command_injection_worker_0 - INFO - Worker command_injection_worker_0 received task notification
2026-01-03 19:49:50 - ScannerWorker_command_injection_worker_0 - INFO - Worker command_injection_worker_0 received task notification
2026-01-03 19:49:50 - ScannerWorker_command_injection_worker_0 - INFO - Worker command_injection_worker_0 received task notification
2026-01-03 19:49:50 - ScannerWorker_command_injection_worker_0 - INFO - Worker command_injection_worker_0 received task notification
2026-01-03 19:49:50 - ScannerWorker_command_injection_worker_0 - INFO - Worker command_injection_worker_0 received task notification
2026-01-03 19:49:50 - ScannerWorker_command_injection_worker_0 - INFO - Worker command_injection_worker_0 received task notification
2026-01-03 19:49:50 - ScannerWorker_command_injection_worker_0 - INFO - Worker command_injection_worker_0 received task notification
2026-01-03 19:49:50 - ScannerWorker_command_injection_worker_0 - INFO - Worker command_injection_worker_0 received task notification
2026-01-03 19:49:50 - ScannerWorker_command_injection_worker_0 - INFO - Worker command_injection_worker_0 received task notification
2026-01-03 19:49:50 - ScannerWorker_command_injection_worker_0 - INFO - Worker command_injection_worker_0 received task notification
2026-01-03 19:49:50 - ScannerWorker_command_injection_worker_0 - INFO - Worker command_injection_worker_0 received task notification
2026-01-03 19:49:50 - ScannerWorker_command_injection_worker_0 - INFO - Worker command_injection_worker_0 received task notification
2026-01-03 19:49:50 - ScannerWorker_command_injection_worker_0 - INFO - Worker command_injection_worker_0 received task notification
2026-01-03 19:49:50 - ScannerWorker_command_injection_worker_0 - INFO - Worker command_injection_worker_0 received task notification
2026-01-03 19:49:50 - ScannerWorker_command_injection_worker_0 - INFO - Worker command_injection_worker_0 received task notification
2026-01-03 19:49:50 - ScannerWorker_command_injection_worker_0 - INFO - Worker command_injection_worker_0 received task notification
2026-01-03 19:49:50 - ScannerWorker_command_injection_worker_0 - INFO - Worker command_injection_worker_0 received task notification
2026-01-03 19:49:50 - ScannerWorker_command_injection_worker_0 - INFO - Worker command_injection_worker_0 received task notification
2026-01-03 19:49:50 - ScannerWorker_command_injection_worker_0 - INFO - Worker command_injection_worker_0 received task notification
2026-01-03 19:49:50 - ScannerWorker_command_injection_worker_0 - INFO - Worker command_injection_worker_0 received task notification
2026-01-03 19:49:50 - ScannerWorker_command_injection_worker_0 - INFO - Worker command_injection_worker_0 received task notification
2026-01-03 19:49:50 - ScannerWorker_command_injection_worker_0 - INFO - Worker command_injection_worker_0 received task notification
2026-01-03 19:49:50 - ScannerWorker_command_injection_worker_0 - INFO - Worker command_injection_worker_0 received task notification
2026-01-03 19:49:50 - ScannerWorker_command_injection_worker_0 - INFO - Worker command_injection_worker_0 received task notification
2026-01-03 19:49:50 - ScannerWorker_command_injection_worker_0 - INFO - Worker command_injection_worker_0 received task notification
2026-01-03 19:49:50 - ScannerWorker_command_injection_worker_0 - INFO - Worker command_injection_worker_0 received task notification
2026-01-03 19:49:50 - ScannerWorker_command_injection_worker_0 - INFO - Worker command_injection_worker_0 received task notification
2026-01-03 19:49:50 - ScannerWorker_command_injection_worker_0 - INFO - Worker command_injection_worker_0 received task notification
2026-01-03 19:49:50 - ScannerWorker_command_injection_worker_0 - INFO - Worker command_injection_worker_0 received task notification
2026-01-03 19:49:50 - ScannerWorker_command_injection_worker_0 - INFO - Worker command_injection_worker_0 received task notification
2026-01-03 19:49:50 - ScannerWorker_command_injection_worker_0 - INFO - Worker command_injection_worker_0 received task notification
2026-01-03 19:49:50 - ScannerWorker_command_injection_worker_0 - INFO - Worker command_injection_worker_0 received task notification
2026-01-03 19:49:50 - ScannerWorker_command_injection_worker_0 - INFO - Worker command_injection_worker_0 received task notification
2026-01-03 19:49:50 - ScannerWorker_command_injection_worker_0 - INFO - Worker command_injection_worker_0 received task notification
2026-01-03 19:49:50 - ScannerWorker_command_injection_worker_0 - INFO - Worker command_injection_worker_0 received task notification
2026-01-03 19:49:50 - ScannerWorker_command_injection_worker_0 - INFO - Worker command_injection_worker_0 received task notification
2026-01-03 19:49:50 - ScannerWorker_command_injection_worker_0 - INFO - Worker command_injection_worker_0 received task notification
2026-01-03 19:49:50 - ScannerWorker_command_injection_worker_0 - INFO - Worker command_injection_worker_0 received task notification
2026-01-03 19:49:50 - ScannerWorker_command_injection_worker_0 - INFO - Worker command_injection_worker_0 received task notification
2026-01-03 19:49:50 - ScannerWorker_command_injection_worker_0 - INFO - Worker command_injection_worker_0 received task notification
2026-01-03 19:49:50 - ScannerWorker_command_injection_worker_0 - INFO - Worker command_injection_worker_0 received task notification
2026-01-03 19:49:50 - ScannerWorker_command_injection_worker_0 - INFO - Worker command_injection_worker_0 received task notification
2026-01-03 19:49:50 - ScannerWorker_command_injection_worker_0 - INFO - Worker command_injection_worker_0 received task notification
2026-01-03 19:49:50 - ScannerWorker_command_injection_worker_0 - INFO - Worker command_injection_worker_0 received task notification
2026-01-03 19:49:50 - ScannerWorker_command_injection_worker_0 - INFO - Worker command_injection_worker_0 received task notification
2026-01-03 19:49:50 - ScannerWorker_command_injection_worker_0 - INFO - Worker command_injection_worker_0 received task notification
2026-01-03 19:49:50 - ScannerWorker_command_injection_worker_0 - INFO - Worker command_injection_worker_0 received task notification
2026-01-03 19:49:50 - ScannerWorker_command_injection_worker_0 - INFO - Worker command_injection_worker_0 received task notification
2026-01-03 19:49:50 - ScannerWorker_command_injection_worker_0 - INFO - Worker command_injection_worker_0 received task notification
2026-01-03 19:49:50 - ScannerWorker_command_injection_worker_0 - INFO - Worker command_injection_worker_0 received task notification
2026-01-03 19:49:50 - ScannerWorker_command_injection_worker_0 - INFO - Worker command_injection_worker_0 received task notification
2026-01-03 19:49:50 - ScannerWorker_command_injection_worker_0 - INFO - Worker command_injection_worker_0 received task notification
2026-01-03 19:49:50 - ScannerWorker_command_injection_worker_0 - INFO - Worker command_injection_worker_0 received task notification
2026-01-03 19:49:50 - ScannerWorker_command_injection_worker_0 - INFO - Worker command_injection_worker_0 received task notification
2026-01-03 19:49:50 - ScannerWorker_command_injection_worker_0 - INFO - Worker command_injection_worker_0 received task notification
2026-01-03 19:49:50 - ScannerWorker_command_injection_worker_0 - INFO - Worker command_injection_worker_0 received task notification
2026-01-03 19:49:50 - ScannerWorker_command_injection_worker_0 - INFO - Worker command_injection_worker_0 received task notification
2026-01-03 19:49:50 - ScannerWorker_command_injection_worker_0 - INFO - Worker command_injection_worker_0 received task notification
2026-01-03 19:49:50 - ScannerWorker_command_injection_worker_0 - INFO - Worker command_injection_worker_0 received task notification
2026-01-03 19:49:50 - ScannerWorker_command_injection_worker_0 - INFO - Worker command_injection_worker_0 received task notification
2026-01-03 19:49:50 - ScannerWorker_command_injection_worker_0 - INFO - Worker command_injection_worker_0 received task notification
2026-01-03 19:49:50 - ScannerWorker_command_injection_worker_0 - INFO - Worker command_injection_worker_0 received task notification
2026-01-03 19:49:50 - ScannerWorker_command_injection_worker_0 - INFO - Worker command_injection_worker_0 received task notification
2026-01-03 19:49:50 - ScannerWorker_command_injection_worker_0 - INFO - Worker command_injection_worker_0 received task notification
2026-01-03 19:49:50 - ScannerWorker_command_injection_worker_0 - INFO - Worker command_injection_worker_0 received task notification
2026-01-03 19:49:50 - ScannerWorker_command_injection_worker_0 - INFO - Worker command_injection_worker_0 received task notification
2026-01-03 19:49:50 - ScannerWorker_command_injection_worker_0 - INFO - Worker command_injection_worker_0 received task notification
2026-01-03 19:49:50 - ScannerWorker_command_injection_worker_0 - INFO - Worker command_injection_worker_0 received task notification
2026-01-03 19:49:50 - ScannerWorker_command_injection_worker_0 - INFO - Worker command_injection_worker_0 received task notification
2026-01-03 19:49:52 - ScannerWorker_command_injection_worker_0 - INFO - Worker command_injection_worker_0 received task notification
2026-01-03 19:49:52 - ScannerWorker_command_injection_worker_0 - INFO - Worker command_injection_worker_0 received task notification
2026-01-03 19:49:52 - ScannerWorker_command_injection_worker_0 - INFO - Worker command_injection_worker_0 received task notification
2026-01-03 19:49:52 - ScannerWorker_command_injection_worker_0 - INFO - Worker command_injection_worker_0 received task notification
2026-01-03 19:49:52 - ScannerWorker_command_injection_worker_0 - INFO - Worker command_injection_worker_0 received task notification
2026-01-03 19:49:52 - ScannerWorker_command_injection_worker_0 - INFO - Worker command_injection_worker_0 received task notification
2026-01-03 19:49:52 - ScannerWorker_command_injection_worker_0 - INFO - Worker command_injection_worker_0 received task notification
2026-01-03 19:49:52 - ScannerWorker_command_injection_worker_0 - INFO - Worker command_injection_worker_0 received task notification
2026-01-03 19:49:52 - ScannerWorker_command_injection_worker_0 - INFO - Worker command_injection_worker_0 received task notification
2026-01-03 19:49:52 - ScannerWorker_command_injection_worker_0 - INFO - Worker command_injection_worker_0 received task notification
2026-01-03 19:49:52 - ScannerWorker_command_injection_worker_0 - INFO - Worker command_injection_worker_0 received task notification
2026-01-03 19:49:52 - ScannerWorker_command_injection_worker_0 - INFO - Worker command_injection_worker_0 received task notification
2026-01-03 19:49:52 - ScannerWorker_command_injection_worker_0 - INFO - Worker command_injection_worker_0 received task notification
2026-01-03 19:49:52 - ScannerWorker_command_injection_worker_0 - INFO - Processing task scan_0a020063048e87c282a37e2d00940014.web-security-academy.net_20260103_194943_public_7d2c7830 with CommandOSInjectionScanner on https://0a020063048e87c282a37e2d00940014.web-security-academy.net/product?productId=4
2026-01-03 19:49:52 - ScannerWorker_command_injection_worker_0 - INFO - Worker execution results keys: ['findings', 'summary', 'scan_metadata', 'technical_metrics', 'owasp_categories']
2026-01-03 19:49:52 - ScannerWorker_command_injection_worker_0 - WARNING - Worker: raw_data MISSING in scanner results!
2026-01-03 19:49:52 - ScannerWorker_command_injection_worker_0 - INFO - [SCANNER TRACKING] 0a020063048e87c282a37e2d00940014.web-security-academy.net_20260103_194943_public: Scanner 'CommandOSInjectionScanner' marked as completed (33 total)
2026-01-03 19:49:52 - ScannerWorker_command_injection_worker_0 - INFO - [SCANNER COMPLETION] 0a020063048e87c282a37e2d00940014.web-security-academy.net_20260103_194943_public: ALL 8/4 scanners completed!
2026-01-03 19:49:52 - ScannerWorker_command_injection_worker_0 - INFO - Task scan_0a020063048e87c282a37e2d00940014.web-security-academy.net_20260103_194943_public_7d2c7830 completed successfully in 0.00s with 0 findings
2026-01-03 19:49:52 - ScannerWorker_command_injection_worker_0 - INFO - Worker command_injection_worker_0 received task notification
2026-01-03 19:49:52 - ScannerWorker_command_injection_worker_0 - INFO - Worker command_injection_worker_0 received task notification
2026-01-03 19:49:52 - ScannerWorker_command_injection_worker_0 - INFO - Worker command_injection_worker_0 received task notification
2026-01-03 19:49:52 - ScannerWorker_command_injection_worker_0 - INFO - Worker command_injection_worker_0 received task notification
2026-01-03 19:49:52 - ScannerWorker_command_injection_worker_0 - INFO - Worker command_injection_worker_0 received task notification
2026-01-03 19:49:52 - ScannerWorker_command_injection_worker_0 - INFO - Worker command_injection_worker_0 received task notification
2026-01-03 19:49:52 - ScannerWorker_command_injection_worker_0 - INFO - Worker command_injection_worker_0 received task notification
2026-01-03 19:49:52 - ScannerWorker_command_injection_worker_0 - INFO - Worker command_injection_worker_0 received task notification
2026-01-03 19:49:52 - ScannerWorker_command_injection_worker_0 - INFO - Worker command_injection_worker_0 received task notification
2026-01-03 19:49:52 - ScannerWorker_command_injection_worker_0 - INFO - Worker command_injection_worker_0 received task notification
2026-01-03 19:49:52 - ScannerWorker_command_injection_worker_0 - INFO - Processing task scan_0a020063048e87c282a37e2d00940014.web-security-academy.net_20260103_194943_public_d711a61b with CommandOSInjectionScanner on https://0a020063048e87c282a37e2d00940014.web-security-academy.net/product?productId=20
2026-01-03 19:49:52 - ScannerWorker_command_injection_worker_0 - INFO - Worker execution results keys: ['findings', 'summary', 'scan_metadata', 'technical_metrics', 'owasp_categories']
2026-01-03 19:49:52 - ScannerWorker_command_injection_worker_0 - WARNING - Worker: raw_data MISSING in scanner results!
2026-01-03 19:49:52 - ScannerWorker_command_injection_worker_0 - INFO - [SCANNER TRACKING] 0a020063048e87c282a37e2d00940014.web-security-academy.net_20260103_194943_public: Scanner 'CommandOSInjectionScanner' marked as completed (35 total)
2026-01-03 19:49:52 - ScannerWorker_command_injection_worker_0 - INFO - [SCANNER COMPLETION] 0a020063048e87c282a37e2d00940014.web-security-academy.net_20260103_194943_public: ALL 8/4 scanners completed!
2026-01-03 19:49:52 - ScannerWorker_command_injection_worker_0 - INFO - Task scan_0a020063048e87c282a37e2d00940014.web-security-academy.net_20260103_194943_public_d711a61b completed successfully in 0.00s with 0 findings
2026-01-03 19:49:52 - ScannerWorker_command_injection_worker_0 - INFO - Worker command_injection_worker_0 received task notification
2026-01-03 19:49:52 - ScannerWorker_command_injection_worker_0 - INFO - Worker command_injection_worker_0 received task notification
2026-01-03 19:49:52 - ScannerWorker_command_injection_worker_0 - INFO - Worker command_injection_worker_0 received task notification
2026-01-03 19:49:52 - ScannerWorker_command_injection_worker_0 - INFO - Worker command_injection_worker_0 received task notification
2026-01-03 19:49:52 - ScannerWorker_command_injection_worker_0 - INFO - Worker command_injection_worker_0 received task notification
2026-01-03 19:49:52 - ScannerWorker_command_injection_worker_0 - INFO - Worker command_injection_worker_0 received task notification
2026-01-03 19:49:52 - ScannerWorker_command_injection_worker_0 - INFO - Worker command_injection_worker_0 received task notification
2026-01-03 19:49:52 - ScannerWorker_command_injection_worker_0 - INFO - Worker command_injection_worker_0 received task notification
2026-01-03 19:49:52 - ScannerWorker_command_injection_worker_0 - INFO - Processing task scan_0a020063048e87c282a37e2d00940014.web-security-academy.net_20260103_194943_public_c5bb2eba with CommandOSInjectionScanner on https://0a020063048e87c282a37e2d00940014.web-security-academy.net/product?productId=19
2026-01-03 19:49:52 - ScannerWorker_command_injection_worker_0 - INFO - Worker execution results keys: ['findings', 'summary', 'scan_metadata', 'technical_metrics', 'owasp_categories']
2026-01-03 19:49:52 - ScannerWorker_command_injection_worker_0 - WARNING - Worker: raw_data MISSING in scanner results!
2026-01-03 19:49:52 - ScannerWorker_command_injection_worker_0 - INFO - [SCANNER TRACKING] 0a020063048e87c282a37e2d00940014.web-security-academy.net_20260103_194943_public: Scanner 'CommandOSInjectionScanner' marked as completed (37 total)
2026-01-03 19:49:52 - ScannerWorker_command_injection_worker_0 - INFO - [SCANNER COMPLETION] 0a020063048e87c282a37e2d00940014.web-security-academy.net_20260103_194943_public: ALL 8/4 scanners completed!
2026-01-03 19:49:52 - ScannerWorker_command_injection_worker_0 - INFO - Task scan_0a020063048e87c282a37e2d00940014.web-security-academy.net_20260103_194943_public_c5bb2eba completed successfully in 0.00s with 0 findings
2026-01-03 19:49:52 - ScannerWorker_command_injection_worker_0 - INFO - Worker command_injection_worker_0 received task notification
2026-01-03 19:49:52 - ScannerWorker_command_injection_worker_0 - INFO - Worker command_injection_worker_0 received task notification
2026-01-03 19:49:52 - ScannerWorker_command_injection_worker_0 - INFO - Worker command_injection_worker_0 received task notification
2026-01-03 19:49:52 - ScannerWorker_command_injection_worker_0 - INFO - Worker command_injection_worker_0 received task notification
2026-01-03 19:49:52 - ScannerWorker_command_injection_worker_0 - INFO - Worker command_injection_worker_0 received task notification
2026-01-03 19:49:52 - ScannerWorker_command_injection_worker_0 - INFO - Worker command_injection_worker_0 received task notification
2026-01-03 19:49:52 - ScannerWorker_command_injection_worker_0 - INFO - Worker command_injection_worker_0 received task notification
2026-01-03 19:49:52 - ScannerWorker_command_injection_worker_0 - INFO - Worker command_injection_worker_0 received task notification
2026-01-03 19:49:52 - ScannerWorker_command_injection_worker_0 - INFO - Worker command_injection_worker_0 received task notification
2026-01-03 19:49:52 - ScannerWorker_command_injection_worker_0 - INFO - Processing task scan_0a020063048e87c282a37e2d00940014.web-security-academy.net_20260103_194943_public_cbc11a20 with CommandOSInjectionScanner on https://0a020063048e87c282a37e2d00940014.web-security-academy.net/product?productId=3
2026-01-03 19:49:52 - ScannerWorker_command_injection_worker_0 - INFO - Worker execution results keys: ['findings', 'summary', 'scan_metadata', 'technical_metrics', 'owasp_categories']
2026-01-03 19:49:52 - ScannerWorker_command_injection_worker_0 - WARNING - Worker: raw_data MISSING in scanner results!
2026-01-03 19:49:52 - ScannerWorker_command_injection_worker_0 - INFO - [SCANNER TRACKING] 0a020063048e87c282a37e2d00940014.web-security-academy.net_20260103_194943_public: Scanner 'CommandOSInjectionScanner' marked as completed (39 total)
2026-01-03 19:49:52 - ScannerWorker_command_injection_worker_0 - INFO - [SCANNER COMPLETION] 0a020063048e87c282a37e2d00940014.web-security-academy.net_20260103_194943_public: ALL 8/4 scanners completed!
2026-01-03 19:49:52 - ScannerWorker_command_injection_worker_0 - INFO - Task scan_0a020063048e87c282a37e2d00940014.web-security-academy.net_20260103_194943_public_cbc11a20 completed successfully in 0.00s with 0 findings
2026-01-03 19:49:52 - ScannerWorker_command_injection_worker_0 - INFO - Worker command_injection_worker_0 received task notification
2026-01-03 19:49:52 - ScannerWorker_command_injection_worker_0 - INFO - Worker command_injection_worker_0 received task notification
2026-01-03 19:49:52 - ScannerWorker_command_injection_worker_0 - INFO - Worker command_injection_worker_0 received task notification
2026-01-03 19:49:52 - ScannerWorker_command_injection_worker_0 - INFO - Worker command_injection_worker_0 received task notification
2026-01-03 19:49:52 - ScannerWorker_command_injection_worker_0 - INFO - Worker command_injection_worker_0 received task notification
2026-01-03 19:49:52 - ScannerWorker_command_injection_worker_0 - INFO - Worker command_injection_worker_0 received task notification
2026-01-03 19:49:52 - ScannerWorker_command_injection_worker_0 - INFO - Worker command_injection_worker_0 received task notification
2026-01-03 19:49:52 - ScannerWorker_command_injection_worker_0 - INFO - Worker command_injection_worker_0 received task notification
2026-01-03 19:49:52 - ScannerWorker_command_injection_worker_0 - INFO - Worker command_injection_worker_0 received task notification
2026-01-03 19:49:52 - ScannerWorker_command_injection_worker_0 - INFO - Worker command_injection_worker_0 received task notification
2026-01-03 19:49:52 - ScannerWorker_command_injection_worker_0 - INFO - Worker command_injection_worker_0 received task notification
2026-01-03 19:49:52 - ScannerWorker_command_injection_worker_0 - INFO - Worker command_injection_worker_0 received task notification
2026-01-03 19:49:52 - ScannerWorker_command_injection_worker_0 - INFO - Worker command_injection_worker_0 received task notification
2026-01-03 19:49:52 - ScannerWorker_command_injection_worker_0 - INFO - Worker command_injection_worker_0 received task notification
2026-01-03 19:49:52 - ScannerWorker_command_injection_worker_0 - INFO - Worker command_injection_worker_0 received task notification
2026-01-03 19:49:52 - ScannerWorker_command_injection_worker_0 - INFO - Worker command_injection_worker_0 received task notification
2026-01-03 19:49:52 - ScannerWorker_command_injection_worker_0 - INFO - Worker command_injection_worker_0 received task notification
2026-01-03 19:49:52 - ScannerWorker_command_injection_worker_0 - INFO - Worker command_injection_worker_0 received task notification
2026-01-03 19:49:52 - ScannerWorker_command_injection_worker_0 - INFO - Worker command_injection_worker_0 received task notification
2026-01-03 19:49:52 - ScannerWorker_command_injection_worker_0 - INFO - Worker command_injection_worker_0 received task notification
2026-01-03 19:49:52 - ScannerWorker_command_injection_worker_0 - INFO - Worker command_injection_worker_0 received task notification
2026-01-03 19:49:52 - ScannerWorker_command_injection_worker_0 - INFO - Worker command_injection_worker_0 received task notification
2026-01-03 19:49:52 - ScannerWorker_command_injection_worker_0 - INFO - Worker command_injection_worker_0 received task notification
2026-01-03 19:49:52 - ScannerWorker_command_injection_worker_0 - INFO - Worker command_injection_worker_0 received task notification
2026-01-03 19:49:52 - ScannerWorker_command_injection_worker_0 - INFO - Worker command_injection_worker_0 received task notification
2026-01-03 19:49:52 - ScannerWorker_command_injection_worker_0 - INFO - Worker command_injection_worker_0 received task notification
2026-01-03 19:49:52 - ScannerWorker_command_injection_worker_0 - INFO - Worker command_injection_worker_0 received task notification
2026-01-03 19:49:52 - ScannerWorker_command_injection_worker_0 - INFO - Worker command_injection_worker_0 received task notification
2026-01-03 19:49:52 - ScannerWorker_command_injection_worker_0 - INFO - Worker command_injection_worker_0 received task notification
2026-01-03 19:49:52 - ScannerWorker_command_injection_worker_0 - INFO - Worker command_injection_worker_0 received task notification
2026-01-03 19:49:53 - ScannerWorker_command_injection_worker_0 - INFO - Worker command_injection_worker_0 received task notification
2026-01-03 19:49:53 - ScannerWorker_command_injection_worker_0 - INFO - Worker command_injection_worker_0 received task notification
2026-01-03 19:49:53 - ScannerWorker_command_injection_worker_0 - INFO - Worker command_injection_worker_0 received task notification
2026-01-03 19:49:53 - ScannerWorker_command_injection_worker_0 - INFO - Worker command_injection_worker_0 received task notification
2026-01-03 19:49:53 - ScannerWorker_command_injection_worker_0 - INFO - Worker command_injection_worker_0 received task notification
2026-01-03 19:49:53 - ScannerWorker_command_injection_worker_0 - INFO - Worker command_injection_worker_0 received task notification
2026-01-03 19:49:53 - ScannerWorker_command_injection_worker_0 - INFO - Worker command_injection_worker_0 received task notification
2026-01-03 19:49:53 - ScannerWorker_command_injection_worker_0 - INFO - Worker command_injection_worker_0 received task notification
2026-01-03 19:49:53 - ScannerWorker_command_injection_worker_0 - INFO - Worker command_injection_worker_0 received task notification
2026-01-03 19:49:53 - ScannerWorker_command_injection_worker_0 - INFO - Worker command_injection_worker_0 received task notification
2026-01-03 19:49:53 - ScannerWorker_command_injection_worker_0 - INFO - Worker command_injection_worker_0 received task notification
2026-01-03 19:49:53 - ScannerWorker_command_injection_worker_0 - INFO - Worker command_injection_worker_0 received task notification
2026-01-03 19:49:53 - ScannerWorker_command_injection_worker_0 - INFO - Worker command_injection_worker_0 received task notification
2026-01-03 19:49:53 - ScannerWorker_command_injection_worker_0 - INFO - Worker command_injection_worker_0 received task notification
2026-01-03 19:49:53 - ScannerWorker_command_injection_worker_0 - INFO - Worker command_injection_worker_0 received task notification
2026-01-03 19:49:53 - ScannerWorker_command_injection_worker_0 - INFO - Worker command_injection_worker_0 received task notification
2026-01-03 19:49:53 - ScannerWorker_command_injection_worker_0 - INFO - Worker command_injection_worker_0 received task notification
2026-01-03 19:49:53 - ScannerWorker_command_injection_worker_0 - INFO - Worker command_injection_worker_0 received task notification
2026-01-03 19:49:54 - ScannerWorker_command_injection_worker_0 - INFO - Worker command_injection_worker_0 received task notification
2026-01-03 19:49:54 - ScannerWorker_command_injection_worker_0 - INFO - Worker command_injection_worker_0 received task notification
2026-01-03 19:49:54 - ScannerWorker_command_injection_worker_0 - INFO - Worker command_injection_worker_0 received task notification
2026-01-03 19:49:54 - ScannerWorker_command_injection_worker_0 - INFO - Worker command_injection_worker_0 received task notification
2026-01-03 19:49:54 - ScannerWorker_command_injection_worker_0 - INFO - Worker command_injection_worker_0 received task notification
2026-01-03 19:49:54 - ScannerWorker_command_injection_worker_0 - INFO - Worker command_injection_worker_0 received task notification
2026-01-03 19:49:54 - ScannerWorker_command_injection_worker_0 - INFO - Worker command_injection_worker_0 received task notification
2026-01-03 19:49:54 - ScannerWorker_command_injection_worker_0 - INFO - Worker command_injection_worker_0 received task notification
2026-01-03 19:49:54 - ScannerWorker_command_injection_worker_0 - INFO - Worker command_injection_worker_0 received task notification
2026-01-03 19:49:54 - ScannerWorker_command_injection_worker_0 - INFO - Worker command_injection_worker_0 received task notification
2026-01-03 19:49:54 - ScannerWorker_command_injection_worker_0 - INFO - Worker command_injection_worker_0 received task notification
2026-01-03 19:49:54 - ScannerWorker_command_injection_worker_0 - INFO - Worker command_injection_worker_0 received task notification
2026-01-03 19:49:54 - ScannerWorker_command_injection_worker_0 - INFO - Processing task scan_0a020063048e87c282a37e2d00940014.web-security-academy.net_20260103_194943_public_cc4b8d17 with CommandOSInjectionScanner on https://0a020063048e87c282a37e2d00940014.web-security-academy.net/product?productId=6
2026-01-03 19:49:54 - ScannerWorker_command_injection_worker_0 - INFO - Worker execution results keys: ['findings', 'summary', 'scan_metadata', 'technical_metrics', 'owasp_categories']
2026-01-03 19:49:54 - ScannerWorker_command_injection_worker_0 - WARNING - Worker: raw_data MISSING in scanner results!
2026-01-03 19:49:54 - ScannerWorker_command_injection_worker_0 - INFO - [SCANNER TRACKING] 0a020063048e87c282a37e2d00940014.web-security-academy.net_20260103_194943_public: Scanner 'CommandOSInjectionScanner' marked as completed (42 total)
2026-01-03 19:49:54 - ScannerWorker_command_injection_worker_0 - INFO - [SCANNER COMPLETION] 0a020063048e87c282a37e2d00940014.web-security-academy.net_20260103_194943_public: ALL 8/4 scanners completed!
2026-01-03 19:49:54 - ScannerWorker_command_injection_worker_0 - INFO - Task scan_0a020063048e87c282a37e2d00940014.web-security-academy.net_20260103_194943_public_cc4b8d17 completed successfully in 0.00s with 0 findings
2026-01-03 19:49:54 - ScannerWorker_command_injection_worker_0 - INFO - Worker command_injection_worker_0 received task notification
2026-01-03 19:49:54 - ScannerWorker_command_injection_worker_0 - INFO - Worker command_injection_worker_0 received task notification
2026-01-03 19:49:54 - ScannerWorker_command_injection_worker_0 - INFO - Worker command_injection_worker_0 received task notification
2026-01-03 19:49:54 - ScannerWorker_command_injection_worker_0 - INFO - Worker command_injection_worker_0 received task notification
2026-01-03 19:49:54 - ScannerWorker_command_injection_worker_0 - INFO - Worker command_injection_worker_0 received task notification
2026-01-03 19:49:54 - ScannerWorker_command_injection_worker_0 - INFO - Worker command_injection_worker_0 received task notification
2026-01-03 19:49:54 - ScannerWorker_command_injection_worker_0 - INFO - Worker command_injection_worker_0 received task notification
2026-01-03 19:49:54 - ScannerWorker_command_injection_worker_0 - INFO - Worker command_injection_worker_0 received task notification
2026-01-03 19:49:54 - ScannerWorker_command_injection_worker_0 - INFO - Processing task scan_0a020063048e87c282a37e2d00940014.web-security-academy.net_20260103_194943_public_b7443e74 with CommandOSInjectionScanner on https://0a020063048e87c282a37e2d00940014.web-security-academy.net/product?productId=9
2026-01-03 19:49:54 - ScannerWorker_command_injection_worker_0 - INFO - Worker execution results keys: ['findings', 'summary', 'scan_metadata', 'technical_metrics', 'owasp_categories']
2026-01-03 19:49:54 - ScannerWorker_command_injection_worker_0 - WARNING - Worker: raw_data MISSING in scanner results!
2026-01-03 19:49:55 - ScannerWorker_command_injection_worker_0 - INFO - [SCANNER TRACKING] 0a020063048e87c282a37e2d00940014.web-security-academy.net_20260103_194943_public: Scanner 'CommandOSInjectionScanner' marked as completed (44 total)
2026-01-03 19:49:55 - ScannerWorker_command_injection_worker_0 - INFO - [SCANNER COMPLETION] 0a020063048e87c282a37e2d00940014.web-security-academy.net_20260103_194943_public: ALL 8/4 scanners completed!
2026-01-03 19:49:55 - ScannerWorker_command_injection_worker_0 - INFO - Task scan_0a020063048e87c282a37e2d00940014.web-security-academy.net_20260103_194943_public_b7443e74 completed successfully in 0.00s with 0 findings
2026-01-03 19:49:55 - ScannerWorker_command_injection_worker_0 - INFO - Worker command_injection_worker_0 received task notification
2026-01-03 19:49:55 - ScannerWorker_command_injection_worker_0 - INFO - Worker command_injection_worker_0 received task notification
2026-01-03 19:49:55 - ScannerWorker_command_injection_worker_0 - INFO - Worker command_injection_worker_0 received task notification
2026-01-03 19:49:55 - ScannerWorker_command_injection_worker_0 - INFO - Worker command_injection_worker_0 received task notification
2026-01-03 19:49:55 - ScannerWorker_command_injection_worker_0 - INFO - Worker command_injection_worker_0 received task notification
2026-01-03 19:49:55 - ScannerWorker_command_injection_worker_0 - INFO - Worker command_injection_worker_0 received task notification
2026-01-03 19:49:55 - ScannerWorker_command_injection_worker_0 - INFO - Worker command_injection_worker_0 received task notification
2026-01-03 19:49:55 - ScannerWorker_command_injection_worker_0 - INFO - Worker command_injection_worker_0 received task notification
2026-01-03 19:49:55 - ScannerWorker_command_injection_worker_0 - INFO - Processing task scan_0a020063048e87c282a37e2d00940014.web-security-academy.net_20260103_194943_public_f71b5ac0 with CommandOSInjectionScanner on https://0a020063048e87c282a37e2d00940014.web-security-academy.net/product?productId=8
2026-01-03 19:49:55 - ScannerWorker_command_injection_worker_0 - INFO - Worker execution results keys: ['findings', 'summary', 'scan_metadata', 'technical_metrics', 'owasp_categories']
2026-01-03 19:49:55 - ScannerWorker_command_injection_worker_0 - WARNING - Worker: raw_data MISSING in scanner results!
2026-01-03 19:49:55 - ScannerWorker_command_injection_worker_0 - INFO - [SCANNER TRACKING] 0a020063048e87c282a37e2d00940014.web-security-academy.net_20260103_194943_public: Scanner 'CommandOSInjectionScanner' marked as completed (46 total)
2026-01-03 19:49:55 - ScannerWorker_command_injection_worker_0 - INFO - [SCANNER COMPLETION] 0a020063048e87c282a37e2d00940014.web-security-academy.net_20260103_194943_public: ALL 8/4 scanners completed!
2026-01-03 19:49:55 - ScannerWorker_command_injection_worker_0 - INFO - Task scan_0a020063048e87c282a37e2d00940014.web-security-academy.net_20260103_194943_public_f71b5ac0 completed successfully in 0.00s with 0 findings
2026-01-03 19:49:55 - ScannerWorker_command_injection_worker_0 - INFO - Worker command_injection_worker_0 received task notification
2026-01-03 19:49:55 - ScannerWorker_command_injection_worker_0 - INFO - Worker command_injection_worker_0 received task notification
2026-01-03 19:49:55 - ScannerWorker_command_injection_worker_0 - INFO - Worker command_injection_worker_0 received task notification
2026-01-03 19:49:55 - ScannerWorker_command_injection_worker_0 - INFO - Worker command_injection_worker_0 received task notification
2026-01-03 19:49:55 - ScannerWorker_command_injection_worker_0 - INFO - Worker command_injection_worker_0 received task notification
2026-01-03 19:49:55 - ScannerWorker_command_injection_worker_0 - INFO - Worker command_injection_worker_0 received task notification
2026-01-03 19:49:55 - ScannerWorker_command_injection_worker_0 - INFO - Worker command_injection_worker_0 received task notification
2026-01-03 19:49:55 - ScannerWorker_command_injection_worker_0 - INFO - Worker command_injection_worker_0 received task notification
2026-01-03 19:49:55 - ScannerWorker_command_injection_worker_0 - INFO - Processing task scan_0a020063048e87c282a37e2d00940014.web-security-academy.net_20260103_194943_public_c03a1c26 with CommandOSInjectionScanner on https://0a020063048e87c282a37e2d00940014.web-security-academy.net/product?productId=7
2026-01-03 19:49:55 - ScannerWorker_command_injection_worker_0 - INFO - Worker execution results keys: ['findings', 'summary', 'scan_metadata', 'technical_metrics', 'owasp_categories']
2026-01-03 19:49:55 - ScannerWorker_command_injection_worker_0 - WARNING - Worker: raw_data MISSING in scanner results!
2026-01-03 19:49:55 - ScannerWorker_command_injection_worker_0 - INFO - [SCANNER TRACKING] 0a020063048e87c282a37e2d00940014.web-security-academy.net_20260103_194943_public: Scanner 'CommandOSInjectionScanner' marked as completed (48 total)
2026-01-03 19:49:55 - ScannerWorker_command_injection_worker_0 - INFO - [SCANNER COMPLETION] 0a020063048e87c282a37e2d00940014.web-security-academy.net_20260103_194943_public: ALL 8/4 scanners completed!
2026-01-03 19:49:55 - ScannerWorker_command_injection_worker_0 - INFO - Task scan_0a020063048e87c282a37e2d00940014.web-security-academy.net_20260103_194943_public_c03a1c26 completed successfully in 0.00s with 0 findings
2026-01-03 19:49:55 - ScannerWorker_command_injection_worker_0 - INFO - Worker command_injection_worker_0 received task notification
2026-01-03 19:49:55 - ScannerWorker_command_injection_worker_0 - INFO - Worker command_injection_worker_0 received task notification
2026-01-03 19:49:55 - ScannerWorker_command_injection_worker_0 - INFO - Worker command_injection_worker_0 received task notification
2026-01-03 19:49:55 - ScannerWorker_command_injection_worker_0 - INFO - Worker command_injection_worker_0 received task notification
2026-01-03 19:49:55 - ScannerWorker_command_injection_worker_0 - INFO - Worker command_injection_worker_0 received task notification
2026-01-03 19:49:55 - ScannerWorker_command_injection_worker_0 - INFO - Worker command_injection_worker_0 received task notification
2026-01-03 19:49:55 - ScannerWorker_command_injection_worker_0 - INFO - Worker command_injection_worker_0 received task notification
2026-01-03 19:49:55 - ScannerWorker_command_injection_worker_0 - INFO - Worker command_injection_worker_0 received task notification
2026-01-03 19:49:55 - ScannerWorker_command_injection_worker_0 - INFO - Processing task scan_0a020063048e87c282a37e2d00940014.web-security-academy.net_20260103_194943_public_3c0b11a0 with CommandOSInjectionScanner on https://0a020063048e87c282a37e2d00940014.web-security-academy.net/product?productId=5
2026-01-03 19:49:55 - ScannerWorker_command_injection_worker_0 - INFO - Worker execution results keys: ['findings', 'summary', 'scan_metadata', 'technical_metrics', 'owasp_categories']
2026-01-03 19:49:55 - ScannerWorker_command_injection_worker_0 - WARNING - Worker: raw_data MISSING in scanner results!
2026-01-03 19:49:55 - ScannerWorker_command_injection_worker_0 - INFO - [SCANNER TRACKING] 0a020063048e87c282a37e2d00940014.web-security-academy.net_20260103_194943_public: Scanner 'CommandOSInjectionScanner' marked as completed (50 total)
2026-01-03 19:49:55 - ScannerWorker_command_injection_worker_0 - INFO - [SCANNER COMPLETION] 0a020063048e87c282a37e2d00940014.web-security-academy.net_20260103_194943_public: ALL 8/4 scanners completed!
2026-01-03 19:49:55 - ScannerWorker_command_injection_worker_0 - INFO - Task scan_0a020063048e87c282a37e2d00940014.web-security-academy.net_20260103_194943_public_3c0b11a0 completed successfully in 0.00s with 0 findings
2026-01-03 19:49:55 - ScannerWorker_command_injection_worker_0 - INFO - Worker command_injection_worker_0 received task notification
2026-01-03 19:49:55 - ScannerWorker_command_injection_worker_0 - INFO - Worker command_injection_worker_0 received task notification
2026-01-03 19:49:55 - ScannerWorker_command_injection_worker_0 - INFO - Worker command_injection_worker_0 received task notification
2026-01-03 19:49:55 - ScannerWorker_command_injection_worker_0 - INFO - Worker command_injection_worker_0 received task notification
2026-01-03 19:49:55 - ScannerWorker_command_injection_worker_0 - INFO - Worker command_injection_worker_0 received task notification
2026-01-03 19:49:55 - ScannerWorker_command_injection_worker_0 - INFO - Worker command_injection_worker_0 received task notification
2026-01-03 19:49:55 - ScannerWorker_command_injection_worker_0 - INFO - Worker command_injection_worker_0 received task notification
2026-01-03 19:49:55 - ScannerWorker_command_injection_worker_0 - INFO - Worker command_injection_worker_0 received task notification
2026-01-03 19:49:55 - ScannerWorker_command_injection_worker_0 - INFO - Worker command_injection_worker_0 received task notification
2026-01-03 19:49:55 - ScannerWorker_command_injection_worker_0 - INFO - Worker command_injection_worker_0 received task notification
2026-01-03 19:49:55 - ScannerWorker_command_injection_worker_0 - INFO - Worker command_injection_worker_0 received task notification
2026-01-03 19:49:55 - ScannerWorker_command_injection_worker_0 - INFO - Worker command_injection_worker_0 received task notification
2026-01-03 19:49:55 - ScannerWorker_command_injection_worker_0 - INFO - Worker command_injection_worker_0 received task notification
2026-01-03 19:49:55 - ScannerWorker_command_injection_worker_0 - INFO - Worker command_injection_worker_0 received task notification
2026-01-03 19:49:55 - ScannerWorker_command_injection_worker_0 - INFO - Worker command_injection_worker_0 received task notification
2026-01-03 19:49:55 - ScannerWorker_command_injection_worker_0 - INFO - Worker command_injection_worker_0 received task notification
2026-01-03 19:49:55 - ScannerWorker_command_injection_worker_0 - INFO - Worker command_injection_worker_0 received task notification
2026-01-03 19:49:55 - ScannerWorker_command_injection_worker_0 - INFO - Worker command_injection_worker_0 received task notification
2026-01-03 19:49:55 - ScannerWorker_command_injection_worker_0 - INFO - Worker command_injection_worker_0 received task notification
2026-01-03 19:49:55 - ScannerWorker_command_injection_worker_0 - INFO - Worker command_injection_worker_0 received task notification
2026-01-03 19:49:55 - ScannerWorker_command_injection_worker_0 - INFO - Worker command_injection_worker_0 received task notification
2026-01-03 19:49:55 - ScannerWorker_command_injection_worker_0 - INFO - Worker command_injection_worker_0 received task notification
2026-01-03 19:49:55 - ScannerWorker_command_injection_worker_0 - INFO - Worker command_injection_worker_0 received task notification
2026-01-03 19:49:55 - ScannerWorker_command_injection_worker_0 - INFO - Worker command_injection_worker_0 received task notification
2026-01-03 19:49:55 - ScannerWorker_command_injection_worker_0 - INFO - Worker command_injection_worker_0 received task notification
2026-01-03 19:49:55 - ScannerWorker_command_injection_worker_0 - INFO - Worker command_injection_worker_0 received task notification
2026-01-03 19:49:55 - ScannerWorker_command_injection_worker_0 - INFO - Worker command_injection_worker_0 received task notification
2026-01-03 19:49:55 - ScannerWorker_command_injection_worker_0 - INFO - Worker command_injection_worker_0 received task notification
2026-01-03 19:49:55 - ScannerWorker_command_injection_worker_0 - INFO - Worker command_injection_worker_0 received task notification
2026-01-03 19:49:55 - ScannerWorker_command_injection_worker_0 - INFO - Worker command_injection_worker_0 received task notification
2026-01-03 19:49:55 - ScannerWorker_command_injection_worker_0 - INFO - Worker command_injection_worker_0 received task notification
2026-01-03 19:49:55 - ScannerWorker_command_injection_worker_0 - INFO - Worker command_injection_worker_0 received task notification
2026-01-03 19:49:55 - ScannerWorker_command_injection_worker_0 - INFO - Worker command_injection_worker_0 received task notification
2026-01-03 19:49:55 - ScannerWorker_command_injection_worker_0 - INFO - Worker command_injection_worker_0 received task notification
2026-01-03 19:49:55 - ScannerWorker_command_injection_worker_0 - INFO - Worker command_injection_worker_0 received task notification
2026-01-03 19:49:55 - ScannerWorker_command_injection_worker_0 - INFO - Worker command_injection_worker_0 received task notification
2026-01-03 19:49:55 - ScannerWorker_command_injection_worker_0 - INFO - Worker command_injection_worker_0 received task notification
2026-01-03 19:49:55 - ScannerWorker_command_injection_worker_0 - INFO - Worker command_injection_worker_0 received task notification
2026-01-03 19:49:55 - ScannerWorker_command_injection_worker_0 - INFO - Worker command_injection_worker_0 received task notification
2026-01-03 19:49:55 - ScannerWorker_command_injection_worker_0 - INFO - Worker command_injection_worker_0 received task notification
2026-01-03 19:49:55 - ScannerWorker_command_injection_worker_0 - INFO - Worker command_injection_worker_0 received task notification
2026-01-03 19:49:55 - ScannerWorker_command_injection_worker_0 - INFO - Worker command_injection_worker_0 received task notification
2026-01-03 19:49:55 - ScannerWorker_command_injection_worker_0 - INFO - Worker command_injection_worker_0 received task notification
2026-01-03 19:49:55 - ScannerWorker_command_injection_worker_0 - INFO - Worker command_injection_worker_0 received task notification
2026-01-03 19:49:55 - ScannerWorker_command_injection_worker_0 - INFO - Worker command_injection_worker_0 received task notification
2026-01-03 19:49:55 - ScannerWorker_command_injection_worker_0 - INFO - Worker command_injection_worker_0 received task notification
2026-01-03 19:49:55 - ScannerWorker_command_injection_worker_0 - INFO - Worker command_injection_worker_0 received task notification
2026-01-03 19:49:55 - ScannerWorker_command_injection_worker_0 - INFO - Worker command_injection_worker_0 received task notification
2026-01-03 19:49:55 - ScannerWorker_command_injection_worker_0 - INFO - Worker command_injection_worker_0 received task notification
2026-01-03 19:49:55 - ScannerWorker_command_injection_worker_0 - INFO - Worker command_injection_worker_0 received task notification
2026-01-03 19:49:55 - ScannerWorker_command_injection_worker_0 - INFO - Worker command_injection_worker_0 received task notification
2026-01-03 19:49:55 - ScannerWorker_command_injection_worker_0 - INFO - Worker command_injection_worker_0 received task notification
2026-01-03 19:49:55 - ScannerWorker_command_injection_worker_0 - INFO - Worker command_injection_worker_0 received task notification
2026-01-03 19:49:55 - ScannerWorker_command_injection_worker_0 - INFO - Worker command_injection_worker_0 received task notification
2026-01-03 19:49:55 - ScannerWorker_command_injection_worker_0 - INFO - Worker command_injection_worker_0 received task notification
2026-01-03 19:49:55 - ScannerWorker_command_injection_worker_0 - INFO - Worker command_injection_worker_0 received task notification
2026-01-03 19:49:55 - ScannerWorker_command_injection_worker_0 - INFO - Worker command_injection_worker_0 received task notification
2026-01-03 19:49:55 - ScannerWorker_command_injection_worker_0 - INFO - Worker command_injection_worker_0 received task notification
2026-01-03 19:49:55 - ScannerWorker_command_injection_worker_0 - INFO - Worker command_injection_worker_0 received task notification
2026-01-03 19:49:55 - ScannerWorker_command_injection_worker_0 - INFO - Worker command_injection_worker_0 received task notification
2026-01-03 19:49:55 - ScannerWorker_command_injection_worker_0 - INFO - Worker command_injection_worker_0 received task notification
2026-01-03 19:49:55 - ScannerWorker_command_injection_worker_0 - INFO - Worker command_injection_worker_0 received task notification
2026-01-03 19:49:55 - ScannerWorker_command_injection_worker_0 - INFO - Worker command_injection_worker_0 received task notification
2026-01-03 19:49:55 - ScannerWorker_command_injection_worker_0 - INFO - Worker command_injection_worker_0 received task notification
2026-01-03 19:49:55 - ScannerWorker_command_injection_worker_0 - INFO - Worker command_injection_worker_0 received task notification
2026-01-03 19:49:55 - ScannerWorker_command_injection_worker_0 - INFO - Worker command_injection_worker_0 received task notification
2026-01-03 19:49:57 - ScannerWorker_command_injection_worker_0 - INFO - Worker command_injection_worker_0 received task notification
2026-01-03 19:49:57 - ScannerWorker_command_injection_worker_0 - INFO - Worker command_injection_worker_0 received task notification
2026-01-03 19:49:57 - ScannerWorker_command_injection_worker_0 - INFO - Worker command_injection_worker_0 received task notification
2026-01-03 19:49:57 - ScannerWorker_command_injection_worker_0 - INFO - Worker command_injection_worker_0 received task notification
2026-01-03 19:49:57 - ScannerWorker_command_injection_worker_0 - INFO - Worker command_injection_worker_0 received task notification
2026-01-03 19:49:57 - ScannerWorker_command_injection_worker_0 - INFO - Worker command_injection_worker_0 received task notification
2026-01-03 19:49:57 - ScannerWorker_command_injection_worker_0 - INFO - Worker command_injection_worker_0 received task notification
2026-01-03 19:49:57 - ScannerWorker_command_injection_worker_0 - INFO - Worker command_injection_worker_0 received task notification
2026-01-03 19:49:57 - ScannerWorker_command_injection_worker_0 - INFO - Worker command_injection_worker_0 received task notification
2026-01-03 19:49:57 - ScannerWorker_command_injection_worker_0 - INFO - Worker command_injection_worker_0 received task notification
2026-01-03 19:49:57 - ScannerWorker_command_injection_worker_0 - INFO - Worker command_injection_worker_0 received task notification
2026-01-03 19:49:57 - ScannerWorker_command_injection_worker_0 - INFO - Processing task scan_0a020063048e87c282a37e2d00940014.web-security-academy.net_20260103_194943_public_f747a4b8 with CommandOSInjectionScanner on https://0a020063048e87c282a37e2d00940014.web-security-academy.net/product?productId=12
2026-01-03 19:49:57 - ScannerWorker_command_injection_worker_0 - INFO - Worker execution results keys: ['findings', 'summary', 'scan_metadata', 'technical_metrics', 'owasp_categories']
2026-01-03 19:49:57 - ScannerWorker_command_injection_worker_0 - WARNING - Worker: raw_data MISSING in scanner results!
2026-01-03 19:49:57 - ScannerWorker_command_injection_worker_0 - INFO - [SCANNER TRACKING] 0a020063048e87c282a37e2d00940014.web-security-academy.net_20260103_194943_public: Scanner 'CommandOSInjectionScanner' marked as completed (53 total)
2026-01-03 19:49:57 - ScannerWorker_command_injection_worker_0 - INFO - [SCANNER COMPLETION] 0a020063048e87c282a37e2d00940014.web-security-academy.net_20260103_194943_public: ALL 9/4 scanners completed!
2026-01-03 19:49:57 - ScannerWorker_command_injection_worker_0 - INFO - Task scan_0a020063048e87c282a37e2d00940014.web-security-academy.net_20260103_194943_public_f747a4b8 completed successfully in 0.00s with 0 findings
2026-01-03 19:49:57 - ScannerWorker_command_injection_worker_0 - INFO - Worker command_injection_worker_0 received task notification
2026-01-03 19:49:57 - ScannerWorker_command_injection_worker_0 - INFO - Worker command_injection_worker_0 received task notification
2026-01-03 19:49:57 - ScannerWorker_command_injection_worker_0 - INFO - Worker command_injection_worker_0 received task notification
2026-01-03 19:49:57 - ScannerWorker_command_injection_worker_0 - INFO - Worker command_injection_worker_0 received task notification
2026-01-03 19:49:57 - ScannerWorker_command_injection_worker_0 - INFO - Worker command_injection_worker_0 received task notification
2026-01-03 19:49:57 - ScannerWorker_command_injection_worker_0 - INFO - Worker command_injection_worker_0 received task notification
2026-01-03 19:49:57 - ScannerWorker_command_injection_worker_0 - INFO - Worker command_injection_worker_0 received task notification
2026-01-03 19:49:57 - ScannerWorker_command_injection_worker_0 - INFO - Worker command_injection_worker_0 received task notification
2026-01-03 19:49:57 - ScannerWorker_command_injection_worker_0 - INFO - Worker command_injection_worker_0 received task notification
2026-01-03 19:49:57 - ScannerWorker_command_injection_worker_0 - INFO - Processing task scan_0a020063048e87c282a37e2d00940014.web-security-academy.net_20260103_194943_public_4129d215 with CommandOSInjectionScanner on https://0a020063048e87c282a37e2d00940014.web-security-academy.net/product?productId=11
2026-01-03 19:49:57 - ScannerWorker_command_injection_worker_0 - INFO - Worker execution results keys: ['findings', 'summary', 'scan_metadata', 'technical_metrics', 'owasp_categories']
2026-01-03 19:49:57 - ScannerWorker_command_injection_worker_0 - WARNING - Worker: raw_data MISSING in scanner results!
2026-01-03 19:49:57 - ScannerWorker_command_injection_worker_0 - INFO - [SCANNER TRACKING] 0a020063048e87c282a37e2d00940014.web-security-academy.net_20260103_194943_public: Scanner 'CommandOSInjectionScanner' marked as completed (55 total)
2026-01-03 19:49:57 - ScannerWorker_command_injection_worker_0 - INFO - [SCANNER COMPLETION] 0a020063048e87c282a37e2d00940014.web-security-academy.net_20260103_194943_public: ALL 9/4 scanners completed!
2026-01-03 19:49:57 - ScannerWorker_command_injection_worker_0 - INFO - Task scan_0a020063048e87c282a37e2d00940014.web-security-academy.net_20260103_194943_public_4129d215 completed successfully in 0.00s with 0 findings
2026-01-03 19:49:57 - ScannerWorker_command_injection_worker_0 - INFO - Worker command_injection_worker_0 received task notification
2026-01-03 19:49:57 - ScannerWorker_command_injection_worker_0 - INFO - Worker command_injection_worker_0 received task notification
2026-01-03 19:49:57 - ScannerWorker_command_injection_worker_0 - INFO - Worker command_injection_worker_0 received task notification
2026-01-03 19:49:57 - ScannerWorker_command_injection_worker_0 - INFO - Worker command_injection_worker_0 received task notification
2026-01-03 19:49:57 - ScannerWorker_command_injection_worker_0 - INFO - Worker command_injection_worker_0 received task notification
2026-01-03 19:49:57 - ScannerWorker_command_injection_worker_0 - INFO - Worker command_injection_worker_0 received task notification
2026-01-03 19:49:57 - ScannerWorker_command_injection_worker_0 - INFO - Worker command_injection_worker_0 received task notification
2026-01-03 19:49:57 - ScannerWorker_command_injection_worker_0 - INFO - Worker command_injection_worker_0 received task notification
2026-01-03 19:49:57 - ScannerWorker_command_injection_worker_0 - INFO - Processing task scan_0a020063048e87c282a37e2d00940014.web-security-academy.net_20260103_194943_public_caf1fa3d with CommandOSInjectionScanner on https://0a020063048e87c282a37e2d00940014.web-security-academy.net/product?productId=10
2026-01-03 19:49:57 - ScannerWorker_command_injection_worker_0 - INFO - Worker execution results keys: ['findings', 'summary', 'scan_metadata', 'technical_metrics', 'owasp_categories']
2026-01-03 19:49:57 - ScannerWorker_command_injection_worker_0 - WARNING - Worker: raw_data MISSING in scanner results!
2026-01-03 19:49:57 - ScannerWorker_command_injection_worker_0 - INFO - [SCANNER TRACKING] 0a020063048e87c282a37e2d00940014.web-security-academy.net_20260103_194943_public: Scanner 'CommandOSInjectionScanner' marked as completed (57 total)
2026-01-03 19:49:57 - ScannerWorker_command_injection_worker_0 - INFO - [SCANNER COMPLETION] 0a020063048e87c282a37e2d00940014.web-security-academy.net_20260103_194943_public: ALL 9/4 scanners completed!
2026-01-03 19:49:57 - ScannerWorker_command_injection_worker_0 - INFO - Task scan_0a020063048e87c282a37e2d00940014.web-security-academy.net_20260103_194943_public_caf1fa3d completed successfully in 0.00s with 0 findings
2026-01-03 19:49:57 - ScannerWorker_command_injection_worker_0 - INFO - Worker command_injection_worker_0 received task notification
2026-01-03 19:49:57 - ScannerWorker_command_injection_worker_0 - INFO - Worker command_injection_worker_0 received task notification
2026-01-03 19:49:57 - ScannerWorker_command_injection_worker_0 - INFO - Worker command_injection_worker_0 received task notification
2026-01-03 19:49:57 - ScannerWorker_command_injection_worker_0 - INFO - Worker command_injection_worker_0 received task notification
2026-01-03 19:49:57 - ScannerWorker_command_injection_worker_0 - INFO - Worker command_injection_worker_0 received task notification
2026-01-03 19:49:57 - ScannerWorker_command_injection_worker_0 - INFO - Worker command_injection_worker_0 received task notification
2026-01-03 19:49:57 - ScannerWorker_command_injection_worker_0 - INFO - Worker command_injection_worker_0 received task notification
2026-01-03 19:49:57 - ScannerWorker_command_injection_worker_0 - INFO - Worker command_injection_worker_0 received task notification
2026-01-03 19:49:57 - ScannerWorker_command_injection_worker_0 - INFO - Worker command_injection_worker_0 received task notification
2026-01-03 19:49:57 - ScannerWorker_command_injection_worker_0 - INFO - Worker command_injection_worker_0 received task notification
2026-01-03 19:49:57 - ScannerWorker_command_injection_worker_0 - INFO - Worker command_injection_worker_0 received task notification
2026-01-03 19:49:57 - ScannerWorker_command_injection_worker_0 - INFO - Worker command_injection_worker_0 received task notification
2026-01-03 19:49:57 - ScannerWorker_command_injection_worker_0 - INFO - Worker command_injection_worker_0 received task notification
2026-01-03 19:49:57 - ScannerWorker_command_injection_worker_0 - INFO - Worker command_injection_worker_0 received task notification
2026-01-03 19:49:57 - ScannerWorker_command_injection_worker_0 - INFO - Worker command_injection_worker_0 received task notification
2026-01-03 19:49:57 - ScannerWorker_command_injection_worker_0 - INFO - Worker command_injection_worker_0 received task notification
2026-01-03 19:49:57 - ScannerWorker_command_injection_worker_0 - INFO - Worker command_injection_worker_0 received task notification
2026-01-03 19:49:57 - ScannerWorker_command_injection_worker_0 - INFO - Worker command_injection_worker_0 received task notification
2026-01-03 19:49:57 - ScannerWorker_command_injection_worker_0 - INFO - Worker command_injection_worker_0 received task notification
2026-01-03 19:49:57 - ScannerWorker_command_injection_worker_0 - INFO - Worker command_injection_worker_0 received task notification
2026-01-03 19:49:57 - ScannerWorker_command_injection_worker_0 - INFO - Worker command_injection_worker_0 received task notification
2026-01-03 19:49:57 - ScannerWorker_command_injection_worker_0 - INFO - Worker command_injection_worker_0 received task notification
2026-01-03 19:49:57 - ScannerWorker_command_injection_worker_0 - INFO - Worker command_injection_worker_0 received task notification
2026-01-03 19:49:57 - ScannerWorker_command_injection_worker_0 - INFO - Worker command_injection_worker_0 received task notification
2026-01-03 19:49:57 - ScannerWorker_command_injection_worker_0 - INFO - Worker command_injection_worker_0 received task notification
2026-01-03 19:49:57 - ScannerWorker_command_injection_worker_0 - INFO - Worker command_injection_worker_0 received task notification
2026-01-03 19:49:57 - ScannerWorker_command_injection_worker_0 - INFO - Worker command_injection_worker_0 received task notification
2026-01-03 19:49:57 - ScannerWorker_command_injection_worker_0 - INFO - Worker command_injection_worker_0 received task notification
2026-01-03 19:49:57 - ScannerWorker_command_injection_worker_0 - INFO - Worker command_injection_worker_0 received task notification
2026-01-03 19:49:57 - ScannerWorker_command_injection_worker_0 - INFO - Worker command_injection_worker_0 received task notification
2026-01-03 19:49:57 - ScannerWorker_command_injection_worker_0 - INFO - Worker command_injection_worker_0 received task notification
2026-01-03 19:49:57 - ScannerWorker_command_injection_worker_0 - INFO - Worker command_injection_worker_0 received task notification
2026-01-03 19:49:57 - ScannerWorker_command_injection_worker_0 - INFO - Worker command_injection_worker_0 received task notification
2026-01-03 19:49:57 - ScannerWorker_command_injection_worker_0 - INFO - Worker command_injection_worker_0 received task notification
2026-01-03 19:49:57 - ScannerWorker_command_injection_worker_0 - INFO - Worker command_injection_worker_0 received task notification
2026-01-03 19:49:57 - ScannerWorker_command_injection_worker_0 - INFO - Worker command_injection_worker_0 received task notification
2026-01-03 19:49:57 - ScannerWorker_command_injection_worker_0 - INFO - Worker command_injection_worker_0 received task notification
2026-01-03 19:49:57 - ScannerWorker_command_injection_worker_0 - INFO - Worker command_injection_worker_0 received task notification
2026-01-03 19:49:59 - ScannerWorker_command_injection_worker_0 - INFO - Worker command_injection_worker_0 received task notification
2026-01-03 19:49:59 - ScannerWorker_command_injection_worker_0 - INFO - Worker command_injection_worker_0 received task notification
2026-01-03 19:49:59 - ScannerWorker_command_injection_worker_0 - INFO - Worker command_injection_worker_0 received task notification
2026-01-03 19:49:59 - ScannerWorker_command_injection_worker_0 - INFO - Worker command_injection_worker_0 received task notification
2026-01-03 19:49:59 - ScannerWorker_command_injection_worker_0 - INFO - Worker command_injection_worker_0 received task notification
2026-01-03 19:49:59 - ScannerWorker_command_injection_worker_0 - INFO - Worker command_injection_worker_0 received task notification
2026-01-03 19:49:59 - ScannerWorker_command_injection_worker_0 - INFO - Worker command_injection_worker_0 received task notification
2026-01-03 19:49:59 - ScannerWorker_command_injection_worker_0 - INFO - Worker command_injection_worker_0 received task notification
2026-01-03 19:49:59 - ScannerWorker_command_injection_worker_0 - INFO - Worker command_injection_worker_0 received task notification
2026-01-03 19:49:59 - ScannerWorker_command_injection_worker_0 - INFO - Worker command_injection_worker_0 received task notification
2026-01-03 19:49:59 - ScannerWorker_command_injection_worker_0 - INFO - Worker command_injection_worker_0 received task notification
2026-01-03 19:49:59 - ScannerWorker_command_injection_worker_0 - INFO - Processing task scan_0a020063048e87c282a37e2d00940014.web-security-academy.net_20260103_194943_public_1af6c02e with CommandOSInjectionScanner on https://0a020063048e87c282a37e2d00940014.web-security-academy.net/product?productId=15
2026-01-03 19:49:59 - ScannerWorker_command_injection_worker_0 - INFO - Worker execution results keys: ['findings', 'summary', 'scan_metadata', 'technical_metrics', 'owasp_categories']
2026-01-03 19:49:59 - ScannerWorker_command_injection_worker_0 - WARNING - Worker: raw_data MISSING in scanner results!
2026-01-03 19:49:59 - ScannerWorker_command_injection_worker_0 - INFO - [SCANNER TRACKING] 0a020063048e87c282a37e2d00940014.web-security-academy.net_20260103_194943_public: Scanner 'CommandOSInjectionScanner' marked as completed (59 total)
2026-01-03 19:49:59 - ScannerWorker_command_injection_worker_0 - INFO - [SCANNER COMPLETION] 0a020063048e87c282a37e2d00940014.web-security-academy.net_20260103_194943_public: ALL 9/4 scanners completed!
2026-01-03 19:49:59 - ScannerWorker_command_injection_worker_0 - INFO - Task scan_0a020063048e87c282a37e2d00940014.web-security-academy.net_20260103_194943_public_1af6c02e completed successfully in 0.00s with 0 findings
2026-01-03 19:49:59 - ScannerWorker_command_injection_worker_0 - INFO - Worker command_injection_worker_0 received task notification
2026-01-03 19:49:59 - ScannerWorker_command_injection_worker_0 - INFO - Worker command_injection_worker_0 received task notification
2026-01-03 19:49:59 - ScannerWorker_command_injection_worker_0 - INFO - Worker command_injection_worker_0 received task notification
2026-01-03 19:49:59 - ScannerWorker_command_injection_worker_0 - INFO - Worker command_injection_worker_0 received task notification
2026-01-03 19:49:59 - ScannerWorker_command_injection_worker_0 - INFO - Worker command_injection_worker_0 received task notification
2026-01-03 19:49:59 - ScannerWorker_command_injection_worker_0 - INFO - Worker command_injection_worker_0 received task notification
2026-01-03 19:49:59 - ScannerWorker_command_injection_worker_0 - INFO - Worker command_injection_worker_0 received task notification
2026-01-03 19:49:59 - ScannerWorker_command_injection_worker_0 - INFO - Worker command_injection_worker_0 received task notification
2026-01-03 19:49:59 - ScannerWorker_command_injection_worker_0 - INFO - Processing task scan_0a020063048e87c282a37e2d00940014.web-security-academy.net_20260103_194943_public_b291e029 with CommandOSInjectionScanner on https://0a020063048e87c282a37e2d00940014.web-security-academy.net/product?productId=14
2026-01-03 19:49:59 - ScannerWorker_command_injection_worker_0 - INFO - Worker execution results keys: ['findings', 'summary', 'scan_metadata', 'technical_metrics', 'owasp_categories']
2026-01-03 19:49:59 - ScannerWorker_command_injection_worker_0 - WARNING - Worker: raw_data MISSING in scanner results!
2026-01-03 19:49:59 - ScannerWorker_command_injection_worker_0 - INFO - [SCANNER TRACKING] 0a020063048e87c282a37e2d00940014.web-security-academy.net_20260103_194943_public: Scanner 'CommandOSInjectionScanner' marked as completed (61 total)
2026-01-03 19:49:59 - ScannerWorker_command_injection_worker_0 - INFO - [SCANNER COMPLETION] 0a020063048e87c282a37e2d00940014.web-security-academy.net_20260103_194943_public: ALL 9/4 scanners completed!
2026-01-03 19:49:59 - ScannerWorker_command_injection_worker_0 - INFO - Task scan_0a020063048e87c282a37e2d00940014.web-security-academy.net_20260103_194943_public_b291e029 completed successfully in 0.00s with 0 findings
2026-01-03 19:49:59 - ScannerWorker_command_injection_worker_0 - INFO - Worker command_injection_worker_0 received task notification
2026-01-03 19:49:59 - ScannerWorker_command_injection_worker_0 - INFO - Worker command_injection_worker_0 received task notification
2026-01-03 19:49:59 - ScannerWorker_command_injection_worker_0 - INFO - Worker command_injection_worker_0 received task notification
2026-01-03 19:49:59 - ScannerWorker_command_injection_worker_0 - INFO - Worker command_injection_worker_0 received task notification
2026-01-03 19:49:59 - ScannerWorker_command_injection_worker_0 - INFO - Worker command_injection_worker_0 received task notification
2026-01-03 19:49:59 - ScannerWorker_command_injection_worker_0 - INFO - Worker command_injection_worker_0 received task notification
2026-01-03 19:49:59 - ScannerWorker_command_injection_worker_0 - INFO - Worker command_injection_worker_0 received task notification
2026-01-03 19:49:59 - ScannerWorker_command_injection_worker_0 - INFO - Worker command_injection_worker_0 received task notification
2026-01-03 19:49:59 - ScannerWorker_command_injection_worker_0 - INFO - Worker command_injection_worker_0 received task notification
2026-01-03 19:49:59 - ScannerWorker_command_injection_worker_0 - INFO - Processing task scan_0a020063048e87c282a37e2d00940014.web-security-academy.net_20260103_194943_public_132a9f13 with CommandOSInjectionScanner on https://0a020063048e87c282a37e2d00940014.web-security-academy.net/product?productId=13
2026-01-03 19:49:59 - ScannerWorker_command_injection_worker_0 - INFO - Worker execution results keys: ['findings', 'summary', 'scan_metadata', 'technical_metrics', 'owasp_categories']
2026-01-03 19:49:59 - ScannerWorker_command_injection_worker_0 - WARNING - Worker: raw_data MISSING in scanner results!
2026-01-03 19:49:59 - ScannerWorker_command_injection_worker_0 - INFO - [SCANNER TRACKING] 0a020063048e87c282a37e2d00940014.web-security-academy.net_20260103_194943_public: Scanner 'CommandOSInjectionScanner' marked as completed (63 total)
2026-01-03 19:49:59 - ScannerWorker_command_injection_worker_0 - INFO - [SCANNER COMPLETION] 0a020063048e87c282a37e2d00940014.web-security-academy.net_20260103_194943_public: ALL 9/4 scanners completed!
2026-01-03 19:49:59 - ScannerWorker_command_injection_worker_0 - INFO - Task scan_0a020063048e87c282a37e2d00940014.web-security-academy.net_20260103_194943_public_132a9f13 completed successfully in 0.00s with 0 findings
2026-01-03 19:49:59 - ScannerWorker_command_injection_worker_0 - INFO - Worker command_injection_worker_0 received task notification
2026-01-03 19:49:59 - ScannerWorker_command_injection_worker_0 - INFO - Worker command_injection_worker_0 received task notification
2026-01-03 19:49:59 - ScannerWorker_command_injection_worker_0 - INFO - Worker command_injection_worker_0 received task notification
2026-01-03 19:49:59 - ScannerWorker_command_injection_worker_0 - INFO - Worker command_injection_worker_0 received task notification
2026-01-03 19:49:59 - ScannerWorker_command_injection_worker_0 - INFO - Worker command_injection_worker_0 received task notification
2026-01-03 19:49:59 - ScannerWorker_command_injection_worker_0 - INFO - Worker command_injection_worker_0 received task notification
2026-01-03 19:49:59 - ScannerWorker_command_injection_worker_0 - INFO - Worker command_injection_worker_0 received task notification
2026-01-03 19:49:59 - ScannerWorker_command_injection_worker_0 - INFO - Worker command_injection_worker_0 received task notification
2026-01-03 19:49:59 - ScannerWorker_command_injection_worker_0 - INFO - Worker command_injection_worker_0 received task notification
2026-01-03 19:49:59 - ScannerWorker_command_injection_worker_0 - INFO - Worker command_injection_worker_0 received task notification
2026-01-03 19:49:59 - ScannerWorker_command_injection_worker_0 - INFO - Worker command_injection_worker_0 received task notification
2026-01-03 19:49:59 - ScannerWorker_command_injection_worker_0 - INFO - Worker command_injection_worker_0 received task notification
2026-01-03 19:49:59 - ScannerWorker_command_injection_worker_0 - INFO - Worker command_injection_worker_0 received task notification
2026-01-03 19:49:59 - ScannerWorker_command_injection_worker_0 - INFO - Worker command_injection_worker_0 received task notification
2026-01-03 19:49:59 - ScannerWorker_command_injection_worker_0 - INFO - Worker command_injection_worker_0 received task notification
2026-01-03 19:49:59 - ScannerWorker_command_injection_worker_0 - INFO - Worker command_injection_worker_0 received task notification
2026-01-03 19:49:59 - ScannerWorker_command_injection_worker_0 - INFO - Worker command_injection_worker_0 received task notification
2026-01-03 19:49:59 - ScannerWorker_command_injection_worker_0 - INFO - Worker command_injection_worker_0 received task notification
2026-01-03 19:49:59 - ScannerWorker_command_injection_worker_0 - INFO - Worker command_injection_worker_0 received task notification
2026-01-03 19:49:59 - ScannerWorker_command_injection_worker_0 - INFO - Worker command_injection_worker_0 received task notification
2026-01-03 19:49:59 - ScannerWorker_command_injection_worker_0 - INFO - Worker command_injection_worker_0 received task notification
2026-01-03 19:49:59 - ScannerWorker_command_injection_worker_0 - INFO - Worker command_injection_worker_0 received task notification
2026-01-03 19:49:59 - ScannerWorker_command_injection_worker_0 - INFO - Worker command_injection_worker_0 received task notification
2026-01-03 19:49:59 - ScannerWorker_command_injection_worker_0 - INFO - Worker command_injection_worker_0 received task notification
2026-01-03 19:49:59 - ScannerWorker_command_injection_worker_0 - INFO - Worker command_injection_worker_0 received task notification
2026-01-03 19:49:59 - ScannerWorker_command_injection_worker_0 - INFO - Worker command_injection_worker_0 received task notification
2026-01-03 19:49:59 - ScannerWorker_command_injection_worker_0 - INFO - Worker command_injection_worker_0 received task notification
2026-01-03 19:49:59 - ScannerWorker_command_injection_worker_0 - INFO - Worker command_injection_worker_0 received task notification
2026-01-03 19:49:59 - ScannerWorker_command_injection_worker_0 - INFO - Worker command_injection_worker_0 received task notification
2026-01-03 19:49:59 - ScannerWorker_command_injection_worker_0 - INFO - Worker command_injection_worker_0 received task notification
2026-01-03 19:49:59 - ScannerWorker_command_injection_worker_0 - INFO - Worker command_injection_worker_0 received task notification
2026-01-03 19:49:59 - ScannerWorker_command_injection_worker_0 - INFO - Worker command_injection_worker_0 received task notification
2026-01-03 19:49:59 - ScannerWorker_command_injection_worker_0 - INFO - Worker command_injection_worker_0 received task notification
2026-01-03 19:49:59 - ScannerWorker_command_injection_worker_0 - INFO - Worker command_injection_worker_0 received task notification
2026-01-03 19:49:59 - ScannerWorker_command_injection_worker_0 - INFO - Worker command_injection_worker_0 received task notification
2026-01-03 19:49:59 - ScannerWorker_command_injection_worker_0 - INFO - Worker command_injection_worker_0 received task notification
2026-01-03 19:49:59 - ScannerWorker_command_injection_worker_0 - INFO - Worker command_injection_worker_0 received task notification
2026-01-03 19:49:59 - ScannerWorker_command_injection_worker_0 - INFO - Worker command_injection_worker_0 received task notification
