2026-01-03 19:46:37 - ScannerWorker_container_cloud_worker_0 - INFO - Imported ContainerCloudSecurityScanner
2026-01-03 19:46:37 - ScannerWorker_container_cloud_worker_0 - INFO - Imported CloudIAMScanner
2026-01-03 19:46:37 - ScannerWorker_container_cloud_worker_0 - INFO - Imported TrivyScanner
2026-01-03 19:46:37 - ScannerWorker_container_cloud_worker_0 - INFO - Imported ClairIntegration
2026-01-03 19:46:37 - ScannerWorker_container_cloud_worker_0 - INFO - Imported AnchoreIntegration
2026-01-03 19:46:37 - ScannerWorker_container_cloud_worker_0 - INFO - Imported KubeBenchScanner
2026-01-03 19:46:37 - ScannerWorker_container_cloud_worker_0 - INFO - Loaded 6 scanners for category container_cloud
2026-01-03 19:46:37 - ScannerWorker_container_cloud_worker_0 - INFO - Connected to Redis: redis://localhost:6379/0
2026-01-03 19:46:37 - ScannerWorker_container_cloud_worker_0 - INFO - Scanner worker container_cloud_worker_0 started for category container_cloud
2026-01-03 19:49:46 - ScannerWorker_container_cloud_worker_0 - INFO - Worker container_cloud_worker_0 received task notification
2026-01-03 19:49:46 - ScannerWorker_container_cloud_worker_0 - INFO - Worker container_cloud_worker_0 received task notification
2026-01-03 19:49:46 - ScannerWorker_container_cloud_worker_0 - INFO - Worker container_cloud_worker_0 received task notification
2026-01-03 19:49:46 - ScannerWorker_container_cloud_worker_0 - INFO - Worker container_cloud_worker_0 received task notification
2026-01-03 19:49:46 - ScannerWorker_container_cloud_worker_0 - INFO - Worker container_cloud_worker_0 received task notification
2026-01-03 19:49:46 - ScannerWorker_container_cloud_worker_0 - INFO - Worker container_cloud_worker_0 received task notification
2026-01-03 19:49:46 - ScannerWorker_container_cloud_worker_0 - INFO - Worker container_cloud_worker_0 received task notification
2026-01-03 19:49:46 - ScannerWorker_container_cloud_worker_0 - INFO - Worker container_cloud_worker_0 received task notification
2026-01-03 19:49:46 - ScannerWorker_container_cloud_worker_0 - INFO - Worker container_cloud_worker_0 received task notification
2026-01-03 19:49:46 - ScannerWorker_container_cloud_worker_0 - INFO - Worker container_cloud_worker_0 received task notification
2026-01-03 19:49:46 - ScannerWorker_container_cloud_worker_0 - INFO - Worker container_cloud_worker_0 received task notification
2026-01-03 19:49:46 - ScannerWorker_container_cloud_worker_0 - INFO - Worker container_cloud_worker_0 received task notification
2026-01-03 19:49:46 - ScannerWorker_container_cloud_worker_0 - INFO - Worker container_cloud_worker_0 received task notification
2026-01-03 19:49:46 - ScannerWorker_container_cloud_worker_0 - INFO - Worker container_cloud_worker_0 received task notification
2026-01-03 19:49:46 - ScannerWorker_container_cloud_worker_0 - INFO - Worker container_cloud_worker_0 received task notification
2026-01-03 19:49:46 - ScannerWorker_container_cloud_worker_0 - INFO - Worker container_cloud_worker_0 received task notification
2026-01-03 19:49:46 - ScannerWorker_container_cloud_worker_0 - INFO - Worker container_cloud_worker_0 received task notification
2026-01-03 19:49:46 - ScannerWorker_container_cloud_worker_0 - INFO - Worker container_cloud_worker_0 received task notification
2026-01-03 19:49:46 - ScannerWorker_container_cloud_worker_0 - INFO - Worker container_cloud_worker_0 received task notification
2026-01-03 19:49:46 - ScannerWorker_container_cloud_worker_0 - INFO - Worker container_cloud_worker_0 received task notification
2026-01-03 19:49:46 - ScannerWorker_container_cloud_worker_0 - INFO - Worker container_cloud_worker_0 received task notification
2026-01-03 19:49:46 - ScannerWorker_container_cloud_worker_0 - INFO - Worker container_cloud_worker_0 received task notification
2026-01-03 19:49:50 - ScannerWorker_container_cloud_worker_0 - INFO - Worker container_cloud_worker_0 received task notification
2026-01-03 19:49:50 - ScannerWorker_container_cloud_worker_0 - INFO - Worker container_cloud_worker_0 received task notification
2026-01-03 19:49:50 - ScannerWorker_container_cloud_worker_0 - INFO - Worker container_cloud_worker_0 received task notification
2026-01-03 19:49:50 - ScannerWorker_container_cloud_worker_0 - INFO - Worker container_cloud_worker_0 received task notification
2026-01-03 19:49:50 - ScannerWorker_container_cloud_worker_0 - INFO - Worker container_cloud_worker_0 received task notification
2026-01-03 19:49:50 - ScannerWorker_container_cloud_worker_0 - INFO - Worker container_cloud_worker_0 received task notification
2026-01-03 19:49:50 - ScannerWorker_container_cloud_worker_0 - INFO - Worker container_cloud_worker_0 received task notification
2026-01-03 19:49:50 - ScannerWorker_container_cloud_worker_0 - INFO - Worker container_cloud_worker_0 received task notification
2026-01-03 19:49:50 - ScannerWorker_container_cloud_worker_0 - INFO - Worker container_cloud_worker_0 received task notification
2026-01-03 19:49:50 - ScannerWorker_container_cloud_worker_0 - INFO - Worker container_cloud_worker_0 received task notification
2026-01-03 19:49:50 - ScannerWorker_container_cloud_worker_0 - INFO - Worker container_cloud_worker_0 received task notification
2026-01-03 19:49:50 - ScannerWorker_container_cloud_worker_0 - INFO - Worker container_cloud_worker_0 received task notification
2026-01-03 19:49:50 - ScannerWorker_container_cloud_worker_0 - INFO - Worker container_cloud_worker_0 received task notification
2026-01-03 19:49:50 - ScannerWorker_container_cloud_worker_0 - INFO - Worker container_cloud_worker_0 received task notification
2026-01-03 19:49:50 - ScannerWorker_container_cloud_worker_0 - INFO - Worker container_cloud_worker_0 received task notification
2026-01-03 19:49:50 - ScannerWorker_container_cloud_worker_0 - INFO - Worker container_cloud_worker_0 received task notification
2026-01-03 19:49:50 - ScannerWorker_container_cloud_worker_0 - INFO - Worker container_cloud_worker_0 received task notification
2026-01-03 19:49:50 - ScannerWorker_container_cloud_worker_0 - INFO - Worker container_cloud_worker_0 received task notification
2026-01-03 19:49:50 - ScannerWorker_container_cloud_worker_0 - INFO - Worker container_cloud_worker_0 received task notification
2026-01-03 19:49:50 - ScannerWorker_container_cloud_worker_0 - INFO - Worker container_cloud_worker_0 received task notification
2026-01-03 19:49:50 - ScannerWorker_container_cloud_worker_0 - INFO - Worker container_cloud_worker_0 received task notification
2026-01-03 19:49:50 - ScannerWorker_container_cloud_worker_0 - INFO - Worker container_cloud_worker_0 received task notification
2026-01-03 19:49:50 - ScannerWorker_container_cloud_worker_0 - INFO - Worker container_cloud_worker_0 received task notification
2026-01-03 19:49:50 - ScannerWorker_container_cloud_worker_0 - INFO - Worker container_cloud_worker_0 received task notification
2026-01-03 19:49:50 - ScannerWorker_container_cloud_worker_0 - INFO - Worker container_cloud_worker_0 received task notification
2026-01-03 19:49:50 - ScannerWorker_container_cloud_worker_0 - INFO - Worker container_cloud_worker_0 received task notification
2026-01-03 19:49:50 - ScannerWorker_container_cloud_worker_0 - INFO - Worker container_cloud_worker_0 received task notification
2026-01-03 19:49:50 - ScannerWorker_container_cloud_worker_0 - INFO - Worker container_cloud_worker_0 received task notification
2026-01-03 19:49:50 - ScannerWorker_container_cloud_worker_0 - INFO - Worker container_cloud_worker_0 received task notification
2026-01-03 19:49:50 - ScannerWorker_container_cloud_worker_0 - INFO - Worker container_cloud_worker_0 received task notification
2026-01-03 19:49:50 - ScannerWorker_container_cloud_worker_0 - INFO - Worker container_cloud_worker_0 received task notification
2026-01-03 19:49:50 - ScannerWorker_container_cloud_worker_0 - INFO - Worker container_cloud_worker_0 received task notification
2026-01-03 19:49:50 - ScannerWorker_container_cloud_worker_0 - INFO - Worker container_cloud_worker_0 received task notification
2026-01-03 19:49:50 - ScannerWorker_container_cloud_worker_0 - INFO - Worker container_cloud_worker_0 received task notification
2026-01-03 19:49:50 - ScannerWorker_container_cloud_worker_0 - INFO - Worker container_cloud_worker_0 received task notification
2026-01-03 19:49:50 - ScannerWorker_container_cloud_worker_0 - INFO - Worker container_cloud_worker_0 received task notification
2026-01-03 19:49:50 - ScannerWorker_container_cloud_worker_0 - INFO - Worker container_cloud_worker_0 received task notification
2026-01-03 19:49:50 - ScannerWorker_container_cloud_worker_0 - INFO - Worker container_cloud_worker_0 received task notification
2026-01-03 19:49:50 - ScannerWorker_container_cloud_worker_0 - INFO - Worker container_cloud_worker_0 received task notification
2026-01-03 19:49:50 - ScannerWorker_container_cloud_worker_0 - INFO - Worker container_cloud_worker_0 received task notification
2026-01-03 19:49:50 - ScannerWorker_container_cloud_worker_0 - INFO - Worker container_cloud_worker_0 received task notification
2026-01-03 19:49:50 - ScannerWorker_container_cloud_worker_0 - INFO - Worker container_cloud_worker_0 received task notification
2026-01-03 19:49:50 - ScannerWorker_container_cloud_worker_0 - INFO - Worker container_cloud_worker_0 received task notification
2026-01-03 19:49:50 - ScannerWorker_container_cloud_worker_0 - INFO - Worker container_cloud_worker_0 received task notification
2026-01-03 19:49:50 - ScannerWorker_container_cloud_worker_0 - INFO - Worker container_cloud_worker_0 received task notification
2026-01-03 19:49:50 - ScannerWorker_container_cloud_worker_0 - INFO - Worker container_cloud_worker_0 received task notification
2026-01-03 19:49:50 - ScannerWorker_container_cloud_worker_0 - INFO - Worker container_cloud_worker_0 received task notification
2026-01-03 19:49:50 - ScannerWorker_container_cloud_worker_0 - INFO - Worker container_cloud_worker_0 received task notification
2026-01-03 19:49:50 - ScannerWorker_container_cloud_worker_0 - INFO - Worker container_cloud_worker_0 received task notification
2026-01-03 19:49:50 - ScannerWorker_container_cloud_worker_0 - INFO - Worker container_cloud_worker_0 received task notification
2026-01-03 19:49:50 - ScannerWorker_container_cloud_worker_0 - INFO - Worker container_cloud_worker_0 received task notification
2026-01-03 19:49:50 - ScannerWorker_container_cloud_worker_0 - INFO - Worker container_cloud_worker_0 received task notification
2026-01-03 19:49:50 - ScannerWorker_container_cloud_worker_0 - INFO - Worker container_cloud_worker_0 received task notification
2026-01-03 19:49:50 - ScannerWorker_container_cloud_worker_0 - INFO - Worker container_cloud_worker_0 received task notification
2026-01-03 19:49:50 - ScannerWorker_container_cloud_worker_0 - INFO - Worker container_cloud_worker_0 received task notification
2026-01-03 19:49:50 - ScannerWorker_container_cloud_worker_0 - INFO - Worker container_cloud_worker_0 received task notification
2026-01-03 19:49:50 - ScannerWorker_container_cloud_worker_0 - INFO - Worker container_cloud_worker_0 received task notification
2026-01-03 19:49:50 - ScannerWorker_container_cloud_worker_0 - INFO - Worker container_cloud_worker_0 received task notification
2026-01-03 19:49:50 - ScannerWorker_container_cloud_worker_0 - INFO - Worker container_cloud_worker_0 received task notification
2026-01-03 19:49:50 - ScannerWorker_container_cloud_worker_0 - INFO - Worker container_cloud_worker_0 received task notification
2026-01-03 19:49:50 - ScannerWorker_container_cloud_worker_0 - INFO - Worker container_cloud_worker_0 received task notification
2026-01-03 19:49:50 - ScannerWorker_container_cloud_worker_0 - INFO - Worker container_cloud_worker_0 received task notification
2026-01-03 19:49:50 - ScannerWorker_container_cloud_worker_0 - INFO - Worker container_cloud_worker_0 received task notification
2026-01-03 19:49:50 - ScannerWorker_container_cloud_worker_0 - INFO - Worker container_cloud_worker_0 received task notification
2026-01-03 19:49:50 - ScannerWorker_container_cloud_worker_0 - INFO - Worker container_cloud_worker_0 received task notification
2026-01-03 19:49:50 - ScannerWorker_container_cloud_worker_0 - INFO - Worker container_cloud_worker_0 received task notification
2026-01-03 19:49:50 - ScannerWorker_container_cloud_worker_0 - INFO - Worker container_cloud_worker_0 received task notification
2026-01-03 19:49:50 - ScannerWorker_container_cloud_worker_0 - INFO - Worker container_cloud_worker_0 received task notification
2026-01-03 19:49:50 - ScannerWorker_container_cloud_worker_0 - INFO - Worker container_cloud_worker_0 received task notification
2026-01-03 19:49:50 - ScannerWorker_container_cloud_worker_0 - INFO - Worker container_cloud_worker_0 received task notification
2026-01-03 19:49:50 - ScannerWorker_container_cloud_worker_0 - INFO - Worker container_cloud_worker_0 received task notification
2026-01-03 19:49:50 - ScannerWorker_container_cloud_worker_0 - INFO - Worker container_cloud_worker_0 received task notification
2026-01-03 19:49:50 - ScannerWorker_container_cloud_worker_0 - INFO - Worker container_cloud_worker_0 received task notification
2026-01-03 19:49:50 - ScannerWorker_container_cloud_worker_0 - INFO - Worker container_cloud_worker_0 received task notification
2026-01-03 19:49:50 - ScannerWorker_container_cloud_worker_0 - INFO - Worker container_cloud_worker_0 received task notification
2026-01-03 19:49:50 - ScannerWorker_container_cloud_worker_0 - INFO - Worker container_cloud_worker_0 received task notification
2026-01-03 19:49:50 - ScannerWorker_container_cloud_worker_0 - INFO - Worker container_cloud_worker_0 received task notification
2026-01-03 19:49:50 - ScannerWorker_container_cloud_worker_0 - INFO - Worker container_cloud_worker_0 received task notification
2026-01-03 19:49:50 - ScannerWorker_container_cloud_worker_0 - INFO - Worker container_cloud_worker_0 received task notification
2026-01-03 19:49:50 - ScannerWorker_container_cloud_worker_0 - INFO - Worker container_cloud_worker_0 received task notification
2026-01-03 19:49:50 - ScannerWorker_container_cloud_worker_0 - INFO - Worker container_cloud_worker_0 received task notification
2026-01-03 19:49:50 - ScannerWorker_container_cloud_worker_0 - INFO - Worker container_cloud_worker_0 received task notification
2026-01-03 19:49:50 - ScannerWorker_container_cloud_worker_0 - INFO - Worker container_cloud_worker_0 received task notification
2026-01-03 19:49:50 - ScannerWorker_container_cloud_worker_0 - INFO - Worker container_cloud_worker_0 received task notification
2026-01-03 19:49:50 - ScannerWorker_container_cloud_worker_0 - INFO - Worker container_cloud_worker_0 received task notification
2026-01-03 19:49:50 - ScannerWorker_container_cloud_worker_0 - INFO - Worker container_cloud_worker_0 received task notification
2026-01-03 19:49:50 - ScannerWorker_container_cloud_worker_0 - INFO - Worker container_cloud_worker_0 received task notification
2026-01-03 19:49:50 - ScannerWorker_container_cloud_worker_0 - INFO - Worker container_cloud_worker_0 received task notification
2026-01-03 19:49:50 - ScannerWorker_container_cloud_worker_0 - INFO - Worker container_cloud_worker_0 received task notification
2026-01-03 19:49:50 - ScannerWorker_container_cloud_worker_0 - INFO - Worker container_cloud_worker_0 received task notification
2026-01-03 19:49:50 - ScannerWorker_container_cloud_worker_0 - INFO - Worker container_cloud_worker_0 received task notification
2026-01-03 19:49:50 - ScannerWorker_container_cloud_worker_0 - INFO - Worker container_cloud_worker_0 received task notification
2026-01-03 19:49:50 - ScannerWorker_container_cloud_worker_0 - INFO - Worker container_cloud_worker_0 received task notification
2026-01-03 19:49:50 - ScannerWorker_container_cloud_worker_0 - INFO - Worker container_cloud_worker_0 received task notification
2026-01-03 19:49:50 - ScannerWorker_container_cloud_worker_0 - INFO - Worker container_cloud_worker_0 received task notification
2026-01-03 19:49:50 - ScannerWorker_container_cloud_worker_0 - INFO - Worker container_cloud_worker_0 received task notification
2026-01-03 19:49:50 - ScannerWorker_container_cloud_worker_0 - INFO - Worker container_cloud_worker_0 received task notification
2026-01-03 19:49:50 - ScannerWorker_container_cloud_worker_0 - INFO - Worker container_cloud_worker_0 received task notification
2026-01-03 19:49:50 - ScannerWorker_container_cloud_worker_0 - INFO - Worker container_cloud_worker_0 received task notification
2026-01-03 19:49:50 - ScannerWorker_container_cloud_worker_0 - INFO - Worker container_cloud_worker_0 received task notification
2026-01-03 19:49:50 - ScannerWorker_container_cloud_worker_0 - INFO - Worker container_cloud_worker_0 received task notification
2026-01-03 19:49:50 - ScannerWorker_container_cloud_worker_0 - INFO - Worker container_cloud_worker_0 received task notification
2026-01-03 19:49:50 - ScannerWorker_container_cloud_worker_0 - INFO - Worker container_cloud_worker_0 received task notification
2026-01-03 19:49:50 - ScannerWorker_container_cloud_worker_0 - INFO - Worker container_cloud_worker_0 received task notification
2026-01-03 19:49:50 - ScannerWorker_container_cloud_worker_0 - INFO - Worker container_cloud_worker_0 received task notification
2026-01-03 19:49:50 - ScannerWorker_container_cloud_worker_0 - INFO - Worker container_cloud_worker_0 received task notification
2026-01-03 19:49:50 - ScannerWorker_container_cloud_worker_0 - INFO - Worker container_cloud_worker_0 received task notification
2026-01-03 19:49:50 - ScannerWorker_container_cloud_worker_0 - INFO - Worker container_cloud_worker_0 received task notification
2026-01-03 19:49:50 - ScannerWorker_container_cloud_worker_0 - INFO - Worker container_cloud_worker_0 received task notification
2026-01-03 19:49:50 - ScannerWorker_container_cloud_worker_0 - INFO - Worker container_cloud_worker_0 received task notification
2026-01-03 19:49:50 - ScannerWorker_container_cloud_worker_0 - INFO - Worker container_cloud_worker_0 received task notification
2026-01-03 19:49:50 - ScannerWorker_container_cloud_worker_0 - INFO - Worker container_cloud_worker_0 received task notification
2026-01-03 19:49:50 - ScannerWorker_container_cloud_worker_0 - INFO - Worker container_cloud_worker_0 received task notification
2026-01-03 19:49:50 - ScannerWorker_container_cloud_worker_0 - INFO - Worker container_cloud_worker_0 received task notification
2026-01-03 19:49:50 - ScannerWorker_container_cloud_worker_0 - INFO - Worker container_cloud_worker_0 received task notification
2026-01-03 19:49:50 - ScannerWorker_container_cloud_worker_0 - INFO - Worker container_cloud_worker_0 received task notification
2026-01-03 19:49:50 - ScannerWorker_container_cloud_worker_0 - INFO - Worker container_cloud_worker_0 received task notification
2026-01-03 19:49:50 - ScannerWorker_container_cloud_worker_0 - INFO - Worker container_cloud_worker_0 received task notification
2026-01-03 19:49:50 - ScannerWorker_container_cloud_worker_0 - INFO - Worker container_cloud_worker_0 received task notification
2026-01-03 19:49:50 - ScannerWorker_container_cloud_worker_0 - INFO - Worker container_cloud_worker_0 received task notification
2026-01-03 19:49:50 - ScannerWorker_container_cloud_worker_0 - INFO - Worker container_cloud_worker_0 received task notification
2026-01-03 19:49:50 - ScannerWorker_container_cloud_worker_0 - INFO - Worker container_cloud_worker_0 received task notification
2026-01-03 19:49:50 - ScannerWorker_container_cloud_worker_0 - INFO - Worker container_cloud_worker_0 received task notification
2026-01-03 19:49:50 - ScannerWorker_container_cloud_worker_0 - INFO - Worker container_cloud_worker_0 received task notification
2026-01-03 19:49:50 - ScannerWorker_container_cloud_worker_0 - INFO - Worker container_cloud_worker_0 received task notification
2026-01-03 19:49:50 - ScannerWorker_container_cloud_worker_0 - INFO - Worker container_cloud_worker_0 received task notification
2026-01-03 19:49:50 - ScannerWorker_container_cloud_worker_0 - INFO - Worker container_cloud_worker_0 received task notification
2026-01-03 19:49:50 - ScannerWorker_container_cloud_worker_0 - INFO - Worker container_cloud_worker_0 received task notification
2026-01-03 19:49:50 - ScannerWorker_container_cloud_worker_0 - INFO - Worker container_cloud_worker_0 received task notification
2026-01-03 19:49:50 - ScannerWorker_container_cloud_worker_0 - INFO - Worker container_cloud_worker_0 received task notification
2026-01-03 19:49:50 - ScannerWorker_container_cloud_worker_0 - INFO - Worker container_cloud_worker_0 received task notification
2026-01-03 19:49:50 - ScannerWorker_container_cloud_worker_0 - INFO - Worker container_cloud_worker_0 received task notification
2026-01-03 19:49:52 - ScannerWorker_container_cloud_worker_0 - INFO - Worker container_cloud_worker_0 received task notification
2026-01-03 19:49:52 - ScannerWorker_container_cloud_worker_0 - INFO - Worker container_cloud_worker_0 received task notification
2026-01-03 19:49:52 - ScannerWorker_container_cloud_worker_0 - INFO - Worker container_cloud_worker_0 received task notification
2026-01-03 19:49:52 - ScannerWorker_container_cloud_worker_0 - INFO - Worker container_cloud_worker_0 received task notification
2026-01-03 19:49:52 - ScannerWorker_container_cloud_worker_0 - INFO - Worker container_cloud_worker_0 received task notification
2026-01-03 19:49:52 - ScannerWorker_container_cloud_worker_0 - INFO - Worker container_cloud_worker_0 received task notification
2026-01-03 19:49:52 - ScannerWorker_container_cloud_worker_0 - INFO - Worker container_cloud_worker_0 received task notification
2026-01-03 19:49:52 - ScannerWorker_container_cloud_worker_0 - INFO - Worker container_cloud_worker_0 received task notification
2026-01-03 19:49:52 - ScannerWorker_container_cloud_worker_0 - INFO - Worker container_cloud_worker_0 received task notification
2026-01-03 19:49:52 - ScannerWorker_container_cloud_worker_0 - INFO - Worker container_cloud_worker_0 received task notification
2026-01-03 19:49:52 - ScannerWorker_container_cloud_worker_0 - INFO - Worker container_cloud_worker_0 received task notification
2026-01-03 19:49:52 - ScannerWorker_container_cloud_worker_0 - INFO - Worker container_cloud_worker_0 received task notification
2026-01-03 19:49:52 - ScannerWorker_container_cloud_worker_0 - INFO - Worker container_cloud_worker_0 received task notification
2026-01-03 19:49:52 - ScannerWorker_container_cloud_worker_0 - INFO - Worker container_cloud_worker_0 received task notification
2026-01-03 19:49:52 - ScannerWorker_container_cloud_worker_0 - INFO - Worker container_cloud_worker_0 received task notification
2026-01-03 19:49:52 - ScannerWorker_container_cloud_worker_0 - INFO - Worker container_cloud_worker_0 received task notification
2026-01-03 19:49:52 - ScannerWorker_container_cloud_worker_0 - INFO - Worker container_cloud_worker_0 received task notification
2026-01-03 19:49:52 - ScannerWorker_container_cloud_worker_0 - INFO - Worker container_cloud_worker_0 received task notification
2026-01-03 19:49:52 - ScannerWorker_container_cloud_worker_0 - INFO - Worker container_cloud_worker_0 received task notification
2026-01-03 19:49:52 - ScannerWorker_container_cloud_worker_0 - INFO - Worker container_cloud_worker_0 received task notification
2026-01-03 19:49:52 - ScannerWorker_container_cloud_worker_0 - INFO - Worker container_cloud_worker_0 received task notification
2026-01-03 19:49:52 - ScannerWorker_container_cloud_worker_0 - INFO - Worker container_cloud_worker_0 received task notification
2026-01-03 19:49:52 - ScannerWorker_container_cloud_worker_0 - INFO - Worker container_cloud_worker_0 received task notification
2026-01-03 19:49:52 - ScannerWorker_container_cloud_worker_0 - INFO - Worker container_cloud_worker_0 received task notification
2026-01-03 19:49:52 - ScannerWorker_container_cloud_worker_0 - INFO - Worker container_cloud_worker_0 received task notification
2026-01-03 19:49:52 - ScannerWorker_container_cloud_worker_0 - INFO - Worker container_cloud_worker_0 received task notification
2026-01-03 19:49:52 - ScannerWorker_container_cloud_worker_0 - INFO - Worker container_cloud_worker_0 received task notification
2026-01-03 19:49:52 - ScannerWorker_container_cloud_worker_0 - INFO - Worker container_cloud_worker_0 received task notification
2026-01-03 19:49:52 - ScannerWorker_container_cloud_worker_0 - INFO - Worker container_cloud_worker_0 received task notification
2026-01-03 19:49:52 - ScannerWorker_container_cloud_worker_0 - INFO - Worker container_cloud_worker_0 received task notification
2026-01-03 19:49:52 - ScannerWorker_container_cloud_worker_0 - INFO - Worker container_cloud_worker_0 received task notification
2026-01-03 19:49:52 - ScannerWorker_container_cloud_worker_0 - INFO - Worker container_cloud_worker_0 received task notification
2026-01-03 19:49:52 - ScannerWorker_container_cloud_worker_0 - INFO - Worker container_cloud_worker_0 received task notification
2026-01-03 19:49:52 - ScannerWorker_container_cloud_worker_0 - INFO - Worker container_cloud_worker_0 received task notification
2026-01-03 19:49:52 - ScannerWorker_container_cloud_worker_0 - INFO - Worker container_cloud_worker_0 received task notification
2026-01-03 19:49:52 - ScannerWorker_container_cloud_worker_0 - INFO - Worker container_cloud_worker_0 received task notification
2026-01-03 19:49:52 - ScannerWorker_container_cloud_worker_0 - INFO - Worker container_cloud_worker_0 received task notification
2026-01-03 19:49:52 - ScannerWorker_container_cloud_worker_0 - INFO - Worker container_cloud_worker_0 received task notification
2026-01-03 19:49:52 - ScannerWorker_container_cloud_worker_0 - INFO - Worker container_cloud_worker_0 received task notification
2026-01-03 19:49:52 - ScannerWorker_container_cloud_worker_0 - INFO - Worker container_cloud_worker_0 received task notification
2026-01-03 19:49:52 - ScannerWorker_container_cloud_worker_0 - INFO - Worker container_cloud_worker_0 received task notification
2026-01-03 19:49:52 - ScannerWorker_container_cloud_worker_0 - INFO - Worker container_cloud_worker_0 received task notification
2026-01-03 19:49:52 - ScannerWorker_container_cloud_worker_0 - INFO - Worker container_cloud_worker_0 received task notification
2026-01-03 19:49:52 - ScannerWorker_container_cloud_worker_0 - INFO - Worker container_cloud_worker_0 received task notification
2026-01-03 19:49:52 - ScannerWorker_container_cloud_worker_0 - INFO - Worker container_cloud_worker_0 received task notification
2026-01-03 19:49:52 - ScannerWorker_container_cloud_worker_0 - INFO - Worker container_cloud_worker_0 received task notification
2026-01-03 19:49:52 - ScannerWorker_container_cloud_worker_0 - INFO - Worker container_cloud_worker_0 received task notification
2026-01-03 19:49:52 - ScannerWorker_container_cloud_worker_0 - INFO - Worker container_cloud_worker_0 received task notification
2026-01-03 19:49:52 - ScannerWorker_container_cloud_worker_0 - INFO - Worker container_cloud_worker_0 received task notification
2026-01-03 19:49:52 - ScannerWorker_container_cloud_worker_0 - INFO - Worker container_cloud_worker_0 received task notification
2026-01-03 19:49:52 - ScannerWorker_container_cloud_worker_0 - INFO - Worker container_cloud_worker_0 received task notification
2026-01-03 19:49:52 - ScannerWorker_container_cloud_worker_0 - INFO - Worker container_cloud_worker_0 received task notification
2026-01-03 19:49:52 - ScannerWorker_container_cloud_worker_0 - INFO - Worker container_cloud_worker_0 received task notification
2026-01-03 19:49:52 - ScannerWorker_container_cloud_worker_0 - INFO - Worker container_cloud_worker_0 received task notification
2026-01-03 19:49:52 - ScannerWorker_container_cloud_worker_0 - INFO - Worker container_cloud_worker_0 received task notification
2026-01-03 19:49:52 - ScannerWorker_container_cloud_worker_0 - INFO - Worker container_cloud_worker_0 received task notification
2026-01-03 19:49:52 - ScannerWorker_container_cloud_worker_0 - INFO - Worker container_cloud_worker_0 received task notification
2026-01-03 19:49:52 - ScannerWorker_container_cloud_worker_0 - INFO - Worker container_cloud_worker_0 received task notification
2026-01-03 19:49:52 - ScannerWorker_container_cloud_worker_0 - INFO - Worker container_cloud_worker_0 received task notification
2026-01-03 19:49:52 - ScannerWorker_container_cloud_worker_0 - INFO - Worker container_cloud_worker_0 received task notification
2026-01-03 19:49:52 - ScannerWorker_container_cloud_worker_0 - INFO - Worker container_cloud_worker_0 received task notification
2026-01-03 19:49:52 - ScannerWorker_container_cloud_worker_0 - INFO - Worker container_cloud_worker_0 received task notification
2026-01-03 19:49:52 - ScannerWorker_container_cloud_worker_0 - INFO - Worker container_cloud_worker_0 received task notification
2026-01-03 19:49:52 - ScannerWorker_container_cloud_worker_0 - INFO - Worker container_cloud_worker_0 received task notification
2026-01-03 19:49:52 - ScannerWorker_container_cloud_worker_0 - INFO - Worker container_cloud_worker_0 received task notification
2026-01-03 19:49:52 - ScannerWorker_container_cloud_worker_0 - INFO - Worker container_cloud_worker_0 received task notification
2026-01-03 19:49:52 - ScannerWorker_container_cloud_worker_0 - INFO - Worker container_cloud_worker_0 received task notification
2026-01-03 19:49:52 - ScannerWorker_container_cloud_worker_0 - INFO - Worker container_cloud_worker_0 received task notification
2026-01-03 19:49:52 - ScannerWorker_container_cloud_worker_0 - INFO - Worker container_cloud_worker_0 received task notification
2026-01-03 19:49:52 - ScannerWorker_container_cloud_worker_0 - INFO - Worker container_cloud_worker_0 received task notification
2026-01-03 19:49:52 - ScannerWorker_container_cloud_worker_0 - INFO - Worker container_cloud_worker_0 received task notification
2026-01-03 19:49:52 - ScannerWorker_container_cloud_worker_0 - INFO - Worker container_cloud_worker_0 received task notification
2026-01-03 19:49:52 - ScannerWorker_container_cloud_worker_0 - INFO - Worker container_cloud_worker_0 received task notification
2026-01-03 19:49:52 - ScannerWorker_container_cloud_worker_0 - INFO - Worker container_cloud_worker_0 received task notification
2026-01-03 19:49:52 - ScannerWorker_container_cloud_worker_0 - INFO - Worker container_cloud_worker_0 received task notification
2026-01-03 19:49:52 - ScannerWorker_container_cloud_worker_0 - INFO - Worker container_cloud_worker_0 received task notification
2026-01-03 19:49:52 - ScannerWorker_container_cloud_worker_0 - INFO - Worker container_cloud_worker_0 received task notification
2026-01-03 19:49:52 - ScannerWorker_container_cloud_worker_0 - INFO - Worker container_cloud_worker_0 received task notification
2026-01-03 19:49:52 - ScannerWorker_container_cloud_worker_0 - INFO - Worker container_cloud_worker_0 received task notification
2026-01-03 19:49:52 - ScannerWorker_container_cloud_worker_0 - INFO - Worker container_cloud_worker_0 received task notification
2026-01-03 19:49:52 - ScannerWorker_container_cloud_worker_0 - INFO - Worker container_cloud_worker_0 received task notification
2026-01-03 19:49:52 - ScannerWorker_container_cloud_worker_0 - INFO - Worker container_cloud_worker_0 received task notification
2026-01-03 19:49:52 - ScannerWorker_container_cloud_worker_0 - INFO - Worker container_cloud_worker_0 received task notification
2026-01-03 19:49:52 - ScannerWorker_container_cloud_worker_0 - INFO - Worker container_cloud_worker_0 received task notification
2026-01-03 19:49:52 - ScannerWorker_container_cloud_worker_0 - INFO - Worker container_cloud_worker_0 received task notification
2026-01-03 19:49:52 - ScannerWorker_container_cloud_worker_0 - INFO - Worker container_cloud_worker_0 received task notification
2026-01-03 19:49:52 - ScannerWorker_container_cloud_worker_0 - INFO - Worker container_cloud_worker_0 received task notification
2026-01-03 19:49:53 - ScannerWorker_container_cloud_worker_0 - INFO - Worker container_cloud_worker_0 received task notification
2026-01-03 19:49:54 - ScannerWorker_container_cloud_worker_0 - INFO - Worker container_cloud_worker_0 received task notification
2026-01-03 19:49:54 - ScannerWorker_container_cloud_worker_0 - INFO - Worker container_cloud_worker_0 received task notification
2026-01-03 19:49:54 - ScannerWorker_container_cloud_worker_0 - INFO - Worker container_cloud_worker_0 received task notification
2026-01-03 19:49:54 - ScannerWorker_container_cloud_worker_0 - INFO - Worker container_cloud_worker_0 received task notification
2026-01-03 19:49:54 - ScannerWorker_container_cloud_worker_0 - INFO - Worker container_cloud_worker_0 received task notification
2026-01-03 19:49:54 - ScannerWorker_container_cloud_worker_0 - INFO - Worker container_cloud_worker_0 received task notification
2026-01-03 19:49:54 - ScannerWorker_container_cloud_worker_0 - INFO - Worker container_cloud_worker_0 received task notification
2026-01-03 19:49:54 - ScannerWorker_container_cloud_worker_0 - INFO - Worker container_cloud_worker_0 received task notification
2026-01-03 19:49:54 - ScannerWorker_container_cloud_worker_0 - INFO - Worker container_cloud_worker_0 received task notification
2026-01-03 19:49:54 - ScannerWorker_container_cloud_worker_0 - INFO - Worker container_cloud_worker_0 received task notification
2026-01-03 19:49:54 - ScannerWorker_container_cloud_worker_0 - INFO - Worker container_cloud_worker_0 received task notification
2026-01-03 19:49:54 - ScannerWorker_container_cloud_worker_0 - INFO - Worker container_cloud_worker_0 received task notification
2026-01-03 19:49:54 - ScannerWorker_container_cloud_worker_0 - INFO - Worker container_cloud_worker_0 received task notification
2026-01-03 19:49:54 - ScannerWorker_container_cloud_worker_0 - INFO - Worker container_cloud_worker_0 received task notification
2026-01-03 19:49:54 - ScannerWorker_container_cloud_worker_0 - INFO - Worker container_cloud_worker_0 received task notification
2026-01-03 19:49:54 - ScannerWorker_container_cloud_worker_0 - INFO - Worker container_cloud_worker_0 received task notification
2026-01-03 19:49:54 - ScannerWorker_container_cloud_worker_0 - INFO - Worker container_cloud_worker_0 received task notification
2026-01-03 19:49:54 - ScannerWorker_container_cloud_worker_0 - INFO - Worker container_cloud_worker_0 received task notification
2026-01-03 19:49:54 - ScannerWorker_container_cloud_worker_0 - INFO - Worker container_cloud_worker_0 received task notification
2026-01-03 19:49:54 - ScannerWorker_container_cloud_worker_0 - INFO - Worker container_cloud_worker_0 received task notification
2026-01-03 19:49:54 - ScannerWorker_container_cloud_worker_0 - INFO - Worker container_cloud_worker_0 received task notification
2026-01-03 19:49:54 - ScannerWorker_container_cloud_worker_0 - INFO - Worker container_cloud_worker_0 received task notification
2026-01-03 19:49:54 - ScannerWorker_container_cloud_worker_0 - INFO - Worker container_cloud_worker_0 received task notification
2026-01-03 19:49:54 - ScannerWorker_container_cloud_worker_0 - INFO - Worker container_cloud_worker_0 received task notification
2026-01-03 19:49:54 - ScannerWorker_container_cloud_worker_0 - INFO - Worker container_cloud_worker_0 received task notification
2026-01-03 19:49:54 - ScannerWorker_container_cloud_worker_0 - INFO - Worker container_cloud_worker_0 received task notification
2026-01-03 19:49:55 - ScannerWorker_container_cloud_worker_0 - INFO - Worker container_cloud_worker_0 received task notification
2026-01-03 19:49:55 - ScannerWorker_container_cloud_worker_0 - INFO - Worker container_cloud_worker_0 received task notification
2026-01-03 19:49:55 - ScannerWorker_container_cloud_worker_0 - INFO - Worker container_cloud_worker_0 received task notification
2026-01-03 19:49:55 - ScannerWorker_container_cloud_worker_0 - INFO - Worker container_cloud_worker_0 received task notification
2026-01-03 19:49:55 - ScannerWorker_container_cloud_worker_0 - INFO - Worker container_cloud_worker_0 received task notification
2026-01-03 19:49:55 - ScannerWorker_container_cloud_worker_0 - INFO - Worker container_cloud_worker_0 received task notification
2026-01-03 19:49:55 - ScannerWorker_container_cloud_worker_0 - INFO - Worker container_cloud_worker_0 received task notification
2026-01-03 19:49:55 - ScannerWorker_container_cloud_worker_0 - INFO - Worker container_cloud_worker_0 received task notification
2026-01-03 19:49:55 - ScannerWorker_container_cloud_worker_0 - INFO - Worker container_cloud_worker_0 received task notification
2026-01-03 19:49:55 - ScannerWorker_container_cloud_worker_0 - INFO - Worker container_cloud_worker_0 received task notification
2026-01-03 19:49:55 - ScannerWorker_container_cloud_worker_0 - INFO - Worker container_cloud_worker_0 received task notification
2026-01-03 19:49:55 - ScannerWorker_container_cloud_worker_0 - INFO - Worker container_cloud_worker_0 received task notification
2026-01-03 19:49:55 - ScannerWorker_container_cloud_worker_0 - INFO - Worker container_cloud_worker_0 received task notification
2026-01-03 19:49:55 - ScannerWorker_container_cloud_worker_0 - INFO - Worker container_cloud_worker_0 received task notification
2026-01-03 19:49:55 - ScannerWorker_container_cloud_worker_0 - INFO - Worker container_cloud_worker_0 received task notification
2026-01-03 19:49:55 - ScannerWorker_container_cloud_worker_0 - INFO - Worker container_cloud_worker_0 received task notification
2026-01-03 19:49:55 - ScannerWorker_container_cloud_worker_0 - INFO - Worker container_cloud_worker_0 received task notification
2026-01-03 19:49:55 - ScannerWorker_container_cloud_worker_0 - INFO - Worker container_cloud_worker_0 received task notification
2026-01-03 19:49:55 - ScannerWorker_container_cloud_worker_0 - INFO - Worker container_cloud_worker_0 received task notification
2026-01-03 19:49:55 - ScannerWorker_container_cloud_worker_0 - INFO - Worker container_cloud_worker_0 received task notification
2026-01-03 19:49:55 - ScannerWorker_container_cloud_worker_0 - INFO - Worker container_cloud_worker_0 received task notification
2026-01-03 19:49:55 - ScannerWorker_container_cloud_worker_0 - INFO - Worker container_cloud_worker_0 received task notification
2026-01-03 19:49:55 - ScannerWorker_container_cloud_worker_0 - INFO - Worker container_cloud_worker_0 received task notification
2026-01-03 19:49:55 - ScannerWorker_container_cloud_worker_0 - INFO - Worker container_cloud_worker_0 received task notification
2026-01-03 19:49:55 - ScannerWorker_container_cloud_worker_0 - INFO - Worker container_cloud_worker_0 received task notification
2026-01-03 19:49:55 - ScannerWorker_container_cloud_worker_0 - INFO - Worker container_cloud_worker_0 received task notification
2026-01-03 19:49:55 - ScannerWorker_container_cloud_worker_0 - INFO - Worker container_cloud_worker_0 received task notification
2026-01-03 19:49:55 - ScannerWorker_container_cloud_worker_0 - INFO - Worker container_cloud_worker_0 received task notification
2026-01-03 19:49:55 - ScannerWorker_container_cloud_worker_0 - INFO - Worker container_cloud_worker_0 received task notification
2026-01-03 19:49:55 - ScannerWorker_container_cloud_worker_0 - INFO - Worker container_cloud_worker_0 received task notification
2026-01-03 19:49:55 - ScannerWorker_container_cloud_worker_0 - INFO - Worker container_cloud_worker_0 received task notification
2026-01-03 19:49:55 - ScannerWorker_container_cloud_worker_0 - INFO - Worker container_cloud_worker_0 received task notification
2026-01-03 19:49:55 - ScannerWorker_container_cloud_worker_0 - INFO - Worker container_cloud_worker_0 received task notification
2026-01-03 19:49:55 - ScannerWorker_container_cloud_worker_0 - INFO - Worker container_cloud_worker_0 received task notification
2026-01-03 19:49:55 - ScannerWorker_container_cloud_worker_0 - INFO - Worker container_cloud_worker_0 received task notification
2026-01-03 19:49:55 - ScannerWorker_container_cloud_worker_0 - INFO - Worker container_cloud_worker_0 received task notification
2026-01-03 19:49:55 - ScannerWorker_container_cloud_worker_0 - INFO - Worker container_cloud_worker_0 received task notification
2026-01-03 19:49:55 - ScannerWorker_container_cloud_worker_0 - INFO - Worker container_cloud_worker_0 received task notification
2026-01-03 19:49:55 - ScannerWorker_container_cloud_worker_0 - INFO - Worker container_cloud_worker_0 received task notification
2026-01-03 19:49:55 - ScannerWorker_container_cloud_worker_0 - INFO - Worker container_cloud_worker_0 received task notification
2026-01-03 19:49:55 - ScannerWorker_container_cloud_worker_0 - INFO - Worker container_cloud_worker_0 received task notification
2026-01-03 19:49:55 - ScannerWorker_container_cloud_worker_0 - INFO - Worker container_cloud_worker_0 received task notification
2026-01-03 19:49:55 - ScannerWorker_container_cloud_worker_0 - INFO - Worker container_cloud_worker_0 received task notification
2026-01-03 19:49:55 - ScannerWorker_container_cloud_worker_0 - INFO - Worker container_cloud_worker_0 received task notification
2026-01-03 19:49:55 - ScannerWorker_container_cloud_worker_0 - INFO - Worker container_cloud_worker_0 received task notification
2026-01-03 19:49:55 - ScannerWorker_container_cloud_worker_0 - INFO - Worker container_cloud_worker_0 received task notification
2026-01-03 19:49:55 - ScannerWorker_container_cloud_worker_0 - INFO - Worker container_cloud_worker_0 received task notification
2026-01-03 19:49:55 - ScannerWorker_container_cloud_worker_0 - INFO - Worker container_cloud_worker_0 received task notification
2026-01-03 19:49:55 - ScannerWorker_container_cloud_worker_0 - INFO - Worker container_cloud_worker_0 received task notification
2026-01-03 19:49:55 - ScannerWorker_container_cloud_worker_0 - INFO - Worker container_cloud_worker_0 received task notification
2026-01-03 19:49:55 - ScannerWorker_container_cloud_worker_0 - INFO - Worker container_cloud_worker_0 received task notification
2026-01-03 19:49:55 - ScannerWorker_container_cloud_worker_0 - INFO - Worker container_cloud_worker_0 received task notification
2026-01-03 19:49:55 - ScannerWorker_container_cloud_worker_0 - INFO - Worker container_cloud_worker_0 received task notification
2026-01-03 19:49:55 - ScannerWorker_container_cloud_worker_0 - INFO - Worker container_cloud_worker_0 received task notification
2026-01-03 19:49:55 - ScannerWorker_container_cloud_worker_0 - INFO - Worker container_cloud_worker_0 received task notification
2026-01-03 19:49:55 - ScannerWorker_container_cloud_worker_0 - INFO - Worker container_cloud_worker_0 received task notification
2026-01-03 19:49:55 - ScannerWorker_container_cloud_worker_0 - INFO - Worker container_cloud_worker_0 received task notification
2026-01-03 19:49:55 - ScannerWorker_container_cloud_worker_0 - INFO - Worker container_cloud_worker_0 received task notification
2026-01-03 19:49:55 - ScannerWorker_container_cloud_worker_0 - INFO - Worker container_cloud_worker_0 received task notification
2026-01-03 19:49:55 - ScannerWorker_container_cloud_worker_0 - INFO - Worker container_cloud_worker_0 received task notification
2026-01-03 19:49:55 - ScannerWorker_container_cloud_worker_0 - INFO - Worker container_cloud_worker_0 received task notification
2026-01-03 19:49:55 - ScannerWorker_container_cloud_worker_0 - INFO - Worker container_cloud_worker_0 received task notification
2026-01-03 19:49:55 - ScannerWorker_container_cloud_worker_0 - INFO - Worker container_cloud_worker_0 received task notification
2026-01-03 19:49:55 - ScannerWorker_container_cloud_worker_0 - INFO - Worker container_cloud_worker_0 received task notification
2026-01-03 19:49:55 - ScannerWorker_container_cloud_worker_0 - INFO - Worker container_cloud_worker_0 received task notification
2026-01-03 19:49:55 - ScannerWorker_container_cloud_worker_0 - INFO - Worker container_cloud_worker_0 received task notification
2026-01-03 19:49:55 - ScannerWorker_container_cloud_worker_0 - INFO - Worker container_cloud_worker_0 received task notification
2026-01-03 19:49:55 - ScannerWorker_container_cloud_worker_0 - INFO - Worker container_cloud_worker_0 received task notification
2026-01-03 19:49:55 - ScannerWorker_container_cloud_worker_0 - INFO - Worker container_cloud_worker_0 received task notification
2026-01-03 19:49:55 - ScannerWorker_container_cloud_worker_0 - INFO - Worker container_cloud_worker_0 received task notification
2026-01-03 19:49:55 - ScannerWorker_container_cloud_worker_0 - INFO - Worker container_cloud_worker_0 received task notification
2026-01-03 19:49:55 - ScannerWorker_container_cloud_worker_0 - INFO - Worker container_cloud_worker_0 received task notification
2026-01-03 19:49:55 - ScannerWorker_container_cloud_worker_0 - INFO - Worker container_cloud_worker_0 received task notification
2026-01-03 19:49:55 - ScannerWorker_container_cloud_worker_0 - INFO - Worker container_cloud_worker_0 received task notification
2026-01-03 19:49:55 - ScannerWorker_container_cloud_worker_0 - INFO - Worker container_cloud_worker_0 received task notification
2026-01-03 19:49:55 - ScannerWorker_container_cloud_worker_0 - INFO - Worker container_cloud_worker_0 received task notification
2026-01-03 19:49:55 - ScannerWorker_container_cloud_worker_0 - INFO - Worker container_cloud_worker_0 received task notification
2026-01-03 19:49:55 - ScannerWorker_container_cloud_worker_0 - INFO - Worker container_cloud_worker_0 received task notification
2026-01-03 19:49:55 - ScannerWorker_container_cloud_worker_0 - INFO - Worker container_cloud_worker_0 received task notification
2026-01-03 19:49:55 - ScannerWorker_container_cloud_worker_0 - INFO - Worker container_cloud_worker_0 received task notification
2026-01-03 19:49:55 - ScannerWorker_container_cloud_worker_0 - INFO - Worker container_cloud_worker_0 received task notification
2026-01-03 19:49:55 - ScannerWorker_container_cloud_worker_0 - INFO - Worker container_cloud_worker_0 received task notification
2026-01-03 19:49:55 - ScannerWorker_container_cloud_worker_0 - INFO - Worker container_cloud_worker_0 received task notification
2026-01-03 19:49:55 - ScannerWorker_container_cloud_worker_0 - INFO - Worker container_cloud_worker_0 received task notification
2026-01-03 19:49:57 - ScannerWorker_container_cloud_worker_0 - INFO - Worker container_cloud_worker_0 received task notification
2026-01-03 19:49:57 - ScannerWorker_container_cloud_worker_0 - INFO - Worker container_cloud_worker_0 received task notification
2026-01-03 19:49:57 - ScannerWorker_container_cloud_worker_0 - INFO - Worker container_cloud_worker_0 received task notification
2026-01-03 19:49:57 - ScannerWorker_container_cloud_worker_0 - INFO - Worker container_cloud_worker_0 received task notification
2026-01-03 19:49:57 - ScannerWorker_container_cloud_worker_0 - INFO - Worker container_cloud_worker_0 received task notification
2026-01-03 19:49:57 - ScannerWorker_container_cloud_worker_0 - INFO - Worker container_cloud_worker_0 received task notification
2026-01-03 19:49:57 - ScannerWorker_container_cloud_worker_0 - INFO - Worker container_cloud_worker_0 received task notification
2026-01-03 19:49:57 - ScannerWorker_container_cloud_worker_0 - INFO - Worker container_cloud_worker_0 received task notification
2026-01-03 19:49:57 - ScannerWorker_container_cloud_worker_0 - INFO - Worker container_cloud_worker_0 received task notification
2026-01-03 19:49:57 - ScannerWorker_container_cloud_worker_0 - INFO - Worker container_cloud_worker_0 received task notification
2026-01-03 19:49:57 - ScannerWorker_container_cloud_worker_0 - INFO - Worker container_cloud_worker_0 received task notification
2026-01-03 19:49:57 - ScannerWorker_container_cloud_worker_0 - INFO - Worker container_cloud_worker_0 received task notification
2026-01-03 19:49:57 - ScannerWorker_container_cloud_worker_0 - INFO - Worker container_cloud_worker_0 received task notification
2026-01-03 19:49:57 - ScannerWorker_container_cloud_worker_0 - INFO - Worker container_cloud_worker_0 received task notification
2026-01-03 19:49:57 - ScannerWorker_container_cloud_worker_0 - INFO - Worker container_cloud_worker_0 received task notification
2026-01-03 19:49:57 - ScannerWorker_container_cloud_worker_0 - INFO - Worker container_cloud_worker_0 received task notification
2026-01-03 19:49:57 - ScannerWorker_container_cloud_worker_0 - INFO - Worker container_cloud_worker_0 received task notification
2026-01-03 19:49:57 - ScannerWorker_container_cloud_worker_0 - INFO - Worker container_cloud_worker_0 received task notification
2026-01-03 19:49:57 - ScannerWorker_container_cloud_worker_0 - INFO - Worker container_cloud_worker_0 received task notification
2026-01-03 19:49:57 - ScannerWorker_container_cloud_worker_0 - INFO - Worker container_cloud_worker_0 received task notification
2026-01-03 19:49:57 - ScannerWorker_container_cloud_worker_0 - INFO - Worker container_cloud_worker_0 received task notification
2026-01-03 19:49:57 - ScannerWorker_container_cloud_worker_0 - INFO - Worker container_cloud_worker_0 received task notification
2026-01-03 19:49:57 - ScannerWorker_container_cloud_worker_0 - INFO - Worker container_cloud_worker_0 received task notification
2026-01-03 19:49:57 - ScannerWorker_container_cloud_worker_0 - INFO - Worker container_cloud_worker_0 received task notification
2026-01-03 19:49:57 - ScannerWorker_container_cloud_worker_0 - INFO - Worker container_cloud_worker_0 received task notification
2026-01-03 19:49:57 - ScannerWorker_container_cloud_worker_0 - INFO - Worker container_cloud_worker_0 received task notification
2026-01-03 19:49:57 - ScannerWorker_container_cloud_worker_0 - INFO - Worker container_cloud_worker_0 received task notification
2026-01-03 19:49:57 - ScannerWorker_container_cloud_worker_0 - INFO - Worker container_cloud_worker_0 received task notification
2026-01-03 19:49:57 - ScannerWorker_container_cloud_worker_0 - INFO - Worker container_cloud_worker_0 received task notification
2026-01-03 19:49:57 - ScannerWorker_container_cloud_worker_0 - INFO - Worker container_cloud_worker_0 received task notification
2026-01-03 19:49:57 - ScannerWorker_container_cloud_worker_0 - INFO - Worker container_cloud_worker_0 received task notification
2026-01-03 19:49:57 - ScannerWorker_container_cloud_worker_0 - INFO - Worker container_cloud_worker_0 received task notification
2026-01-03 19:49:57 - ScannerWorker_container_cloud_worker_0 - INFO - Worker container_cloud_worker_0 received task notification
2026-01-03 19:49:57 - ScannerWorker_container_cloud_worker_0 - INFO - Worker container_cloud_worker_0 received task notification
2026-01-03 19:49:57 - ScannerWorker_container_cloud_worker_0 - INFO - Worker container_cloud_worker_0 received task notification
2026-01-03 19:49:57 - ScannerWorker_container_cloud_worker_0 - INFO - Worker container_cloud_worker_0 received task notification
2026-01-03 19:49:57 - ScannerWorker_container_cloud_worker_0 - INFO - Worker container_cloud_worker_0 received task notification
2026-01-03 19:49:57 - ScannerWorker_container_cloud_worker_0 - INFO - Worker container_cloud_worker_0 received task notification
2026-01-03 19:49:57 - ScannerWorker_container_cloud_worker_0 - INFO - Worker container_cloud_worker_0 received task notification
2026-01-03 19:49:57 - ScannerWorker_container_cloud_worker_0 - INFO - Worker container_cloud_worker_0 received task notification
2026-01-03 19:49:57 - ScannerWorker_container_cloud_worker_0 - INFO - Worker container_cloud_worker_0 received task notification
2026-01-03 19:49:57 - ScannerWorker_container_cloud_worker_0 - INFO - Worker container_cloud_worker_0 received task notification
2026-01-03 19:49:57 - ScannerWorker_container_cloud_worker_0 - INFO - Worker container_cloud_worker_0 received task notification
2026-01-03 19:49:57 - ScannerWorker_container_cloud_worker_0 - INFO - Worker container_cloud_worker_0 received task notification
2026-01-03 19:49:57 - ScannerWorker_container_cloud_worker_0 - INFO - Worker container_cloud_worker_0 received task notification
2026-01-03 19:49:57 - ScannerWorker_container_cloud_worker_0 - INFO - Worker container_cloud_worker_0 received task notification
2026-01-03 19:49:57 - ScannerWorker_container_cloud_worker_0 - INFO - Worker container_cloud_worker_0 received task notification
2026-01-03 19:49:57 - ScannerWorker_container_cloud_worker_0 - INFO - Worker container_cloud_worker_0 received task notification
2026-01-03 19:49:57 - ScannerWorker_container_cloud_worker_0 - INFO - Worker container_cloud_worker_0 received task notification
2026-01-03 19:49:57 - ScannerWorker_container_cloud_worker_0 - INFO - Worker container_cloud_worker_0 received task notification
2026-01-03 19:49:57 - ScannerWorker_container_cloud_worker_0 - INFO - Worker container_cloud_worker_0 received task notification
2026-01-03 19:49:57 - ScannerWorker_container_cloud_worker_0 - INFO - Worker container_cloud_worker_0 received task notification
2026-01-03 19:49:57 - ScannerWorker_container_cloud_worker_0 - INFO - Worker container_cloud_worker_0 received task notification
2026-01-03 19:49:57 - ScannerWorker_container_cloud_worker_0 - INFO - Worker container_cloud_worker_0 received task notification
2026-01-03 19:49:57 - ScannerWorker_container_cloud_worker_0 - INFO - Worker container_cloud_worker_0 received task notification
2026-01-03 19:49:57 - ScannerWorker_container_cloud_worker_0 - INFO - Worker container_cloud_worker_0 received task notification
2026-01-03 19:49:57 - ScannerWorker_container_cloud_worker_0 - INFO - Worker container_cloud_worker_0 received task notification
2026-01-03 19:49:57 - ScannerWorker_container_cloud_worker_0 - INFO - Worker container_cloud_worker_0 received task notification
2026-01-03 19:49:57 - ScannerWorker_container_cloud_worker_0 - INFO - Worker container_cloud_worker_0 received task notification
2026-01-03 19:49:57 - ScannerWorker_container_cloud_worker_0 - INFO - Worker container_cloud_worker_0 received task notification
2026-01-03 19:49:57 - ScannerWorker_container_cloud_worker_0 - INFO - Worker container_cloud_worker_0 received task notification
2026-01-03 19:49:57 - ScannerWorker_container_cloud_worker_0 - INFO - Worker container_cloud_worker_0 received task notification
2026-01-03 19:49:57 - ScannerWorker_container_cloud_worker_0 - INFO - Worker container_cloud_worker_0 received task notification
2026-01-03 19:49:57 - ScannerWorker_container_cloud_worker_0 - INFO - Worker container_cloud_worker_0 received task notification
2026-01-03 19:49:57 - ScannerWorker_container_cloud_worker_0 - INFO - Worker container_cloud_worker_0 received task notification
2026-01-03 19:49:57 - ScannerWorker_container_cloud_worker_0 - INFO - Worker container_cloud_worker_0 received task notification
2026-01-03 19:49:59 - ScannerWorker_container_cloud_worker_0 - INFO - Worker container_cloud_worker_0 received task notification
2026-01-03 19:49:59 - ScannerWorker_container_cloud_worker_0 - INFO - Worker container_cloud_worker_0 received task notification
2026-01-03 19:49:59 - ScannerWorker_container_cloud_worker_0 - INFO - Worker container_cloud_worker_0 received task notification
2026-01-03 19:49:59 - ScannerWorker_container_cloud_worker_0 - INFO - Worker container_cloud_worker_0 received task notification
2026-01-03 19:49:59 - ScannerWorker_container_cloud_worker_0 - INFO - Worker container_cloud_worker_0 received task notification
2026-01-03 19:49:59 - ScannerWorker_container_cloud_worker_0 - INFO - Worker container_cloud_worker_0 received task notification
2026-01-03 19:49:59 - ScannerWorker_container_cloud_worker_0 - INFO - Worker container_cloud_worker_0 received task notification
2026-01-03 19:49:59 - ScannerWorker_container_cloud_worker_0 - INFO - Worker container_cloud_worker_0 received task notification
2026-01-03 19:49:59 - ScannerWorker_container_cloud_worker_0 - INFO - Worker container_cloud_worker_0 received task notification
2026-01-03 19:49:59 - ScannerWorker_container_cloud_worker_0 - INFO - Worker container_cloud_worker_0 received task notification
2026-01-03 19:49:59 - ScannerWorker_container_cloud_worker_0 - INFO - Worker container_cloud_worker_0 received task notification
2026-01-03 19:49:59 - ScannerWorker_container_cloud_worker_0 - INFO - Worker container_cloud_worker_0 received task notification
2026-01-03 19:49:59 - ScannerWorker_container_cloud_worker_0 - INFO - Worker container_cloud_worker_0 received task notification
2026-01-03 19:49:59 - ScannerWorker_container_cloud_worker_0 - INFO - Worker container_cloud_worker_0 received task notification
2026-01-03 19:49:59 - ScannerWorker_container_cloud_worker_0 - INFO - Worker container_cloud_worker_0 received task notification
2026-01-03 19:49:59 - ScannerWorker_container_cloud_worker_0 - INFO - Worker container_cloud_worker_0 received task notification
2026-01-03 19:49:59 - ScannerWorker_container_cloud_worker_0 - INFO - Worker container_cloud_worker_0 received task notification
2026-01-03 19:49:59 - ScannerWorker_container_cloud_worker_0 - INFO - Worker container_cloud_worker_0 received task notification
2026-01-03 19:49:59 - ScannerWorker_container_cloud_worker_0 - INFO - Worker container_cloud_worker_0 received task notification
2026-01-03 19:49:59 - ScannerWorker_container_cloud_worker_0 - INFO - Worker container_cloud_worker_0 received task notification
2026-01-03 19:49:59 - ScannerWorker_container_cloud_worker_0 - INFO - Worker container_cloud_worker_0 received task notification
2026-01-03 19:49:59 - ScannerWorker_container_cloud_worker_0 - INFO - Worker container_cloud_worker_0 received task notification
2026-01-03 19:49:59 - ScannerWorker_container_cloud_worker_0 - INFO - Worker container_cloud_worker_0 received task notification
2026-01-03 19:49:59 - ScannerWorker_container_cloud_worker_0 - INFO - Worker container_cloud_worker_0 received task notification
2026-01-03 19:49:59 - ScannerWorker_container_cloud_worker_0 - INFO - Worker container_cloud_worker_0 received task notification
2026-01-03 19:49:59 - ScannerWorker_container_cloud_worker_0 - INFO - Worker container_cloud_worker_0 received task notification
2026-01-03 19:49:59 - ScannerWorker_container_cloud_worker_0 - INFO - Worker container_cloud_worker_0 received task notification
2026-01-03 19:49:59 - ScannerWorker_container_cloud_worker_0 - INFO - Worker container_cloud_worker_0 received task notification
2026-01-03 19:49:59 - ScannerWorker_container_cloud_worker_0 - INFO - Worker container_cloud_worker_0 received task notification
2026-01-03 19:49:59 - ScannerWorker_container_cloud_worker_0 - INFO - Worker container_cloud_worker_0 received task notification
2026-01-03 19:49:59 - ScannerWorker_container_cloud_worker_0 - INFO - Worker container_cloud_worker_0 received task notification
2026-01-03 19:49:59 - ScannerWorker_container_cloud_worker_0 - INFO - Worker container_cloud_worker_0 received task notification
2026-01-03 19:49:59 - ScannerWorker_container_cloud_worker_0 - INFO - Worker container_cloud_worker_0 received task notification
2026-01-03 19:49:59 - ScannerWorker_container_cloud_worker_0 - INFO - Worker container_cloud_worker_0 received task notification
2026-01-03 19:49:59 - ScannerWorker_container_cloud_worker_0 - INFO - Worker container_cloud_worker_0 received task notification
2026-01-03 19:49:59 - ScannerWorker_container_cloud_worker_0 - INFO - Worker container_cloud_worker_0 received task notification
2026-01-03 19:49:59 - ScannerWorker_container_cloud_worker_0 - INFO - Worker container_cloud_worker_0 received task notification
2026-01-03 19:49:59 - ScannerWorker_container_cloud_worker_0 - INFO - Worker container_cloud_worker_0 received task notification
2026-01-03 19:49:59 - ScannerWorker_container_cloud_worker_0 - INFO - Worker container_cloud_worker_0 received task notification
2026-01-03 19:49:59 - ScannerWorker_container_cloud_worker_0 - INFO - Worker container_cloud_worker_0 received task notification
2026-01-03 19:49:59 - ScannerWorker_container_cloud_worker_0 - INFO - Worker container_cloud_worker_0 received task notification
2026-01-03 19:49:59 - ScannerWorker_container_cloud_worker_0 - INFO - Worker container_cloud_worker_0 received task notification
2026-01-03 19:49:59 - ScannerWorker_container_cloud_worker_0 - INFO - Worker container_cloud_worker_0 received task notification
2026-01-03 19:49:59 - ScannerWorker_container_cloud_worker_0 - INFO - Worker container_cloud_worker_0 received task notification
2026-01-03 19:49:59 - ScannerWorker_container_cloud_worker_0 - INFO - Worker container_cloud_worker_0 received task notification
2026-01-03 19:49:59 - ScannerWorker_container_cloud_worker_0 - INFO - Worker container_cloud_worker_0 received task notification
2026-01-03 19:49:59 - ScannerWorker_container_cloud_worker_0 - INFO - Worker container_cloud_worker_0 received task notification
2026-01-03 19:49:59 - ScannerWorker_container_cloud_worker_0 - INFO - Worker container_cloud_worker_0 received task notification
2026-01-03 19:49:59 - ScannerWorker_container_cloud_worker_0 - INFO - Worker container_cloud_worker_0 received task notification
2026-01-03 19:49:59 - ScannerWorker_container_cloud_worker_0 - INFO - Worker container_cloud_worker_0 received task notification
2026-01-03 19:49:59 - ScannerWorker_container_cloud_worker_0 - INFO - Worker container_cloud_worker_0 received task notification
2026-01-03 19:49:59 - ScannerWorker_container_cloud_worker_0 - INFO - Worker container_cloud_worker_0 received task notification
2026-01-03 19:49:59 - ScannerWorker_container_cloud_worker_0 - INFO - Worker container_cloud_worker_0 received task notification
2026-01-03 19:49:59 - ScannerWorker_container_cloud_worker_0 - INFO - Worker container_cloud_worker_0 received task notification
2026-01-03 19:49:59 - ScannerWorker_container_cloud_worker_0 - INFO - Worker container_cloud_worker_0 received task notification
2026-01-03 19:49:59 - ScannerWorker_container_cloud_worker_0 - INFO - Worker container_cloud_worker_0 received task notification
2026-01-03 19:49:59 - ScannerWorker_container_cloud_worker_0 - INFO - Worker container_cloud_worker_0 received task notification
2026-01-03 19:49:59 - ScannerWorker_container_cloud_worker_0 - INFO - Worker container_cloud_worker_0 received task notification
2026-01-03 19:49:59 - ScannerWorker_container_cloud_worker_0 - INFO - Worker container_cloud_worker_0 received task notification
2026-01-03 19:49:59 - ScannerWorker_container_cloud_worker_0 - INFO - Worker container_cloud_worker_0 received task notification
2026-01-03 19:49:59 - ScannerWorker_container_cloud_worker_0 - INFO - Worker container_cloud_worker_0 received task notification
2026-01-03 19:49:59 - ScannerWorker_container_cloud_worker_0 - INFO - Worker container_cloud_worker_0 received task notification
2026-01-03 19:49:59 - ScannerWorker_container_cloud_worker_0 - INFO - Worker container_cloud_worker_0 received task notification
2026-01-03 19:49:59 - ScannerWorker_container_cloud_worker_0 - INFO - Worker container_cloud_worker_0 received task notification
2026-01-03 19:49:59 - ScannerWorker_container_cloud_worker_0 - INFO - Worker container_cloud_worker_0 received task notification
2026-01-03 19:49:59 - ScannerWorker_container_cloud_worker_0 - INFO - Worker container_cloud_worker_0 received task notification
