2026-01-03 19:46:37,290 - ScannerWorker_container_cloud_worker_0 - INFO - Imported ContainerCloudSecurityScanner
2026-01-03 19:46:37,291 - ScannerWorker_container_cloud_worker_0 - INFO - Imported CloudIAMScanner
2026-01-03 19:46:37,292 - ScannerWorker_container_cloud_worker_0 - INFO - Imported TrivyScanner
2026-01-03 19:46:37,292 - ScannerWorker_container_cloud_worker_0 - INFO - Imported ClairIntegration
2026-01-03 19:46:37,293 - ScannerWorker_container_cloud_worker_0 - INFO - Imported AnchoreIntegration
2026-01-03 19:46:37,293 - ScannerWorker_container_cloud_worker_0 - INFO - Imported KubeBenchScanner
2026-01-03 19:46:37,294 - ScannerWorker_container_cloud_worker_0 - INFO - Loaded 6 scanners for category container_cloud
2026-01-03 19:46:37,305 - ScannerWorker_container_cloud_worker_0 - INFO - Connected to Redis: redis://localhost:6379/0
2026-01-03 19:46:37,305 - ScannerWorker_container_cloud_worker_0 - INFO - Scanner worker container_cloud_worker_0 started for category container_cloud
2026-01-03 19:49:46,528 - ScannerWorker_container_cloud_worker_0 - INFO - Worker container_cloud_worker_0 received task notification
2026-01-03 19:49:46,539 - ScannerWorker_container_cloud_worker_0 - INFO - Worker container_cloud_worker_0 received task notification
2026-01-03 19:49:46,548 - ScannerWorker_container_cloud_worker_0 - INFO - Worker container_cloud_worker_0 received task notification
2026-01-03 19:49:46,555 - ScannerWorker_container_cloud_worker_0 - INFO - Worker container_cloud_worker_0 received task notification
2026-01-03 19:49:46,559 - ScannerWorker_container_cloud_worker_0 - INFO - Worker container_cloud_worker_0 received task notification
2026-01-03 19:49:46,567 - ScannerWorker_container_cloud_worker_0 - INFO - Worker container_cloud_worker_0 received task notification
2026-01-03 19:49:46,574 - ScannerWorker_container_cloud_worker_0 - INFO - Worker container_cloud_worker_0 received task notification
2026-01-03 19:49:46,605 - ScannerWorker_container_cloud_worker_0 - INFO - Worker container_cloud_worker_0 received task notification
2026-01-03 19:49:46,610 - ScannerWorker_container_cloud_worker_0 - INFO - Worker container_cloud_worker_0 received task notification
2026-01-03 19:49:46,619 - ScannerWorker_container_cloud_worker_0 - INFO - Worker container_cloud_worker_0 received task notification
2026-01-03 19:49:46,627 - ScannerWorker_container_cloud_worker_0 - INFO - Worker container_cloud_worker_0 received task notification
2026-01-03 19:49:46,636 - ScannerWorker_container_cloud_worker_0 - INFO - Worker container_cloud_worker_0 received task notification
2026-01-03 19:49:46,640 - ScannerWorker_container_cloud_worker_0 - INFO - Worker container_cloud_worker_0 received task notification
2026-01-03 19:49:46,646 - ScannerWorker_container_cloud_worker_0 - INFO - Worker container_cloud_worker_0 received task notification
2026-01-03 19:49:46,653 - ScannerWorker_container_cloud_worker_0 - INFO - Worker container_cloud_worker_0 received task notification
2026-01-03 19:49:46,658 - ScannerWorker_container_cloud_worker_0 - INFO - Worker container_cloud_worker_0 received task notification
2026-01-03 19:49:46,665 - ScannerWorker_container_cloud_worker_0 - INFO - Worker container_cloud_worker_0 received task notification
2026-01-03 19:49:46,671 - ScannerWorker_container_cloud_worker_0 - INFO - Worker container_cloud_worker_0 received task notification
2026-01-03 19:49:46,676 - ScannerWorker_container_cloud_worker_0 - INFO - Worker container_cloud_worker_0 received task notification
2026-01-03 19:49:46,683 - ScannerWorker_container_cloud_worker_0 - INFO - Worker container_cloud_worker_0 received task notification
2026-01-03 19:49:46,689 - ScannerWorker_container_cloud_worker_0 - INFO - Worker container_cloud_worker_0 received task notification
2026-01-03 19:49:46,695 - ScannerWorker_container_cloud_worker_0 - INFO - Worker container_cloud_worker_0 received task notification
2026-01-03 19:49:50,279 - ScannerWorker_container_cloud_worker_0 - INFO - Worker container_cloud_worker_0 received task notification
2026-01-03 19:49:50,285 - ScannerWorker_container_cloud_worker_0 - INFO - Worker container_cloud_worker_0 received task notification
2026-01-03 19:49:50,290 - ScannerWorker_container_cloud_worker_0 - INFO - Worker container_cloud_worker_0 received task notification
2026-01-03 19:49:50,295 - ScannerWorker_container_cloud_worker_0 - INFO - Worker container_cloud_worker_0 received task notification
2026-01-03 19:49:50,301 - ScannerWorker_container_cloud_worker_0 - INFO - Worker container_cloud_worker_0 received task notification
2026-01-03 19:49:50,306 - ScannerWorker_container_cloud_worker_0 - INFO - Worker container_cloud_worker_0 received task notification
2026-01-03 19:49:50,312 - ScannerWorker_container_cloud_worker_0 - INFO - Worker container_cloud_worker_0 received task notification
2026-01-03 19:49:50,317 - ScannerWorker_container_cloud_worker_0 - INFO - Worker container_cloud_worker_0 received task notification
2026-01-03 19:49:50,322 - ScannerWorker_container_cloud_worker_0 - INFO - Worker container_cloud_worker_0 received task notification
2026-01-03 19:49:50,326 - ScannerWorker_container_cloud_worker_0 - INFO - Worker container_cloud_worker_0 received task notification
2026-01-03 19:49:50,330 - ScannerWorker_container_cloud_worker_0 - INFO - Worker container_cloud_worker_0 received task notification
2026-01-03 19:49:50,334 - ScannerWorker_container_cloud_worker_0 - INFO - Worker container_cloud_worker_0 received task notification
2026-01-03 19:49:50,339 - ScannerWorker_container_cloud_worker_0 - INFO - Worker container_cloud_worker_0 received task notification
2026-01-03 19:49:50,343 - ScannerWorker_container_cloud_worker_0 - INFO - Worker container_cloud_worker_0 received task notification
2026-01-03 19:49:50,347 - ScannerWorker_container_cloud_worker_0 - INFO - Worker container_cloud_worker_0 received task notification
2026-01-03 19:49:50,352 - ScannerWorker_container_cloud_worker_0 - INFO - Worker container_cloud_worker_0 received task notification
2026-01-03 19:49:50,357 - ScannerWorker_container_cloud_worker_0 - INFO - Worker container_cloud_worker_0 received task notification
2026-01-03 19:49:50,361 - ScannerWorker_container_cloud_worker_0 - INFO - Worker container_cloud_worker_0 received task notification
2026-01-03 19:49:50,365 - ScannerWorker_container_cloud_worker_0 - INFO - Worker container_cloud_worker_0 received task notification
2026-01-03 19:49:50,369 - ScannerWorker_container_cloud_worker_0 - INFO - Worker container_cloud_worker_0 received task notification
2026-01-03 19:49:50,374 - ScannerWorker_container_cloud_worker_0 - INFO - Worker container_cloud_worker_0 received task notification
2026-01-03 19:49:50,378 - ScannerWorker_container_cloud_worker_0 - INFO - Worker container_cloud_worker_0 received task notification
2026-01-03 19:49:50,384 - ScannerWorker_container_cloud_worker_0 - INFO - Worker container_cloud_worker_0 received task notification
2026-01-03 19:49:50,387 - ScannerWorker_container_cloud_worker_0 - INFO - Worker container_cloud_worker_0 received task notification
2026-01-03 19:49:50,392 - ScannerWorker_container_cloud_worker_0 - INFO - Worker container_cloud_worker_0 received task notification
2026-01-03 19:49:50,398 - ScannerWorker_container_cloud_worker_0 - INFO - Worker container_cloud_worker_0 received task notification
2026-01-03 19:49:50,403 - ScannerWorker_container_cloud_worker_0 - INFO - Worker container_cloud_worker_0 received task notification
2026-01-03 19:49:50,408 - ScannerWorker_container_cloud_worker_0 - INFO - Worker container_cloud_worker_0 received task notification
2026-01-03 19:49:50,412 - ScannerWorker_container_cloud_worker_0 - INFO - Worker container_cloud_worker_0 received task notification
2026-01-03 19:49:50,416 - ScannerWorker_container_cloud_worker_0 - INFO - Worker container_cloud_worker_0 received task notification
2026-01-03 19:49:50,420 - ScannerWorker_container_cloud_worker_0 - INFO - Worker container_cloud_worker_0 received task notification
2026-01-03 19:49:50,425 - ScannerWorker_container_cloud_worker_0 - INFO - Worker container_cloud_worker_0 received task notification
2026-01-03 19:49:50,430 - ScannerWorker_container_cloud_worker_0 - INFO - Worker container_cloud_worker_0 received task notification
2026-01-03 19:49:50,434 - ScannerWorker_container_cloud_worker_0 - INFO - Worker container_cloud_worker_0 received task notification
2026-01-03 19:49:50,440 - ScannerWorker_container_cloud_worker_0 - INFO - Worker container_cloud_worker_0 received task notification
2026-01-03 19:49:50,444 - ScannerWorker_container_cloud_worker_0 - INFO - Worker container_cloud_worker_0 received task notification
2026-01-03 19:49:50,449 - ScannerWorker_container_cloud_worker_0 - INFO - Worker container_cloud_worker_0 received task notification
2026-01-03 19:49:50,454 - ScannerWorker_container_cloud_worker_0 - INFO - Worker container_cloud_worker_0 received task notification
2026-01-03 19:49:50,460 - ScannerWorker_container_cloud_worker_0 - INFO - Worker container_cloud_worker_0 received task notification
2026-01-03 19:49:50,470 - ScannerWorker_container_cloud_worker_0 - INFO - Worker container_cloud_worker_0 received task notification
2026-01-03 19:49:50,476 - ScannerWorker_container_cloud_worker_0 - INFO - Worker container_cloud_worker_0 received task notification
2026-01-03 19:49:50,482 - ScannerWorker_container_cloud_worker_0 - INFO - Worker container_cloud_worker_0 received task notification
2026-01-03 19:49:50,490 - ScannerWorker_container_cloud_worker_0 - INFO - Worker container_cloud_worker_0 received task notification
2026-01-03 19:49:50,496 - ScannerWorker_container_cloud_worker_0 - INFO - Worker container_cloud_worker_0 received task notification
2026-01-03 19:49:50,503 - ScannerWorker_container_cloud_worker_0 - INFO - Worker container_cloud_worker_0 received task notification
2026-01-03 19:49:50,508 - ScannerWorker_container_cloud_worker_0 - INFO - Worker container_cloud_worker_0 received task notification
2026-01-03 19:49:50,512 - ScannerWorker_container_cloud_worker_0 - INFO - Worker container_cloud_worker_0 received task notification
2026-01-03 19:49:50,516 - ScannerWorker_container_cloud_worker_0 - INFO - Worker container_cloud_worker_0 received task notification
2026-01-03 19:49:50,520 - ScannerWorker_container_cloud_worker_0 - INFO - Worker container_cloud_worker_0 received task notification
2026-01-03 19:49:50,525 - ScannerWorker_container_cloud_worker_0 - INFO - Worker container_cloud_worker_0 received task notification
2026-01-03 19:49:50,529 - ScannerWorker_container_cloud_worker_0 - INFO - Worker container_cloud_worker_0 received task notification
2026-01-03 19:49:50,534 - ScannerWorker_container_cloud_worker_0 - INFO - Worker container_cloud_worker_0 received task notification
2026-01-03 19:49:50,539 - ScannerWorker_container_cloud_worker_0 - INFO - Worker container_cloud_worker_0 received task notification
2026-01-03 19:49:50,544 - ScannerWorker_container_cloud_worker_0 - INFO - Worker container_cloud_worker_0 received task notification
2026-01-03 19:49:50,552 - ScannerWorker_container_cloud_worker_0 - INFO - Worker container_cloud_worker_0 received task notification
2026-01-03 19:49:50,556 - ScannerWorker_container_cloud_worker_0 - INFO - Worker container_cloud_worker_0 received task notification
2026-01-03 19:49:50,560 - ScannerWorker_container_cloud_worker_0 - INFO - Worker container_cloud_worker_0 received task notification
2026-01-03 19:49:50,564 - ScannerWorker_container_cloud_worker_0 - INFO - Worker container_cloud_worker_0 received task notification
2026-01-03 19:49:50,568 - ScannerWorker_container_cloud_worker_0 - INFO - Worker container_cloud_worker_0 received task notification
2026-01-03 19:49:50,574 - ScannerWorker_container_cloud_worker_0 - INFO - Worker container_cloud_worker_0 received task notification
2026-01-03 19:49:50,580 - ScannerWorker_container_cloud_worker_0 - INFO - Worker container_cloud_worker_0 received task notification
2026-01-03 19:49:50,585 - ScannerWorker_container_cloud_worker_0 - INFO - Worker container_cloud_worker_0 received task notification
2026-01-03 19:49:50,589 - ScannerWorker_container_cloud_worker_0 - INFO - Worker container_cloud_worker_0 received task notification
2026-01-03 19:49:50,593 - ScannerWorker_container_cloud_worker_0 - INFO - Worker container_cloud_worker_0 received task notification
2026-01-03 19:49:50,598 - ScannerWorker_container_cloud_worker_0 - INFO - Worker container_cloud_worker_0 received task notification
2026-01-03 19:49:50,602 - ScannerWorker_container_cloud_worker_0 - INFO - Worker container_cloud_worker_0 received task notification
2026-01-03 19:49:50,606 - ScannerWorker_container_cloud_worker_0 - INFO - Worker container_cloud_worker_0 received task notification
2026-01-03 19:49:50,610 - ScannerWorker_container_cloud_worker_0 - INFO - Worker container_cloud_worker_0 received task notification
2026-01-03 19:49:50,614 - ScannerWorker_container_cloud_worker_0 - INFO - Worker container_cloud_worker_0 received task notification
2026-01-03 19:49:50,619 - ScannerWorker_container_cloud_worker_0 - INFO - Worker container_cloud_worker_0 received task notification
2026-01-03 19:49:50,622 - ScannerWorker_container_cloud_worker_0 - INFO - Worker container_cloud_worker_0 received task notification
2026-01-03 19:49:50,625 - ScannerWorker_container_cloud_worker_0 - INFO - Worker container_cloud_worker_0 received task notification
2026-01-03 19:49:50,629 - ScannerWorker_container_cloud_worker_0 - INFO - Worker container_cloud_worker_0 received task notification
2026-01-03 19:49:50,633 - ScannerWorker_container_cloud_worker_0 - INFO - Worker container_cloud_worker_0 received task notification
2026-01-03 19:49:50,637 - ScannerWorker_container_cloud_worker_0 - INFO - Worker container_cloud_worker_0 received task notification
2026-01-03 19:49:50,642 - ScannerWorker_container_cloud_worker_0 - INFO - Worker container_cloud_worker_0 received task notification
2026-01-03 19:49:50,645 - ScannerWorker_container_cloud_worker_0 - INFO - Worker container_cloud_worker_0 received task notification
2026-01-03 19:49:50,649 - ScannerWorker_container_cloud_worker_0 - INFO - Worker container_cloud_worker_0 received task notification
2026-01-03 19:49:50,654 - ScannerWorker_container_cloud_worker_0 - INFO - Worker container_cloud_worker_0 received task notification
2026-01-03 19:49:50,657 - ScannerWorker_container_cloud_worker_0 - INFO - Worker container_cloud_worker_0 received task notification
2026-01-03 19:49:50,662 - ScannerWorker_container_cloud_worker_0 - INFO - Worker container_cloud_worker_0 received task notification
2026-01-03 19:49:50,665 - ScannerWorker_container_cloud_worker_0 - INFO - Worker container_cloud_worker_0 received task notification
2026-01-03 19:49:50,669 - ScannerWorker_container_cloud_worker_0 - INFO - Worker container_cloud_worker_0 received task notification
2026-01-03 19:49:50,672 - ScannerWorker_container_cloud_worker_0 - INFO - Worker container_cloud_worker_0 received task notification
2026-01-03 19:49:50,675 - ScannerWorker_container_cloud_worker_0 - INFO - Worker container_cloud_worker_0 received task notification
2026-01-03 19:49:50,678 - ScannerWorker_container_cloud_worker_0 - INFO - Worker container_cloud_worker_0 received task notification
2026-01-03 19:49:50,681 - ScannerWorker_container_cloud_worker_0 - INFO - Worker container_cloud_worker_0 received task notification
2026-01-03 19:49:50,684 - ScannerWorker_container_cloud_worker_0 - INFO - Worker container_cloud_worker_0 received task notification
2026-01-03 19:49:50,688 - ScannerWorker_container_cloud_worker_0 - INFO - Worker container_cloud_worker_0 received task notification
2026-01-03 19:49:50,693 - ScannerWorker_container_cloud_worker_0 - INFO - Worker container_cloud_worker_0 received task notification
2026-01-03 19:49:50,696 - ScannerWorker_container_cloud_worker_0 - INFO - Worker container_cloud_worker_0 received task notification
2026-01-03 19:49:50,699 - ScannerWorker_container_cloud_worker_0 - INFO - Worker container_cloud_worker_0 received task notification
2026-01-03 19:49:50,702 - ScannerWorker_container_cloud_worker_0 - INFO - Worker container_cloud_worker_0 received task notification
2026-01-03 19:49:50,705 - ScannerWorker_container_cloud_worker_0 - INFO - Worker container_cloud_worker_0 received task notification
2026-01-03 19:49:50,708 - ScannerWorker_container_cloud_worker_0 - INFO - Worker container_cloud_worker_0 received task notification
2026-01-03 19:49:50,710 - ScannerWorker_container_cloud_worker_0 - INFO - Worker container_cloud_worker_0 received task notification
2026-01-03 19:49:50,714 - ScannerWorker_container_cloud_worker_0 - INFO - Worker container_cloud_worker_0 received task notification
2026-01-03 19:49:50,717 - ScannerWorker_container_cloud_worker_0 - INFO - Worker container_cloud_worker_0 received task notification
2026-01-03 19:49:50,721 - ScannerWorker_container_cloud_worker_0 - INFO - Worker container_cloud_worker_0 received task notification
2026-01-03 19:49:50,724 - ScannerWorker_container_cloud_worker_0 - INFO - Worker container_cloud_worker_0 received task notification
2026-01-03 19:49:50,727 - ScannerWorker_container_cloud_worker_0 - INFO - Worker container_cloud_worker_0 received task notification
2026-01-03 19:49:50,730 - ScannerWorker_container_cloud_worker_0 - INFO - Worker container_cloud_worker_0 received task notification
2026-01-03 19:49:50,733 - ScannerWorker_container_cloud_worker_0 - INFO - Worker container_cloud_worker_0 received task notification
2026-01-03 19:49:50,736 - ScannerWorker_container_cloud_worker_0 - INFO - Worker container_cloud_worker_0 received task notification
2026-01-03 19:49:50,739 - ScannerWorker_container_cloud_worker_0 - INFO - Worker container_cloud_worker_0 received task notification
2026-01-03 19:49:50,743 - ScannerWorker_container_cloud_worker_0 - INFO - Worker container_cloud_worker_0 received task notification
2026-01-03 19:49:50,746 - ScannerWorker_container_cloud_worker_0 - INFO - Worker container_cloud_worker_0 received task notification
2026-01-03 19:49:50,748 - ScannerWorker_container_cloud_worker_0 - INFO - Worker container_cloud_worker_0 received task notification
2026-01-03 19:49:50,751 - ScannerWorker_container_cloud_worker_0 - INFO - Worker container_cloud_worker_0 received task notification
2026-01-03 19:49:50,754 - ScannerWorker_container_cloud_worker_0 - INFO - Worker container_cloud_worker_0 received task notification
2026-01-03 19:49:50,757 - ScannerWorker_container_cloud_worker_0 - INFO - Worker container_cloud_worker_0 received task notification
2026-01-03 19:49:50,761 - ScannerWorker_container_cloud_worker_0 - INFO - Worker container_cloud_worker_0 received task notification
2026-01-03 19:49:50,764 - ScannerWorker_container_cloud_worker_0 - INFO - Worker container_cloud_worker_0 received task notification
2026-01-03 19:49:50,767 - ScannerWorker_container_cloud_worker_0 - INFO - Worker container_cloud_worker_0 received task notification
2026-01-03 19:49:50,771 - ScannerWorker_container_cloud_worker_0 - INFO - Worker container_cloud_worker_0 received task notification
2026-01-03 19:49:50,774 - ScannerWorker_container_cloud_worker_0 - INFO - Worker container_cloud_worker_0 received task notification
2026-01-03 19:49:50,778 - ScannerWorker_container_cloud_worker_0 - INFO - Worker container_cloud_worker_0 received task notification
2026-01-03 19:49:50,781 - ScannerWorker_container_cloud_worker_0 - INFO - Worker container_cloud_worker_0 received task notification
2026-01-03 19:49:50,785 - ScannerWorker_container_cloud_worker_0 - INFO - Worker container_cloud_worker_0 received task notification
2026-01-03 19:49:50,787 - ScannerWorker_container_cloud_worker_0 - INFO - Worker container_cloud_worker_0 received task notification
2026-01-03 19:49:50,791 - ScannerWorker_container_cloud_worker_0 - INFO - Worker container_cloud_worker_0 received task notification
2026-01-03 19:49:50,793 - ScannerWorker_container_cloud_worker_0 - INFO - Worker container_cloud_worker_0 received task notification
2026-01-03 19:49:50,797 - ScannerWorker_container_cloud_worker_0 - INFO - Worker container_cloud_worker_0 received task notification
2026-01-03 19:49:50,801 - ScannerWorker_container_cloud_worker_0 - INFO - Worker container_cloud_worker_0 received task notification
2026-01-03 19:49:50,805 - ScannerWorker_container_cloud_worker_0 - INFO - Worker container_cloud_worker_0 received task notification
2026-01-03 19:49:50,808 - ScannerWorker_container_cloud_worker_0 - INFO - Worker container_cloud_worker_0 received task notification
2026-01-03 19:49:50,811 - ScannerWorker_container_cloud_worker_0 - INFO - Worker container_cloud_worker_0 received task notification
2026-01-03 19:49:50,815 - ScannerWorker_container_cloud_worker_0 - INFO - Worker container_cloud_worker_0 received task notification
2026-01-03 19:49:50,818 - ScannerWorker_container_cloud_worker_0 - INFO - Worker container_cloud_worker_0 received task notification
2026-01-03 19:49:50,821 - ScannerWorker_container_cloud_worker_0 - INFO - Worker container_cloud_worker_0 received task notification
2026-01-03 19:49:50,824 - ScannerWorker_container_cloud_worker_0 - INFO - Worker container_cloud_worker_0 received task notification
2026-01-03 19:49:50,827 - ScannerWorker_container_cloud_worker_0 - INFO - Worker container_cloud_worker_0 received task notification
2026-01-03 19:49:52,669 - ScannerWorker_container_cloud_worker_0 - INFO - Worker container_cloud_worker_0 received task notification
2026-01-03 19:49:52,672 - ScannerWorker_container_cloud_worker_0 - INFO - Worker container_cloud_worker_0 received task notification
2026-01-03 19:49:52,676 - ScannerWorker_container_cloud_worker_0 - INFO - Worker container_cloud_worker_0 received task notification
2026-01-03 19:49:52,681 - ScannerWorker_container_cloud_worker_0 - INFO - Worker container_cloud_worker_0 received task notification
2026-01-03 19:49:52,684 - ScannerWorker_container_cloud_worker_0 - INFO - Worker container_cloud_worker_0 received task notification
2026-01-03 19:49:52,688 - ScannerWorker_container_cloud_worker_0 - INFO - Worker container_cloud_worker_0 received task notification
2026-01-03 19:49:52,691 - ScannerWorker_container_cloud_worker_0 - INFO - Worker container_cloud_worker_0 received task notification
2026-01-03 19:49:52,694 - ScannerWorker_container_cloud_worker_0 - INFO - Worker container_cloud_worker_0 received task notification
2026-01-03 19:49:52,698 - ScannerWorker_container_cloud_worker_0 - INFO - Worker container_cloud_worker_0 received task notification
2026-01-03 19:49:52,702 - ScannerWorker_container_cloud_worker_0 - INFO - Worker container_cloud_worker_0 received task notification
2026-01-03 19:49:52,705 - ScannerWorker_container_cloud_worker_0 - INFO - Worker container_cloud_worker_0 received task notification
2026-01-03 19:49:52,709 - ScannerWorker_container_cloud_worker_0 - INFO - Worker container_cloud_worker_0 received task notification
2026-01-03 19:49:52,713 - ScannerWorker_container_cloud_worker_0 - INFO - Worker container_cloud_worker_0 received task notification
2026-01-03 19:49:52,716 - ScannerWorker_container_cloud_worker_0 - INFO - Worker container_cloud_worker_0 received task notification
2026-01-03 19:49:52,722 - ScannerWorker_container_cloud_worker_0 - INFO - Worker container_cloud_worker_0 received task notification
2026-01-03 19:49:52,725 - ScannerWorker_container_cloud_worker_0 - INFO - Worker container_cloud_worker_0 received task notification
2026-01-03 19:49:52,728 - ScannerWorker_container_cloud_worker_0 - INFO - Worker container_cloud_worker_0 received task notification
2026-01-03 19:49:52,732 - ScannerWorker_container_cloud_worker_0 - INFO - Worker container_cloud_worker_0 received task notification
2026-01-03 19:49:52,735 - ScannerWorker_container_cloud_worker_0 - INFO - Worker container_cloud_worker_0 received task notification
2026-01-03 19:49:52,739 - ScannerWorker_container_cloud_worker_0 - INFO - Worker container_cloud_worker_0 received task notification
2026-01-03 19:49:52,743 - ScannerWorker_container_cloud_worker_0 - INFO - Worker container_cloud_worker_0 received task notification
2026-01-03 19:49:52,746 - ScannerWorker_container_cloud_worker_0 - INFO - Worker container_cloud_worker_0 received task notification
2026-01-03 19:49:52,750 - ScannerWorker_container_cloud_worker_0 - INFO - Worker container_cloud_worker_0 received task notification
2026-01-03 19:49:52,754 - ScannerWorker_container_cloud_worker_0 - INFO - Worker container_cloud_worker_0 received task notification
2026-01-03 19:49:52,758 - ScannerWorker_container_cloud_worker_0 - INFO - Worker container_cloud_worker_0 received task notification
2026-01-03 19:49:52,762 - ScannerWorker_container_cloud_worker_0 - INFO - Worker container_cloud_worker_0 received task notification
2026-01-03 19:49:52,766 - ScannerWorker_container_cloud_worker_0 - INFO - Worker container_cloud_worker_0 received task notification
2026-01-03 19:49:52,771 - ScannerWorker_container_cloud_worker_0 - INFO - Worker container_cloud_worker_0 received task notification
2026-01-03 19:49:52,776 - ScannerWorker_container_cloud_worker_0 - INFO - Worker container_cloud_worker_0 received task notification
2026-01-03 19:49:52,780 - ScannerWorker_container_cloud_worker_0 - INFO - Worker container_cloud_worker_0 received task notification
2026-01-03 19:49:52,783 - ScannerWorker_container_cloud_worker_0 - INFO - Worker container_cloud_worker_0 received task notification
2026-01-03 19:49:52,786 - ScannerWorker_container_cloud_worker_0 - INFO - Worker container_cloud_worker_0 received task notification
2026-01-03 19:49:52,789 - ScannerWorker_container_cloud_worker_0 - INFO - Worker container_cloud_worker_0 received task notification
2026-01-03 19:49:52,794 - ScannerWorker_container_cloud_worker_0 - INFO - Worker container_cloud_worker_0 received task notification
2026-01-03 19:49:52,797 - ScannerWorker_container_cloud_worker_0 - INFO - Worker container_cloud_worker_0 received task notification
2026-01-03 19:49:52,801 - ScannerWorker_container_cloud_worker_0 - INFO - Worker container_cloud_worker_0 received task notification
2026-01-03 19:49:52,805 - ScannerWorker_container_cloud_worker_0 - INFO - Worker container_cloud_worker_0 received task notification
2026-01-03 19:49:52,809 - ScannerWorker_container_cloud_worker_0 - INFO - Worker container_cloud_worker_0 received task notification
2026-01-03 19:49:52,812 - ScannerWorker_container_cloud_worker_0 - INFO - Worker container_cloud_worker_0 received task notification
2026-01-03 19:49:52,816 - ScannerWorker_container_cloud_worker_0 - INFO - Worker container_cloud_worker_0 received task notification
2026-01-03 19:49:52,821 - ScannerWorker_container_cloud_worker_0 - INFO - Worker container_cloud_worker_0 received task notification
2026-01-03 19:49:52,825 - ScannerWorker_container_cloud_worker_0 - INFO - Worker container_cloud_worker_0 received task notification
2026-01-03 19:49:52,829 - ScannerWorker_container_cloud_worker_0 - INFO - Worker container_cloud_worker_0 received task notification
2026-01-03 19:49:52,833 - ScannerWorker_container_cloud_worker_0 - INFO - Worker container_cloud_worker_0 received task notification
2026-01-03 19:49:52,837 - ScannerWorker_container_cloud_worker_0 - INFO - Worker container_cloud_worker_0 received task notification
2026-01-03 19:49:52,841 - ScannerWorker_container_cloud_worker_0 - INFO - Worker container_cloud_worker_0 received task notification
2026-01-03 19:49:52,845 - ScannerWorker_container_cloud_worker_0 - INFO - Worker container_cloud_worker_0 received task notification
2026-01-03 19:49:52,850 - ScannerWorker_container_cloud_worker_0 - INFO - Worker container_cloud_worker_0 received task notification
2026-01-03 19:49:52,854 - ScannerWorker_container_cloud_worker_0 - INFO - Worker container_cloud_worker_0 received task notification
2026-01-03 19:49:52,858 - ScannerWorker_container_cloud_worker_0 - INFO - Worker container_cloud_worker_0 received task notification
2026-01-03 19:49:52,866 - ScannerWorker_container_cloud_worker_0 - INFO - Worker container_cloud_worker_0 received task notification
2026-01-03 19:49:52,871 - ScannerWorker_container_cloud_worker_0 - INFO - Worker container_cloud_worker_0 received task notification
2026-01-03 19:49:52,875 - ScannerWorker_container_cloud_worker_0 - INFO - Worker container_cloud_worker_0 received task notification
2026-01-03 19:49:52,879 - ScannerWorker_container_cloud_worker_0 - INFO - Worker container_cloud_worker_0 received task notification
2026-01-03 19:49:52,885 - ScannerWorker_container_cloud_worker_0 - INFO - Worker container_cloud_worker_0 received task notification
2026-01-03 19:49:52,889 - ScannerWorker_container_cloud_worker_0 - INFO - Worker container_cloud_worker_0 received task notification
2026-01-03 19:49:52,892 - ScannerWorker_container_cloud_worker_0 - INFO - Worker container_cloud_worker_0 received task notification
2026-01-03 19:49:52,897 - ScannerWorker_container_cloud_worker_0 - INFO - Worker container_cloud_worker_0 received task notification
2026-01-03 19:49:52,901 - ScannerWorker_container_cloud_worker_0 - INFO - Worker container_cloud_worker_0 received task notification
2026-01-03 19:49:52,905 - ScannerWorker_container_cloud_worker_0 - INFO - Worker container_cloud_worker_0 received task notification
2026-01-03 19:49:52,908 - ScannerWorker_container_cloud_worker_0 - INFO - Worker container_cloud_worker_0 received task notification
2026-01-03 19:49:52,912 - ScannerWorker_container_cloud_worker_0 - INFO - Worker container_cloud_worker_0 received task notification
2026-01-03 19:49:52,915 - ScannerWorker_container_cloud_worker_0 - INFO - Worker container_cloud_worker_0 received task notification
2026-01-03 19:49:52,919 - ScannerWorker_container_cloud_worker_0 - INFO - Worker container_cloud_worker_0 received task notification
2026-01-03 19:49:52,923 - ScannerWorker_container_cloud_worker_0 - INFO - Worker container_cloud_worker_0 received task notification
2026-01-03 19:49:52,927 - ScannerWorker_container_cloud_worker_0 - INFO - Worker container_cloud_worker_0 received task notification
2026-01-03 19:49:52,931 - ScannerWorker_container_cloud_worker_0 - INFO - Worker container_cloud_worker_0 received task notification
2026-01-03 19:49:52,934 - ScannerWorker_container_cloud_worker_0 - INFO - Worker container_cloud_worker_0 received task notification
2026-01-03 19:49:52,939 - ScannerWorker_container_cloud_worker_0 - INFO - Worker container_cloud_worker_0 received task notification
2026-01-03 19:49:52,942 - ScannerWorker_container_cloud_worker_0 - INFO - Worker container_cloud_worker_0 received task notification
2026-01-03 19:49:52,946 - ScannerWorker_container_cloud_worker_0 - INFO - Worker container_cloud_worker_0 received task notification
2026-01-03 19:49:52,950 - ScannerWorker_container_cloud_worker_0 - INFO - Worker container_cloud_worker_0 received task notification
2026-01-03 19:49:52,953 - ScannerWorker_container_cloud_worker_0 - INFO - Worker container_cloud_worker_0 received task notification
2026-01-03 19:49:52,956 - ScannerWorker_container_cloud_worker_0 - INFO - Worker container_cloud_worker_0 received task notification
2026-01-03 19:49:52,959 - ScannerWorker_container_cloud_worker_0 - INFO - Worker container_cloud_worker_0 received task notification
2026-01-03 19:49:52,963 - ScannerWorker_container_cloud_worker_0 - INFO - Worker container_cloud_worker_0 received task notification
2026-01-03 19:49:52,966 - ScannerWorker_container_cloud_worker_0 - INFO - Worker container_cloud_worker_0 received task notification
2026-01-03 19:49:52,969 - ScannerWorker_container_cloud_worker_0 - INFO - Worker container_cloud_worker_0 received task notification
2026-01-03 19:49:52,973 - ScannerWorker_container_cloud_worker_0 - INFO - Worker container_cloud_worker_0 received task notification
2026-01-03 19:49:52,976 - ScannerWorker_container_cloud_worker_0 - INFO - Worker container_cloud_worker_0 received task notification
2026-01-03 19:49:52,980 - ScannerWorker_container_cloud_worker_0 - INFO - Worker container_cloud_worker_0 received task notification
2026-01-03 19:49:52,984 - ScannerWorker_container_cloud_worker_0 - INFO - Worker container_cloud_worker_0 received task notification
2026-01-03 19:49:52,987 - ScannerWorker_container_cloud_worker_0 - INFO - Worker container_cloud_worker_0 received task notification
2026-01-03 19:49:52,990 - ScannerWorker_container_cloud_worker_0 - INFO - Worker container_cloud_worker_0 received task notification
2026-01-03 19:49:52,993 - ScannerWorker_container_cloud_worker_0 - INFO - Worker container_cloud_worker_0 received task notification
2026-01-03 19:49:52,996 - ScannerWorker_container_cloud_worker_0 - INFO - Worker container_cloud_worker_0 received task notification
2026-01-03 19:49:52,999 - ScannerWorker_container_cloud_worker_0 - INFO - Worker container_cloud_worker_0 received task notification
2026-01-03 19:49:53,001 - ScannerWorker_container_cloud_worker_0 - INFO - Worker container_cloud_worker_0 received task notification
2026-01-03 19:49:54,894 - ScannerWorker_container_cloud_worker_0 - INFO - Worker container_cloud_worker_0 received task notification
2026-01-03 19:49:54,899 - ScannerWorker_container_cloud_worker_0 - INFO - Worker container_cloud_worker_0 received task notification
2026-01-03 19:49:54,909 - ScannerWorker_container_cloud_worker_0 - INFO - Worker container_cloud_worker_0 received task notification
2026-01-03 19:49:54,917 - ScannerWorker_container_cloud_worker_0 - INFO - Worker container_cloud_worker_0 received task notification
2026-01-03 19:49:54,923 - ScannerWorker_container_cloud_worker_0 - INFO - Worker container_cloud_worker_0 received task notification
2026-01-03 19:49:54,928 - ScannerWorker_container_cloud_worker_0 - INFO - Worker container_cloud_worker_0 received task notification
2026-01-03 19:49:54,934 - ScannerWorker_container_cloud_worker_0 - INFO - Worker container_cloud_worker_0 received task notification
2026-01-03 19:49:54,938 - ScannerWorker_container_cloud_worker_0 - INFO - Worker container_cloud_worker_0 received task notification
2026-01-03 19:49:54,943 - ScannerWorker_container_cloud_worker_0 - INFO - Worker container_cloud_worker_0 received task notification
2026-01-03 19:49:54,946 - ScannerWorker_container_cloud_worker_0 - INFO - Worker container_cloud_worker_0 received task notification
2026-01-03 19:49:54,949 - ScannerWorker_container_cloud_worker_0 - INFO - Worker container_cloud_worker_0 received task notification
2026-01-03 19:49:54,953 - ScannerWorker_container_cloud_worker_0 - INFO - Worker container_cloud_worker_0 received task notification
2026-01-03 19:49:54,956 - ScannerWorker_container_cloud_worker_0 - INFO - Worker container_cloud_worker_0 received task notification
2026-01-03 19:49:54,959 - ScannerWorker_container_cloud_worker_0 - INFO - Worker container_cloud_worker_0 received task notification
2026-01-03 19:49:54,962 - ScannerWorker_container_cloud_worker_0 - INFO - Worker container_cloud_worker_0 received task notification
2026-01-03 19:49:54,965 - ScannerWorker_container_cloud_worker_0 - INFO - Worker container_cloud_worker_0 received task notification
2026-01-03 19:49:54,968 - ScannerWorker_container_cloud_worker_0 - INFO - Worker container_cloud_worker_0 received task notification
2026-01-03 19:49:54,971 - ScannerWorker_container_cloud_worker_0 - INFO - Worker container_cloud_worker_0 received task notification
2026-01-03 19:49:54,975 - ScannerWorker_container_cloud_worker_0 - INFO - Worker container_cloud_worker_0 received task notification
2026-01-03 19:49:54,978 - ScannerWorker_container_cloud_worker_0 - INFO - Worker container_cloud_worker_0 received task notification
2026-01-03 19:49:54,981 - ScannerWorker_container_cloud_worker_0 - INFO - Worker container_cloud_worker_0 received task notification
2026-01-03 19:49:54,985 - ScannerWorker_container_cloud_worker_0 - INFO - Worker container_cloud_worker_0 received task notification
2026-01-03 19:49:54,989 - ScannerWorker_container_cloud_worker_0 - INFO - Worker container_cloud_worker_0 received task notification
2026-01-03 19:49:54,993 - ScannerWorker_container_cloud_worker_0 - INFO - Worker container_cloud_worker_0 received task notification
2026-01-03 19:49:54,996 - ScannerWorker_container_cloud_worker_0 - INFO - Worker container_cloud_worker_0 received task notification
2026-01-03 19:49:54,999 - ScannerWorker_container_cloud_worker_0 - INFO - Worker container_cloud_worker_0 received task notification
2026-01-03 19:49:55,003 - ScannerWorker_container_cloud_worker_0 - INFO - Worker container_cloud_worker_0 received task notification
2026-01-03 19:49:55,006 - ScannerWorker_container_cloud_worker_0 - INFO - Worker container_cloud_worker_0 received task notification
2026-01-03 19:49:55,009 - ScannerWorker_container_cloud_worker_0 - INFO - Worker container_cloud_worker_0 received task notification
2026-01-03 19:49:55,013 - ScannerWorker_container_cloud_worker_0 - INFO - Worker container_cloud_worker_0 received task notification
2026-01-03 19:49:55,016 - ScannerWorker_container_cloud_worker_0 - INFO - Worker container_cloud_worker_0 received task notification
2026-01-03 19:49:55,020 - ScannerWorker_container_cloud_worker_0 - INFO - Worker container_cloud_worker_0 received task notification
2026-01-03 19:49:55,024 - ScannerWorker_container_cloud_worker_0 - INFO - Worker container_cloud_worker_0 received task notification
2026-01-03 19:49:55,027 - ScannerWorker_container_cloud_worker_0 - INFO - Worker container_cloud_worker_0 received task notification
2026-01-03 19:49:55,030 - ScannerWorker_container_cloud_worker_0 - INFO - Worker container_cloud_worker_0 received task notification
2026-01-03 19:49:55,034 - ScannerWorker_container_cloud_worker_0 - INFO - Worker container_cloud_worker_0 received task notification
2026-01-03 19:49:55,037 - ScannerWorker_container_cloud_worker_0 - INFO - Worker container_cloud_worker_0 received task notification
2026-01-03 19:49:55,041 - ScannerWorker_container_cloud_worker_0 - INFO - Worker container_cloud_worker_0 received task notification
2026-01-03 19:49:55,045 - ScannerWorker_container_cloud_worker_0 - INFO - Worker container_cloud_worker_0 received task notification
2026-01-03 19:49:55,048 - ScannerWorker_container_cloud_worker_0 - INFO - Worker container_cloud_worker_0 received task notification
2026-01-03 19:49:55,052 - ScannerWorker_container_cloud_worker_0 - INFO - Worker container_cloud_worker_0 received task notification
2026-01-03 19:49:55,055 - ScannerWorker_container_cloud_worker_0 - INFO - Worker container_cloud_worker_0 received task notification
2026-01-03 19:49:55,060 - ScannerWorker_container_cloud_worker_0 - INFO - Worker container_cloud_worker_0 received task notification
2026-01-03 19:49:55,064 - ScannerWorker_container_cloud_worker_0 - INFO - Worker container_cloud_worker_0 received task notification
2026-01-03 19:49:55,067 - ScannerWorker_container_cloud_worker_0 - INFO - Worker container_cloud_worker_0 received task notification
2026-01-03 19:49:55,070 - ScannerWorker_container_cloud_worker_0 - INFO - Worker container_cloud_worker_0 received task notification
2026-01-03 19:49:55,074 - ScannerWorker_container_cloud_worker_0 - INFO - Worker container_cloud_worker_0 received task notification
2026-01-03 19:49:55,078 - ScannerWorker_container_cloud_worker_0 - INFO - Worker container_cloud_worker_0 received task notification
2026-01-03 19:49:55,083 - ScannerWorker_container_cloud_worker_0 - INFO - Worker container_cloud_worker_0 received task notification
2026-01-03 19:49:55,087 - ScannerWorker_container_cloud_worker_0 - INFO - Worker container_cloud_worker_0 received task notification
2026-01-03 19:49:55,090 - ScannerWorker_container_cloud_worker_0 - INFO - Worker container_cloud_worker_0 received task notification
2026-01-03 19:49:55,094 - ScannerWorker_container_cloud_worker_0 - INFO - Worker container_cloud_worker_0 received task notification
2026-01-03 19:49:55,097 - ScannerWorker_container_cloud_worker_0 - INFO - Worker container_cloud_worker_0 received task notification
2026-01-03 19:49:55,100 - ScannerWorker_container_cloud_worker_0 - INFO - Worker container_cloud_worker_0 received task notification
2026-01-03 19:49:55,104 - ScannerWorker_container_cloud_worker_0 - INFO - Worker container_cloud_worker_0 received task notification
2026-01-03 19:49:55,107 - ScannerWorker_container_cloud_worker_0 - INFO - Worker container_cloud_worker_0 received task notification
2026-01-03 19:49:55,111 - ScannerWorker_container_cloud_worker_0 - INFO - Worker container_cloud_worker_0 received task notification
2026-01-03 19:49:55,114 - ScannerWorker_container_cloud_worker_0 - INFO - Worker container_cloud_worker_0 received task notification
2026-01-03 19:49:55,118 - ScannerWorker_container_cloud_worker_0 - INFO - Worker container_cloud_worker_0 received task notification
2026-01-03 19:49:55,122 - ScannerWorker_container_cloud_worker_0 - INFO - Worker container_cloud_worker_0 received task notification
2026-01-03 19:49:55,126 - ScannerWorker_container_cloud_worker_0 - INFO - Worker container_cloud_worker_0 received task notification
2026-01-03 19:49:55,130 - ScannerWorker_container_cloud_worker_0 - INFO - Worker container_cloud_worker_0 received task notification
2026-01-03 19:49:55,133 - ScannerWorker_container_cloud_worker_0 - INFO - Worker container_cloud_worker_0 received task notification
2026-01-03 19:49:55,137 - ScannerWorker_container_cloud_worker_0 - INFO - Worker container_cloud_worker_0 received task notification
2026-01-03 19:49:55,140 - ScannerWorker_container_cloud_worker_0 - INFO - Worker container_cloud_worker_0 received task notification
2026-01-03 19:49:55,143 - ScannerWorker_container_cloud_worker_0 - INFO - Worker container_cloud_worker_0 received task notification
2026-01-03 19:49:55,147 - ScannerWorker_container_cloud_worker_0 - INFO - Worker container_cloud_worker_0 received task notification
2026-01-03 19:49:55,151 - ScannerWorker_container_cloud_worker_0 - INFO - Worker container_cloud_worker_0 received task notification
2026-01-03 19:49:55,154 - ScannerWorker_container_cloud_worker_0 - INFO - Worker container_cloud_worker_0 received task notification
2026-01-03 19:49:55,158 - ScannerWorker_container_cloud_worker_0 - INFO - Worker container_cloud_worker_0 received task notification
2026-01-03 19:49:55,162 - ScannerWorker_container_cloud_worker_0 - INFO - Worker container_cloud_worker_0 received task notification
2026-01-03 19:49:55,166 - ScannerWorker_container_cloud_worker_0 - INFO - Worker container_cloud_worker_0 received task notification
2026-01-03 19:49:55,169 - ScannerWorker_container_cloud_worker_0 - INFO - Worker container_cloud_worker_0 received task notification
2026-01-03 19:49:55,172 - ScannerWorker_container_cloud_worker_0 - INFO - Worker container_cloud_worker_0 received task notification
2026-01-03 19:49:55,175 - ScannerWorker_container_cloud_worker_0 - INFO - Worker container_cloud_worker_0 received task notification
2026-01-03 19:49:55,178 - ScannerWorker_container_cloud_worker_0 - INFO - Worker container_cloud_worker_0 received task notification
2026-01-03 19:49:55,181 - ScannerWorker_container_cloud_worker_0 - INFO - Worker container_cloud_worker_0 received task notification
2026-01-03 19:49:55,183 - ScannerWorker_container_cloud_worker_0 - INFO - Worker container_cloud_worker_0 received task notification
2026-01-03 19:49:55,186 - ScannerWorker_container_cloud_worker_0 - INFO - Worker container_cloud_worker_0 received task notification
2026-01-03 19:49:55,189 - ScannerWorker_container_cloud_worker_0 - INFO - Worker container_cloud_worker_0 received task notification
2026-01-03 19:49:55,191 - ScannerWorker_container_cloud_worker_0 - INFO - Worker container_cloud_worker_0 received task notification
2026-01-03 19:49:55,195 - ScannerWorker_container_cloud_worker_0 - INFO - Worker container_cloud_worker_0 received task notification
2026-01-03 19:49:55,198 - ScannerWorker_container_cloud_worker_0 - INFO - Worker container_cloud_worker_0 received task notification
2026-01-03 19:49:55,201 - ScannerWorker_container_cloud_worker_0 - INFO - Worker container_cloud_worker_0 received task notification
2026-01-03 19:49:55,203 - ScannerWorker_container_cloud_worker_0 - INFO - Worker container_cloud_worker_0 received task notification
2026-01-03 19:49:55,205 - ScannerWorker_container_cloud_worker_0 - INFO - Worker container_cloud_worker_0 received task notification
2026-01-03 19:49:55,208 - ScannerWorker_container_cloud_worker_0 - INFO - Worker container_cloud_worker_0 received task notification
2026-01-03 19:49:55,210 - ScannerWorker_container_cloud_worker_0 - INFO - Worker container_cloud_worker_0 received task notification
2026-01-03 19:49:55,213 - ScannerWorker_container_cloud_worker_0 - INFO - Worker container_cloud_worker_0 received task notification
2026-01-03 19:49:55,215 - ScannerWorker_container_cloud_worker_0 - INFO - Worker container_cloud_worker_0 received task notification
2026-01-03 19:49:55,218 - ScannerWorker_container_cloud_worker_0 - INFO - Worker container_cloud_worker_0 received task notification
2026-01-03 19:49:55,221 - ScannerWorker_container_cloud_worker_0 - INFO - Worker container_cloud_worker_0 received task notification
2026-01-03 19:49:55,223 - ScannerWorker_container_cloud_worker_0 - INFO - Worker container_cloud_worker_0 received task notification
2026-01-03 19:49:55,225 - ScannerWorker_container_cloud_worker_0 - INFO - Worker container_cloud_worker_0 received task notification
2026-01-03 19:49:55,228 - ScannerWorker_container_cloud_worker_0 - INFO - Worker container_cloud_worker_0 received task notification
2026-01-03 19:49:55,230 - ScannerWorker_container_cloud_worker_0 - INFO - Worker container_cloud_worker_0 received task notification
2026-01-03 19:49:55,234 - ScannerWorker_container_cloud_worker_0 - INFO - Worker container_cloud_worker_0 received task notification
2026-01-03 19:49:55,237 - ScannerWorker_container_cloud_worker_0 - INFO - Worker container_cloud_worker_0 received task notification
2026-01-03 19:49:55,240 - ScannerWorker_container_cloud_worker_0 - INFO - Worker container_cloud_worker_0 received task notification
2026-01-03 19:49:55,242 - ScannerWorker_container_cloud_worker_0 - INFO - Worker container_cloud_worker_0 received task notification
2026-01-03 19:49:55,245 - ScannerWorker_container_cloud_worker_0 - INFO - Worker container_cloud_worker_0 received task notification
2026-01-03 19:49:55,248 - ScannerWorker_container_cloud_worker_0 - INFO - Worker container_cloud_worker_0 received task notification
2026-01-03 19:49:55,251 - ScannerWorker_container_cloud_worker_0 - INFO - Worker container_cloud_worker_0 received task notification
2026-01-03 19:49:55,253 - ScannerWorker_container_cloud_worker_0 - INFO - Worker container_cloud_worker_0 received task notification
2026-01-03 19:49:55,255 - ScannerWorker_container_cloud_worker_0 - INFO - Worker container_cloud_worker_0 received task notification
2026-01-03 19:49:55,258 - ScannerWorker_container_cloud_worker_0 - INFO - Worker container_cloud_worker_0 received task notification
2026-01-03 19:49:55,260 - ScannerWorker_container_cloud_worker_0 - INFO - Worker container_cloud_worker_0 received task notification
2026-01-03 19:49:55,263 - ScannerWorker_container_cloud_worker_0 - INFO - Worker container_cloud_worker_0 received task notification
2026-01-03 19:49:55,266 - ScannerWorker_container_cloud_worker_0 - INFO - Worker container_cloud_worker_0 received task notification
2026-01-03 19:49:55,268 - ScannerWorker_container_cloud_worker_0 - INFO - Worker container_cloud_worker_0 received task notification
2026-01-03 19:49:57,148 - ScannerWorker_container_cloud_worker_0 - INFO - Worker container_cloud_worker_0 received task notification
2026-01-03 19:49:57,152 - ScannerWorker_container_cloud_worker_0 - INFO - Worker container_cloud_worker_0 received task notification
2026-01-03 19:49:57,158 - ScannerWorker_container_cloud_worker_0 - INFO - Worker container_cloud_worker_0 received task notification
2026-01-03 19:49:57,164 - ScannerWorker_container_cloud_worker_0 - INFO - Worker container_cloud_worker_0 received task notification
2026-01-03 19:49:57,169 - ScannerWorker_container_cloud_worker_0 - INFO - Worker container_cloud_worker_0 received task notification
2026-01-03 19:49:57,174 - ScannerWorker_container_cloud_worker_0 - INFO - Worker container_cloud_worker_0 received task notification
2026-01-03 19:49:57,179 - ScannerWorker_container_cloud_worker_0 - INFO - Worker container_cloud_worker_0 received task notification
2026-01-03 19:49:57,183 - ScannerWorker_container_cloud_worker_0 - INFO - Worker container_cloud_worker_0 received task notification
2026-01-03 19:49:57,187 - ScannerWorker_container_cloud_worker_0 - INFO - Worker container_cloud_worker_0 received task notification
2026-01-03 19:49:57,190 - ScannerWorker_container_cloud_worker_0 - INFO - Worker container_cloud_worker_0 received task notification
2026-01-03 19:49:57,194 - ScannerWorker_container_cloud_worker_0 - INFO - Worker container_cloud_worker_0 received task notification
2026-01-03 19:49:57,198 - ScannerWorker_container_cloud_worker_0 - INFO - Worker container_cloud_worker_0 received task notification
2026-01-03 19:49:57,203 - ScannerWorker_container_cloud_worker_0 - INFO - Worker container_cloud_worker_0 received task notification
2026-01-03 19:49:57,207 - ScannerWorker_container_cloud_worker_0 - INFO - Worker container_cloud_worker_0 received task notification
2026-01-03 19:49:57,212 - ScannerWorker_container_cloud_worker_0 - INFO - Worker container_cloud_worker_0 received task notification
2026-01-03 19:49:57,216 - ScannerWorker_container_cloud_worker_0 - INFO - Worker container_cloud_worker_0 received task notification
2026-01-03 19:49:57,219 - ScannerWorker_container_cloud_worker_0 - INFO - Worker container_cloud_worker_0 received task notification
2026-01-03 19:49:57,223 - ScannerWorker_container_cloud_worker_0 - INFO - Worker container_cloud_worker_0 received task notification
2026-01-03 19:49:57,226 - ScannerWorker_container_cloud_worker_0 - INFO - Worker container_cloud_worker_0 received task notification
2026-01-03 19:49:57,230 - ScannerWorker_container_cloud_worker_0 - INFO - Worker container_cloud_worker_0 received task notification
2026-01-03 19:49:57,233 - ScannerWorker_container_cloud_worker_0 - INFO - Worker container_cloud_worker_0 received task notification
2026-01-03 19:49:57,237 - ScannerWorker_container_cloud_worker_0 - INFO - Worker container_cloud_worker_0 received task notification
2026-01-03 19:49:57,240 - ScannerWorker_container_cloud_worker_0 - INFO - Worker container_cloud_worker_0 received task notification
2026-01-03 19:49:57,244 - ScannerWorker_container_cloud_worker_0 - INFO - Worker container_cloud_worker_0 received task notification
2026-01-03 19:49:57,248 - ScannerWorker_container_cloud_worker_0 - INFO - Worker container_cloud_worker_0 received task notification
2026-01-03 19:49:57,251 - ScannerWorker_container_cloud_worker_0 - INFO - Worker container_cloud_worker_0 received task notification
2026-01-03 19:49:57,255 - ScannerWorker_container_cloud_worker_0 - INFO - Worker container_cloud_worker_0 received task notification
2026-01-03 19:49:57,259 - ScannerWorker_container_cloud_worker_0 - INFO - Worker container_cloud_worker_0 received task notification
2026-01-03 19:49:57,264 - ScannerWorker_container_cloud_worker_0 - INFO - Worker container_cloud_worker_0 received task notification
2026-01-03 19:49:57,267 - ScannerWorker_container_cloud_worker_0 - INFO - Worker container_cloud_worker_0 received task notification
2026-01-03 19:49:57,271 - ScannerWorker_container_cloud_worker_0 - INFO - Worker container_cloud_worker_0 received task notification
2026-01-03 19:49:57,275 - ScannerWorker_container_cloud_worker_0 - INFO - Worker container_cloud_worker_0 received task notification
2026-01-03 19:49:57,279 - ScannerWorker_container_cloud_worker_0 - INFO - Worker container_cloud_worker_0 received task notification
2026-01-03 19:49:57,282 - ScannerWorker_container_cloud_worker_0 - INFO - Worker container_cloud_worker_0 received task notification
2026-01-03 19:49:57,286 - ScannerWorker_container_cloud_worker_0 - INFO - Worker container_cloud_worker_0 received task notification
2026-01-03 19:49:57,290 - ScannerWorker_container_cloud_worker_0 - INFO - Worker container_cloud_worker_0 received task notification
2026-01-03 19:49:57,294 - ScannerWorker_container_cloud_worker_0 - INFO - Worker container_cloud_worker_0 received task notification
2026-01-03 19:49:57,298 - ScannerWorker_container_cloud_worker_0 - INFO - Worker container_cloud_worker_0 received task notification
2026-01-03 19:49:57,302 - ScannerWorker_container_cloud_worker_0 - INFO - Worker container_cloud_worker_0 received task notification
2026-01-03 19:49:57,305 - ScannerWorker_container_cloud_worker_0 - INFO - Worker container_cloud_worker_0 received task notification
2026-01-03 19:49:57,308 - ScannerWorker_container_cloud_worker_0 - INFO - Worker container_cloud_worker_0 received task notification
2026-01-03 19:49:57,311 - ScannerWorker_container_cloud_worker_0 - INFO - Worker container_cloud_worker_0 received task notification
2026-01-03 19:49:57,315 - ScannerWorker_container_cloud_worker_0 - INFO - Worker container_cloud_worker_0 received task notification
2026-01-03 19:49:57,318 - ScannerWorker_container_cloud_worker_0 - INFO - Worker container_cloud_worker_0 received task notification
2026-01-03 19:49:57,321 - ScannerWorker_container_cloud_worker_0 - INFO - Worker container_cloud_worker_0 received task notification
2026-01-03 19:49:57,325 - ScannerWorker_container_cloud_worker_0 - INFO - Worker container_cloud_worker_0 received task notification
2026-01-03 19:49:57,328 - ScannerWorker_container_cloud_worker_0 - INFO - Worker container_cloud_worker_0 received task notification
2026-01-03 19:49:57,331 - ScannerWorker_container_cloud_worker_0 - INFO - Worker container_cloud_worker_0 received task notification
2026-01-03 19:49:57,334 - ScannerWorker_container_cloud_worker_0 - INFO - Worker container_cloud_worker_0 received task notification
2026-01-03 19:49:57,337 - ScannerWorker_container_cloud_worker_0 - INFO - Worker container_cloud_worker_0 received task notification
2026-01-03 19:49:57,339 - ScannerWorker_container_cloud_worker_0 - INFO - Worker container_cloud_worker_0 received task notification
2026-01-03 19:49:57,342 - ScannerWorker_container_cloud_worker_0 - INFO - Worker container_cloud_worker_0 received task notification
2026-01-03 19:49:57,345 - ScannerWorker_container_cloud_worker_0 - INFO - Worker container_cloud_worker_0 received task notification
2026-01-03 19:49:57,348 - ScannerWorker_container_cloud_worker_0 - INFO - Worker container_cloud_worker_0 received task notification
2026-01-03 19:49:57,351 - ScannerWorker_container_cloud_worker_0 - INFO - Worker container_cloud_worker_0 received task notification
2026-01-03 19:49:57,353 - ScannerWorker_container_cloud_worker_0 - INFO - Worker container_cloud_worker_0 received task notification
2026-01-03 19:49:57,356 - ScannerWorker_container_cloud_worker_0 - INFO - Worker container_cloud_worker_0 received task notification
2026-01-03 19:49:57,359 - ScannerWorker_container_cloud_worker_0 - INFO - Worker container_cloud_worker_0 received task notification
2026-01-03 19:49:57,362 - ScannerWorker_container_cloud_worker_0 - INFO - Worker container_cloud_worker_0 received task notification
2026-01-03 19:49:57,365 - ScannerWorker_container_cloud_worker_0 - INFO - Worker container_cloud_worker_0 received task notification
2026-01-03 19:49:57,368 - ScannerWorker_container_cloud_worker_0 - INFO - Worker container_cloud_worker_0 received task notification
2026-01-03 19:49:57,371 - ScannerWorker_container_cloud_worker_0 - INFO - Worker container_cloud_worker_0 received task notification
2026-01-03 19:49:57,374 - ScannerWorker_container_cloud_worker_0 - INFO - Worker container_cloud_worker_0 received task notification
2026-01-03 19:49:57,377 - ScannerWorker_container_cloud_worker_0 - INFO - Worker container_cloud_worker_0 received task notification
2026-01-03 19:49:57,379 - ScannerWorker_container_cloud_worker_0 - INFO - Worker container_cloud_worker_0 received task notification
2026-01-03 19:49:57,382 - ScannerWorker_container_cloud_worker_0 - INFO - Worker container_cloud_worker_0 received task notification
2026-01-03 19:49:59,310 - ScannerWorker_container_cloud_worker_0 - INFO - Worker container_cloud_worker_0 received task notification
2026-01-03 19:49:59,324 - ScannerWorker_container_cloud_worker_0 - INFO - Worker container_cloud_worker_0 received task notification
2026-01-03 19:49:59,332 - ScannerWorker_container_cloud_worker_0 - INFO - Worker container_cloud_worker_0 received task notification
2026-01-03 19:49:59,342 - ScannerWorker_container_cloud_worker_0 - INFO - Worker container_cloud_worker_0 received task notification
2026-01-03 19:49:59,355 - ScannerWorker_container_cloud_worker_0 - INFO - Worker container_cloud_worker_0 received task notification
2026-01-03 19:49:59,365 - ScannerWorker_container_cloud_worker_0 - INFO - Worker container_cloud_worker_0 received task notification
2026-01-03 19:49:59,374 - ScannerWorker_container_cloud_worker_0 - INFO - Worker container_cloud_worker_0 received task notification
2026-01-03 19:49:59,380 - ScannerWorker_container_cloud_worker_0 - INFO - Worker container_cloud_worker_0 received task notification
2026-01-03 19:49:59,384 - ScannerWorker_container_cloud_worker_0 - INFO - Worker container_cloud_worker_0 received task notification
2026-01-03 19:49:59,389 - ScannerWorker_container_cloud_worker_0 - INFO - Worker container_cloud_worker_0 received task notification
2026-01-03 19:49:59,393 - ScannerWorker_container_cloud_worker_0 - INFO - Worker container_cloud_worker_0 received task notification
2026-01-03 19:49:59,396 - ScannerWorker_container_cloud_worker_0 - INFO - Worker container_cloud_worker_0 received task notification
2026-01-03 19:49:59,400 - ScannerWorker_container_cloud_worker_0 - INFO - Worker container_cloud_worker_0 received task notification
2026-01-03 19:49:59,404 - ScannerWorker_container_cloud_worker_0 - INFO - Worker container_cloud_worker_0 received task notification
2026-01-03 19:49:59,407 - ScannerWorker_container_cloud_worker_0 - INFO - Worker container_cloud_worker_0 received task notification
2026-01-03 19:49:59,412 - ScannerWorker_container_cloud_worker_0 - INFO - Worker container_cloud_worker_0 received task notification
2026-01-03 19:49:59,416 - ScannerWorker_container_cloud_worker_0 - INFO - Worker container_cloud_worker_0 received task notification
2026-01-03 19:49:59,420 - ScannerWorker_container_cloud_worker_0 - INFO - Worker container_cloud_worker_0 received task notification
2026-01-03 19:49:59,424 - ScannerWorker_container_cloud_worker_0 - INFO - Worker container_cloud_worker_0 received task notification
2026-01-03 19:49:59,428 - ScannerWorker_container_cloud_worker_0 - INFO - Worker container_cloud_worker_0 received task notification
2026-01-03 19:49:59,432 - ScannerWorker_container_cloud_worker_0 - INFO - Worker container_cloud_worker_0 received task notification
2026-01-03 19:49:59,435 - ScannerWorker_container_cloud_worker_0 - INFO - Worker container_cloud_worker_0 received task notification
2026-01-03 19:49:59,440 - ScannerWorker_container_cloud_worker_0 - INFO - Worker container_cloud_worker_0 received task notification
2026-01-03 19:49:59,444 - ScannerWorker_container_cloud_worker_0 - INFO - Worker container_cloud_worker_0 received task notification
2026-01-03 19:49:59,447 - ScannerWorker_container_cloud_worker_0 - INFO - Worker container_cloud_worker_0 received task notification
2026-01-03 19:49:59,451 - ScannerWorker_container_cloud_worker_0 - INFO - Worker container_cloud_worker_0 received task notification
2026-01-03 19:49:59,455 - ScannerWorker_container_cloud_worker_0 - INFO - Worker container_cloud_worker_0 received task notification
2026-01-03 19:49:59,459 - ScannerWorker_container_cloud_worker_0 - INFO - Worker container_cloud_worker_0 received task notification
2026-01-03 19:49:59,463 - ScannerWorker_container_cloud_worker_0 - INFO - Worker container_cloud_worker_0 received task notification
2026-01-03 19:49:59,467 - ScannerWorker_container_cloud_worker_0 - INFO - Worker container_cloud_worker_0 received task notification
2026-01-03 19:49:59,470 - ScannerWorker_container_cloud_worker_0 - INFO - Worker container_cloud_worker_0 received task notification
2026-01-03 19:49:59,474 - ScannerWorker_container_cloud_worker_0 - INFO - Worker container_cloud_worker_0 received task notification
2026-01-03 19:49:59,477 - ScannerWorker_container_cloud_worker_0 - INFO - Worker container_cloud_worker_0 received task notification
2026-01-03 19:49:59,481 - ScannerWorker_container_cloud_worker_0 - INFO - Worker container_cloud_worker_0 received task notification
2026-01-03 19:49:59,485 - ScannerWorker_container_cloud_worker_0 - INFO - Worker container_cloud_worker_0 received task notification
2026-01-03 19:49:59,489 - ScannerWorker_container_cloud_worker_0 - INFO - Worker container_cloud_worker_0 received task notification
2026-01-03 19:49:59,493 - ScannerWorker_container_cloud_worker_0 - INFO - Worker container_cloud_worker_0 received task notification
2026-01-03 19:49:59,496 - ScannerWorker_container_cloud_worker_0 - INFO - Worker container_cloud_worker_0 received task notification
2026-01-03 19:49:59,500 - ScannerWorker_container_cloud_worker_0 - INFO - Worker container_cloud_worker_0 received task notification
2026-01-03 19:49:59,502 - ScannerWorker_container_cloud_worker_0 - INFO - Worker container_cloud_worker_0 received task notification
2026-01-03 19:49:59,506 - ScannerWorker_container_cloud_worker_0 - INFO - Worker container_cloud_worker_0 received task notification
2026-01-03 19:49:59,508 - ScannerWorker_container_cloud_worker_0 - INFO - Worker container_cloud_worker_0 received task notification
2026-01-03 19:49:59,511 - ScannerWorker_container_cloud_worker_0 - INFO - Worker container_cloud_worker_0 received task notification
2026-01-03 19:49:59,513 - ScannerWorker_container_cloud_worker_0 - INFO - Worker container_cloud_worker_0 received task notification
2026-01-03 19:49:59,516 - ScannerWorker_container_cloud_worker_0 - INFO - Worker container_cloud_worker_0 received task notification
2026-01-03 19:49:59,518 - ScannerWorker_container_cloud_worker_0 - INFO - Worker container_cloud_worker_0 received task notification
2026-01-03 19:49:59,521 - ScannerWorker_container_cloud_worker_0 - INFO - Worker container_cloud_worker_0 received task notification
2026-01-03 19:49:59,524 - ScannerWorker_container_cloud_worker_0 - INFO - Worker container_cloud_worker_0 received task notification
2026-01-03 19:49:59,527 - ScannerWorker_container_cloud_worker_0 - INFO - Worker container_cloud_worker_0 received task notification
2026-01-03 19:49:59,530 - ScannerWorker_container_cloud_worker_0 - INFO - Worker container_cloud_worker_0 received task notification
2026-01-03 19:49:59,532 - ScannerWorker_container_cloud_worker_0 - INFO - Worker container_cloud_worker_0 received task notification
2026-01-03 19:49:59,535 - ScannerWorker_container_cloud_worker_0 - INFO - Worker container_cloud_worker_0 received task notification
2026-01-03 19:49:59,538 - ScannerWorker_container_cloud_worker_0 - INFO - Worker container_cloud_worker_0 received task notification
2026-01-03 19:49:59,540 - ScannerWorker_container_cloud_worker_0 - INFO - Worker container_cloud_worker_0 received task notification
2026-01-03 19:49:59,543 - ScannerWorker_container_cloud_worker_0 - INFO - Worker container_cloud_worker_0 received task notification
2026-01-03 19:49:59,546 - ScannerWorker_container_cloud_worker_0 - INFO - Worker container_cloud_worker_0 received task notification
2026-01-03 19:49:59,550 - ScannerWorker_container_cloud_worker_0 - INFO - Worker container_cloud_worker_0 received task notification
2026-01-03 19:49:59,555 - ScannerWorker_container_cloud_worker_0 - INFO - Worker container_cloud_worker_0 received task notification
2026-01-03 19:49:59,559 - ScannerWorker_container_cloud_worker_0 - INFO - Worker container_cloud_worker_0 received task notification
2026-01-03 19:49:59,562 - ScannerWorker_container_cloud_worker_0 - INFO - Worker container_cloud_worker_0 received task notification
2026-01-03 19:49:59,565 - ScannerWorker_container_cloud_worker_0 - INFO - Worker container_cloud_worker_0 received task notification
2026-01-03 19:49:59,570 - ScannerWorker_container_cloud_worker_0 - INFO - Worker container_cloud_worker_0 received task notification
2026-01-03 19:49:59,573 - ScannerWorker_container_cloud_worker_0 - INFO - Worker container_cloud_worker_0 received task notification
2026-01-03 19:49:59,576 - ScannerWorker_container_cloud_worker_0 - INFO - Worker container_cloud_worker_0 received task notification
2026-01-03 19:49:59,580 - ScannerWorker_container_cloud_worker_0 - INFO - Worker container_cloud_worker_0 received task notification
2026-01-03 19:49:59,584 - ScannerWorker_container_cloud_worker_0 - INFO - Worker container_cloud_worker_0 received task notification
