2026-01-03 19:46:28 - ScannerWorker_recon_discovery_worker_0 - INFO - Imported ReconDiscoveryScanner
2026-01-03 19:46:28 - ScannerWorker_recon_discovery_worker_0 - INFO - Imported DirbScanner
2026-01-03 19:46:28 - ScannerWorker_recon_discovery_worker_0 - INFO - Imported MassDNSScanner
2026-01-03 19:46:28 - ScannerWorker_recon_discovery_worker_0 - INFO - Imported DNSReconScanner
2026-01-03 19:46:28 - ScannerWorker_recon_discovery_worker_0 - INFO - Imported EyeWitnessScanner
2026-01-03 19:46:28 - ScannerWorker_recon_discovery_worker_0 - INFO - Loaded 5 scanners for category recon_discovery
2026-01-03 19:46:28 - ScannerWorker_recon_discovery_worker_0 - INFO - Connected to Redis: redis://localhost:6379/0
2026-01-03 19:46:28 - ScannerWorker_recon_discovery_worker_0 - INFO - Scanner worker recon_discovery_worker_0 started for category recon_discovery
2026-01-03 19:49:46 - ScannerWorker_recon_discovery_worker_0 - INFO - Worker recon_discovery_worker_0 received task notification
2026-01-03 19:49:46 - ScannerWorker_recon_discovery_worker_0 - INFO - Processing task scan_0a020063048e87c282a37e2d00940014.web-security-academy.net_20260103_194943_public_8ccc70f5 with DirbScanner on https://0a020063048e87c282a37e2d00940014.web-security-academy.net/
2026-01-03 19:52:09 - ScannerWorker_recon_discovery_worker_0 - INFO - Worker execution results keys: ['scanner', 'target', 'findings', 'raw_data']
2026-01-03 19:52:09 - ScannerWorker_recon_discovery_worker_0 - INFO - Worker found raw_data with keys: ['wordlist_used', 'directories_tested', 'timestamp']
2026-01-03 19:52:09 - ScannerWorker_recon_discovery_worker_0 - INFO - [COMPLETION TRIGGER] 0a020063048e87c282a37e2d00940014.web-security-academy.net_20260103_194943_public: Last task completed! tasks_pending = 0
2026-01-03 19:52:09 - ScannerWorker_recon_discovery_worker_0 - INFO - [SCANNER TRACKING] 0a020063048e87c282a37e2d00940014.web-security-academy.net_20260103_194943_public: Scanner 'DirbScanner' marked as completed (163 total)
2026-01-03 19:52:09 - ScannerWorker_recon_discovery_worker_0 - INFO - [SCANNER COMPLETION] 0a020063048e87c282a37e2d00940014.web-security-academy.net_20260103_194943_public: ALL 14/4 scanners completed!
2026-01-03 19:52:09 - ScannerWorker_recon_discovery_worker_0 - INFO - Task scan_0a020063048e87c282a37e2d00940014.web-security-academy.net_20260103_194943_public_8ccc70f5 completed successfully in 142.60s with 1 findings
2026-01-03 19:52:09 - ScannerWorker_recon_discovery_worker_0 - INFO - Processing task scan_0a020063048e87c282a37e2d00940014.web-security-academy.net_20260103_194943_public_5c1fd406 with ReconDiscoveryScanner on https://0a020063048e87c282a37e2d00940014.web-security-academy.net/product?productId=18
2026-01-03 19:52:09 - ScannerWorker_recon_discovery_worker_0 - INFO - Worker execution results keys: ['scanner', 'scan_id', 'target', 'target_info', 'timestamp', 'summary', 'scanners', 'discovered_assets', 'findings', 'scanner_results', 'errors']
2026-01-03 19:52:09 - ScannerWorker_recon_discovery_worker_0 - WARNING - Worker: raw_data MISSING in scanner results!
2026-01-03 19:52:09 - ScannerWorker_recon_discovery_worker_0 - INFO - [COMPLETION TRIGGER] 0a020063048e87c282a37e2d00940014.web-security-academy.net_20260103_194943_public: Last task completed! tasks_pending = 0
2026-01-03 19:52:09 - ScannerWorker_recon_discovery_worker_0 - INFO - [SCANNER TRACKING] 0a020063048e87c282a37e2d00940014.web-security-academy.net_20260103_194943_public: Scanner 'ReconDiscoveryScanner' marked as completed (164 total)
2026-01-03 19:52:09 - ScannerWorker_recon_discovery_worker_0 - INFO - [SCANNER COMPLETION] 0a020063048e87c282a37e2d00940014.web-security-academy.net_20260103_194943_public: ALL 14/4 scanners completed!
2026-01-03 19:52:09 - ScannerWorker_recon_discovery_worker_0 - INFO - Task scan_0a020063048e87c282a37e2d00940014.web-security-academy.net_20260103_194943_public_5c1fd406 completed successfully in 0.01s with 0 findings
2026-01-03 19:52:09 - ScannerWorker_recon_discovery_worker_0 - INFO - Processing task scan_0a020063048e87c282a37e2d00940014.web-security-academy.net_20260103_194943_public_084abe19 with DirbScanner on https://0a020063048e87c282a37e2d00940014.web-security-academy.net/product?productId=18
2026-01-03 19:54:26 - ScannerWorker_recon_discovery_worker_0 - INFO - Worker execution results keys: ['scanner', 'target', 'findings', 'raw_data']
2026-01-03 19:54:26 - ScannerWorker_recon_discovery_worker_0 - INFO - Worker found raw_data with keys: ['wordlist_used', 'directories_tested', 'timestamp']
2026-01-03 19:54:26 - ScannerWorker_recon_discovery_worker_0 - INFO - [COMPLETION TRIGGER] 0a020063048e87c282a37e2d00940014.web-security-academy.net_20260103_194943_public: Last task completed! tasks_pending = 0
2026-01-03 19:54:26 - ScannerWorker_recon_discovery_worker_0 - INFO - [SCANNER TRACKING] 0a020063048e87c282a37e2d00940014.web-security-academy.net_20260103_194943_public: Scanner 'DirbScanner' marked as completed (179 total)
2026-01-03 19:54:26 - ScannerWorker_recon_discovery_worker_0 - INFO - [SCANNER COMPLETION] 0a020063048e87c282a37e2d00940014.web-security-academy.net_20260103_194943_public: ALL 20/4 scanners completed!
2026-01-03 19:54:26 - ScannerWorker_recon_discovery_worker_0 - INFO - Task scan_0a020063048e87c282a37e2d00940014.web-security-academy.net_20260103_194943_public_084abe19 completed successfully in 137.09s with 1 findings
2026-01-03 19:54:26 - ScannerWorker_recon_discovery_worker_0 - INFO - Processing task scan_0a020063048e87c282a37e2d00940014.web-security-academy.net_20260103_194943_public_4f4cbe8d with ReconDiscoveryScanner on https://0a020063048e87c282a37e2d00940014.web-security-academy.net/product?productId=1
2026-01-03 19:54:26 - ScannerWorker_recon_discovery_worker_0 - INFO - Worker execution results keys: ['scanner', 'scan_id', 'target', 'target_info', 'timestamp', 'summary', 'scanners', 'discovered_assets', 'findings', 'scanner_results', 'errors']
2026-01-03 19:54:26 - ScannerWorker_recon_discovery_worker_0 - WARNING - Worker: raw_data MISSING in scanner results!
2026-01-03 19:54:26 - ScannerWorker_recon_discovery_worker_0 - INFO - [COMPLETION TRIGGER] 0a020063048e87c282a37e2d00940014.web-security-academy.net_20260103_194943_public: Last task completed! tasks_pending = 0
2026-01-03 19:54:26 - ScannerWorker_recon_discovery_worker_0 - INFO - [SCANNER TRACKING] 0a020063048e87c282a37e2d00940014.web-security-academy.net_20260103_194943_public: Scanner 'ReconDiscoveryScanner' marked as completed (180 total)
2026-01-03 19:54:26 - ScannerWorker_recon_discovery_worker_0 - INFO - [SCANNER COMPLETION] 0a020063048e87c282a37e2d00940014.web-security-academy.net_20260103_194943_public: ALL 20/4 scanners completed!
2026-01-03 19:54:26 - ScannerWorker_recon_discovery_worker_0 - INFO - Task scan_0a020063048e87c282a37e2d00940014.web-security-academy.net_20260103_194943_public_4f4cbe8d completed successfully in 0.00s with 0 findings
2026-01-03 19:54:26 - ScannerWorker_recon_discovery_worker_0 - INFO - Processing task scan_0a020063048e87c282a37e2d00940014.web-security-academy.net_20260103_194943_public_67a97c4e with DirbScanner on https://0a020063048e87c282a37e2d00940014.web-security-academy.net/product?productId=1
2026-01-03 19:56:23 - ScannerWorker_recon_discovery_worker_0 - INFO - Worker execution results keys: ['scanner', 'target', 'findings', 'raw_data']
2026-01-03 19:56:23 - ScannerWorker_recon_discovery_worker_0 - INFO - Worker found raw_data with keys: ['wordlist_used', 'directories_tested', 'timestamp']
2026-01-03 19:56:24 - ScannerWorker_recon_discovery_worker_0 - INFO - [COMPLETION TRIGGER] 0a020063048e87c282a37e2d00940014.web-security-academy.net_20260103_194943_public: Last task completed! tasks_pending = 0
2026-01-03 19:56:24 - ScannerWorker_recon_discovery_worker_0 - INFO - [SCANNER TRACKING] 0a020063048e87c282a37e2d00940014.web-security-academy.net_20260103_194943_public: Scanner 'DirbScanner' marked as completed (197 total)
2026-01-03 19:56:24 - ScannerWorker_recon_discovery_worker_0 - INFO - [SCANNER COMPLETION] 0a020063048e87c282a37e2d00940014.web-security-academy.net_20260103_194943_public: ALL 21/4 scanners completed!
2026-01-03 19:56:24 - ScannerWorker_recon_discovery_worker_0 - INFO - Task scan_0a020063048e87c282a37e2d00940014.web-security-academy.net_20260103_194943_public_67a97c4e completed successfully in 117.44s with 1 findings
2026-01-03 19:56:24 - ScannerWorker_recon_discovery_worker_0 - INFO - Processing task scan_0a020063048e87c282a37e2d00940014.web-security-academy.net_20260103_194943_public_4ccf43fb with ReconDiscoveryScanner on https://0a020063048e87c282a37e2d00940014.web-security-academy.net/product?productId=4
2026-01-03 19:56:24 - ScannerWorker_recon_discovery_worker_0 - INFO - Worker execution results keys: ['scanner', 'scan_id', 'target', 'target_info', 'timestamp', 'summary', 'scanners', 'discovered_assets', 'findings', 'scanner_results', 'errors']
2026-01-03 19:56:24 - ScannerWorker_recon_discovery_worker_0 - WARNING - Worker: raw_data MISSING in scanner results!
2026-01-03 19:56:24 - ScannerWorker_recon_discovery_worker_0 - INFO - [COMPLETION TRIGGER] 0a020063048e87c282a37e2d00940014.web-security-academy.net_20260103_194943_public: Last task completed! tasks_pending = 0
2026-01-03 19:56:24 - ScannerWorker_recon_discovery_worker_0 - INFO - [SCANNER TRACKING] 0a020063048e87c282a37e2d00940014.web-security-academy.net_20260103_194943_public: Scanner 'ReconDiscoveryScanner' marked as completed (198 total)
2026-01-03 19:56:24 - ScannerWorker_recon_discovery_worker_0 - INFO - [SCANNER COMPLETION] 0a020063048e87c282a37e2d00940014.web-security-academy.net_20260103_194943_public: ALL 21/4 scanners completed!
2026-01-03 19:56:24 - ScannerWorker_recon_discovery_worker_0 - INFO - Task scan_0a020063048e87c282a37e2d00940014.web-security-academy.net_20260103_194943_public_4ccf43fb completed successfully in 0.02s with 0 findings
2026-01-03 19:56:24 - ScannerWorker_recon_discovery_worker_0 - INFO - Processing task scan_0a020063048e87c282a37e2d00940014.web-security-academy.net_20260103_194943_public_04344705 with DirbScanner on https://0a020063048e87c282a37e2d00940014.web-security-academy.net/product?productId=4
2026-01-03 19:59:12 - ScannerWorker_recon_discovery_worker_0 - INFO - Worker execution results keys: ['scanner', 'target', 'findings', 'raw_data']
2026-01-03 19:59:12 - ScannerWorker_recon_discovery_worker_0 - INFO - Worker found raw_data with keys: ['wordlist_used', 'directories_tested', 'timestamp']
2026-01-03 19:59:12 - ScannerWorker_recon_discovery_worker_0 - INFO - [COMPLETION TRIGGER] 0a020063048e87c282a37e2d00940014.web-security-academy.net_20260103_194943_public: Last task completed! tasks_pending = 0
2026-01-03 19:59:12 - ScannerWorker_recon_discovery_worker_0 - INFO - [SCANNER TRACKING] 0a020063048e87c282a37e2d00940014.web-security-academy.net_20260103_194943_public: Scanner 'DirbScanner' marked as completed (212 total)
2026-01-03 19:59:12 - ScannerWorker_recon_discovery_worker_0 - INFO - [SCANNER COMPLETION] 0a020063048e87c282a37e2d00940014.web-security-academy.net_20260103_194943_public: ALL 21/4 scanners completed!
2026-01-03 19:59:12 - ScannerWorker_recon_discovery_worker_0 - INFO - Task scan_0a020063048e87c282a37e2d00940014.web-security-academy.net_20260103_194943_public_04344705 completed successfully in 168.51s with 1 findings
2026-01-03 19:59:12 - ScannerWorker_recon_discovery_worker_0 - INFO - Processing task scan_0a020063048e87c282a37e2d00940014.web-security-academy.net_20260103_194943_public_7ea164af with ReconDiscoveryScanner on https://0a020063048e87c282a37e2d00940014.web-security-academy.net/product?productId=20
2026-01-03 19:59:12 - ScannerWorker_recon_discovery_worker_0 - INFO - Worker execution results keys: ['scanner', 'scan_id', 'target', 'target_info', 'timestamp', 'summary', 'scanners', 'discovered_assets', 'findings', 'scanner_results', 'errors']
2026-01-03 19:59:12 - ScannerWorker_recon_discovery_worker_0 - WARNING - Worker: raw_data MISSING in scanner results!
2026-01-03 19:59:12 - ScannerWorker_recon_discovery_worker_0 - INFO - [COMPLETION TRIGGER] 0a020063048e87c282a37e2d00940014.web-security-academy.net_20260103_194943_public: Last task completed! tasks_pending = 0
2026-01-03 19:59:12 - ScannerWorker_recon_discovery_worker_0 - INFO - [SCANNER TRACKING] 0a020063048e87c282a37e2d00940014.web-security-academy.net_20260103_194943_public: Scanner 'ReconDiscoveryScanner' marked as completed (213 total)
2026-01-03 19:59:12 - ScannerWorker_recon_discovery_worker_0 - INFO - [SCANNER COMPLETION] 0a020063048e87c282a37e2d00940014.web-security-academy.net_20260103_194943_public: ALL 21/4 scanners completed!
2026-01-03 19:59:12 - ScannerWorker_recon_discovery_worker_0 - INFO - Task scan_0a020063048e87c282a37e2d00940014.web-security-academy.net_20260103_194943_public_7ea164af completed successfully in 0.00s with 0 findings
2026-01-03 19:59:12 - ScannerWorker_recon_discovery_worker_0 - INFO - Processing task scan_0a020063048e87c282a37e2d00940014.web-security-academy.net_20260103_194943_public_214fb34b with DirbScanner on https://0a020063048e87c282a37e2d00940014.web-security-academy.net/product?productId=20
2026-01-03 20:01:23 - ScannerWorker_recon_discovery_worker_0 - INFO - Worker execution results keys: ['scanner', 'target', 'findings', 'raw_data']
2026-01-03 20:01:23 - ScannerWorker_recon_discovery_worker_0 - INFO - Worker found raw_data with keys: ['wordlist_used', 'directories_tested', 'timestamp']
2026-01-03 20:01:23 - ScannerWorker_recon_discovery_worker_0 - INFO - [COMPLETION TRIGGER] 0a020063048e87c282a37e2d00940014.web-security-academy.net_20260103_194943_public: Last task completed! tasks_pending = 0
2026-01-03 20:01:23 - ScannerWorker_recon_discovery_worker_0 - INFO - [SCANNER TRACKING] 0a020063048e87c282a37e2d00940014.web-security-academy.net_20260103_194943_public: Scanner 'DirbScanner' marked as completed (221 total)
2026-01-03 20:01:23 - ScannerWorker_recon_discovery_worker_0 - INFO - [SCANNER COMPLETION] 0a020063048e87c282a37e2d00940014.web-security-academy.net_20260103_194943_public: ALL 21/4 scanners completed!
2026-01-03 20:01:23 - ScannerWorker_recon_discovery_worker_0 - INFO - Task scan_0a020063048e87c282a37e2d00940014.web-security-academy.net_20260103_194943_public_214fb34b completed successfully in 130.44s with 1 findings
2026-01-03 20:01:23 - ScannerWorker_recon_discovery_worker_0 - INFO - Processing task scan_0a020063048e87c282a37e2d00940014.web-security-academy.net_20260103_194943_public_73e8de31 with ReconDiscoveryScanner on https://0a020063048e87c282a37e2d00940014.web-security-academy.net/product?productId=19
2026-01-03 20:01:23 - ScannerWorker_recon_discovery_worker_0 - INFO - Worker execution results keys: ['scanner', 'scan_id', 'target', 'target_info', 'timestamp', 'summary', 'scanners', 'discovered_assets', 'findings', 'scanner_results', 'errors']
2026-01-03 20:01:23 - ScannerWorker_recon_discovery_worker_0 - WARNING - Worker: raw_data MISSING in scanner results!
2026-01-03 20:01:23 - ScannerWorker_recon_discovery_worker_0 - INFO - [COMPLETION TRIGGER] 0a020063048e87c282a37e2d00940014.web-security-academy.net_20260103_194943_public: Last task completed! tasks_pending = 0
2026-01-03 20:01:23 - ScannerWorker_recon_discovery_worker_0 - INFO - [SCANNER TRACKING] 0a020063048e87c282a37e2d00940014.web-security-academy.net_20260103_194943_public: Scanner 'ReconDiscoveryScanner' marked as completed (222 total)
2026-01-03 20:01:23 - ScannerWorker_recon_discovery_worker_0 - INFO - [SCANNER COMPLETION] 0a020063048e87c282a37e2d00940014.web-security-academy.net_20260103_194943_public: ALL 21/4 scanners completed!
2026-01-03 20:01:23 - ScannerWorker_recon_discovery_worker_0 - INFO - Task scan_0a020063048e87c282a37e2d00940014.web-security-academy.net_20260103_194943_public_73e8de31 completed successfully in 0.01s with 0 findings
2026-01-03 20:01:23 - ScannerWorker_recon_discovery_worker_0 - INFO - Processing task scan_0a020063048e87c282a37e2d00940014.web-security-academy.net_20260103_194943_public_a92a0900 with DirbScanner on https://0a020063048e87c282a37e2d00940014.web-security-academy.net/product?productId=19
2026-01-03 20:03:16 - ScannerWorker_recon_discovery_worker_0 - INFO - Worker execution results keys: ['scanner', 'target', 'findings', 'raw_data']
2026-01-03 20:03:16 - ScannerWorker_recon_discovery_worker_0 - INFO - Worker found raw_data with keys: ['wordlist_used', 'directories_tested', 'timestamp']
2026-01-03 20:03:16 - ScannerWorker_recon_discovery_worker_0 - INFO - [COMPLETION TRIGGER] 0a020063048e87c282a37e2d00940014.web-security-academy.net_20260103_194943_public: Last task completed! tasks_pending = 0
2026-01-03 20:03:16 - ScannerWorker_recon_discovery_worker_0 - INFO - [SCANNER TRACKING] 0a020063048e87c282a37e2d00940014.web-security-academy.net_20260103_194943_public: Scanner 'DirbScanner' marked as completed (237 total)
2026-01-03 20:03:16 - ScannerWorker_recon_discovery_worker_0 - INFO - [SCANNER COMPLETION] 0a020063048e87c282a37e2d00940014.web-security-academy.net_20260103_194943_public: ALL 21/4 scanners completed!
2026-01-03 20:03:16 - ScannerWorker_recon_discovery_worker_0 - INFO - Task scan_0a020063048e87c282a37e2d00940014.web-security-academy.net_20260103_194943_public_a92a0900 completed successfully in 113.38s with 1 findings
2026-01-03 20:03:16 - ScannerWorker_recon_discovery_worker_0 - INFO - Processing task scan_0a020063048e87c282a37e2d00940014.web-security-academy.net_20260103_194943_public_9524105f with ReconDiscoveryScanner on https://0a020063048e87c282a37e2d00940014.web-security-academy.net/product?productId=6
2026-01-03 20:03:16 - ScannerWorker_recon_discovery_worker_0 - INFO - Worker execution results keys: ['scanner', 'scan_id', 'target', 'target_info', 'timestamp', 'summary', 'scanners', 'discovered_assets', 'findings', 'scanner_results', 'errors']
2026-01-03 20:03:16 - ScannerWorker_recon_discovery_worker_0 - WARNING - Worker: raw_data MISSING in scanner results!
2026-01-03 20:03:16 - ScannerWorker_recon_discovery_worker_0 - INFO - [COMPLETION TRIGGER] 0a020063048e87c282a37e2d00940014.web-security-academy.net_20260103_194943_public: Last task completed! tasks_pending = 0
2026-01-03 20:03:16 - ScannerWorker_recon_discovery_worker_0 - INFO - [SCANNER TRACKING] 0a020063048e87c282a37e2d00940014.web-security-academy.net_20260103_194943_public: Scanner 'ReconDiscoveryScanner' marked as completed (238 total)
2026-01-03 20:03:16 - ScannerWorker_recon_discovery_worker_0 - INFO - [SCANNER COMPLETION] 0a020063048e87c282a37e2d00940014.web-security-academy.net_20260103_194943_public: ALL 21/4 scanners completed!
2026-01-03 20:03:16 - ScannerWorker_recon_discovery_worker_0 - INFO - Task scan_0a020063048e87c282a37e2d00940014.web-security-academy.net_20260103_194943_public_9524105f completed successfully in 0.00s with 0 findings
2026-01-03 20:03:16 - ScannerWorker_recon_discovery_worker_0 - INFO - Processing task scan_0a020063048e87c282a37e2d00940014.web-security-academy.net_20260103_194943_public_17d3f839 with DirbScanner on https://0a020063048e87c282a37e2d00940014.web-security-academy.net/product?productId=6
2026-01-03 20:05:11 - ScannerWorker_recon_discovery_worker_0 - INFO - Worker execution results keys: ['scanner', 'target', 'findings', 'raw_data']
2026-01-03 20:05:11 - ScannerWorker_recon_discovery_worker_0 - INFO - Worker found raw_data with keys: ['wordlist_used', 'directories_tested', 'timestamp']
2026-01-03 20:05:11 - ScannerWorker_recon_discovery_worker_0 - INFO - [COMPLETION TRIGGER] 0a020063048e87c282a37e2d00940014.web-security-academy.net_20260103_194943_public: Last task completed! tasks_pending = 0
2026-01-03 20:05:11 - ScannerWorker_recon_discovery_worker_0 - INFO - [SCANNER TRACKING] 0a020063048e87c282a37e2d00940014.web-security-academy.net_20260103_194943_public: Scanner 'DirbScanner' marked as completed (253 total)
2026-01-03 20:05:11 - ScannerWorker_recon_discovery_worker_0 - INFO - [SCANNER COMPLETION] 0a020063048e87c282a37e2d00940014.web-security-academy.net_20260103_194943_public: ALL 21/4 scanners completed!
2026-01-03 20:05:11 - ScannerWorker_recon_discovery_worker_0 - INFO - Task scan_0a020063048e87c282a37e2d00940014.web-security-academy.net_20260103_194943_public_17d3f839 completed successfully in 114.82s with 1 findings
2026-01-03 20:05:11 - ScannerWorker_recon_discovery_worker_0 - INFO - Processing task scan_0a020063048e87c282a37e2d00940014.web-security-academy.net_20260103_194943_public_fdd39095 with ReconDiscoveryScanner on https://0a020063048e87c282a37e2d00940014.web-security-academy.net/product?productId=8
2026-01-03 20:05:11 - ScannerWorker_recon_discovery_worker_0 - INFO - Worker execution results keys: ['scanner', 'scan_id', 'target', 'target_info', 'timestamp', 'summary', 'scanners', 'discovered_assets', 'findings', 'scanner_results', 'errors']
2026-01-03 20:05:11 - ScannerWorker_recon_discovery_worker_0 - WARNING - Worker: raw_data MISSING in scanner results!
2026-01-03 20:05:11 - ScannerWorker_recon_discovery_worker_0 - INFO - [COMPLETION TRIGGER] 0a020063048e87c282a37e2d00940014.web-security-academy.net_20260103_194943_public: Last task completed! tasks_pending = 0
2026-01-03 20:05:11 - ScannerWorker_recon_discovery_worker_0 - INFO - [SCANNER TRACKING] 0a020063048e87c282a37e2d00940014.web-security-academy.net_20260103_194943_public: Scanner 'ReconDiscoveryScanner' marked as completed (254 total)
2026-01-03 20:05:11 - ScannerWorker_recon_discovery_worker_0 - INFO - [SCANNER COMPLETION] 0a020063048e87c282a37e2d00940014.web-security-academy.net_20260103_194943_public: ALL 21/4 scanners completed!
2026-01-03 20:05:11 - ScannerWorker_recon_discovery_worker_0 - INFO - Task scan_0a020063048e87c282a37e2d00940014.web-security-academy.net_20260103_194943_public_fdd39095 completed successfully in 0.01s with 0 findings
2026-01-03 20:05:11 - ScannerWorker_recon_discovery_worker_0 - INFO - Processing task scan_0a020063048e87c282a37e2d00940014.web-security-academy.net_20260103_194943_public_9d8146c1 with DirbScanner on https://0a020063048e87c282a37e2d00940014.web-security-academy.net/product?productId=8
2026-01-03 20:07:00 - ScannerWorker_recon_discovery_worker_0 - INFO - Worker execution results keys: ['scanner', 'target', 'findings', 'raw_data']
2026-01-03 20:07:00 - ScannerWorker_recon_discovery_worker_0 - INFO - Worker found raw_data with keys: ['wordlist_used', 'directories_tested', 'timestamp']
2026-01-03 20:07:01 - ScannerWorker_recon_discovery_worker_0 - INFO - [COMPLETION TRIGGER] 0a020063048e87c282a37e2d00940014.web-security-academy.net_20260103_194943_public: Last task completed! tasks_pending = 0
2026-01-03 20:07:01 - ScannerWorker_recon_discovery_worker_0 - INFO - [SCANNER TRACKING] 0a020063048e87c282a37e2d00940014.web-security-academy.net_20260103_194943_public: Scanner 'DirbScanner' marked as completed (263 total)
2026-01-03 20:07:01 - ScannerWorker_recon_discovery_worker_0 - INFO - [SCANNER COMPLETION] 0a020063048e87c282a37e2d00940014.web-security-academy.net_20260103_194943_public: ALL 21/4 scanners completed!
2026-01-03 20:07:01 - ScannerWorker_recon_discovery_worker_0 - INFO - Task scan_0a020063048e87c282a37e2d00940014.web-security-academy.net_20260103_194943_public_9d8146c1 completed successfully in 109.27s with 1 findings
2026-01-03 20:07:01 - ScannerWorker_recon_discovery_worker_0 - INFO - Processing task scan_0a020063048e87c282a37e2d00940014.web-security-academy.net_20260103_194943_public_f6025b2a with ReconDiscoveryScanner on https://0a020063048e87c282a37e2d00940014.web-security-academy.net/product?productId=5
2026-01-03 20:07:01 - ScannerWorker_recon_discovery_worker_0 - INFO - Worker execution results keys: ['scanner', 'scan_id', 'target', 'target_info', 'timestamp', 'summary', 'scanners', 'discovered_assets', 'findings', 'scanner_results', 'errors']
2026-01-03 20:07:01 - ScannerWorker_recon_discovery_worker_0 - WARNING - Worker: raw_data MISSING in scanner results!
2026-01-03 20:07:01 - ScannerWorker_recon_discovery_worker_0 - INFO - [COMPLETION TRIGGER] 0a020063048e87c282a37e2d00940014.web-security-academy.net_20260103_194943_public: Last task completed! tasks_pending = 0
2026-01-03 20:07:01 - ScannerWorker_recon_discovery_worker_0 - INFO - [SCANNER TRACKING] 0a020063048e87c282a37e2d00940014.web-security-academy.net_20260103_194943_public: Scanner 'ReconDiscoveryScanner' marked as completed (264 total)
2026-01-03 20:07:01 - ScannerWorker_recon_discovery_worker_0 - INFO - [SCANNER COMPLETION] 0a020063048e87c282a37e2d00940014.web-security-academy.net_20260103_194943_public: ALL 21/4 scanners completed!
2026-01-03 20:07:01 - ScannerWorker_recon_discovery_worker_0 - INFO - Task scan_0a020063048e87c282a37e2d00940014.web-security-academy.net_20260103_194943_public_f6025b2a completed successfully in 0.01s with 0 findings
2026-01-03 20:07:01 - ScannerWorker_recon_discovery_worker_0 - INFO - Processing task scan_0a020063048e87c282a37e2d00940014.web-security-academy.net_20260103_194943_public_5a913c16 with DirbScanner on https://0a020063048e87c282a37e2d00940014.web-security-academy.net/product?productId=5
2026-01-03 20:09:03 - ScannerWorker_recon_discovery_worker_0 - INFO - Worker execution results keys: ['scanner', 'target', 'findings', 'raw_data']
2026-01-03 20:09:03 - ScannerWorker_recon_discovery_worker_0 - INFO - Worker found raw_data with keys: ['wordlist_used', 'directories_tested', 'timestamp']
2026-01-03 20:09:03 - ScannerWorker_recon_discovery_worker_0 - INFO - [COMPLETION TRIGGER] 0a020063048e87c282a37e2d00940014.web-security-academy.net_20260103_194943_public: Last task completed! tasks_pending = 0
2026-01-03 20:09:04 - ScannerWorker_recon_discovery_worker_0 - INFO - [SCANNER TRACKING] 0a020063048e87c282a37e2d00940014.web-security-academy.net_20260103_194943_public: Scanner 'DirbScanner' marked as completed (275 total)
2026-01-03 20:09:04 - ScannerWorker_recon_discovery_worker_0 - INFO - [SCANNER COMPLETION] 0a020063048e87c282a37e2d00940014.web-security-academy.net_20260103_194943_public: ALL 21/4 scanners completed!
2026-01-03 20:09:04 - ScannerWorker_recon_discovery_worker_0 - INFO - Task scan_0a020063048e87c282a37e2d00940014.web-security-academy.net_20260103_194943_public_5a913c16 completed successfully in 122.78s with 1 findings
2026-01-03 20:09:04 - ScannerWorker_recon_discovery_worker_0 - INFO - Processing task scan_0a020063048e87c282a37e2d00940014.web-security-academy.net_20260103_194943_public_0ecf48d9 with ReconDiscoveryScanner on https://0a020063048e87c282a37e2d00940014.web-security-academy.net/product?productId=11
2026-01-03 20:09:04 - ScannerWorker_recon_discovery_worker_0 - INFO - Worker execution results keys: ['scanner', 'scan_id', 'target', 'target_info', 'timestamp', 'summary', 'scanners', 'discovered_assets', 'findings', 'scanner_results', 'errors']
2026-01-03 20:09:04 - ScannerWorker_recon_discovery_worker_0 - WARNING - Worker: raw_data MISSING in scanner results!
2026-01-03 20:09:04 - ScannerWorker_recon_discovery_worker_0 - INFO - [COMPLETION TRIGGER] 0a020063048e87c282a37e2d00940014.web-security-academy.net_20260103_194943_public: Last task completed! tasks_pending = 0
2026-01-03 20:09:04 - ScannerWorker_recon_discovery_worker_0 - INFO - [SCANNER TRACKING] 0a020063048e87c282a37e2d00940014.web-security-academy.net_20260103_194943_public: Scanner 'ReconDiscoveryScanner' marked as completed (276 total)
2026-01-03 20:09:04 - ScannerWorker_recon_discovery_worker_0 - INFO - [SCANNER COMPLETION] 0a020063048e87c282a37e2d00940014.web-security-academy.net_20260103_194943_public: ALL 21/4 scanners completed!
2026-01-03 20:09:04 - ScannerWorker_recon_discovery_worker_0 - INFO - Task scan_0a020063048e87c282a37e2d00940014.web-security-academy.net_20260103_194943_public_0ecf48d9 completed successfully in 0.00s with 0 findings
2026-01-03 20:09:04 - ScannerWorker_recon_discovery_worker_0 - INFO - Processing task scan_0a020063048e87c282a37e2d00940014.web-security-academy.net_20260103_194943_public_77b597cd with DirbScanner on https://0a020063048e87c282a37e2d00940014.web-security-academy.net/product?productId=11
2026-01-03 20:11:24 - ScannerWorker_recon_discovery_worker_0 - INFO - Worker execution results keys: ['scanner', 'target', 'findings', 'raw_data']
2026-01-03 20:11:24 - ScannerWorker_recon_discovery_worker_0 - INFO - Worker found raw_data with keys: ['wordlist_used', 'directories_tested', 'timestamp']
2026-01-03 20:11:24 - ScannerWorker_recon_discovery_worker_0 - INFO - [COMPLETION TRIGGER] 0a020063048e87c282a37e2d00940014.web-security-academy.net_20260103_194943_public: Last task completed! tasks_pending = 0
2026-01-03 20:11:24 - ScannerWorker_recon_discovery_worker_0 - INFO - [SCANNER TRACKING] 0a020063048e87c282a37e2d00940014.web-security-academy.net_20260103_194943_public: Scanner 'DirbScanner' marked as completed (293 total)
2026-01-03 20:11:24 - ScannerWorker_recon_discovery_worker_0 - INFO - [SCANNER COMPLETION] 0a020063048e87c282a37e2d00940014.web-security-academy.net_20260103_194943_public: ALL 21/4 scanners completed!
2026-01-03 20:11:24 - ScannerWorker_recon_discovery_worker_0 - INFO - Task scan_0a020063048e87c282a37e2d00940014.web-security-academy.net_20260103_194943_public_77b597cd completed successfully in 140.24s with 1 findings
2026-01-03 20:11:24 - ScannerWorker_recon_discovery_worker_0 - INFO - Processing task scan_0a020063048e87c282a37e2d00940014.web-security-academy.net_20260103_194943_public_2a16cce8 with ReconDiscoveryScanner on https://0a020063048e87c282a37e2d00940014.web-security-academy.net/product?productId=15
2026-01-03 20:11:24 - ScannerWorker_recon_discovery_worker_0 - INFO - Worker execution results keys: ['scanner', 'scan_id', 'target', 'target_info', 'timestamp', 'summary', 'scanners', 'discovered_assets', 'findings', 'scanner_results', 'errors']
2026-01-03 20:11:24 - ScannerWorker_recon_discovery_worker_0 - WARNING - Worker: raw_data MISSING in scanner results!
2026-01-03 20:11:24 - ScannerWorker_recon_discovery_worker_0 - INFO - [COMPLETION TRIGGER] 0a020063048e87c282a37e2d00940014.web-security-academy.net_20260103_194943_public: Last task completed! tasks_pending = 0
2026-01-03 20:11:24 - ScannerWorker_recon_discovery_worker_0 - INFO - [SCANNER TRACKING] 0a020063048e87c282a37e2d00940014.web-security-academy.net_20260103_194943_public: Scanner 'ReconDiscoveryScanner' marked as completed (294 total)
2026-01-03 20:11:24 - ScannerWorker_recon_discovery_worker_0 - INFO - [SCANNER COMPLETION] 0a020063048e87c282a37e2d00940014.web-security-academy.net_20260103_194943_public: ALL 21/4 scanners completed!
2026-01-03 20:11:24 - ScannerWorker_recon_discovery_worker_0 - INFO - Task scan_0a020063048e87c282a37e2d00940014.web-security-academy.net_20260103_194943_public_2a16cce8 completed successfully in 0.09s with 0 findings
2026-01-03 20:11:24 - ScannerWorker_recon_discovery_worker_0 - INFO - Processing task scan_0a020063048e87c282a37e2d00940014.web-security-academy.net_20260103_194943_public_cb0a90ee with DirbScanner on https://0a020063048e87c282a37e2d00940014.web-security-academy.net/product?productId=15
2026-01-03 20:13:47 - ScannerWorker_recon_discovery_worker_0 - INFO - Worker execution results keys: ['scanner', 'target', 'findings', 'raw_data']
2026-01-03 20:13:47 - ScannerWorker_recon_discovery_worker_0 - INFO - Worker found raw_data with keys: ['wordlist_used', 'directories_tested', 'timestamp']
2026-01-03 20:13:48 - ScannerWorker_recon_discovery_worker_0 - INFO - [COMPLETION TRIGGER] 0a020063048e87c282a37e2d00940014.web-security-academy.net_20260103_194943_public: Last task completed! tasks_pending = 0
2026-01-03 20:13:48 - ScannerWorker_recon_discovery_worker_0 - INFO - [SCANNER TRACKING] 0a020063048e87c282a37e2d00940014.web-security-academy.net_20260103_194943_public: Scanner 'DirbScanner' marked as completed (308 total)
2026-01-03 20:13:48 - ScannerWorker_recon_discovery_worker_0 - INFO - [SCANNER COMPLETION] 0a020063048e87c282a37e2d00940014.web-security-academy.net_20260103_194943_public: ALL 21/4 scanners completed!
2026-01-03 20:13:48 - ScannerWorker_recon_discovery_worker_0 - INFO - Task scan_0a020063048e87c282a37e2d00940014.web-security-academy.net_20260103_194943_public_cb0a90ee completed successfully in 143.37s with 1 findings
2026-01-03 20:13:48 - ScannerWorker_recon_discovery_worker_0 - INFO - Processing task scan_0a020063048e87c282a37e2d00940014.web-security-academy.net_20260103_194943_public_75871afb with ReconDiscoveryScanner on https://0a020063048e87c282a37e2d00940014.web-security-academy.net/product?productId=13
2026-01-03 20:13:48 - ScannerWorker_recon_discovery_worker_0 - INFO - Worker execution results keys: ['scanner', 'scan_id', 'target', 'target_info', 'timestamp', 'summary', 'scanners', 'discovered_assets', 'findings', 'scanner_results', 'errors']
2026-01-03 20:13:48 - ScannerWorker_recon_discovery_worker_0 - WARNING - Worker: raw_data MISSING in scanner results!
2026-01-03 20:13:48 - ScannerWorker_recon_discovery_worker_0 - INFO - [COMPLETION TRIGGER] 0a020063048e87c282a37e2d00940014.web-security-academy.net_20260103_194943_public: Last task completed! tasks_pending = 0
2026-01-03 20:13:48 - ScannerWorker_recon_discovery_worker_0 - INFO - [SCANNER TRACKING] 0a020063048e87c282a37e2d00940014.web-security-academy.net_20260103_194943_public: Scanner 'ReconDiscoveryScanner' marked as completed (309 total)
2026-01-03 20:13:48 - ScannerWorker_recon_discovery_worker_0 - INFO - [SCANNER COMPLETION] 0a020063048e87c282a37e2d00940014.web-security-academy.net_20260103_194943_public: ALL 21/4 scanners completed!
2026-01-03 20:13:48 - ScannerWorker_recon_discovery_worker_0 - INFO - Task scan_0a020063048e87c282a37e2d00940014.web-security-academy.net_20260103_194943_public_75871afb completed successfully in 0.00s with 0 findings
2026-01-03 20:13:48 - ScannerWorker_recon_discovery_worker_0 - INFO - Processing task scan_0a020063048e87c282a37e2d00940014.web-security-academy.net_20260103_194943_public_74b604ae with DirbScanner on https://0a020063048e87c282a37e2d00940014.web-security-academy.net/product?productId=13
2026-01-03 20:15:49 - ScannerWorker_recon_discovery_worker_0 - INFO - Worker execution results keys: ['scanner', 'target', 'findings', 'raw_data']
2026-01-03 20:15:49 - ScannerWorker_recon_discovery_worker_0 - INFO - Worker found raw_data with keys: ['wordlist_used', 'directories_tested', 'timestamp']
2026-01-03 20:15:50 - ScannerWorker_recon_discovery_worker_0 - INFO - [COMPLETION TRIGGER] 0a020063048e87c282a37e2d00940014.web-security-academy.net_20260103_194943_public: Last task completed! tasks_pending = 0
2026-01-03 20:15:50 - ScannerWorker_recon_discovery_worker_0 - INFO - [SCANNER TRACKING] 0a020063048e87c282a37e2d00940014.web-security-academy.net_20260103_194943_public: Scanner 'DirbScanner' marked as completed (341 total)
2026-01-03 20:15:50 - ScannerWorker_recon_discovery_worker_0 - INFO - [SCANNER COMPLETION] 0a020063048e87c282a37e2d00940014.web-security-academy.net_20260103_194943_public: ALL 21/4 scanners completed!
2026-01-03 20:15:50 - ScannerWorker_recon_discovery_worker_0 - INFO - Task scan_0a020063048e87c282a37e2d00940014.web-security-academy.net_20260103_194943_public_74b604ae completed successfully in 121.88s with 1 findings
2026-01-03 20:15:50 - ScannerWorker_recon_discovery_worker_0 - INFO - Worker recon_discovery_worker_0 received task notification
2026-01-03 20:15:50 - ScannerWorker_recon_discovery_worker_0 - INFO - Worker recon_discovery_worker_0 received task notification
2026-01-03 20:15:50 - ScannerWorker_recon_discovery_worker_0 - INFO - Worker recon_discovery_worker_0 received task notification
2026-01-03 20:15:50 - ScannerWorker_recon_discovery_worker_0 - INFO - Worker recon_discovery_worker_0 received task notification
2026-01-03 20:15:50 - ScannerWorker_recon_discovery_worker_0 - INFO - Worker recon_discovery_worker_0 received task notification
2026-01-03 20:15:50 - ScannerWorker_recon_discovery_worker_0 - INFO - Worker recon_discovery_worker_0 received task notification
2026-01-03 20:15:50 - ScannerWorker_recon_discovery_worker_0 - INFO - Worker recon_discovery_worker_0 received task notification
2026-01-03 20:15:50 - ScannerWorker_recon_discovery_worker_0 - INFO - Worker recon_discovery_worker_0 received task notification
2026-01-03 20:15:50 - ScannerWorker_recon_discovery_worker_0 - INFO - Worker recon_discovery_worker_0 received task notification
2026-01-03 20:15:50 - ScannerWorker_recon_discovery_worker_0 - INFO - Worker recon_discovery_worker_0 received task notification
2026-01-03 20:15:50 - ScannerWorker_recon_discovery_worker_0 - INFO - Worker recon_discovery_worker_0 received task notification
2026-01-03 20:15:50 - ScannerWorker_recon_discovery_worker_0 - INFO - Worker recon_discovery_worker_0 received task notification
2026-01-03 20:15:50 - ScannerWorker_recon_discovery_worker_0 - INFO - Worker recon_discovery_worker_0 received task notification
2026-01-03 20:15:50 - ScannerWorker_recon_discovery_worker_0 - INFO - Worker recon_discovery_worker_0 received task notification
2026-01-03 20:15:50 - ScannerWorker_recon_discovery_worker_0 - INFO - Worker recon_discovery_worker_0 received task notification
2026-01-03 20:15:50 - ScannerWorker_recon_discovery_worker_0 - INFO - Worker recon_discovery_worker_0 received task notification
2026-01-03 20:15:50 - ScannerWorker_recon_discovery_worker_0 - INFO - Worker recon_discovery_worker_0 received task notification
2026-01-03 20:15:50 - ScannerWorker_recon_discovery_worker_0 - INFO - Worker recon_discovery_worker_0 received task notification
2026-01-03 20:15:50 - ScannerWorker_recon_discovery_worker_0 - INFO - Worker recon_discovery_worker_0 received task notification
2026-01-03 20:15:50 - ScannerWorker_recon_discovery_worker_0 - INFO - Worker recon_discovery_worker_0 received task notification
2026-01-03 20:15:50 - ScannerWorker_recon_discovery_worker_0 - INFO - Worker recon_discovery_worker_0 received task notification
2026-01-03 20:15:50 - ScannerWorker_recon_discovery_worker_0 - INFO - Worker recon_discovery_worker_0 received task notification
2026-01-03 20:15:50 - ScannerWorker_recon_discovery_worker_0 - INFO - Worker recon_discovery_worker_0 received task notification
2026-01-03 20:15:50 - ScannerWorker_recon_discovery_worker_0 - INFO - Worker recon_discovery_worker_0 received task notification
2026-01-03 20:15:50 - ScannerWorker_recon_discovery_worker_0 - INFO - Worker recon_discovery_worker_0 received task notification
2026-01-03 20:15:50 - ScannerWorker_recon_discovery_worker_0 - INFO - Worker recon_discovery_worker_0 received task notification
2026-01-03 20:15:50 - ScannerWorker_recon_discovery_worker_0 - INFO - Worker recon_discovery_worker_0 received task notification
2026-01-03 20:15:50 - ScannerWorker_recon_discovery_worker_0 - INFO - Worker recon_discovery_worker_0 received task notification
2026-01-03 20:15:50 - ScannerWorker_recon_discovery_worker_0 - INFO - Worker recon_discovery_worker_0 received task notification
2026-01-03 20:15:50 - ScannerWorker_recon_discovery_worker_0 - INFO - Worker recon_discovery_worker_0 received task notification
2026-01-03 20:15:50 - ScannerWorker_recon_discovery_worker_0 - INFO - Worker recon_discovery_worker_0 received task notification
2026-01-03 20:15:50 - ScannerWorker_recon_discovery_worker_0 - INFO - Worker recon_discovery_worker_0 received task notification
2026-01-03 20:15:50 - ScannerWorker_recon_discovery_worker_0 - INFO - Worker recon_discovery_worker_0 received task notification
2026-01-03 20:15:50 - ScannerWorker_recon_discovery_worker_0 - INFO - Worker recon_discovery_worker_0 received task notification
2026-01-03 20:15:50 - ScannerWorker_recon_discovery_worker_0 - INFO - Worker recon_discovery_worker_0 received task notification
2026-01-03 20:15:50 - ScannerWorker_recon_discovery_worker_0 - INFO - Worker recon_discovery_worker_0 received task notification
2026-01-03 20:15:50 - ScannerWorker_recon_discovery_worker_0 - INFO - Worker recon_discovery_worker_0 received task notification
2026-01-03 20:15:50 - ScannerWorker_recon_discovery_worker_0 - INFO - Worker recon_discovery_worker_0 received task notification
2026-01-03 20:15:50 - ScannerWorker_recon_discovery_worker_0 - INFO - Worker recon_discovery_worker_0 received task notification
2026-01-03 20:15:50 - ScannerWorker_recon_discovery_worker_0 - INFO - Worker recon_discovery_worker_0 received task notification
2026-01-03 20:15:50 - ScannerWorker_recon_discovery_worker_0 - INFO - Worker recon_discovery_worker_0 received task notification
2026-01-03 20:15:50 - ScannerWorker_recon_discovery_worker_0 - INFO - Worker recon_discovery_worker_0 received task notification
2026-01-03 20:15:50 - ScannerWorker_recon_discovery_worker_0 - INFO - Worker recon_discovery_worker_0 received task notification
2026-01-03 20:15:50 - ScannerWorker_recon_discovery_worker_0 - INFO - Worker recon_discovery_worker_0 received task notification
2026-01-03 20:15:50 - ScannerWorker_recon_discovery_worker_0 - INFO - Worker recon_discovery_worker_0 received task notification
2026-01-03 20:15:50 - ScannerWorker_recon_discovery_worker_0 - INFO - Worker recon_discovery_worker_0 received task notification
2026-01-03 20:15:50 - ScannerWorker_recon_discovery_worker_0 - INFO - Worker recon_discovery_worker_0 received task notification
2026-01-03 20:15:50 - ScannerWorker_recon_discovery_worker_0 - INFO - Worker recon_discovery_worker_0 received task notification
2026-01-03 20:15:50 - ScannerWorker_recon_discovery_worker_0 - INFO - Worker recon_discovery_worker_0 received task notification
2026-01-03 20:15:50 - ScannerWorker_recon_discovery_worker_0 - INFO - Worker recon_discovery_worker_0 received task notification
2026-01-03 20:15:50 - ScannerWorker_recon_discovery_worker_0 - INFO - Worker recon_discovery_worker_0 received task notification
2026-01-03 20:15:50 - ScannerWorker_recon_discovery_worker_0 - INFO - Worker recon_discovery_worker_0 received task notification
2026-01-03 20:15:50 - ScannerWorker_recon_discovery_worker_0 - INFO - Worker recon_discovery_worker_0 received task notification
2026-01-03 20:15:50 - ScannerWorker_recon_discovery_worker_0 - INFO - Worker recon_discovery_worker_0 received task notification
2026-01-03 20:15:50 - ScannerWorker_recon_discovery_worker_0 - INFO - Worker recon_discovery_worker_0 received task notification
2026-01-03 20:15:50 - ScannerWorker_recon_discovery_worker_0 - INFO - Worker recon_discovery_worker_0 received task notification
2026-01-03 20:15:50 - ScannerWorker_recon_discovery_worker_0 - INFO - Worker recon_discovery_worker_0 received task notification
2026-01-03 20:15:50 - ScannerWorker_recon_discovery_worker_0 - INFO - Worker recon_discovery_worker_0 received task notification
2026-01-03 20:15:50 - ScannerWorker_recon_discovery_worker_0 - INFO - Worker recon_discovery_worker_0 received task notification
2026-01-03 20:15:50 - ScannerWorker_recon_discovery_worker_0 - INFO - Worker recon_discovery_worker_0 received task notification
2026-01-03 20:15:50 - ScannerWorker_recon_discovery_worker_0 - INFO - Worker recon_discovery_worker_0 received task notification
2026-01-03 20:15:50 - ScannerWorker_recon_discovery_worker_0 - INFO - Worker recon_discovery_worker_0 received task notification
2026-01-03 20:15:50 - ScannerWorker_recon_discovery_worker_0 - INFO - Worker recon_discovery_worker_0 received task notification
2026-01-03 20:15:50 - ScannerWorker_recon_discovery_worker_0 - INFO - Worker recon_discovery_worker_0 received task notification
2026-01-03 20:15:50 - ScannerWorker_recon_discovery_worker_0 - INFO - Worker recon_discovery_worker_0 received task notification
2026-01-03 20:15:50 - ScannerWorker_recon_discovery_worker_0 - INFO - Worker recon_discovery_worker_0 received task notification
2026-01-03 20:15:50 - ScannerWorker_recon_discovery_worker_0 - INFO - Worker recon_discovery_worker_0 received task notification
2026-01-03 20:15:50 - ScannerWorker_recon_discovery_worker_0 - INFO - Worker recon_discovery_worker_0 received task notification
2026-01-03 20:15:50 - ScannerWorker_recon_discovery_worker_0 - INFO - Worker recon_discovery_worker_0 received task notification
2026-01-03 20:15:50 - ScannerWorker_recon_discovery_worker_0 - INFO - Worker recon_discovery_worker_0 received task notification
2026-01-03 20:15:50 - ScannerWorker_recon_discovery_worker_0 - INFO - Worker recon_discovery_worker_0 received task notification
2026-01-03 20:15:50 - ScannerWorker_recon_discovery_worker_0 - INFO - Worker recon_discovery_worker_0 received task notification
2026-01-03 20:15:50 - ScannerWorker_recon_discovery_worker_0 - INFO - Worker recon_discovery_worker_0 received task notification
2026-01-03 20:15:50 - ScannerWorker_recon_discovery_worker_0 - INFO - Worker recon_discovery_worker_0 received task notification
2026-01-03 20:15:50 - ScannerWorker_recon_discovery_worker_0 - INFO - Worker recon_discovery_worker_0 received task notification
2026-01-03 20:15:50 - ScannerWorker_recon_discovery_worker_0 - INFO - Worker recon_discovery_worker_0 received task notification
2026-01-03 20:15:50 - ScannerWorker_recon_discovery_worker_0 - INFO - Worker recon_discovery_worker_0 received task notification
2026-01-03 20:15:50 - ScannerWorker_recon_discovery_worker_0 - INFO - Worker recon_discovery_worker_0 received task notification
2026-01-03 20:15:50 - ScannerWorker_recon_discovery_worker_0 - INFO - Worker recon_discovery_worker_0 received task notification
2026-01-03 20:15:50 - ScannerWorker_recon_discovery_worker_0 - INFO - Worker recon_discovery_worker_0 received task notification
2026-01-03 20:15:50 - ScannerWorker_recon_discovery_worker_0 - INFO - Worker recon_discovery_worker_0 received task notification
2026-01-03 20:15:50 - ScannerWorker_recon_discovery_worker_0 - INFO - Worker recon_discovery_worker_0 received task notification
2026-01-03 20:15:50 - ScannerWorker_recon_discovery_worker_0 - INFO - Worker recon_discovery_worker_0 received task notification
2026-01-03 20:15:50 - ScannerWorker_recon_discovery_worker_0 - INFO - Worker recon_discovery_worker_0 received task notification
2026-01-03 20:15:50 - ScannerWorker_recon_discovery_worker_0 - INFO - Worker recon_discovery_worker_0 received task notification
2026-01-03 20:15:50 - ScannerWorker_recon_discovery_worker_0 - INFO - Worker recon_discovery_worker_0 received task notification
2026-01-03 20:15:50 - ScannerWorker_recon_discovery_worker_0 - INFO - Worker recon_discovery_worker_0 received task notification
2026-01-03 20:15:50 - ScannerWorker_recon_discovery_worker_0 - INFO - Worker recon_discovery_worker_0 received task notification
2026-01-03 20:15:50 - ScannerWorker_recon_discovery_worker_0 - INFO - Worker recon_discovery_worker_0 received task notification
2026-01-03 20:15:50 - ScannerWorker_recon_discovery_worker_0 - INFO - Worker recon_discovery_worker_0 received task notification
2026-01-03 20:15:50 - ScannerWorker_recon_discovery_worker_0 - INFO - Worker recon_discovery_worker_0 received task notification
2026-01-03 20:15:50 - ScannerWorker_recon_discovery_worker_0 - INFO - Worker recon_discovery_worker_0 received task notification
2026-01-03 20:15:50 - ScannerWorker_recon_discovery_worker_0 - INFO - Worker recon_discovery_worker_0 received task notification
2026-01-03 20:15:50 - ScannerWorker_recon_discovery_worker_0 - INFO - Worker recon_discovery_worker_0 received task notification
2026-01-03 20:15:50 - ScannerWorker_recon_discovery_worker_0 - INFO - Worker recon_discovery_worker_0 received task notification
2026-01-03 20:15:50 - ScannerWorker_recon_discovery_worker_0 - INFO - Worker recon_discovery_worker_0 received task notification
2026-01-03 20:15:50 - ScannerWorker_recon_discovery_worker_0 - INFO - Worker recon_discovery_worker_0 received task notification
2026-01-03 20:15:50 - ScannerWorker_recon_discovery_worker_0 - INFO - Worker recon_discovery_worker_0 received task notification
2026-01-03 20:15:50 - ScannerWorker_recon_discovery_worker_0 - INFO - Worker recon_discovery_worker_0 received task notification
2026-01-03 20:15:50 - ScannerWorker_recon_discovery_worker_0 - INFO - Worker recon_discovery_worker_0 received task notification
2026-01-03 20:15:50 - ScannerWorker_recon_discovery_worker_0 - INFO - Worker recon_discovery_worker_0 received task notification
2026-01-03 20:15:50 - ScannerWorker_recon_discovery_worker_0 - INFO - Worker recon_discovery_worker_0 received task notification
2026-01-03 20:15:50 - ScannerWorker_recon_discovery_worker_0 - INFO - Worker recon_discovery_worker_0 received task notification
2026-01-03 20:15:50 - ScannerWorker_recon_discovery_worker_0 - INFO - Worker recon_discovery_worker_0 received task notification
2026-01-03 20:15:50 - ScannerWorker_recon_discovery_worker_0 - INFO - Worker recon_discovery_worker_0 received task notification
2026-01-03 20:15:50 - ScannerWorker_recon_discovery_worker_0 - INFO - Worker recon_discovery_worker_0 received task notification
2026-01-03 20:15:50 - ScannerWorker_recon_discovery_worker_0 - INFO - Worker recon_discovery_worker_0 received task notification
2026-01-03 20:15:50 - ScannerWorker_recon_discovery_worker_0 - INFO - Worker recon_discovery_worker_0 received task notification
2026-01-03 20:15:50 - ScannerWorker_recon_discovery_worker_0 - INFO - Worker recon_discovery_worker_0 received task notification
2026-01-03 20:15:50 - ScannerWorker_recon_discovery_worker_0 - INFO - Worker recon_discovery_worker_0 received task notification
2026-01-03 20:15:50 - ScannerWorker_recon_discovery_worker_0 - INFO - Worker recon_discovery_worker_0 received task notification
2026-01-03 20:15:50 - ScannerWorker_recon_discovery_worker_0 - INFO - Worker recon_discovery_worker_0 received task notification
2026-01-03 20:15:50 - ScannerWorker_recon_discovery_worker_0 - INFO - Worker recon_discovery_worker_0 received task notification
2026-01-03 20:15:50 - ScannerWorker_recon_discovery_worker_0 - INFO - Worker recon_discovery_worker_0 received task notification
2026-01-03 20:15:50 - ScannerWorker_recon_discovery_worker_0 - INFO - Worker recon_discovery_worker_0 received task notification
2026-01-03 20:15:50 - ScannerWorker_recon_discovery_worker_0 - INFO - Worker recon_discovery_worker_0 received task notification
2026-01-03 20:15:50 - ScannerWorker_recon_discovery_worker_0 - INFO - Worker recon_discovery_worker_0 received task notification
2026-01-03 20:15:50 - ScannerWorker_recon_discovery_worker_0 - INFO - Worker recon_discovery_worker_0 received task notification
2026-01-03 20:15:50 - ScannerWorker_recon_discovery_worker_0 - INFO - Worker recon_discovery_worker_0 received task notification
2026-01-03 20:15:50 - ScannerWorker_recon_discovery_worker_0 - INFO - Worker recon_discovery_worker_0 received task notification
2026-01-03 20:15:50 - ScannerWorker_recon_discovery_worker_0 - INFO - Worker recon_discovery_worker_0 received task notification
2026-01-03 20:15:50 - ScannerWorker_recon_discovery_worker_0 - INFO - Worker recon_discovery_worker_0 received task notification
2026-01-03 20:15:50 - ScannerWorker_recon_discovery_worker_0 - INFO - Worker recon_discovery_worker_0 received task notification
2026-01-03 20:15:50 - ScannerWorker_recon_discovery_worker_0 - INFO - Worker recon_discovery_worker_0 received task notification
2026-01-03 20:15:50 - ScannerWorker_recon_discovery_worker_0 - INFO - Worker recon_discovery_worker_0 received task notification
2026-01-03 20:15:50 - ScannerWorker_recon_discovery_worker_0 - INFO - Worker recon_discovery_worker_0 received task notification
2026-01-03 20:15:50 - ScannerWorker_recon_discovery_worker_0 - INFO - Worker recon_discovery_worker_0 received task notification
2026-01-03 20:15:50 - ScannerWorker_recon_discovery_worker_0 - INFO - Worker recon_discovery_worker_0 received task notification
2026-01-03 20:15:50 - ScannerWorker_recon_discovery_worker_0 - INFO - Worker recon_discovery_worker_0 received task notification
2026-01-03 20:15:50 - ScannerWorker_recon_discovery_worker_0 - INFO - Worker recon_discovery_worker_0 received task notification
2026-01-03 20:15:50 - ScannerWorker_recon_discovery_worker_0 - INFO - Worker recon_discovery_worker_0 received task notification
2026-01-03 20:15:50 - ScannerWorker_recon_discovery_worker_0 - INFO - Worker recon_discovery_worker_0 received task notification
2026-01-03 20:15:50 - ScannerWorker_recon_discovery_worker_0 - INFO - Worker recon_discovery_worker_0 received task notification
2026-01-03 20:15:50 - ScannerWorker_recon_discovery_worker_0 - INFO - Worker recon_discovery_worker_0 received task notification
2026-01-03 20:15:50 - ScannerWorker_recon_discovery_worker_0 - INFO - Worker recon_discovery_worker_0 received task notification
2026-01-03 20:15:50 - ScannerWorker_recon_discovery_worker_0 - INFO - Worker recon_discovery_worker_0 received task notification
2026-01-03 20:15:50 - ScannerWorker_recon_discovery_worker_0 - INFO - Worker recon_discovery_worker_0 received task notification
2026-01-03 20:15:50 - ScannerWorker_recon_discovery_worker_0 - INFO - Worker recon_discovery_worker_0 received task notification
2026-01-03 20:15:50 - ScannerWorker_recon_discovery_worker_0 - INFO - Worker recon_discovery_worker_0 received task notification
2026-01-03 20:15:50 - ScannerWorker_recon_discovery_worker_0 - INFO - Worker recon_discovery_worker_0 received task notification
2026-01-03 20:15:50 - ScannerWorker_recon_discovery_worker_0 - INFO - Worker recon_discovery_worker_0 received task notification
2026-01-03 20:15:50 - ScannerWorker_recon_discovery_worker_0 - INFO - Worker recon_discovery_worker_0 received task notification
2026-01-03 20:15:50 - ScannerWorker_recon_discovery_worker_0 - INFO - Worker recon_discovery_worker_0 received task notification
2026-01-03 20:15:50 - ScannerWorker_recon_discovery_worker_0 - INFO - Worker recon_discovery_worker_0 received task notification
2026-01-03 20:15:50 - ScannerWorker_recon_discovery_worker_0 - INFO - Worker recon_discovery_worker_0 received task notification
2026-01-03 20:15:50 - ScannerWorker_recon_discovery_worker_0 - INFO - Worker recon_discovery_worker_0 received task notification
2026-01-03 20:15:50 - ScannerWorker_recon_discovery_worker_0 - INFO - Worker recon_discovery_worker_0 received task notification
2026-01-03 20:15:50 - ScannerWorker_recon_discovery_worker_0 - INFO - Worker recon_discovery_worker_0 received task notification
2026-01-03 20:15:50 - ScannerWorker_recon_discovery_worker_0 - INFO - Worker recon_discovery_worker_0 received task notification
2026-01-03 20:15:50 - ScannerWorker_recon_discovery_worker_0 - INFO - Worker recon_discovery_worker_0 received task notification
2026-01-03 20:15:50 - ScannerWorker_recon_discovery_worker_0 - INFO - Worker recon_discovery_worker_0 received task notification
2026-01-03 20:15:50 - ScannerWorker_recon_discovery_worker_0 - INFO - Worker recon_discovery_worker_0 received task notification
2026-01-03 20:15:50 - ScannerWorker_recon_discovery_worker_0 - INFO - Worker recon_discovery_worker_0 received task notification
2026-01-03 20:15:50 - ScannerWorker_recon_discovery_worker_0 - INFO - Worker recon_discovery_worker_0 received task notification
2026-01-03 20:15:50 - ScannerWorker_recon_discovery_worker_0 - INFO - Worker recon_discovery_worker_0 received task notification
2026-01-03 20:15:50 - ScannerWorker_recon_discovery_worker_0 - INFO - Worker recon_discovery_worker_0 received task notification
2026-01-03 20:15:50 - ScannerWorker_recon_discovery_worker_0 - INFO - Worker recon_discovery_worker_0 received task notification
2026-01-03 20:15:50 - ScannerWorker_recon_discovery_worker_0 - INFO - Worker recon_discovery_worker_0 received task notification
2026-01-03 20:15:50 - ScannerWorker_recon_discovery_worker_0 - INFO - Worker recon_discovery_worker_0 received task notification
2026-01-03 20:15:50 - ScannerWorker_recon_discovery_worker_0 - INFO - Worker recon_discovery_worker_0 received task notification
2026-01-03 20:15:50 - ScannerWorker_recon_discovery_worker_0 - INFO - Worker recon_discovery_worker_0 received task notification
2026-01-03 20:15:50 - ScannerWorker_recon_discovery_worker_0 - INFO - Worker recon_discovery_worker_0 received task notification
2026-01-03 20:15:50 - ScannerWorker_recon_discovery_worker_0 - INFO - Worker recon_discovery_worker_0 received task notification
2026-01-03 20:15:50 - ScannerWorker_recon_discovery_worker_0 - INFO - Worker recon_discovery_worker_0 received task notification
2026-01-03 20:15:50 - ScannerWorker_recon_discovery_worker_0 - INFO - Worker recon_discovery_worker_0 received task notification
2026-01-03 20:15:50 - ScannerWorker_recon_discovery_worker_0 - INFO - Worker recon_discovery_worker_0 received task notification
2026-01-03 20:15:50 - ScannerWorker_recon_discovery_worker_0 - INFO - Worker recon_discovery_worker_0 received task notification
2026-01-03 20:15:50 - ScannerWorker_recon_discovery_worker_0 - INFO - Worker recon_discovery_worker_0 received task notification
2026-01-03 20:15:50 - ScannerWorker_recon_discovery_worker_0 - INFO - Worker recon_discovery_worker_0 received task notification
2026-01-03 20:15:50 - ScannerWorker_recon_discovery_worker_0 - INFO - Worker recon_discovery_worker_0 received task notification
2026-01-03 20:15:50 - ScannerWorker_recon_discovery_worker_0 - INFO - Worker recon_discovery_worker_0 received task notification
2026-01-03 20:15:51 - ScannerWorker_recon_discovery_worker_0 - INFO - Worker recon_discovery_worker_0 received task notification
2026-01-03 20:15:51 - ScannerWorker_recon_discovery_worker_0 - INFO - Worker recon_discovery_worker_0 received task notification
2026-01-03 20:15:51 - ScannerWorker_recon_discovery_worker_0 - INFO - Worker recon_discovery_worker_0 received task notification
2026-01-03 20:15:51 - ScannerWorker_recon_discovery_worker_0 - INFO - Worker recon_discovery_worker_0 received task notification
2026-01-03 20:15:51 - ScannerWorker_recon_discovery_worker_0 - INFO - Worker recon_discovery_worker_0 received task notification
2026-01-03 20:15:51 - ScannerWorker_recon_discovery_worker_0 - INFO - Worker recon_discovery_worker_0 received task notification
2026-01-03 20:15:51 - ScannerWorker_recon_discovery_worker_0 - INFO - Worker recon_discovery_worker_0 received task notification
2026-01-03 20:15:51 - ScannerWorker_recon_discovery_worker_0 - INFO - Worker recon_discovery_worker_0 received task notification
2026-01-03 20:15:51 - ScannerWorker_recon_discovery_worker_0 - INFO - Worker recon_discovery_worker_0 received task notification
2026-01-03 20:15:51 - ScannerWorker_recon_discovery_worker_0 - INFO - Worker recon_discovery_worker_0 received task notification
2026-01-03 20:15:51 - ScannerWorker_recon_discovery_worker_0 - INFO - Worker recon_discovery_worker_0 received task notification
2026-01-03 20:15:51 - ScannerWorker_recon_discovery_worker_0 - INFO - Worker recon_discovery_worker_0 received task notification
2026-01-03 20:15:51 - ScannerWorker_recon_discovery_worker_0 - INFO - Worker recon_discovery_worker_0 received task notification
2026-01-03 20:15:51 - ScannerWorker_recon_discovery_worker_0 - INFO - Worker recon_discovery_worker_0 received task notification
2026-01-03 20:15:51 - ScannerWorker_recon_discovery_worker_0 - INFO - Worker recon_discovery_worker_0 received task notification
2026-01-03 20:15:51 - ScannerWorker_recon_discovery_worker_0 - INFO - Worker recon_discovery_worker_0 received task notification
2026-01-03 20:15:51 - ScannerWorker_recon_discovery_worker_0 - INFO - Worker recon_discovery_worker_0 received task notification
2026-01-03 20:15:51 - ScannerWorker_recon_discovery_worker_0 - INFO - Worker recon_discovery_worker_0 received task notification
2026-01-03 20:15:51 - ScannerWorker_recon_discovery_worker_0 - INFO - Worker recon_discovery_worker_0 received task notification
2026-01-03 20:15:51 - ScannerWorker_recon_discovery_worker_0 - INFO - Worker recon_discovery_worker_0 received task notification
2026-01-03 20:15:51 - ScannerWorker_recon_discovery_worker_0 - INFO - Worker recon_discovery_worker_0 received task notification
2026-01-03 20:15:51 - ScannerWorker_recon_discovery_worker_0 - INFO - Worker recon_discovery_worker_0 received task notification
2026-01-03 20:15:51 - ScannerWorker_recon_discovery_worker_0 - INFO - Worker recon_discovery_worker_0 received task notification
2026-01-03 20:15:51 - ScannerWorker_recon_discovery_worker_0 - INFO - Worker recon_discovery_worker_0 received task notification
2026-01-03 20:15:51 - ScannerWorker_recon_discovery_worker_0 - INFO - Worker recon_discovery_worker_0 received task notification
2026-01-03 20:15:51 - ScannerWorker_recon_discovery_worker_0 - INFO - Worker recon_discovery_worker_0 received task notification
2026-01-03 20:15:51 - ScannerWorker_recon_discovery_worker_0 - INFO - Worker recon_discovery_worker_0 received task notification
2026-01-03 20:15:51 - ScannerWorker_recon_discovery_worker_0 - INFO - Worker recon_discovery_worker_0 received task notification
2026-01-03 20:15:51 - ScannerWorker_recon_discovery_worker_0 - INFO - Worker recon_discovery_worker_0 received task notification
2026-01-03 20:15:51 - ScannerWorker_recon_discovery_worker_0 - INFO - Worker recon_discovery_worker_0 received task notification
2026-01-03 20:15:51 - ScannerWorker_recon_discovery_worker_0 - INFO - Worker recon_discovery_worker_0 received task notification
2026-01-03 20:15:51 - ScannerWorker_recon_discovery_worker_0 - INFO - Worker recon_discovery_worker_0 received task notification
2026-01-03 20:15:51 - ScannerWorker_recon_discovery_worker_0 - INFO - Worker recon_discovery_worker_0 received task notification
2026-01-03 20:15:51 - ScannerWorker_recon_discovery_worker_0 - INFO - Worker recon_discovery_worker_0 received task notification
2026-01-03 20:15:51 - ScannerWorker_recon_discovery_worker_0 - INFO - Worker recon_discovery_worker_0 received task notification
2026-01-03 20:15:51 - ScannerWorker_recon_discovery_worker_0 - INFO - Worker recon_discovery_worker_0 received task notification
2026-01-03 20:15:51 - ScannerWorker_recon_discovery_worker_0 - INFO - Worker recon_discovery_worker_0 received task notification
2026-01-03 20:15:51 - ScannerWorker_recon_discovery_worker_0 - INFO - Worker recon_discovery_worker_0 received task notification
2026-01-03 20:15:51 - ScannerWorker_recon_discovery_worker_0 - INFO - Worker recon_discovery_worker_0 received task notification
2026-01-03 20:15:51 - ScannerWorker_recon_discovery_worker_0 - INFO - Worker recon_discovery_worker_0 received task notification
2026-01-03 20:15:51 - ScannerWorker_recon_discovery_worker_0 - INFO - Worker recon_discovery_worker_0 received task notification
2026-01-03 20:15:51 - ScannerWorker_recon_discovery_worker_0 - INFO - Worker recon_discovery_worker_0 received task notification
2026-01-03 20:15:51 - ScannerWorker_recon_discovery_worker_0 - INFO - Worker recon_discovery_worker_0 received task notification
2026-01-03 20:15:51 - ScannerWorker_recon_discovery_worker_0 - INFO - Worker recon_discovery_worker_0 received task notification
2026-01-03 20:15:51 - ScannerWorker_recon_discovery_worker_0 - INFO - Worker recon_discovery_worker_0 received task notification
2026-01-03 20:15:51 - ScannerWorker_recon_discovery_worker_0 - INFO - Worker recon_discovery_worker_0 received task notification
2026-01-03 20:15:51 - ScannerWorker_recon_discovery_worker_0 - INFO - Worker recon_discovery_worker_0 received task notification
2026-01-03 20:15:51 - ScannerWorker_recon_discovery_worker_0 - INFO - Worker recon_discovery_worker_0 received task notification
2026-01-03 20:15:51 - ScannerWorker_recon_discovery_worker_0 - INFO - Worker recon_discovery_worker_0 received task notification
2026-01-03 20:15:51 - ScannerWorker_recon_discovery_worker_0 - INFO - Worker recon_discovery_worker_0 received task notification
2026-01-03 20:15:51 - ScannerWorker_recon_discovery_worker_0 - INFO - Worker recon_discovery_worker_0 received task notification
2026-01-03 20:15:51 - ScannerWorker_recon_discovery_worker_0 - INFO - Worker recon_discovery_worker_0 received task notification
2026-01-03 20:15:51 - ScannerWorker_recon_discovery_worker_0 - INFO - Worker recon_discovery_worker_0 received task notification
2026-01-03 20:15:51 - ScannerWorker_recon_discovery_worker_0 - INFO - Worker recon_discovery_worker_0 received task notification
2026-01-03 20:15:51 - ScannerWorker_recon_discovery_worker_0 - INFO - Worker recon_discovery_worker_0 received task notification
2026-01-03 20:15:51 - ScannerWorker_recon_discovery_worker_0 - INFO - Worker recon_discovery_worker_0 received task notification
2026-01-03 20:15:51 - ScannerWorker_recon_discovery_worker_0 - INFO - Worker recon_discovery_worker_0 received task notification
2026-01-03 20:15:51 - ScannerWorker_recon_discovery_worker_0 - INFO - Worker recon_discovery_worker_0 received task notification
2026-01-03 20:15:51 - ScannerWorker_recon_discovery_worker_0 - INFO - Worker recon_discovery_worker_0 received task notification
2026-01-03 20:15:51 - ScannerWorker_recon_discovery_worker_0 - INFO - Worker recon_discovery_worker_0 received task notification
2026-01-03 20:15:51 - ScannerWorker_recon_discovery_worker_0 - INFO - Worker recon_discovery_worker_0 received task notification
2026-01-03 20:15:51 - ScannerWorker_recon_discovery_worker_0 - INFO - Worker recon_discovery_worker_0 received task notification
2026-01-03 20:15:51 - ScannerWorker_recon_discovery_worker_0 - INFO - Worker recon_discovery_worker_0 received task notification
2026-01-03 20:15:51 - ScannerWorker_recon_discovery_worker_0 - INFO - Worker recon_discovery_worker_0 received task notification
2026-01-03 20:15:51 - ScannerWorker_recon_discovery_worker_0 - INFO - Worker recon_discovery_worker_0 received task notification
2026-01-03 20:15:51 - ScannerWorker_recon_discovery_worker_0 - INFO - Worker recon_discovery_worker_0 received task notification
2026-01-03 20:15:51 - ScannerWorker_recon_discovery_worker_0 - INFO - Worker recon_discovery_worker_0 received task notification
2026-01-03 20:15:51 - ScannerWorker_recon_discovery_worker_0 - INFO - Worker recon_discovery_worker_0 received task notification
2026-01-03 20:15:51 - ScannerWorker_recon_discovery_worker_0 - INFO - Worker recon_discovery_worker_0 received task notification
2026-01-03 20:15:51 - ScannerWorker_recon_discovery_worker_0 - INFO - Worker recon_discovery_worker_0 received task notification
2026-01-03 20:15:51 - ScannerWorker_recon_discovery_worker_0 - INFO - Worker recon_discovery_worker_0 received task notification
2026-01-03 20:15:51 - ScannerWorker_recon_discovery_worker_0 - INFO - Worker recon_discovery_worker_0 received task notification
2026-01-03 20:15:51 - ScannerWorker_recon_discovery_worker_0 - INFO - Worker recon_discovery_worker_0 received task notification
2026-01-03 20:15:51 - ScannerWorker_recon_discovery_worker_0 - INFO - Worker recon_discovery_worker_0 received task notification
2026-01-03 20:15:51 - ScannerWorker_recon_discovery_worker_0 - INFO - Worker recon_discovery_worker_0 received task notification
2026-01-03 20:15:51 - ScannerWorker_recon_discovery_worker_0 - INFO - Worker recon_discovery_worker_0 received task notification
2026-01-03 20:15:51 - ScannerWorker_recon_discovery_worker_0 - INFO - Worker recon_discovery_worker_0 received task notification
2026-01-03 20:15:51 - ScannerWorker_recon_discovery_worker_0 - INFO - Worker recon_discovery_worker_0 received task notification
2026-01-03 20:15:51 - ScannerWorker_recon_discovery_worker_0 - INFO - Worker recon_discovery_worker_0 received task notification
2026-01-03 20:15:51 - ScannerWorker_recon_discovery_worker_0 - INFO - Worker recon_discovery_worker_0 received task notification
2026-01-03 20:15:51 - ScannerWorker_recon_discovery_worker_0 - INFO - Worker recon_discovery_worker_0 received task notification
2026-01-03 20:15:51 - ScannerWorker_recon_discovery_worker_0 - INFO - Worker recon_discovery_worker_0 received task notification
2026-01-03 20:15:51 - ScannerWorker_recon_discovery_worker_0 - INFO - Worker recon_discovery_worker_0 received task notification
2026-01-03 20:15:51 - ScannerWorker_recon_discovery_worker_0 - INFO - Worker recon_discovery_worker_0 received task notification
2026-01-03 20:15:51 - ScannerWorker_recon_discovery_worker_0 - INFO - Worker recon_discovery_worker_0 received task notification
2026-01-03 20:15:51 - ScannerWorker_recon_discovery_worker_0 - INFO - Worker recon_discovery_worker_0 received task notification
2026-01-03 20:15:51 - ScannerWorker_recon_discovery_worker_0 - INFO - Worker recon_discovery_worker_0 received task notification
2026-01-03 20:15:51 - ScannerWorker_recon_discovery_worker_0 - INFO - Worker recon_discovery_worker_0 received task notification
2026-01-03 20:15:51 - ScannerWorker_recon_discovery_worker_0 - INFO - Worker recon_discovery_worker_0 received task notification
2026-01-03 20:15:51 - ScannerWorker_recon_discovery_worker_0 - INFO - Worker recon_discovery_worker_0 received task notification
2026-01-03 20:15:51 - ScannerWorker_recon_discovery_worker_0 - INFO - Worker recon_discovery_worker_0 received task notification
2026-01-03 20:15:51 - ScannerWorker_recon_discovery_worker_0 - INFO - Worker recon_discovery_worker_0 received task notification
2026-01-03 20:15:51 - ScannerWorker_recon_discovery_worker_0 - INFO - Worker recon_discovery_worker_0 received task notification
2026-01-03 20:15:51 - ScannerWorker_recon_discovery_worker_0 - INFO - Worker recon_discovery_worker_0 received task notification
2026-01-03 20:15:51 - ScannerWorker_recon_discovery_worker_0 - INFO - Worker recon_discovery_worker_0 received task notification
2026-01-03 20:15:51 - ScannerWorker_recon_discovery_worker_0 - INFO - Worker recon_discovery_worker_0 received task notification
2026-01-03 20:15:51 - ScannerWorker_recon_discovery_worker_0 - INFO - Worker recon_discovery_worker_0 received task notification
2026-01-03 20:15:51 - ScannerWorker_recon_discovery_worker_0 - INFO - Worker recon_discovery_worker_0 received task notification
2026-01-03 20:15:51 - ScannerWorker_recon_discovery_worker_0 - INFO - Worker recon_discovery_worker_0 received task notification
2026-01-03 20:15:51 - ScannerWorker_recon_discovery_worker_0 - INFO - Worker recon_discovery_worker_0 received task notification
2026-01-03 20:15:51 - ScannerWorker_recon_discovery_worker_0 - INFO - Worker recon_discovery_worker_0 received task notification
2026-01-03 20:15:51 - ScannerWorker_recon_discovery_worker_0 - INFO - Worker recon_discovery_worker_0 received task notification
2026-01-03 20:15:51 - ScannerWorker_recon_discovery_worker_0 - INFO - Worker recon_discovery_worker_0 received task notification
2026-01-03 20:15:51 - ScannerWorker_recon_discovery_worker_0 - INFO - Worker recon_discovery_worker_0 received task notification
2026-01-03 20:15:51 - ScannerWorker_recon_discovery_worker_0 - INFO - Worker recon_discovery_worker_0 received task notification
2026-01-03 20:15:51 - ScannerWorker_recon_discovery_worker_0 - INFO - Worker recon_discovery_worker_0 received task notification
2026-01-03 20:15:51 - ScannerWorker_recon_discovery_worker_0 - INFO - Worker recon_discovery_worker_0 received task notification
2026-01-03 20:15:51 - ScannerWorker_recon_discovery_worker_0 - INFO - Worker recon_discovery_worker_0 received task notification
2026-01-03 20:15:51 - ScannerWorker_recon_discovery_worker_0 - INFO - Worker recon_discovery_worker_0 received task notification
2026-01-03 20:15:51 - ScannerWorker_recon_discovery_worker_0 - INFO - Worker recon_discovery_worker_0 received task notification
2026-01-03 20:15:51 - ScannerWorker_recon_discovery_worker_0 - INFO - Worker recon_discovery_worker_0 received task notification
2026-01-03 20:15:51 - ScannerWorker_recon_discovery_worker_0 - INFO - Worker recon_discovery_worker_0 received task notification
2026-01-03 20:15:51 - ScannerWorker_recon_discovery_worker_0 - INFO - Worker recon_discovery_worker_0 received task notification
2026-01-03 20:15:51 - ScannerWorker_recon_discovery_worker_0 - INFO - Worker recon_discovery_worker_0 received task notification
2026-01-03 20:15:51 - ScannerWorker_recon_discovery_worker_0 - INFO - Worker recon_discovery_worker_0 received task notification
2026-01-03 20:15:51 - ScannerWorker_recon_discovery_worker_0 - INFO - Worker recon_discovery_worker_0 received task notification
2026-01-03 20:15:51 - ScannerWorker_recon_discovery_worker_0 - INFO - Worker recon_discovery_worker_0 received task notification
2026-01-03 20:15:51 - ScannerWorker_recon_discovery_worker_0 - INFO - Worker recon_discovery_worker_0 received task notification
2026-01-03 20:15:51 - ScannerWorker_recon_discovery_worker_0 - INFO - Worker recon_discovery_worker_0 received task notification
2026-01-03 20:15:51 - ScannerWorker_recon_discovery_worker_0 - INFO - Worker recon_discovery_worker_0 received task notification
2026-01-03 20:15:51 - ScannerWorker_recon_discovery_worker_0 - INFO - Worker recon_discovery_worker_0 received task notification
2026-01-03 20:15:51 - ScannerWorker_recon_discovery_worker_0 - INFO - Worker recon_discovery_worker_0 received task notification
2026-01-03 20:15:51 - ScannerWorker_recon_discovery_worker_0 - INFO - Worker recon_discovery_worker_0 received task notification
2026-01-03 20:15:51 - ScannerWorker_recon_discovery_worker_0 - INFO - Worker recon_discovery_worker_0 received task notification
2026-01-03 20:15:51 - ScannerWorker_recon_discovery_worker_0 - INFO - Worker recon_discovery_worker_0 received task notification
2026-01-03 20:15:51 - ScannerWorker_recon_discovery_worker_0 - INFO - Worker recon_discovery_worker_0 received task notification
2026-01-03 20:15:51 - ScannerWorker_recon_discovery_worker_0 - INFO - Worker recon_discovery_worker_0 received task notification
2026-01-03 20:15:51 - ScannerWorker_recon_discovery_worker_0 - INFO - Worker recon_discovery_worker_0 received task notification
2026-01-03 20:15:51 - ScannerWorker_recon_discovery_worker_0 - INFO - Worker recon_discovery_worker_0 received task notification
2026-01-03 20:15:51 - ScannerWorker_recon_discovery_worker_0 - INFO - Worker recon_discovery_worker_0 received task notification
2026-01-03 20:15:51 - ScannerWorker_recon_discovery_worker_0 - INFO - Worker recon_discovery_worker_0 received task notification
2026-01-03 20:15:51 - ScannerWorker_recon_discovery_worker_0 - INFO - Worker recon_discovery_worker_0 received task notification
2026-01-03 20:15:51 - ScannerWorker_recon_discovery_worker_0 - INFO - Worker recon_discovery_worker_0 received task notification
2026-01-03 20:15:51 - ScannerWorker_recon_discovery_worker_0 - INFO - Worker recon_discovery_worker_0 received task notification
2026-01-03 20:15:51 - ScannerWorker_recon_discovery_worker_0 - INFO - Worker recon_discovery_worker_0 received task notification
2026-01-03 20:15:51 - ScannerWorker_recon_discovery_worker_0 - INFO - Worker recon_discovery_worker_0 received task notification
2026-01-03 20:15:51 - ScannerWorker_recon_discovery_worker_0 - INFO - Worker recon_discovery_worker_0 received task notification
2026-01-03 20:15:51 - ScannerWorker_recon_discovery_worker_0 - INFO - Worker recon_discovery_worker_0 received task notification
2026-01-03 20:15:51 - ScannerWorker_recon_discovery_worker_0 - INFO - Worker recon_discovery_worker_0 received task notification
2026-01-03 20:15:51 - ScannerWorker_recon_discovery_worker_0 - INFO - Worker recon_discovery_worker_0 received task notification
2026-01-03 20:15:51 - ScannerWorker_recon_discovery_worker_0 - INFO - Worker recon_discovery_worker_0 received task notification
2026-01-03 20:15:51 - ScannerWorker_recon_discovery_worker_0 - INFO - Worker recon_discovery_worker_0 received task notification
2026-01-03 20:15:51 - ScannerWorker_recon_discovery_worker_0 - INFO - Worker recon_discovery_worker_0 received task notification
2026-01-03 20:15:51 - ScannerWorker_recon_discovery_worker_0 - INFO - Worker recon_discovery_worker_0 received task notification
2026-01-03 20:15:51 - ScannerWorker_recon_discovery_worker_0 - INFO - Worker recon_discovery_worker_0 received task notification
2026-01-03 20:15:51 - ScannerWorker_recon_discovery_worker_0 - INFO - Worker recon_discovery_worker_0 received task notification
2026-01-03 20:15:51 - ScannerWorker_recon_discovery_worker_0 - INFO - Worker recon_discovery_worker_0 received task notification
2026-01-03 20:15:51 - ScannerWorker_recon_discovery_worker_0 - INFO - Worker recon_discovery_worker_0 received task notification
2026-01-03 20:15:51 - ScannerWorker_recon_discovery_worker_0 - INFO - Worker recon_discovery_worker_0 received task notification
2026-01-03 20:15:51 - ScannerWorker_recon_discovery_worker_0 - INFO - Worker recon_discovery_worker_0 received task notification
2026-01-03 20:15:51 - ScannerWorker_recon_discovery_worker_0 - INFO - Worker recon_discovery_worker_0 received task notification
2026-01-03 20:15:51 - ScannerWorker_recon_discovery_worker_0 - INFO - Worker recon_discovery_worker_0 received task notification
2026-01-03 20:15:51 - ScannerWorker_recon_discovery_worker_0 - INFO - Worker recon_discovery_worker_0 received task notification
2026-01-03 20:15:51 - ScannerWorker_recon_discovery_worker_0 - INFO - Worker recon_discovery_worker_0 received task notification
2026-01-03 20:15:51 - ScannerWorker_recon_discovery_worker_0 - INFO - Worker recon_discovery_worker_0 received task notification
2026-01-03 20:15:51 - ScannerWorker_recon_discovery_worker_0 - INFO - Worker recon_discovery_worker_0 received task notification
2026-01-03 20:15:51 - ScannerWorker_recon_discovery_worker_0 - INFO - Worker recon_discovery_worker_0 received task notification
2026-01-03 20:15:51 - ScannerWorker_recon_discovery_worker_0 - INFO - Worker recon_discovery_worker_0 received task notification
2026-01-03 20:15:51 - ScannerWorker_recon_discovery_worker_0 - INFO - Worker recon_discovery_worker_0 received task notification
2026-01-03 20:15:51 - ScannerWorker_recon_discovery_worker_0 - INFO - Worker recon_discovery_worker_0 received task notification
2026-01-03 20:15:51 - ScannerWorker_recon_discovery_worker_0 - INFO - Worker recon_discovery_worker_0 received task notification
2026-01-03 20:15:51 - ScannerWorker_recon_discovery_worker_0 - INFO - Worker recon_discovery_worker_0 received task notification
2026-01-03 20:15:51 - ScannerWorker_recon_discovery_worker_0 - INFO - Worker recon_discovery_worker_0 received task notification
2026-01-03 20:15:51 - ScannerWorker_recon_discovery_worker_0 - INFO - Worker recon_discovery_worker_0 received task notification
2026-01-03 20:15:51 - ScannerWorker_recon_discovery_worker_0 - INFO - Worker recon_discovery_worker_0 received task notification
2026-01-03 20:15:51 - ScannerWorker_recon_discovery_worker_0 - INFO - Worker recon_discovery_worker_0 received task notification
2026-01-03 20:15:51 - ScannerWorker_recon_discovery_worker_0 - INFO - Worker recon_discovery_worker_0 received task notification
2026-01-03 20:15:51 - ScannerWorker_recon_discovery_worker_0 - INFO - Worker recon_discovery_worker_0 received task notification
2026-01-03 20:15:51 - ScannerWorker_recon_discovery_worker_0 - INFO - Worker recon_discovery_worker_0 received task notification
2026-01-03 20:15:51 - ScannerWorker_recon_discovery_worker_0 - INFO - Worker recon_discovery_worker_0 received task notification
2026-01-03 20:15:51 - ScannerWorker_recon_discovery_worker_0 - INFO - Worker recon_discovery_worker_0 received task notification
2026-01-03 20:15:51 - ScannerWorker_recon_discovery_worker_0 - INFO - Worker recon_discovery_worker_0 received task notification
2026-01-03 20:15:51 - ScannerWorker_recon_discovery_worker_0 - INFO - Worker recon_discovery_worker_0 received task notification
2026-01-03 20:15:51 - ScannerWorker_recon_discovery_worker_0 - INFO - Worker recon_discovery_worker_0 received task notification
2026-01-03 20:15:51 - ScannerWorker_recon_discovery_worker_0 - INFO - Worker recon_discovery_worker_0 received task notification
2026-01-03 20:15:51 - ScannerWorker_recon_discovery_worker_0 - INFO - Worker recon_discovery_worker_0 received task notification
2026-01-03 20:15:51 - ScannerWorker_recon_discovery_worker_0 - INFO - Worker recon_discovery_worker_0 received task notification
2026-01-03 20:15:51 - ScannerWorker_recon_discovery_worker_0 - INFO - Worker recon_discovery_worker_0 received task notification
2026-01-03 20:15:51 - ScannerWorker_recon_discovery_worker_0 - INFO - Worker recon_discovery_worker_0 received task notification
2026-01-03 20:15:51 - ScannerWorker_recon_discovery_worker_0 - INFO - Worker recon_discovery_worker_0 received task notification
2026-01-03 20:15:51 - ScannerWorker_recon_discovery_worker_0 - INFO - Worker recon_discovery_worker_0 received task notification
2026-01-03 20:15:51 - ScannerWorker_recon_discovery_worker_0 - INFO - Worker recon_discovery_worker_0 received task notification
2026-01-03 20:15:51 - ScannerWorker_recon_discovery_worker_0 - INFO - Worker recon_discovery_worker_0 received task notification
2026-01-03 20:15:51 - ScannerWorker_recon_discovery_worker_0 - INFO - Worker recon_discovery_worker_0 received task notification
2026-01-03 20:15:51 - ScannerWorker_recon_discovery_worker_0 - INFO - Worker recon_discovery_worker_0 received task notification
2026-01-03 20:15:51 - ScannerWorker_recon_discovery_worker_0 - INFO - Worker recon_discovery_worker_0 received task notification
2026-01-03 20:15:51 - ScannerWorker_recon_discovery_worker_0 - INFO - Worker recon_discovery_worker_0 received task notification
2026-01-03 20:15:51 - ScannerWorker_recon_discovery_worker_0 - INFO - Worker recon_discovery_worker_0 received task notification
2026-01-03 20:15:51 - ScannerWorker_recon_discovery_worker_0 - INFO - Worker recon_discovery_worker_0 received task notification
2026-01-03 20:15:51 - ScannerWorker_recon_discovery_worker_0 - INFO - Worker recon_discovery_worker_0 received task notification
2026-01-03 20:15:51 - ScannerWorker_recon_discovery_worker_0 - INFO - Worker recon_discovery_worker_0 received task notification
2026-01-03 20:15:51 - ScannerWorker_recon_discovery_worker_0 - INFO - Worker recon_discovery_worker_0 received task notification
2026-01-03 20:15:52 - ScannerWorker_recon_discovery_worker_0 - INFO - Worker recon_discovery_worker_0 received task notification
2026-01-03 20:15:52 - ScannerWorker_recon_discovery_worker_0 - INFO - Worker recon_discovery_worker_0 received task notification
2026-01-03 20:15:52 - ScannerWorker_recon_discovery_worker_0 - INFO - Worker recon_discovery_worker_0 received task notification
2026-01-03 20:15:52 - ScannerWorker_recon_discovery_worker_0 - INFO - Worker recon_discovery_worker_0 received task notification
2026-01-03 20:15:52 - ScannerWorker_recon_discovery_worker_0 - INFO - Worker recon_discovery_worker_0 received task notification
2026-01-03 20:15:52 - ScannerWorker_recon_discovery_worker_0 - INFO - Worker recon_discovery_worker_0 received task notification
2026-01-03 20:15:52 - ScannerWorker_recon_discovery_worker_0 - INFO - Worker recon_discovery_worker_0 received task notification
2026-01-03 20:15:52 - ScannerWorker_recon_discovery_worker_0 - INFO - Worker recon_discovery_worker_0 received task notification
2026-01-03 20:15:52 - ScannerWorker_recon_discovery_worker_0 - INFO - Worker recon_discovery_worker_0 received task notification
2026-01-03 20:15:52 - ScannerWorker_recon_discovery_worker_0 - INFO - Worker recon_discovery_worker_0 received task notification
2026-01-03 20:15:52 - ScannerWorker_recon_discovery_worker_0 - INFO - Worker recon_discovery_worker_0 received task notification
2026-01-03 20:15:52 - ScannerWorker_recon_discovery_worker_0 - INFO - Worker recon_discovery_worker_0 received task notification
2026-01-03 20:15:52 - ScannerWorker_recon_discovery_worker_0 - INFO - Worker recon_discovery_worker_0 received task notification
2026-01-03 20:15:52 - ScannerWorker_recon_discovery_worker_0 - INFO - Worker recon_discovery_worker_0 received task notification
2026-01-03 20:15:52 - ScannerWorker_recon_discovery_worker_0 - INFO - Worker recon_discovery_worker_0 received task notification
2026-01-03 20:15:52 - ScannerWorker_recon_discovery_worker_0 - INFO - Worker recon_discovery_worker_0 received task notification
2026-01-03 20:15:52 - ScannerWorker_recon_discovery_worker_0 - INFO - Worker recon_discovery_worker_0 received task notification
2026-01-03 20:15:52 - ScannerWorker_recon_discovery_worker_0 - INFO - Worker recon_discovery_worker_0 received task notification
2026-01-03 20:15:52 - ScannerWorker_recon_discovery_worker_0 - INFO - Worker recon_discovery_worker_0 received task notification
2026-01-03 20:15:52 - ScannerWorker_recon_discovery_worker_0 - INFO - Worker recon_discovery_worker_0 received task notification
2026-01-03 20:15:52 - ScannerWorker_recon_discovery_worker_0 - INFO - Worker recon_discovery_worker_0 received task notification
2026-01-03 20:15:52 - ScannerWorker_recon_discovery_worker_0 - INFO - Worker recon_discovery_worker_0 received task notification
2026-01-03 20:15:52 - ScannerWorker_recon_discovery_worker_0 - INFO - Worker recon_discovery_worker_0 received task notification
2026-01-03 20:15:52 - ScannerWorker_recon_discovery_worker_0 - INFO - Worker recon_discovery_worker_0 received task notification
2026-01-03 20:15:52 - ScannerWorker_recon_discovery_worker_0 - INFO - Worker recon_discovery_worker_0 received task notification
2026-01-03 20:15:52 - ScannerWorker_recon_discovery_worker_0 - INFO - Worker recon_discovery_worker_0 received task notification
2026-01-03 20:15:52 - ScannerWorker_recon_discovery_worker_0 - INFO - Worker recon_discovery_worker_0 received task notification
2026-01-03 20:15:52 - ScannerWorker_recon_discovery_worker_0 - INFO - Worker recon_discovery_worker_0 received task notification
2026-01-03 20:15:52 - ScannerWorker_recon_discovery_worker_0 - INFO - Worker recon_discovery_worker_0 received task notification
2026-01-03 20:15:52 - ScannerWorker_recon_discovery_worker_0 - INFO - Worker recon_discovery_worker_0 received task notification
2026-01-03 20:15:52 - ScannerWorker_recon_discovery_worker_0 - INFO - Worker recon_discovery_worker_0 received task notification
2026-01-03 20:15:52 - ScannerWorker_recon_discovery_worker_0 - INFO - Worker recon_discovery_worker_0 received task notification
2026-01-03 20:15:52 - ScannerWorker_recon_discovery_worker_0 - INFO - Worker recon_discovery_worker_0 received task notification
2026-01-03 20:15:52 - ScannerWorker_recon_discovery_worker_0 - INFO - Worker recon_discovery_worker_0 received task notification
2026-01-03 20:15:52 - ScannerWorker_recon_discovery_worker_0 - INFO - Worker recon_discovery_worker_0 received task notification
2026-01-03 20:15:52 - ScannerWorker_recon_discovery_worker_0 - INFO - Worker recon_discovery_worker_0 received task notification
2026-01-03 20:15:52 - ScannerWorker_recon_discovery_worker_0 - INFO - Worker recon_discovery_worker_0 received task notification
2026-01-03 20:15:52 - ScannerWorker_recon_discovery_worker_0 - INFO - Worker recon_discovery_worker_0 received task notification
2026-01-03 20:15:52 - ScannerWorker_recon_discovery_worker_0 - INFO - Worker recon_discovery_worker_0 received task notification
2026-01-03 20:15:52 - ScannerWorker_recon_discovery_worker_0 - INFO - Worker recon_discovery_worker_0 received task notification
2026-01-03 20:15:52 - ScannerWorker_recon_discovery_worker_0 - INFO - Worker recon_discovery_worker_0 received task notification
2026-01-03 20:15:52 - ScannerWorker_recon_discovery_worker_0 - INFO - Worker recon_discovery_worker_0 received task notification
2026-01-03 20:15:52 - ScannerWorker_recon_discovery_worker_0 - INFO - Worker recon_discovery_worker_0 received task notification
2026-01-03 20:15:52 - ScannerWorker_recon_discovery_worker_0 - INFO - Worker recon_discovery_worker_0 received task notification
2026-01-03 20:15:52 - ScannerWorker_recon_discovery_worker_0 - INFO - Worker recon_discovery_worker_0 received task notification
2026-01-03 20:15:52 - ScannerWorker_recon_discovery_worker_0 - INFO - Worker recon_discovery_worker_0 received task notification
2026-01-03 20:15:52 - ScannerWorker_recon_discovery_worker_0 - INFO - Worker recon_discovery_worker_0 received task notification
2026-01-03 20:15:52 - ScannerWorker_recon_discovery_worker_0 - INFO - Worker recon_discovery_worker_0 received task notification
2026-01-03 20:15:52 - ScannerWorker_recon_discovery_worker_0 - INFO - Worker recon_discovery_worker_0 received task notification
2026-01-03 20:15:52 - ScannerWorker_recon_discovery_worker_0 - INFO - Worker recon_discovery_worker_0 received task notification
2026-01-03 20:15:52 - ScannerWorker_recon_discovery_worker_0 - INFO - Worker recon_discovery_worker_0 received task notification
2026-01-03 20:15:52 - ScannerWorker_recon_discovery_worker_0 - INFO - Worker recon_discovery_worker_0 received task notification
2026-01-03 20:15:52 - ScannerWorker_recon_discovery_worker_0 - INFO - Worker recon_discovery_worker_0 received task notification
2026-01-03 20:15:52 - ScannerWorker_recon_discovery_worker_0 - INFO - Worker recon_discovery_worker_0 received task notification
2026-01-03 20:15:52 - ScannerWorker_recon_discovery_worker_0 - INFO - Worker recon_discovery_worker_0 received task notification
2026-01-03 20:15:52 - ScannerWorker_recon_discovery_worker_0 - INFO - Worker recon_discovery_worker_0 received task notification
2026-01-03 20:15:52 - ScannerWorker_recon_discovery_worker_0 - INFO - Worker recon_discovery_worker_0 received task notification
2026-01-03 20:15:52 - ScannerWorker_recon_discovery_worker_0 - INFO - Worker recon_discovery_worker_0 received task notification
2026-01-03 20:15:52 - ScannerWorker_recon_discovery_worker_0 - INFO - Worker recon_discovery_worker_0 received task notification
2026-01-03 20:15:52 - ScannerWorker_recon_discovery_worker_0 - INFO - Worker recon_discovery_worker_0 received task notification
2026-01-03 20:15:52 - ScannerWorker_recon_discovery_worker_0 - INFO - Worker recon_discovery_worker_0 received task notification
2026-01-03 20:15:52 - ScannerWorker_recon_discovery_worker_0 - INFO - Worker recon_discovery_worker_0 received task notification
2026-01-03 20:15:52 - ScannerWorker_recon_discovery_worker_0 - INFO - Worker recon_discovery_worker_0 received task notification
2026-01-03 20:15:52 - ScannerWorker_recon_discovery_worker_0 - INFO - Worker recon_discovery_worker_0 received task notification
2026-01-03 20:15:52 - ScannerWorker_recon_discovery_worker_0 - INFO - Worker recon_discovery_worker_0 received task notification
2026-01-03 20:15:52 - ScannerWorker_recon_discovery_worker_0 - INFO - Worker recon_discovery_worker_0 received task notification
2026-01-03 20:15:52 - ScannerWorker_recon_discovery_worker_0 - INFO - Worker recon_discovery_worker_0 received task notification
2026-01-03 20:15:52 - ScannerWorker_recon_discovery_worker_0 - INFO - Worker recon_discovery_worker_0 received task notification
2026-01-03 20:15:52 - ScannerWorker_recon_discovery_worker_0 - INFO - Worker recon_discovery_worker_0 received task notification
2026-01-03 20:15:52 - ScannerWorker_recon_discovery_worker_0 - INFO - Worker recon_discovery_worker_0 received task notification
2026-01-03 20:15:52 - ScannerWorker_recon_discovery_worker_0 - INFO - Worker recon_discovery_worker_0 received task notification
2026-01-03 20:15:52 - ScannerWorker_recon_discovery_worker_0 - INFO - Worker recon_discovery_worker_0 received task notification
2026-01-03 20:15:52 - ScannerWorker_recon_discovery_worker_0 - INFO - Worker recon_discovery_worker_0 received task notification
2026-01-03 20:15:52 - ScannerWorker_recon_discovery_worker_0 - INFO - Worker recon_discovery_worker_0 received task notification
2026-01-03 20:15:52 - ScannerWorker_recon_discovery_worker_0 - INFO - Worker recon_discovery_worker_0 received task notification
2026-01-03 20:15:52 - ScannerWorker_recon_discovery_worker_0 - INFO - Worker recon_discovery_worker_0 received task notification
2026-01-03 20:15:52 - ScannerWorker_recon_discovery_worker_0 - INFO - Worker recon_discovery_worker_0 received task notification
2026-01-03 20:15:52 - ScannerWorker_recon_discovery_worker_0 - INFO - Worker recon_discovery_worker_0 received task notification
2026-01-03 20:15:52 - ScannerWorker_recon_discovery_worker_0 - INFO - Worker recon_discovery_worker_0 received task notification
2026-01-03 20:15:52 - ScannerWorker_recon_discovery_worker_0 - INFO - Worker recon_discovery_worker_0 received task notification
2026-01-03 20:15:52 - ScannerWorker_recon_discovery_worker_0 - INFO - Worker recon_discovery_worker_0 received task notification
2026-01-03 20:15:52 - ScannerWorker_recon_discovery_worker_0 - INFO - Worker recon_discovery_worker_0 received task notification
2026-01-03 20:15:52 - ScannerWorker_recon_discovery_worker_0 - INFO - Worker recon_discovery_worker_0 received task notification
2026-01-03 20:15:52 - ScannerWorker_recon_discovery_worker_0 - INFO - Worker recon_discovery_worker_0 received task notification
2026-01-03 20:15:52 - ScannerWorker_recon_discovery_worker_0 - INFO - Worker recon_discovery_worker_0 received task notification
2026-01-03 20:15:52 - ScannerWorker_recon_discovery_worker_0 - INFO - Worker recon_discovery_worker_0 received task notification
2026-01-03 20:15:52 - ScannerWorker_recon_discovery_worker_0 - INFO - Worker recon_discovery_worker_0 received task notification
2026-01-03 20:15:52 - ScannerWorker_recon_discovery_worker_0 - INFO - Worker recon_discovery_worker_0 received task notification
2026-01-03 20:15:52 - ScannerWorker_recon_discovery_worker_0 - INFO - Worker recon_discovery_worker_0 received task notification
2026-01-03 20:15:52 - ScannerWorker_recon_discovery_worker_0 - INFO - Worker recon_discovery_worker_0 received task notification
2026-01-03 20:15:52 - ScannerWorker_recon_discovery_worker_0 - INFO - Worker recon_discovery_worker_0 received task notification
2026-01-03 20:15:52 - ScannerWorker_recon_discovery_worker_0 - INFO - Worker recon_discovery_worker_0 received task notification
2026-01-03 20:15:52 - ScannerWorker_recon_discovery_worker_0 - INFO - Worker recon_discovery_worker_0 received task notification
2026-01-03 20:15:52 - ScannerWorker_recon_discovery_worker_0 - INFO - Worker recon_discovery_worker_0 received task notification
2026-01-03 20:15:52 - ScannerWorker_recon_discovery_worker_0 - INFO - Worker recon_discovery_worker_0 received task notification
2026-01-03 20:15:52 - ScannerWorker_recon_discovery_worker_0 - INFO - Worker recon_discovery_worker_0 received task notification
2026-01-03 20:15:52 - ScannerWorker_recon_discovery_worker_0 - INFO - Worker recon_discovery_worker_0 received task notification
2026-01-03 20:15:52 - ScannerWorker_recon_discovery_worker_0 - INFO - Worker recon_discovery_worker_0 received task notification
2026-01-03 20:15:52 - ScannerWorker_recon_discovery_worker_0 - INFO - Worker recon_discovery_worker_0 received task notification
2026-01-03 20:15:52 - ScannerWorker_recon_discovery_worker_0 - INFO - Worker recon_discovery_worker_0 received task notification
2026-01-03 20:15:52 - ScannerWorker_recon_discovery_worker_0 - INFO - Worker recon_discovery_worker_0 received task notification
2026-01-03 20:15:52 - ScannerWorker_recon_discovery_worker_0 - INFO - Worker recon_discovery_worker_0 received task notification
2026-01-03 20:15:52 - ScannerWorker_recon_discovery_worker_0 - INFO - Worker recon_discovery_worker_0 received task notification
2026-01-03 20:15:52 - ScannerWorker_recon_discovery_worker_0 - INFO - Worker recon_discovery_worker_0 received task notification
2026-01-03 20:15:52 - ScannerWorker_recon_discovery_worker_0 - INFO - Worker recon_discovery_worker_0 received task notification
2026-01-03 20:15:52 - ScannerWorker_recon_discovery_worker_0 - INFO - Worker recon_discovery_worker_0 received task notification
2026-01-03 20:15:52 - ScannerWorker_recon_discovery_worker_0 - INFO - Worker recon_discovery_worker_0 received task notification
2026-01-03 20:15:52 - ScannerWorker_recon_discovery_worker_0 - INFO - Worker recon_discovery_worker_0 received task notification
2026-01-03 20:15:52 - ScannerWorker_recon_discovery_worker_0 - INFO - Worker recon_discovery_worker_0 received task notification
2026-01-03 20:15:52 - ScannerWorker_recon_discovery_worker_0 - INFO - Worker recon_discovery_worker_0 received task notification
2026-01-03 20:15:52 - ScannerWorker_recon_discovery_worker_0 - INFO - Worker recon_discovery_worker_0 received task notification
2026-01-03 20:15:52 - ScannerWorker_recon_discovery_worker_0 - INFO - Worker recon_discovery_worker_0 received task notification
2026-01-03 20:15:52 - ScannerWorker_recon_discovery_worker_0 - INFO - Worker recon_discovery_worker_0 received task notification
2026-01-03 20:15:52 - ScannerWorker_recon_discovery_worker_0 - INFO - Worker recon_discovery_worker_0 received task notification
2026-01-03 20:15:52 - ScannerWorker_recon_discovery_worker_0 - INFO - Worker recon_discovery_worker_0 received task notification
2026-01-03 20:15:52 - ScannerWorker_recon_discovery_worker_0 - INFO - Worker recon_discovery_worker_0 received task notification
2026-01-03 20:15:52 - ScannerWorker_recon_discovery_worker_0 - INFO - Worker recon_discovery_worker_0 received task notification
2026-01-03 20:15:52 - ScannerWorker_recon_discovery_worker_0 - INFO - Worker recon_discovery_worker_0 received task notification
2026-01-03 20:15:52 - ScannerWorker_recon_discovery_worker_0 - INFO - Worker recon_discovery_worker_0 received task notification
2026-01-03 20:15:52 - ScannerWorker_recon_discovery_worker_0 - INFO - Worker recon_discovery_worker_0 received task notification
